--------------- Build Started: 10/08/2016 17:13:54 Project: Bootloader, Configuration: ARM GCC 4.9-2015-q1-update Debug ---------------
cydsfit.exe -.appdatapath "C:\Users\Patrick\AppData\Local\Cypress Semiconductor\PSoC Creator\3.3" -.fdsnotice -.fdswarpdepfile=warp_dependencies.txt -.fdselabdepfile=elab_dependencies.txt -.fdsbldfile=generated_files.txt -p "C:\Users\Patrick\Documents\GitHub\PSoC 5LP FIles\C-CAN_PSoC_DevKit\Bootloader.cydsn\Bootloader.cyprj" -d CY8C5888LTI-LP097 -s "C:\Users\Patrick\Documents\GitHub\PSoC 5LP FIles\C-CAN_PSoC_DevKit\Bootloader.cydsn\Generated_Source\PSoC5" -- -yv2 -q10 -ygs -o2 -v3 -.fftcfgtype=LE
Elaborating Design...
HDL Generation ...
Synthesis ...
Place and Route ...
Tech mapping ...
Analog Placement ...
Analog Routing ...
Analog Code Generation ...
Digital Placement ...
Digital Routing ...
Bitstream Generation ...
Static timing analysis ...
API Generation ...
Dependency Generation ...
Clean Temporary Files ...
The compile step is up to date, no work needs to be done.
The link step is up to date, no work needs to be done.
--------------- Build Succeeded: 10/08/2016 17:14:03 ---------------
