--------------- Clean Started: 08/31/2016 23:11:37 Project: Bootloader, Configuration: ARM GCC 4.9-2015-q1-update Debug ---------------
Deleting file ".\CortexM3\ARM_GCC_493\Debug\main.o"
Deleting file ".\CortexM3\ARM_GCC_493\Debug\cyfitter_cfg.o"
Deleting file ".\CortexM3\ARM_GCC_493\Debug\cymetadata.o"
Deleting file ".\CortexM3\ARM_GCC_493\Debug\USBFS.o"
Deleting file ".\CortexM3\ARM_GCC_493\Debug\USBFS_audio.o"
Deleting file ".\CortexM3\ARM_GCC_493\Debug\USBFS_boot.o"
Deleting file ".\CortexM3\ARM_GCC_493\Debug\USBFS_cdc.o"
Deleting file ".\CortexM3\ARM_GCC_493\Debug\USBFS_cls.o"
Deleting file ".\CortexM3\ARM_GCC_493\Debug\USBFS_descr.o"
Deleting file ".\CortexM3\ARM_GCC_493\Debug\USBFS_drv.o"
Deleting file ".\CortexM3\ARM_GCC_493\Debug\USBFS_episr.o"
Deleting file ".\CortexM3\ARM_GCC_493\Debug\USBFS_hid.o"
Deleting file ".\CortexM3\ARM_GCC_493\Debug\USBFS_pm.o"
Deleting file ".\CortexM3\ARM_GCC_493\Debug\USBFS_std.o"
Deleting file ".\CortexM3\ARM_GCC_493\Debug\USBFS_vnd.o"
Deleting file ".\CortexM3\ARM_GCC_493\Debug\USBFS_midi.o"
Deleting file ".\CortexM3\ARM_GCC_493\Debug\USBFS_msc.o"
Deleting file ".\CortexM3\ARM_GCC_493\Debug\Bootloader.o"
Deleting file ".\CortexM3\ARM_GCC_493\Debug\LED.o"
Deleting file ".\CortexM3\ARM_GCC_493\Debug\USBFS_Dm.o"
Deleting file ".\CortexM3\ARM_GCC_493\Debug\USBFS_Dp.o"
Deleting file ".\CortexM3\ARM_GCC_493\Debug\Cm3Start.o"
Deleting file ".\CortexM3\ARM_GCC_493\Debug\CyBootAsmGnu.o"
Deleting file ".\CortexM3\ARM_GCC_493\Debug\CyDmac.o"
Deleting file ".\CortexM3\ARM_GCC_493\Debug\CyFlash.o"
Deleting file ".\CortexM3\ARM_GCC_493\Debug\CyLib.o"
Deleting file ".\CortexM3\ARM_GCC_493\Debug\cyPm.o"
Deleting file ".\CortexM3\ARM_GCC_493\Debug\CySpc.o"
Deleting file ".\CortexM3\ARM_GCC_493\Debug\cyutils.o"
Deleting file ".\CortexM3\ARM_GCC_493\Debug\Clock_1.o"
Deleting file ".\CortexM3\ARM_GCC_493\Debug\PWM_1.o"
Deleting file ".\CortexM3\ARM_GCC_493\Debug\PWM_1_PM.o"
Deleting file ".\CortexM3\ARM_GCC_493\Debug\Bootloader.hex"
Deleting file ".\CortexM3\ARM_GCC_493\Debug\Bootloader.elf"
Deleting file ".\CortexM3\ARM_GCC_493\Debug\Bootloader.map"
Deleting file ".\Bootloader.cycdx"
Deleting file ".\Bootloader.svd"
Deleting file ".\Bootloader.rpt"
Deleting file ".\Bootloader_timing.html"
Deleting file ".\CortexM3\ARM_GCC_493\Debug\.deps\C_FILE.P"
Deleting file ".\CortexM3\ARM_GCC_493\Debug\.deps\ARM_C_FILE.P"
Deleting file ".\CortexM3\ARM_GCC_493\Debug\.deps\GNU_ARM_ASM_FILE.P"
--------------- Clean Succeeded: 08/31/2016 23:11:37 ---------------
