ARM GAS  C:\Users\Patrick\AppData\Local\Temp\ccSrR19z.s 			page 1


   1              		.syntax unified
   2              		.cpu cortex-m3
   3              		.fpu softvfp
   4              		.eabi_attribute 20, 1
   5              		.eabi_attribute 21, 1
   6              		.eabi_attribute 23, 3
   7              		.eabi_attribute 24, 1
   8              		.eabi_attribute 25, 1
   9              		.eabi_attribute 26, 1
  10              		.eabi_attribute 30, 1
  11              		.eabi_attribute 34, 1
  12              		.eabi_attribute 18, 4
  13              		.thumb
  14              		.file	"cymetadata.c"
  15              		.text
  16              	.Ltext0:
  17              		.cfi_sections	.debug_frame
  18              		.global	cy_metadata
  19              		.global	cy_meta_flashprotect
  20              		.global	cy_meta_wonvl
  21              		.global	cy_meta_custnvl
  22              		.global	cy_meta_configecc
  23              		.global	cy_meta_loader
  24              		.section	.cyconfigecc,"a",%progbits
  25              		.align	2
  26              		.type	cy_meta_configecc, %object
  27              		.size	cy_meta_configecc, 1
  28              	cy_meta_configecc:
  29 0000 00       		.space	1
  30 0001 000000   		.section	.cywolatch,"a",%progbits
  31              		.align	2
  32              		.type	cy_meta_wonvl, %object
  33              		.size	cy_meta_wonvl, 4
  34              	cy_meta_wonvl:
  35 0000 BC       		.byte	-68
  36 0001 90       		.byte	-112
  37 0002 AC       		.byte	-84
  38 0003 AF       		.byte	-81
  39              		.section	.cyloadermeta,"a",%progbits
  40              		.align	2
  41              		.type	cy_meta_loader, %object
  42              		.size	cy_meta_loader, 64
  43              	cy_meta_loader:
  44 0000 00       		.byte	0
  45 0001 00       		.byte	0
  46 0002 00       		.byte	0
  47 0003 00       		.byte	0
  48 0004 00       		.byte	0
  49 0005 00       		.byte	0
  50 0006 00       		.byte	0
  51 0007 00       		.byte	0
  52 0008 00       		.byte	0
  53 0009 00       		.byte	0
  54 000a 00       		.byte	0
  55 000b 00       		.byte	0
  56 000c 00       		.byte	0
  57 000d 00       		.byte	0
ARM GAS  C:\Users\Patrick\AppData\Local\Temp\ccSrR19z.s 			page 2


  58 000e 00       		.byte	0
  59 000f 00       		.byte	0
  60 0010 00       		.byte	0
  61 0011 00       		.byte	0
  62 0012 00       		.byte	0
  63 0013 00       		.byte	0
  64 0014 01       		.byte	1
  65 0015 00       		.byte	0
  66 0016 01       		.byte	1
  67 0017 00       		.byte	0
  68 0018 00       		.byte	0
  69 0019 00       		.byte	0
  70 001a 00       		.byte	0
  71 001b 00       		.byte	0
  72 001c 00       		.byte	0
  73 001d 00       		.byte	0
  74 001e 00       		.byte	0
  75 001f 00       		.byte	0
  76 0020 00       		.byte	0
  77 0021 00       		.byte	0
  78 0022 00       		.byte	0
  79 0023 00       		.byte	0
  80 0024 00       		.byte	0
  81 0025 00       		.byte	0
  82 0026 00       		.byte	0
  83 0027 00       		.byte	0
  84 0028 00       		.byte	0
  85 0029 00       		.byte	0
  86 002a 00       		.byte	0
  87 002b 00       		.byte	0
  88 002c 00       		.byte	0
  89 002d 00       		.byte	0
  90 002e 00       		.byte	0
  91 002f 00       		.byte	0
  92 0030 00       		.byte	0
  93 0031 00       		.byte	0
  94 0032 00       		.byte	0
  95 0033 00       		.byte	0
  96 0034 00       		.byte	0
  97 0035 00       		.byte	0
  98 0036 00       		.byte	0
  99 0037 00       		.byte	0
 100 0038 00       		.byte	0
 101 0039 00       		.byte	0
 102 003a 00       		.byte	0
 103 003b 00       		.byte	0
 104 003c 00       		.byte	0
 105 003d 00       		.byte	0
 106 003e 00       		.byte	0
 107 003f 00       		.byte	0
 108              		.section	.cycustnvl,"a",%progbits
 109              		.align	2
 110              		.type	cy_meta_custnvl, %object
 111              		.size	cy_meta_custnvl, 4
 112              	cy_meta_custnvl:
 113 0000 00       		.byte	0
 114 0001 00       		.byte	0
ARM GAS  C:\Users\Patrick\AppData\Local\Temp\ccSrR19z.s 			page 3


 115 0002 40       		.byte	64
 116 0003 05       		.byte	5
 117              		.section	.cymeta,"a",%progbits
 118              		.align	2
 119              		.type	cy_metadata, %object
 120              		.size	cy_metadata, 12
 121              	cy_metadata:
 122 0000 00       		.byte	0
 123 0001 01       		.byte	1
 124 0002 2E       		.byte	46
 125 0003 16       		.byte	22
 126 0004 10       		.byte	16
 127 0005 69       		.byte	105
 128 0006 00       		.byte	0
 129 0007 01       		.byte	1
 130 0008 00       		.byte	0
 131 0009 00       		.byte	0
 132 000a 00       		.byte	0
 133 000b 00       		.byte	0
 134              		.section	.cyflashprotect,"a",%progbits
 135              		.align	2
 136              		.type	cy_meta_flashprotect, %object
 137              		.size	cy_meta_flashprotect, 256
 138              	cy_meta_flashprotect:
 139 0000 00000000 		.space	256
 139      00000000 
 139      00000000 
 139      00000000 
 139      00000000 
 140              		.text
 141              	.Letext0:
 142              		.file 1 ".\\Generated_Source\\PSoC5\\cymetadata.c"
 143              		.file 2 ".\\Generated_Source\\PSoC5\\cytypes.h"
 144              		.section	.debug_info,"",%progbits
 145              	.Ldebug_info0:
 146 0000 5C010000 		.4byte	0x15c
 147 0004 0400     		.2byte	0x4
 148 0006 00000000 		.4byte	.Ldebug_abbrev0
 149 000a 04       		.byte	0x4
 150 000b 01       		.uleb128 0x1
 151 000c F7000000 		.4byte	.LASF19
 152 0010 01       		.byte	0x1
 153 0011 00000000 		.4byte	.LASF20
 154 0015 91000000 		.4byte	.LASF21
 155 0019 00000000 		.4byte	.Ldebug_line0
 156 001d 02       		.uleb128 0x2
 157 001e 01       		.byte	0x1
 158 001f 06       		.byte	0x6
 159 0020 01020000 		.4byte	.LASF0
 160 0024 02       		.uleb128 0x2
 161 0025 01       		.byte	0x1
 162 0026 08       		.byte	0x8
 163 0027 47000000 		.4byte	.LASF1
 164 002b 02       		.uleb128 0x2
 165 002c 02       		.byte	0x2
 166 002d 05       		.byte	0x5
 167 002e E8010000 		.4byte	.LASF2
ARM GAS  C:\Users\Patrick\AppData\Local\Temp\ccSrR19z.s 			page 4


 168 0032 02       		.uleb128 0x2
 169 0033 02       		.byte	0x2
 170 0034 07       		.byte	0x7
 171 0035 67000000 		.4byte	.LASF3
 172 0039 02       		.uleb128 0x2
 173 003a 04       		.byte	0x4
 174 003b 05       		.byte	0x5
 175 003c F8010000 		.4byte	.LASF4
 176 0040 02       		.uleb128 0x2
 177 0041 04       		.byte	0x4
 178 0042 07       		.byte	0x7
 179 0043 55000000 		.4byte	.LASF5
 180 0047 02       		.uleb128 0x2
 181 0048 08       		.byte	0x8
 182 0049 05       		.byte	0x5
 183 004a D5010000 		.4byte	.LASF6
 184 004e 02       		.uleb128 0x2
 185 004f 08       		.byte	0x8
 186 0050 07       		.byte	0x7
 187 0051 92010000 		.4byte	.LASF7
 188 0055 03       		.uleb128 0x3
 189 0056 04       		.byte	0x4
 190 0057 05       		.byte	0x5
 191 0058 696E7400 		.ascii	"int\000"
 192 005c 02       		.uleb128 0x2
 193 005d 04       		.byte	0x4
 194 005e 07       		.byte	0x7
 195 005f 85010000 		.4byte	.LASF8
 196 0063 04       		.uleb128 0x4
 197 0064 F2010000 		.4byte	.LASF22
 198 0068 02       		.byte	0x2
 199 0069 9201     		.2byte	0x192
 200 006b 24000000 		.4byte	0x24
 201 006f 02       		.uleb128 0x2
 202 0070 04       		.byte	0x4
 203 0071 04       		.byte	0x4
 204 0072 41000000 		.4byte	.LASF9
 205 0076 02       		.uleb128 0x2
 206 0077 08       		.byte	0x8
 207 0078 04       		.byte	0x4
 208 0079 8A000000 		.4byte	.LASF10
 209 007d 02       		.uleb128 0x2
 210 007e 01       		.byte	0x1
 211 007f 08       		.byte	0x8
 212 0080 E3010000 		.4byte	.LASF11
 213 0084 05       		.uleb128 0x5
 214 0085 63000000 		.4byte	0x63
 215 0089 94000000 		.4byte	0x94
 216 008d 06       		.uleb128 0x6
 217 008e 94000000 		.4byte	0x94
 218 0092 3F       		.byte	0x3f
 219 0093 00       		.byte	0
 220 0094 02       		.uleb128 0x2
 221 0095 04       		.byte	0x4
 222 0096 07       		.byte	0x7
 223 0097 CC010000 		.4byte	.LASF12
 224 009b 07       		.uleb128 0x7
ARM GAS  C:\Users\Patrick\AppData\Local\Temp\ccSrR19z.s 			page 5


 225 009c 26000000 		.4byte	.LASF13
 226 00a0 01       		.byte	0x1
 227 00a1 1F       		.byte	0x1f
 228 00a2 AC000000 		.4byte	0xac
 229 00a6 05       		.uleb128 0x5
 230 00a7 03       		.byte	0x3
 231 00a8 00000000 		.4byte	cy_meta_loader
 232 00ac 08       		.uleb128 0x8
 233 00ad 84000000 		.4byte	0x84
 234 00b1 05       		.uleb128 0x5
 235 00b2 63000000 		.4byte	0x63
 236 00b6 C1000000 		.4byte	0xc1
 237 00ba 06       		.uleb128 0x6
 238 00bb 94000000 		.4byte	0x94
 239 00bf 00       		.byte	0
 240 00c0 00       		.byte	0
 241 00c1 07       		.uleb128 0x7
 242 00c2 E5000000 		.4byte	.LASF14
 243 00c6 01       		.byte	0x1
 244 00c7 34       		.byte	0x34
 245 00c8 D2000000 		.4byte	0xd2
 246 00cc 05       		.uleb128 0x5
 247 00cd 03       		.byte	0x3
 248 00ce 00000000 		.4byte	cy_meta_configecc
 249 00d2 08       		.uleb128 0x8
 250 00d3 B1000000 		.4byte	0xb1
 251 00d7 05       		.uleb128 0x5
 252 00d8 63000000 		.4byte	0x63
 253 00dc E7000000 		.4byte	0xe7
 254 00e0 06       		.uleb128 0x6
 255 00e1 94000000 		.4byte	0x94
 256 00e5 03       		.byte	0x3
 257 00e6 00       		.byte	0
 258 00e7 07       		.uleb128 0x7
 259 00e8 7A000000 		.4byte	.LASF15
 260 00ec 01       		.byte	0x1
 261 00ed 42       		.byte	0x42
 262 00ee F8000000 		.4byte	0xf8
 263 00f2 05       		.uleb128 0x5
 264 00f3 03       		.byte	0x3
 265 00f4 00000000 		.4byte	cy_meta_custnvl
 266 00f8 08       		.uleb128 0x8
 267 00f9 D7000000 		.4byte	0xd7
 268 00fd 07       		.uleb128 0x7
 269 00fe BE010000 		.4byte	.LASF16
 270 0102 01       		.byte	0x1
 271 0103 50       		.byte	0x50
 272 0104 0E010000 		.4byte	0x10e
 273 0108 05       		.uleb128 0x5
 274 0109 03       		.byte	0x3
 275 010a 00000000 		.4byte	cy_meta_wonvl
 276 010e 08       		.uleb128 0x8
 277 010f D7000000 		.4byte	0xd7
 278 0113 05       		.uleb128 0x5
 279 0114 63000000 		.4byte	0x63
 280 0118 23010000 		.4byte	0x123
 281 011c 06       		.uleb128 0x6
ARM GAS  C:\Users\Patrick\AppData\Local\Temp\ccSrR19z.s 			page 6


 282 011d 94000000 		.4byte	0x94
 283 0121 FF       		.byte	0xff
 284 0122 00       		.byte	0
 285 0123 07       		.uleb128 0x7
 286 0124 A9010000 		.4byte	.LASF17
 287 0128 01       		.byte	0x1
 288 0129 5E       		.byte	0x5e
 289 012a 34010000 		.4byte	0x134
 290 012e 05       		.uleb128 0x5
 291 012f 03       		.byte	0x3
 292 0130 00000000 		.4byte	cy_meta_flashprotect
 293 0134 08       		.uleb128 0x8
 294 0135 13010000 		.4byte	0x113
 295 0139 05       		.uleb128 0x5
 296 013a 63000000 		.4byte	0x63
 297 013e 49010000 		.4byte	0x149
 298 0142 06       		.uleb128 0x6
 299 0143 94000000 		.4byte	0x94
 300 0147 0B       		.byte	0xb
 301 0148 00       		.byte	0
 302 0149 07       		.uleb128 0x7
 303 014a 35000000 		.4byte	.LASF18
 304 014e 01       		.byte	0x1
 305 014f 8B       		.byte	0x8b
 306 0150 5A010000 		.4byte	0x15a
 307 0154 05       		.uleb128 0x5
 308 0155 03       		.byte	0x3
 309 0156 00000000 		.4byte	cy_metadata
 310 015a 08       		.uleb128 0x8
 311 015b 39010000 		.4byte	0x139
 312 015f 00       		.byte	0
 313              		.section	.debug_abbrev,"",%progbits
 314              	.Ldebug_abbrev0:
 315 0000 01       		.uleb128 0x1
 316 0001 11       		.uleb128 0x11
 317 0002 01       		.byte	0x1
 318 0003 25       		.uleb128 0x25
 319 0004 0E       		.uleb128 0xe
 320 0005 13       		.uleb128 0x13
 321 0006 0B       		.uleb128 0xb
 322 0007 03       		.uleb128 0x3
 323 0008 0E       		.uleb128 0xe
 324 0009 1B       		.uleb128 0x1b
 325 000a 0E       		.uleb128 0xe
 326 000b 10       		.uleb128 0x10
 327 000c 17       		.uleb128 0x17
 328 000d 00       		.byte	0
 329 000e 00       		.byte	0
 330 000f 02       		.uleb128 0x2
 331 0010 24       		.uleb128 0x24
 332 0011 00       		.byte	0
 333 0012 0B       		.uleb128 0xb
 334 0013 0B       		.uleb128 0xb
 335 0014 3E       		.uleb128 0x3e
 336 0015 0B       		.uleb128 0xb
 337 0016 03       		.uleb128 0x3
 338 0017 0E       		.uleb128 0xe
ARM GAS  C:\Users\Patrick\AppData\Local\Temp\ccSrR19z.s 			page 7


 339 0018 00       		.byte	0
 340 0019 00       		.byte	0
 341 001a 03       		.uleb128 0x3
 342 001b 24       		.uleb128 0x24
 343 001c 00       		.byte	0
 344 001d 0B       		.uleb128 0xb
 345 001e 0B       		.uleb128 0xb
 346 001f 3E       		.uleb128 0x3e
 347 0020 0B       		.uleb128 0xb
 348 0021 03       		.uleb128 0x3
 349 0022 08       		.uleb128 0x8
 350 0023 00       		.byte	0
 351 0024 00       		.byte	0
 352 0025 04       		.uleb128 0x4
 353 0026 16       		.uleb128 0x16
 354 0027 00       		.byte	0
 355 0028 03       		.uleb128 0x3
 356 0029 0E       		.uleb128 0xe
 357 002a 3A       		.uleb128 0x3a
 358 002b 0B       		.uleb128 0xb
 359 002c 3B       		.uleb128 0x3b
 360 002d 05       		.uleb128 0x5
 361 002e 49       		.uleb128 0x49
 362 002f 13       		.uleb128 0x13
 363 0030 00       		.byte	0
 364 0031 00       		.byte	0
 365 0032 05       		.uleb128 0x5
 366 0033 01       		.uleb128 0x1
 367 0034 01       		.byte	0x1
 368 0035 49       		.uleb128 0x49
 369 0036 13       		.uleb128 0x13
 370 0037 01       		.uleb128 0x1
 371 0038 13       		.uleb128 0x13
 372 0039 00       		.byte	0
 373 003a 00       		.byte	0
 374 003b 06       		.uleb128 0x6
 375 003c 21       		.uleb128 0x21
 376 003d 00       		.byte	0
 377 003e 49       		.uleb128 0x49
 378 003f 13       		.uleb128 0x13
 379 0040 2F       		.uleb128 0x2f
 380 0041 0B       		.uleb128 0xb
 381 0042 00       		.byte	0
 382 0043 00       		.byte	0
 383 0044 07       		.uleb128 0x7
 384 0045 34       		.uleb128 0x34
 385 0046 00       		.byte	0
 386 0047 03       		.uleb128 0x3
 387 0048 0E       		.uleb128 0xe
 388 0049 3A       		.uleb128 0x3a
 389 004a 0B       		.uleb128 0xb
 390 004b 3B       		.uleb128 0x3b
 391 004c 0B       		.uleb128 0xb
 392 004d 49       		.uleb128 0x49
 393 004e 13       		.uleb128 0x13
 394 004f 3F       		.uleb128 0x3f
 395 0050 19       		.uleb128 0x19
ARM GAS  C:\Users\Patrick\AppData\Local\Temp\ccSrR19z.s 			page 8


 396 0051 02       		.uleb128 0x2
 397 0052 18       		.uleb128 0x18
 398 0053 00       		.byte	0
 399 0054 00       		.byte	0
 400 0055 08       		.uleb128 0x8
 401 0056 26       		.uleb128 0x26
 402 0057 00       		.byte	0
 403 0058 49       		.uleb128 0x49
 404 0059 13       		.uleb128 0x13
 405 005a 00       		.byte	0
 406 005b 00       		.byte	0
 407 005c 00       		.byte	0
 408              		.section	.debug_aranges,"",%progbits
 409 0000 14000000 		.4byte	0x14
 410 0004 0200     		.2byte	0x2
 411 0006 00000000 		.4byte	.Ldebug_info0
 412 000a 04       		.byte	0x4
 413 000b 00       		.byte	0
 414 000c 0000     		.2byte	0
 415 000e 0000     		.2byte	0
 416 0010 00000000 		.4byte	0
 417 0014 00000000 		.4byte	0
 418              		.section	.debug_line,"",%progbits
 419              	.Ldebug_line0:
 420 0000 4F000000 		.section	.debug_str,"MS",%progbits,1
 420      02004900 
 420      00000201 
 420      FB0E0D00 
 420      01010101 
 421              	.LASF20:
 422 0000 2E5C4765 		.ascii	".\\Generated_Source\\PSoC5\\cymetadata.c\000"
 422      6E657261 
 422      7465645F 
 422      536F7572 
 422      63655C50 
 423              	.LASF13:
 424 0026 63795F6D 		.ascii	"cy_meta_loader\000"
 424      6574615F 
 424      6C6F6164 
 424      657200
 425              	.LASF18:
 426 0035 63795F6D 		.ascii	"cy_metadata\000"
 426      65746164 
 426      61746100 
 427              	.LASF9:
 428 0041 666C6F61 		.ascii	"float\000"
 428      7400
 429              	.LASF1:
 430 0047 756E7369 		.ascii	"unsigned char\000"
 430      676E6564 
 430      20636861 
 430      7200
 431              	.LASF5:
 432 0055 6C6F6E67 		.ascii	"long unsigned int\000"
 432      20756E73 
 432      69676E65 
 432      6420696E 
ARM GAS  C:\Users\Patrick\AppData\Local\Temp\ccSrR19z.s 			page 9


 432      7400
 433              	.LASF3:
 434 0067 73686F72 		.ascii	"short unsigned int\000"
 434      7420756E 
 434      7369676E 
 434      65642069 
 434      6E7400
 435              	.LASF15:
 436 007a 63795F6D 		.ascii	"cy_meta_custnvl\000"
 436      6574615F 
 436      63757374 
 436      6E766C00 
 437              	.LASF10:
 438 008a 646F7562 		.ascii	"double\000"
 438      6C6500
 439              	.LASF21:
 440 0091 433A5C55 		.ascii	"C:\\Users\\Patrick\\Documents\\GitHub\\PSoC 5LP FIl"
 440      73657273 
 440      5C506174 
 440      7269636B 
 440      5C446F63 
 441 00bf 65735C43 		.ascii	"es\\C-CAN_PSoC_DevKit\\Bootloader.cydsn\000"
 441      2D43414E 
 441      5F50536F 
 441      435F4465 
 441      764B6974 
 442              	.LASF14:
 443 00e5 63795F6D 		.ascii	"cy_meta_configecc\000"
 443      6574615F 
 443      636F6E66 
 443      69676563 
 443      6300
 444              	.LASF19:
 445 00f7 474E5520 		.ascii	"GNU C 4.9.3 20150303 (release) [ARM/embedded-4_9-br"
 445      4320342E 
 445      392E3320 
 445      32303135 
 445      30333033 
 446 012a 616E6368 		.ascii	"anch revision 221220] -mcpu=cortex-m3 -mthumb -g -O"
 446      20726576 
 446      6973696F 
 446      6E203232 
 446      31323230 
 447 015d 67202D66 		.ascii	"g -ffunction-sections -ffat-lto-objects\000"
 447      66756E63 
 447      74696F6E 
 447      2D736563 
 447      74696F6E 
 448              	.LASF8:
 449 0185 756E7369 		.ascii	"unsigned int\000"
 449      676E6564 
 449      20696E74 
 449      00
 450              	.LASF7:
 451 0192 6C6F6E67 		.ascii	"long long unsigned int\000"
 451      206C6F6E 
 451      6720756E 
ARM GAS  C:\Users\Patrick\AppData\Local\Temp\ccSrR19z.s 			page 10


 451      7369676E 
 451      65642069 
 452              	.LASF17:
 453 01a9 63795F6D 		.ascii	"cy_meta_flashprotect\000"
 453      6574615F 
 453      666C6173 
 453      6870726F 
 453      74656374 
 454              	.LASF16:
 455 01be 63795F6D 		.ascii	"cy_meta_wonvl\000"
 455      6574615F 
 455      776F6E76 
 455      6C00
 456              	.LASF12:
 457 01cc 73697A65 		.ascii	"sizetype\000"
 457      74797065 
 457      00
 458              	.LASF6:
 459 01d5 6C6F6E67 		.ascii	"long long int\000"
 459      206C6F6E 
 459      6720696E 
 459      7400
 460              	.LASF11:
 461 01e3 63686172 		.ascii	"char\000"
 461      00
 462              	.LASF2:
 463 01e8 73686F72 		.ascii	"short int\000"
 463      7420696E 
 463      7400
 464              	.LASF22:
 465 01f2 75696E74 		.ascii	"uint8\000"
 465      3800
 466              	.LASF4:
 467 01f8 6C6F6E67 		.ascii	"long int\000"
 467      20696E74 
 467      00
 468              	.LASF0:
 469 0201 7369676E 		.ascii	"signed char\000"
 469      65642063 
 469      68617200 
 470              		.ident	"GCC: (GNU Tools for ARM Embedded Processors) 4.9.3 20150303 (release) [ARM/embedded-4_9-br
