ARM GAS  C:\Users\Patrick\AppData\Local\Temp\cc9sLkZC.s 			page 1


   1              		.syntax unified
   2              		.cpu cortex-m3
   3              		.fpu softvfp
   4              		.eabi_attribute 20, 1
   5              		.eabi_attribute 21, 1
   6              		.eabi_attribute 23, 3
   7              		.eabi_attribute 24, 1
   8              		.eabi_attribute 25, 1
   9              		.eabi_attribute 26, 1
  10              		.eabi_attribute 30, 1
  11              		.eabi_attribute 34, 1
  12              		.eabi_attribute 18, 4
  13              		.thumb
  14              		.file	"main.c"
  15              		.text
  16              	.Ltext0:
  17              		.cfi_sections	.debug_frame
  18              		.section	.text.main,"ax",%progbits
  19              		.align	2
  20              		.global	main
  21              		.thumb
  22              		.thumb_func
  23              		.type	main, %function
  24              	main:
  25              	.LFB63:
  26              		.file 1 ".\\main.c"
   1:.\main.c      **** /* ========================================
   2:.\main.c      ****  *
   3:.\main.c      ****  * Copyright YOUR COMPANY, THE YEAR
   4:.\main.c      ****  * All Rights Reserved
   5:.\main.c      ****  * UNPUBLISHED, LICENSED SOFTWARE.
   6:.\main.c      ****  *
   7:.\main.c      ****  * CONFIDENTIAL AND PROPRIETARY INFORMATION
   8:.\main.c      ****  * WHICH IS THE PROPERTY OF your company.
   9:.\main.c      ****  *
  10:.\main.c      ****  * ========================================
  11:.\main.c      **** */
  12:.\main.c      **** #include <project.h>
  13:.\main.c      **** 
  14:.\main.c      **** int main()
  15:.\main.c      **** {
  27              		.loc 1 15 0
  28              		.cfi_startproc
  29              		@ Volatile: function does not return.
  30              		@ args = 0, pretend = 0, frame = 0
  31              		@ frame_needed = 0, uses_anonymous_args = 0
  32 0000 08B5     		push	{r3, lr}
  33              		.cfi_def_cfa_offset 8
  34              		.cfi_offset 3, -8
  35              		.cfi_offset 14, -4
  16:.\main.c      ****     CyGlobalIntEnable; /* Enable global interrupts. */
  36              		.loc 1 16 0
  37              	@ 16 ".\main.c" 1
  38 0002 62B6     		CPSIE   i
  39              	@ 0 "" 2
  17:.\main.c      ****     
  18:.\main.c      ****     PWM_1_Start();
ARM GAS  C:\Users\Patrick\AppData\Local\Temp\cc9sLkZC.s 			page 2


  40              		.loc 1 18 0
  41              		.thumb
  42 0004 FFF7FEFF 		bl	PWM_1_Start
  43              	.LVL0:
  19:.\main.c      ****     
  20:.\main.c      ****     CyDelay(1000);
  44              		.loc 1 20 0
  45 0008 4FF47A70 		mov	r0, #1000
  46 000c FFF7FEFF 		bl	CyDelay
  47              	.LVL1:
  21:.\main.c      ****     
  22:.\main.c      ****     Bootloader_Start();
  48              		.loc 1 22 0
  49 0010 FFF7FEFF 		bl	Bootloader_Start
  50              	.LVL2:
  51              	.L2:
  23:.\main.c      **** 
  24:.\main.c      ****     /* Place your initialization/startup code here (e.g. MyInst_Start()) */
  25:.\main.c      **** 
  26:.\main.c      ****     for(;;)
  27:.\main.c      ****     {
  28:.\main.c      ****         /* Place your application code here. */
  29:.\main.c      ****     }
  52              		.loc 1 29 0 discriminator 1
  53 0014 FEE7     		b	.L2
  54              		.cfi_endproc
  55              	.LFE63:
  56              		.size	main, .-main
  57 0016 00BF     		.text
  58              	.Letext0:
  59              		.file 2 "c:\\program files (x86)\\cypress\\psoc creator\\3.3\\psoc creator\\import\\gnu\\arm\\4.9.
  60              		.file 3 "c:\\program files (x86)\\cypress\\psoc creator\\3.3\\psoc creator\\import\\gnu\\arm\\4.9.
  61              		.file 4 "Generated_Source\\PSoC5/cytypes.h"
  62              		.file 5 "Generated_Source\\PSoC5/PWM_1.h"
  63              		.file 6 "Generated_Source\\PSoC5/Bootloader.h"
  64              		.file 7 "Generated_Source\\PSoC5/core_cm3.h"
  65              		.file 8 "Generated_Source\\PSoC5/CyLib.h"
  66              		.section	.debug_info,"",%progbits
  67              	.Ldebug_info0:
  68 0000 17010000 		.4byte	0x117
  69 0004 0400     		.2byte	0x4
  70 0006 00000000 		.4byte	.Ldebug_abbrev0
  71 000a 04       		.byte	0x4
  72 000b 01       		.uleb128 0x1
  73 000c CB000000 		.4byte	.LASF18
  74 0010 01       		.byte	0x1
  75 0011 75010000 		.4byte	.LASF19
  76 0015 64000000 		.4byte	.LASF20
  77 0019 00000000 		.4byte	.Ldebug_ranges0+0
  78 001d 00000000 		.4byte	0
  79 0021 00000000 		.4byte	.Ldebug_line0
  80 0025 02       		.uleb128 0x2
  81 0026 01       		.byte	0x1
  82 0027 06       		.byte	0x6
  83 0028 A3010000 		.4byte	.LASF0
  84 002c 02       		.uleb128 0x2
  85 002d 01       		.byte	0x1
ARM GAS  C:\Users\Patrick\AppData\Local\Temp\cc9sLkZC.s 			page 3


  86 002e 08       		.byte	0x8
  87 002f 59010000 		.4byte	.LASF1
  88 0033 02       		.uleb128 0x2
  89 0034 02       		.byte	0x2
  90 0035 05       		.byte	0x5
  91 0036 BF010000 		.4byte	.LASF2
  92 003a 02       		.uleb128 0x2
  93 003b 02       		.byte	0x2
  94 003c 07       		.byte	0x7
  95 003d B8000000 		.4byte	.LASF3
  96 0041 03       		.uleb128 0x3
  97 0042 AF010000 		.4byte	.LASF9
  98 0046 02       		.byte	0x2
  99 0047 3F       		.byte	0x3f
 100 0048 4C000000 		.4byte	0x4c
 101 004c 02       		.uleb128 0x2
 102 004d 04       		.byte	0x4
 103 004e 05       		.byte	0x5
 104 004f 6C010000 		.4byte	.LASF4
 105 0053 02       		.uleb128 0x2
 106 0054 04       		.byte	0x4
 107 0055 07       		.byte	0x7
 108 0056 3B000000 		.4byte	.LASF5
 109 005a 02       		.uleb128 0x2
 110 005b 08       		.byte	0x8
 111 005c 05       		.byte	0x5
 112 005d 00000000 		.4byte	.LASF6
 113 0061 02       		.uleb128 0x2
 114 0062 08       		.byte	0x8
 115 0063 07       		.byte	0x7
 116 0064 4D000000 		.4byte	.LASF7
 117 0068 04       		.uleb128 0x4
 118 0069 04       		.byte	0x4
 119 006a 05       		.byte	0x5
 120 006b 696E7400 		.ascii	"int\000"
 121 006f 02       		.uleb128 0x2
 122 0070 04       		.byte	0x4
 123 0071 07       		.byte	0x7
 124 0072 15000000 		.4byte	.LASF8
 125 0076 03       		.uleb128 0x3
 126 0077 C9010000 		.4byte	.LASF10
 127 007b 03       		.byte	0x3
 128 007c 2C       		.byte	0x2c
 129 007d 41000000 		.4byte	0x41
 130 0081 05       		.uleb128 0x5
 131 0082 0E000000 		.4byte	.LASF11
 132 0086 04       		.byte	0x4
 133 0087 9401     		.2byte	0x194
 134 0089 53000000 		.4byte	0x53
 135 008d 02       		.uleb128 0x2
 136 008e 04       		.byte	0x4
 137 008f 04       		.byte	0x4
 138 0090 B9010000 		.4byte	.LASF12
 139 0094 02       		.uleb128 0x2
 140 0095 08       		.byte	0x8
 141 0096 04       		.byte	0x4
 142 0097 8F010000 		.4byte	.LASF13
ARM GAS  C:\Users\Patrick\AppData\Local\Temp\cc9sLkZC.s 			page 4


 143 009b 02       		.uleb128 0x2
 144 009c 01       		.byte	0x1
 145 009d 08       		.byte	0x8
 146 009e 67010000 		.4byte	.LASF14
 147 00a2 02       		.uleb128 0x2
 148 00a3 04       		.byte	0x4
 149 00a4 07       		.byte	0x7
 150 00a5 D1010000 		.4byte	.LASF15
 151 00a9 06       		.uleb128 0x6
 152 00aa 22000000 		.4byte	.LASF21
 153 00ae 01       		.byte	0x1
 154 00af 0E       		.byte	0xe
 155 00b0 68000000 		.4byte	0x68
 156 00b4 00000000 		.4byte	.LFB63
 157 00b8 16000000 		.4byte	.LFE63-.LFB63
 158 00bc 01       		.uleb128 0x1
 159 00bd 9C       		.byte	0x9c
 160 00be EA000000 		.4byte	0xea
 161 00c2 07       		.uleb128 0x7
 162 00c3 08000000 		.4byte	.LVL0
 163 00c7 FB000000 		.4byte	0xfb
 164 00cb 08       		.uleb128 0x8
 165 00cc 10000000 		.4byte	.LVL1
 166 00d0 02010000 		.4byte	0x102
 167 00d4 E0000000 		.4byte	0xe0
 168 00d8 09       		.uleb128 0x9
 169 00d9 01       		.uleb128 0x1
 170 00da 50       		.byte	0x50
 171 00db 03       		.uleb128 0x3
 172 00dc 0A       		.byte	0xa
 173 00dd E803     		.2byte	0x3e8
 174 00df 00       		.byte	0
 175 00e0 07       		.uleb128 0x7
 176 00e1 14000000 		.4byte	.LVL2
 177 00e5 13010000 		.4byte	0x113
 178 00e9 00       		.byte	0
 179 00ea 0A       		.uleb128 0xa
 180 00eb 96010000 		.4byte	.LASF22
 181 00ef 07       		.byte	0x7
 182 00f0 9606     		.2byte	0x696
 183 00f2 F6000000 		.4byte	0xf6
 184 00f6 0B       		.uleb128 0xb
 185 00f7 76000000 		.4byte	0x76
 186 00fb 0C       		.uleb128 0xc
 187 00fc 27000000 		.4byte	.LASF16
 188 0100 05       		.byte	0x5
 189 0101 92       		.byte	0x92
 190 0102 0D       		.uleb128 0xd
 191 0103 33000000 		.4byte	.LASF23
 192 0107 08       		.byte	0x8
 193 0108 76       		.byte	0x76
 194 0109 13010000 		.4byte	0x113
 195 010d 0E       		.uleb128 0xe
 196 010e 81000000 		.4byte	0x81
 197 0112 00       		.byte	0
 198 0113 0C       		.uleb128 0xc
 199 0114 7E010000 		.4byte	.LASF17
ARM GAS  C:\Users\Patrick\AppData\Local\Temp\cc9sLkZC.s 			page 5


 200 0118 06       		.byte	0x6
 201 0119 E6       		.byte	0xe6
 202 011a 00       		.byte	0
 203              		.section	.debug_abbrev,"",%progbits
 204              	.Ldebug_abbrev0:
 205 0000 01       		.uleb128 0x1
 206 0001 11       		.uleb128 0x11
 207 0002 01       		.byte	0x1
 208 0003 25       		.uleb128 0x25
 209 0004 0E       		.uleb128 0xe
 210 0005 13       		.uleb128 0x13
 211 0006 0B       		.uleb128 0xb
 212 0007 03       		.uleb128 0x3
 213 0008 0E       		.uleb128 0xe
 214 0009 1B       		.uleb128 0x1b
 215 000a 0E       		.uleb128 0xe
 216 000b 55       		.uleb128 0x55
 217 000c 17       		.uleb128 0x17
 218 000d 11       		.uleb128 0x11
 219 000e 01       		.uleb128 0x1
 220 000f 10       		.uleb128 0x10
 221 0010 17       		.uleb128 0x17
 222 0011 00       		.byte	0
 223 0012 00       		.byte	0
 224 0013 02       		.uleb128 0x2
 225 0014 24       		.uleb128 0x24
 226 0015 00       		.byte	0
 227 0016 0B       		.uleb128 0xb
 228 0017 0B       		.uleb128 0xb
 229 0018 3E       		.uleb128 0x3e
 230 0019 0B       		.uleb128 0xb
 231 001a 03       		.uleb128 0x3
 232 001b 0E       		.uleb128 0xe
 233 001c 00       		.byte	0
 234 001d 00       		.byte	0
 235 001e 03       		.uleb128 0x3
 236 001f 16       		.uleb128 0x16
 237 0020 00       		.byte	0
 238 0021 03       		.uleb128 0x3
 239 0022 0E       		.uleb128 0xe
 240 0023 3A       		.uleb128 0x3a
 241 0024 0B       		.uleb128 0xb
 242 0025 3B       		.uleb128 0x3b
 243 0026 0B       		.uleb128 0xb
 244 0027 49       		.uleb128 0x49
 245 0028 13       		.uleb128 0x13
 246 0029 00       		.byte	0
 247 002a 00       		.byte	0
 248 002b 04       		.uleb128 0x4
 249 002c 24       		.uleb128 0x24
 250 002d 00       		.byte	0
 251 002e 0B       		.uleb128 0xb
 252 002f 0B       		.uleb128 0xb
 253 0030 3E       		.uleb128 0x3e
 254 0031 0B       		.uleb128 0xb
 255 0032 03       		.uleb128 0x3
 256 0033 08       		.uleb128 0x8
ARM GAS  C:\Users\Patrick\AppData\Local\Temp\cc9sLkZC.s 			page 6


 257 0034 00       		.byte	0
 258 0035 00       		.byte	0
 259 0036 05       		.uleb128 0x5
 260 0037 16       		.uleb128 0x16
 261 0038 00       		.byte	0
 262 0039 03       		.uleb128 0x3
 263 003a 0E       		.uleb128 0xe
 264 003b 3A       		.uleb128 0x3a
 265 003c 0B       		.uleb128 0xb
 266 003d 3B       		.uleb128 0x3b
 267 003e 05       		.uleb128 0x5
 268 003f 49       		.uleb128 0x49
 269 0040 13       		.uleb128 0x13
 270 0041 00       		.byte	0
 271 0042 00       		.byte	0
 272 0043 06       		.uleb128 0x6
 273 0044 2E       		.uleb128 0x2e
 274 0045 01       		.byte	0x1
 275 0046 3F       		.uleb128 0x3f
 276 0047 19       		.uleb128 0x19
 277 0048 03       		.uleb128 0x3
 278 0049 0E       		.uleb128 0xe
 279 004a 3A       		.uleb128 0x3a
 280 004b 0B       		.uleb128 0xb
 281 004c 3B       		.uleb128 0x3b
 282 004d 0B       		.uleb128 0xb
 283 004e 49       		.uleb128 0x49
 284 004f 13       		.uleb128 0x13
 285 0050 11       		.uleb128 0x11
 286 0051 01       		.uleb128 0x1
 287 0052 12       		.uleb128 0x12
 288 0053 06       		.uleb128 0x6
 289 0054 40       		.uleb128 0x40
 290 0055 18       		.uleb128 0x18
 291 0056 9742     		.uleb128 0x2117
 292 0058 19       		.uleb128 0x19
 293 0059 01       		.uleb128 0x1
 294 005a 13       		.uleb128 0x13
 295 005b 00       		.byte	0
 296 005c 00       		.byte	0
 297 005d 07       		.uleb128 0x7
 298 005e 898201   		.uleb128 0x4109
 299 0061 00       		.byte	0
 300 0062 11       		.uleb128 0x11
 301 0063 01       		.uleb128 0x1
 302 0064 31       		.uleb128 0x31
 303 0065 13       		.uleb128 0x13
 304 0066 00       		.byte	0
 305 0067 00       		.byte	0
 306 0068 08       		.uleb128 0x8
 307 0069 898201   		.uleb128 0x4109
 308 006c 01       		.byte	0x1
 309 006d 11       		.uleb128 0x11
 310 006e 01       		.uleb128 0x1
 311 006f 31       		.uleb128 0x31
 312 0070 13       		.uleb128 0x13
 313 0071 01       		.uleb128 0x1
ARM GAS  C:\Users\Patrick\AppData\Local\Temp\cc9sLkZC.s 			page 7


 314 0072 13       		.uleb128 0x13
 315 0073 00       		.byte	0
 316 0074 00       		.byte	0
 317 0075 09       		.uleb128 0x9
 318 0076 8A8201   		.uleb128 0x410a
 319 0079 00       		.byte	0
 320 007a 02       		.uleb128 0x2
 321 007b 18       		.uleb128 0x18
 322 007c 9142     		.uleb128 0x2111
 323 007e 18       		.uleb128 0x18
 324 007f 00       		.byte	0
 325 0080 00       		.byte	0
 326 0081 0A       		.uleb128 0xa
 327 0082 34       		.uleb128 0x34
 328 0083 00       		.byte	0
 329 0084 03       		.uleb128 0x3
 330 0085 0E       		.uleb128 0xe
 331 0086 3A       		.uleb128 0x3a
 332 0087 0B       		.uleb128 0xb
 333 0088 3B       		.uleb128 0x3b
 334 0089 05       		.uleb128 0x5
 335 008a 49       		.uleb128 0x49
 336 008b 13       		.uleb128 0x13
 337 008c 3F       		.uleb128 0x3f
 338 008d 19       		.uleb128 0x19
 339 008e 3C       		.uleb128 0x3c
 340 008f 19       		.uleb128 0x19
 341 0090 00       		.byte	0
 342 0091 00       		.byte	0
 343 0092 0B       		.uleb128 0xb
 344 0093 35       		.uleb128 0x35
 345 0094 00       		.byte	0
 346 0095 49       		.uleb128 0x49
 347 0096 13       		.uleb128 0x13
 348 0097 00       		.byte	0
 349 0098 00       		.byte	0
 350 0099 0C       		.uleb128 0xc
 351 009a 2E       		.uleb128 0x2e
 352 009b 00       		.byte	0
 353 009c 3F       		.uleb128 0x3f
 354 009d 19       		.uleb128 0x19
 355 009e 03       		.uleb128 0x3
 356 009f 0E       		.uleb128 0xe
 357 00a0 3A       		.uleb128 0x3a
 358 00a1 0B       		.uleb128 0xb
 359 00a2 3B       		.uleb128 0x3b
 360 00a3 0B       		.uleb128 0xb
 361 00a4 27       		.uleb128 0x27
 362 00a5 19       		.uleb128 0x19
 363 00a6 3C       		.uleb128 0x3c
 364 00a7 19       		.uleb128 0x19
 365 00a8 00       		.byte	0
 366 00a9 00       		.byte	0
 367 00aa 0D       		.uleb128 0xd
 368 00ab 2E       		.uleb128 0x2e
 369 00ac 01       		.byte	0x1
 370 00ad 3F       		.uleb128 0x3f
ARM GAS  C:\Users\Patrick\AppData\Local\Temp\cc9sLkZC.s 			page 8


 371 00ae 19       		.uleb128 0x19
 372 00af 03       		.uleb128 0x3
 373 00b0 0E       		.uleb128 0xe
 374 00b1 3A       		.uleb128 0x3a
 375 00b2 0B       		.uleb128 0xb
 376 00b3 3B       		.uleb128 0x3b
 377 00b4 0B       		.uleb128 0xb
 378 00b5 27       		.uleb128 0x27
 379 00b6 19       		.uleb128 0x19
 380 00b7 3C       		.uleb128 0x3c
 381 00b8 19       		.uleb128 0x19
 382 00b9 01       		.uleb128 0x1
 383 00ba 13       		.uleb128 0x13
 384 00bb 00       		.byte	0
 385 00bc 00       		.byte	0
 386 00bd 0E       		.uleb128 0xe
 387 00be 05       		.uleb128 0x5
 388 00bf 00       		.byte	0
 389 00c0 49       		.uleb128 0x49
 390 00c1 13       		.uleb128 0x13
 391 00c2 00       		.byte	0
 392 00c3 00       		.byte	0
 393 00c4 00       		.byte	0
 394              		.section	.debug_aranges,"",%progbits
 395 0000 1C000000 		.4byte	0x1c
 396 0004 0200     		.2byte	0x2
 397 0006 00000000 		.4byte	.Ldebug_info0
 398 000a 04       		.byte	0x4
 399 000b 00       		.byte	0
 400 000c 0000     		.2byte	0
 401 000e 0000     		.2byte	0
 402 0010 00000000 		.4byte	.LFB63
 403 0014 16000000 		.4byte	.LFE63-.LFB63
 404 0018 00000000 		.4byte	0
 405 001c 00000000 		.4byte	0
 406              		.section	.debug_ranges,"",%progbits
 407              	.Ldebug_ranges0:
 408 0000 00000000 		.4byte	.LFB63
 409 0004 16000000 		.4byte	.LFE63
 410 0008 00000000 		.4byte	0
 411 000c 00000000 		.4byte	0
 412              		.section	.debug_line,"",%progbits
 413              	.Ldebug_line0:
 414 0000 8D010000 		.section	.debug_str,"MS",%progbits,1
 414      02006F01 
 414      00000201 
 414      FB0E0D00 
 414      01010101 
 415              	.LASF6:
 416 0000 6C6F6E67 		.ascii	"long long int\000"
 416      206C6F6E 
 416      6720696E 
 416      7400
 417              	.LASF11:
 418 000e 75696E74 		.ascii	"uint32\000"
 418      333200
 419              	.LASF8:
ARM GAS  C:\Users\Patrick\AppData\Local\Temp\cc9sLkZC.s 			page 9


 420 0015 756E7369 		.ascii	"unsigned int\000"
 420      676E6564 
 420      20696E74 
 420      00
 421              	.LASF21:
 422 0022 6D61696E 		.ascii	"main\000"
 422      00
 423              	.LASF16:
 424 0027 50574D5F 		.ascii	"PWM_1_Start\000"
 424      315F5374 
 424      61727400 
 425              	.LASF23:
 426 0033 43794465 		.ascii	"CyDelay\000"
 426      6C617900 
 427              	.LASF5:
 428 003b 6C6F6E67 		.ascii	"long unsigned int\000"
 428      20756E73 
 428      69676E65 
 428      6420696E 
 428      7400
 429              	.LASF7:
 430 004d 6C6F6E67 		.ascii	"long long unsigned int\000"
 430      206C6F6E 
 430      6720756E 
 430      7369676E 
 430      65642069 
 431              	.LASF20:
 432 0064 433A5C55 		.ascii	"C:\\Users\\Patrick\\Documents\\GitHub\\PSoC 5LP FIl"
 432      73657273 
 432      5C506174 
 432      7269636B 
 432      5C446F63 
 433 0092 65735C43 		.ascii	"es\\C-CAN_PSoC_DevKit\\Bootloader.cydsn\000"
 433      2D43414E 
 433      5F50536F 
 433      435F4465 
 433      764B6974 
 434              	.LASF3:
 435 00b8 73686F72 		.ascii	"short unsigned int\000"
 435      7420756E 
 435      7369676E 
 435      65642069 
 435      6E7400
 436              	.LASF18:
 437 00cb 474E5520 		.ascii	"GNU C 4.9.3 20150303 (release) [ARM/embedded-4_9-br"
 437      4320342E 
 437      392E3320 
 437      32303135 
 437      30333033 
 438 00fe 616E6368 		.ascii	"anch revision 221220] -mcpu=cortex-m3 -mthumb -g -O"
 438      20726576 
 438      6973696F 
 438      6E203232 
 438      31323230 
 439 0131 67202D66 		.ascii	"g -ffunction-sections -ffat-lto-objects\000"
 439      66756E63 
 439      74696F6E 
ARM GAS  C:\Users\Patrick\AppData\Local\Temp\cc9sLkZC.s 			page 10


 439      2D736563 
 439      74696F6E 
 440              	.LASF1:
 441 0159 756E7369 		.ascii	"unsigned char\000"
 441      676E6564 
 441      20636861 
 441      7200
 442              	.LASF14:
 443 0167 63686172 		.ascii	"char\000"
 443      00
 444              	.LASF4:
 445 016c 6C6F6E67 		.ascii	"long int\000"
 445      20696E74 
 445      00
 446              	.LASF19:
 447 0175 2E5C6D61 		.ascii	".\\main.c\000"
 447      696E2E63 
 447      00
 448              	.LASF17:
 449 017e 426F6F74 		.ascii	"Bootloader_Start\000"
 449      6C6F6164 
 449      65725F53 
 449      74617274 
 449      00
 450              	.LASF13:
 451 018f 646F7562 		.ascii	"double\000"
 451      6C6500
 452              	.LASF22:
 453 0196 49544D5F 		.ascii	"ITM_RxBuffer\000"
 453      52784275 
 453      66666572 
 453      00
 454              	.LASF0:
 455 01a3 7369676E 		.ascii	"signed char\000"
 455      65642063 
 455      68617200 
 456              	.LASF9:
 457 01af 5F5F696E 		.ascii	"__int32_t\000"
 457      7433325F 
 457      7400
 458              	.LASF12:
 459 01b9 666C6F61 		.ascii	"float\000"
 459      7400
 460              	.LASF2:
 461 01bf 73686F72 		.ascii	"short int\000"
 461      7420696E 
 461      7400
 462              	.LASF10:
 463 01c9 696E7433 		.ascii	"int32_t\000"
 463      325F7400 
 464              	.LASF15:
 465 01d1 73697A65 		.ascii	"sizetype\000"
 465      74797065 
 465      00
 466              		.ident	"GCC: (GNU Tools for ARM Embedded Processors) 4.9.3 20150303 (release) [ARM/embedded-4_9-br
