ARM GAS  C:\Users\Patrick\AppData\Local\Temp\ccdt0BFk.s 			page 1


   1              		.syntax unified
   2              		.cpu cortex-m3
   3              		.fpu softvfp
   4              		.eabi_attribute 20, 1
   5              		.eabi_attribute 21, 1
   6              		.eabi_attribute 23, 3
   7              		.eabi_attribute 24, 1
   8              		.eabi_attribute 25, 1
   9              		.eabi_attribute 26, 1
  10              		.eabi_attribute 30, 1
  11              		.eabi_attribute 34, 1
  12              		.eabi_attribute 18, 4
  13              		.thumb
  14              		.file	"USBFS_episr.c"
  15              		.text
  16              	.Ltext0:
  17              		.cfi_sections	.debug_frame
  18              		.section	.text.USBFS_EP_1_ISR,"ax",%progbits
  19              		.align	2
  20              		.global	USBFS_EP_1_ISR
  21              		.thumb
  22              		.thumb_func
  23              		.type	USBFS_EP_1_ISR, %function
  24              	USBFS_EP_1_ISR:
  25              	.LFB0:
  26              		.file 1 ".\\Generated_Source\\PSoC5\\USBFS_episr.c"
   1:.\Generated_Source\PSoC5/USBFS_episr.c **** /***************************************************************************//**
   2:.\Generated_Source\PSoC5/USBFS_episr.c **** * \file USBFS_episr.c
   3:.\Generated_Source\PSoC5/USBFS_episr.c **** * \version 3.0
   4:.\Generated_Source\PSoC5/USBFS_episr.c **** *
   5:.\Generated_Source\PSoC5/USBFS_episr.c **** * \brief
   6:.\Generated_Source\PSoC5/USBFS_episr.c **** *  This file contains the Data endpoint Interrupt Service Routines.
   7:.\Generated_Source\PSoC5/USBFS_episr.c **** *
   8:.\Generated_Source\PSoC5/USBFS_episr.c **** ********************************************************************************
   9:.\Generated_Source\PSoC5/USBFS_episr.c **** * \copyright
  10:.\Generated_Source\PSoC5/USBFS_episr.c **** * Copyright 2008-2015, Cypress Semiconductor Corporation.  All rights reserved.
  11:.\Generated_Source\PSoC5/USBFS_episr.c **** * You may use this file only in accordance with the license, terms, conditions,
  12:.\Generated_Source\PSoC5/USBFS_episr.c **** * disclaimers, and limitations in the end user license agreement accompanying
  13:.\Generated_Source\PSoC5/USBFS_episr.c **** * the software package with which this file was provided.
  14:.\Generated_Source\PSoC5/USBFS_episr.c **** *******************************************************************************/
  15:.\Generated_Source\PSoC5/USBFS_episr.c **** 
  16:.\Generated_Source\PSoC5/USBFS_episr.c **** #include "USBFS_pvt.h"
  17:.\Generated_Source\PSoC5/USBFS_episr.c **** #include "USBFS_cydmac.h"
  18:.\Generated_Source\PSoC5/USBFS_episr.c **** #include "cyapicallbacks.h"
  19:.\Generated_Source\PSoC5/USBFS_episr.c **** 
  20:.\Generated_Source\PSoC5/USBFS_episr.c **** 
  21:.\Generated_Source\PSoC5/USBFS_episr.c **** /***************************************
  22:.\Generated_Source\PSoC5/USBFS_episr.c **** * Custom Declarations
  23:.\Generated_Source\PSoC5/USBFS_episr.c **** ***************************************/
  24:.\Generated_Source\PSoC5/USBFS_episr.c **** /* `#START CUSTOM_DECLARATIONS` Place your declaration here */
  25:.\Generated_Source\PSoC5/USBFS_episr.c **** 
  26:.\Generated_Source\PSoC5/USBFS_episr.c **** /* `#END` */
  27:.\Generated_Source\PSoC5/USBFS_episr.c **** 
  28:.\Generated_Source\PSoC5/USBFS_episr.c **** 
  29:.\Generated_Source\PSoC5/USBFS_episr.c **** #if (USBFS_EP1_ISR_ACTIVE)
  30:.\Generated_Source\PSoC5/USBFS_episr.c ****     /******************************************************************************
  31:.\Generated_Source\PSoC5/USBFS_episr.c ****     * Function Name: USBFS_EP_1_ISR
ARM GAS  C:\Users\Patrick\AppData\Local\Temp\ccdt0BFk.s 			page 2


  32:.\Generated_Source\PSoC5/USBFS_episr.c ****     ***************************************************************************//**
  33:.\Generated_Source\PSoC5/USBFS_episr.c ****     *
  34:.\Generated_Source\PSoC5/USBFS_episr.c ****     *  Endpoint 1 Interrupt Service Routine
  35:.\Generated_Source\PSoC5/USBFS_episr.c ****     *
  36:.\Generated_Source\PSoC5/USBFS_episr.c ****     ******************************************************************************/
  37:.\Generated_Source\PSoC5/USBFS_episr.c ****     CY_ISR(USBFS_EP_1_ISR)
  38:.\Generated_Source\PSoC5/USBFS_episr.c ****     {
  27              		.loc 1 38 0
  28              		.cfi_startproc
  29              		@ args = 0, pretend = 0, frame = 0
  30              		@ frame_needed = 0, uses_anonymous_args = 0
  31              		@ link register save eliminated.
  39:.\Generated_Source\PSoC5/USBFS_episr.c **** 
  40:.\Generated_Source\PSoC5/USBFS_episr.c ****     #ifdef USBFS_EP_1_ISR_ENTRY_CALLBACK
  41:.\Generated_Source\PSoC5/USBFS_episr.c ****         USBFS_EP_1_ISR_EntryCallback();
  42:.\Generated_Source\PSoC5/USBFS_episr.c ****     #endif /* (USBFS_EP_1_ISR_ENTRY_CALLBACK) */
  43:.\Generated_Source\PSoC5/USBFS_episr.c **** 
  44:.\Generated_Source\PSoC5/USBFS_episr.c ****         /* `#START EP1_USER_CODE` Place your code here */
  45:.\Generated_Source\PSoC5/USBFS_episr.c **** 
  46:.\Generated_Source\PSoC5/USBFS_episr.c ****         /* `#END` */
  47:.\Generated_Source\PSoC5/USBFS_episr.c **** 
  48:.\Generated_Source\PSoC5/USBFS_episr.c ****     #if (CY_PSOC3 && defined(USBFS_ENABLE_MIDI_STREAMING) && \
  49:.\Generated_Source\PSoC5/USBFS_episr.c ****         !defined(USBFS_MAIN_SERVICE_MIDI_OUT) && USBFS_ISR_SERVICE_MIDI_OUT)
  50:.\Generated_Source\PSoC5/USBFS_episr.c ****         {
  51:.\Generated_Source\PSoC5/USBFS_episr.c ****             uint8 intEn = EA;
  52:.\Generated_Source\PSoC5/USBFS_episr.c ****             CyGlobalIntEnable;  /* Enable nested interrupts. */
  53:.\Generated_Source\PSoC5/USBFS_episr.c ****     #endif /* (CY_PSOC3 && USBFS_ISR_SERVICE_MIDI_OUT) */
  54:.\Generated_Source\PSoC5/USBFS_episr.c ****     
  55:.\Generated_Source\PSoC5/USBFS_episr.c ****         USBFS_ClearSieEpInterruptSource(USBFS_SIE_INT_EP1_INTR);
  32              		.loc 1 55 0
  33 0000 0A4A     		ldr	r2, .L3
  34 0002 1378     		ldrb	r3, [r2]	@ zero_extendqisi2
  35 0004 03F0FE03 		and	r3, r3, #254
  36 0008 1370     		strb	r3, [r2]
  56:.\Generated_Source\PSoC5/USBFS_episr.c ****             
  57:.\Generated_Source\PSoC5/USBFS_episr.c ****         /* Notifies user that transfer IN or OUT transfer is completed.
  58:.\Generated_Source\PSoC5/USBFS_episr.c ****         * IN endpoint: endpoint buffer can be reloaded, Host is read data.
  59:.\Generated_Source\PSoC5/USBFS_episr.c ****         * OUT endpoint: data is ready to be read from endpoint buffer. 
  60:.\Generated_Source\PSoC5/USBFS_episr.c ****         */
  61:.\Generated_Source\PSoC5/USBFS_episr.c ****     #if (CY_PSOC4 && USBFS_EP_MANAGEMENT_DMA_AUTO)
  62:.\Generated_Source\PSoC5/USBFS_episr.c ****         if (0u != (USBFS_EP[USBFS_EP1].addr & USBFS_DIR_IN))
  63:.\Generated_Source\PSoC5/USBFS_episr.c ****     #endif /* (CY_PSOC4 && USBFS_EP_MANAGEMENT_DMA_AUTO) */
  64:.\Generated_Source\PSoC5/USBFS_episr.c ****         {
  65:.\Generated_Source\PSoC5/USBFS_episr.c ****             /* Read CR0 register to clear SIE lock. */
  66:.\Generated_Source\PSoC5/USBFS_episr.c ****             (void) USBFS_SIE_EP_BASE.sieEp[USBFS_EP1].epCr0;
  37              		.loc 1 66 0
  38 000a 094B     		ldr	r3, .L3+4
  39 000c 9B7C     		ldrb	r3, [r3, #18]	@ zero_extendqisi2
  67:.\Generated_Source\PSoC5/USBFS_episr.c ****             
  68:.\Generated_Source\PSoC5/USBFS_episr.c ****             /* Toggle all endpoint types except ISOC. */
  69:.\Generated_Source\PSoC5/USBFS_episr.c ****             if (USBFS_GET_EP_TYPE(USBFS_EP1) != USBFS_EP_TYPE_ISOC)
  40              		.loc 1 69 0
  41 000e 094B     		ldr	r3, .L3+8
  42 0010 1B7B     		ldrb	r3, [r3, #12]	@ zero_extendqisi2
  43 0012 03F00303 		and	r3, r3, #3
  44 0016 012B     		cmp	r3, #1
  45 0018 04D0     		beq	.L2
ARM GAS  C:\Users\Patrick\AppData\Local\Temp\ccdt0BFk.s 			page 3


  70:.\Generated_Source\PSoC5/USBFS_episr.c ****             {
  71:.\Generated_Source\PSoC5/USBFS_episr.c ****                 USBFS_EP[USBFS_EP1].epToggle ^= USBFS_EPX_CNT_DATA_TOGGLE;
  46              		.loc 1 71 0
  47 001a 064A     		ldr	r2, .L3+8
  48 001c D37B     		ldrb	r3, [r2, #15]	@ zero_extendqisi2
  49 001e 83F08003 		eor	r3, r3, #128
  50 0022 D373     		strb	r3, [r2, #15]
  51              	.L2:
  72:.\Generated_Source\PSoC5/USBFS_episr.c ****             }
  73:.\Generated_Source\PSoC5/USBFS_episr.c **** 
  74:.\Generated_Source\PSoC5/USBFS_episr.c ****             /* EP_MANAGEMENT_DMA_AUTO (Ticket ID# 214187): For OUT endpoint this event is used to n
  75:.\Generated_Source\PSoC5/USBFS_episr.c ****             * user that DMA has completed copying data from OUT endpoint which is not completely tr
  76:.\Generated_Source\PSoC5/USBFS_episr.c ****             * Because last chunk of data is being copied.
  77:.\Generated_Source\PSoC5/USBFS_episr.c ****             * For CY_PSOC 3/5LP: it is acceptable as DMA is really fast.
  78:.\Generated_Source\PSoC5/USBFS_episr.c ****             * For CY_PSOC4: this event is set in Arbiter interrupt (source is DMA_TERMIN).
  79:.\Generated_Source\PSoC5/USBFS_episr.c ****             */
  80:.\Generated_Source\PSoC5/USBFS_episr.c ****             USBFS_EP[USBFS_EP1].apiEpState = USBFS_EVENT_PENDING;
  52              		.loc 1 80 0
  53 0024 0122     		movs	r2, #1
  54 0026 034B     		ldr	r3, .L3+8
  55 0028 5A73     		strb	r2, [r3, #13]
  56 002a 7047     		bx	lr
  57              	.L4:
  58              		.align	2
  59              	.L3:
  60 002c 0B600040 		.word	1073766411
  61 0030 FC5F0040 		.word	1073766396
  62 0034 00000000 		.word	USBFS_EP
  63              		.cfi_endproc
  64              	.LFE0:
  65              		.size	USBFS_EP_1_ISR, .-USBFS_EP_1_ISR
  66              		.section	.text.USBFS_EP_2_ISR,"ax",%progbits
  67              		.align	2
  68              		.global	USBFS_EP_2_ISR
  69              		.thumb
  70              		.thumb_func
  71              		.type	USBFS_EP_2_ISR, %function
  72              	USBFS_EP_2_ISR:
  73              	.LFB1:
  81:.\Generated_Source\PSoC5/USBFS_episr.c ****         }
  82:.\Generated_Source\PSoC5/USBFS_episr.c **** 
  83:.\Generated_Source\PSoC5/USBFS_episr.c ****     #if (!(CY_PSOC4 && USBFS_EP_MANAGEMENT_DMA_AUTO))
  84:.\Generated_Source\PSoC5/USBFS_episr.c ****         #if (defined(USBFS_ENABLE_MIDI_STREAMING) && \
  85:.\Generated_Source\PSoC5/USBFS_episr.c ****             !defined(USBFS_MAIN_SERVICE_MIDI_OUT) && USBFS_ISR_SERVICE_MIDI_OUT)
  86:.\Generated_Source\PSoC5/USBFS_episr.c ****             if (USBFS_midi_out_ep == USBFS_EP1)
  87:.\Generated_Source\PSoC5/USBFS_episr.c ****             {
  88:.\Generated_Source\PSoC5/USBFS_episr.c ****                 USBFS_MIDI_OUT_Service();
  89:.\Generated_Source\PSoC5/USBFS_episr.c ****             }
  90:.\Generated_Source\PSoC5/USBFS_episr.c ****         #endif /* (USBFS_ISR_SERVICE_MIDI_OUT) */
  91:.\Generated_Source\PSoC5/USBFS_episr.c ****     #endif /* (!(CY_PSOC4 && USBFS_EP_MANAGEMENT_DMA_AUTO)) */
  92:.\Generated_Source\PSoC5/USBFS_episr.c ****     
  93:.\Generated_Source\PSoC5/USBFS_episr.c ****         /* `#START EP1_END_USER_CODE` Place your code here */
  94:.\Generated_Source\PSoC5/USBFS_episr.c **** 
  95:.\Generated_Source\PSoC5/USBFS_episr.c ****         /* `#END` */
  96:.\Generated_Source\PSoC5/USBFS_episr.c **** 
  97:.\Generated_Source\PSoC5/USBFS_episr.c ****     #ifdef USBFS_EP_1_ISR_EXIT_CALLBACK
  98:.\Generated_Source\PSoC5/USBFS_episr.c ****         USBFS_EP_1_ISR_ExitCallback();
ARM GAS  C:\Users\Patrick\AppData\Local\Temp\ccdt0BFk.s 			page 4


  99:.\Generated_Source\PSoC5/USBFS_episr.c ****     #endif /* (USBFS_EP_1_ISR_EXIT_CALLBACK) */
 100:.\Generated_Source\PSoC5/USBFS_episr.c **** 
 101:.\Generated_Source\PSoC5/USBFS_episr.c ****     #if (CY_PSOC3 && defined(USBFS_ENABLE_MIDI_STREAMING) && \
 102:.\Generated_Source\PSoC5/USBFS_episr.c ****         !defined(USBFS_MAIN_SERVICE_MIDI_OUT) && USBFS_ISR_SERVICE_MIDI_OUT)
 103:.\Generated_Source\PSoC5/USBFS_episr.c ****         
 104:.\Generated_Source\PSoC5/USBFS_episr.c ****             EA = intEn; /* Restore nested interrupt configuration. */
 105:.\Generated_Source\PSoC5/USBFS_episr.c ****         }
 106:.\Generated_Source\PSoC5/USBFS_episr.c ****     #endif /* (CY_PSOC3 && USBFS_ISR_SERVICE_MIDI_OUT) */
 107:.\Generated_Source\PSoC5/USBFS_episr.c ****     }
 108:.\Generated_Source\PSoC5/USBFS_episr.c **** 
 109:.\Generated_Source\PSoC5/USBFS_episr.c **** #endif /* (USBFS_EP1_ISR_ACTIVE) */
 110:.\Generated_Source\PSoC5/USBFS_episr.c **** 
 111:.\Generated_Source\PSoC5/USBFS_episr.c **** 
 112:.\Generated_Source\PSoC5/USBFS_episr.c **** #if (USBFS_EP2_ISR_ACTIVE)
 113:.\Generated_Source\PSoC5/USBFS_episr.c ****     /*******************************************************************************
 114:.\Generated_Source\PSoC5/USBFS_episr.c ****     * Function Name: USBFS_EP_2_ISR
 115:.\Generated_Source\PSoC5/USBFS_episr.c ****     ****************************************************************************//**
 116:.\Generated_Source\PSoC5/USBFS_episr.c ****     *
 117:.\Generated_Source\PSoC5/USBFS_episr.c ****     *  Endpoint 2 Interrupt Service Routine.
 118:.\Generated_Source\PSoC5/USBFS_episr.c ****     *
 119:.\Generated_Source\PSoC5/USBFS_episr.c ****     *******************************************************************************/
 120:.\Generated_Source\PSoC5/USBFS_episr.c ****     CY_ISR(USBFS_EP_2_ISR)
 121:.\Generated_Source\PSoC5/USBFS_episr.c ****     {
  74              		.loc 1 121 0
  75              		.cfi_startproc
  76              		@ args = 0, pretend = 0, frame = 0
  77              		@ frame_needed = 0, uses_anonymous_args = 0
  78              		@ link register save eliminated.
 122:.\Generated_Source\PSoC5/USBFS_episr.c ****     #ifdef USBFS_EP_2_ISR_ENTRY_CALLBACK
 123:.\Generated_Source\PSoC5/USBFS_episr.c ****         USBFS_EP_2_ISR_EntryCallback();
 124:.\Generated_Source\PSoC5/USBFS_episr.c ****     #endif /* (USBFS_EP_2_ISR_ENTRY_CALLBACK) */
 125:.\Generated_Source\PSoC5/USBFS_episr.c **** 
 126:.\Generated_Source\PSoC5/USBFS_episr.c ****         /* `#START EP2_USER_CODE` Place your code here */
 127:.\Generated_Source\PSoC5/USBFS_episr.c **** 
 128:.\Generated_Source\PSoC5/USBFS_episr.c ****         /* `#END` */
 129:.\Generated_Source\PSoC5/USBFS_episr.c **** 
 130:.\Generated_Source\PSoC5/USBFS_episr.c ****     #if (CY_PSOC3 && defined(USBFS_ENABLE_MIDI_STREAMING) && \
 131:.\Generated_Source\PSoC5/USBFS_episr.c ****         !defined(USBFS_MAIN_SERVICE_MIDI_OUT) && USBFS_ISR_SERVICE_MIDI_OUT)
 132:.\Generated_Source\PSoC5/USBFS_episr.c ****         {
 133:.\Generated_Source\PSoC5/USBFS_episr.c ****             uint8 intEn = EA;
 134:.\Generated_Source\PSoC5/USBFS_episr.c ****             CyGlobalIntEnable;  /* Enable nested interrupts. */
 135:.\Generated_Source\PSoC5/USBFS_episr.c ****     #endif /* (CY_PSOC3 && USBFS_ISR_SERVICE_MIDI_OUT) */
 136:.\Generated_Source\PSoC5/USBFS_episr.c **** 
 137:.\Generated_Source\PSoC5/USBFS_episr.c ****         USBFS_ClearSieEpInterruptSource(USBFS_SIE_INT_EP2_INTR);
  79              		.loc 1 137 0
  80 0000 0B4A     		ldr	r2, .L7
  81 0002 1378     		ldrb	r3, [r2]	@ zero_extendqisi2
  82 0004 03F0FD03 		and	r3, r3, #253
  83 0008 1370     		strb	r3, [r2]
 138:.\Generated_Source\PSoC5/USBFS_episr.c **** 
 139:.\Generated_Source\PSoC5/USBFS_episr.c ****         /* Notifies user that transfer IN or OUT transfer is completed.
 140:.\Generated_Source\PSoC5/USBFS_episr.c ****         * IN endpoint: endpoint buffer can be reloaded, Host is read data.
 141:.\Generated_Source\PSoC5/USBFS_episr.c ****         * OUT endpoint: data is ready to be read from endpoint buffer. 
 142:.\Generated_Source\PSoC5/USBFS_episr.c ****         */
 143:.\Generated_Source\PSoC5/USBFS_episr.c ****     #if (CY_PSOC4 && USBFS_EP_MANAGEMENT_DMA_AUTO)
 144:.\Generated_Source\PSoC5/USBFS_episr.c ****         if (0u != (USBFS_EP[USBFS_EP2].addr & USBFS_DIR_IN))
 145:.\Generated_Source\PSoC5/USBFS_episr.c ****     #endif /* (CY_PSOC4 && USBFS_EP_MANAGEMENT_DMA_AUTO) */
ARM GAS  C:\Users\Patrick\AppData\Local\Temp\ccdt0BFk.s 			page 5


 146:.\Generated_Source\PSoC5/USBFS_episr.c ****         {            
 147:.\Generated_Source\PSoC5/USBFS_episr.c ****             /* Read CR0 register to clear SIE lock. */
 148:.\Generated_Source\PSoC5/USBFS_episr.c ****             (void) USBFS_SIE_EP_BASE.sieEp[USBFS_EP2].epCr0;
  84              		.loc 1 148 0
  85 000a 0A4B     		ldr	r3, .L7+4
  86 000c 93F82230 		ldrb	r3, [r3, #34]	@ zero_extendqisi2
 149:.\Generated_Source\PSoC5/USBFS_episr.c ****             
 150:.\Generated_Source\PSoC5/USBFS_episr.c ****             /* Toggle all endpoint types except ISOC. */
 151:.\Generated_Source\PSoC5/USBFS_episr.c ****             if (USBFS_GET_EP_TYPE(USBFS_EP2) != USBFS_EP_TYPE_ISOC)
  87              		.loc 1 151 0
  88 0010 094B     		ldr	r3, .L7+8
  89 0012 1B7E     		ldrb	r3, [r3, #24]	@ zero_extendqisi2
  90 0014 03F00303 		and	r3, r3, #3
  91 0018 012B     		cmp	r3, #1
  92 001a 04D0     		beq	.L6
 152:.\Generated_Source\PSoC5/USBFS_episr.c ****             {
 153:.\Generated_Source\PSoC5/USBFS_episr.c ****                 USBFS_EP[USBFS_EP2].epToggle ^= USBFS_EPX_CNT_DATA_TOGGLE;
  93              		.loc 1 153 0
  94 001c 064A     		ldr	r2, .L7+8
  95 001e D37E     		ldrb	r3, [r2, #27]	@ zero_extendqisi2
  96 0020 83F08003 		eor	r3, r3, #128
  97 0024 D376     		strb	r3, [r2, #27]
  98              	.L6:
 154:.\Generated_Source\PSoC5/USBFS_episr.c ****             }
 155:.\Generated_Source\PSoC5/USBFS_episr.c **** 
 156:.\Generated_Source\PSoC5/USBFS_episr.c ****             /* EP_MANAGEMENT_DMA_AUTO (Ticket ID# 214187): For OUT endpoint this event is used to n
 157:.\Generated_Source\PSoC5/USBFS_episr.c ****             * user that DMA has completed copying data from OUT endpoint which is not completely tr
 158:.\Generated_Source\PSoC5/USBFS_episr.c ****             * Because last chunk of data is being copied.
 159:.\Generated_Source\PSoC5/USBFS_episr.c ****             * For CY_PSOC 3/5LP: it is acceptable as DMA is really fast.
 160:.\Generated_Source\PSoC5/USBFS_episr.c ****             * For CY_PSOC4: this event is set in Arbiter interrupt (source is DMA_TERMIN).
 161:.\Generated_Source\PSoC5/USBFS_episr.c ****             */
 162:.\Generated_Source\PSoC5/USBFS_episr.c ****             USBFS_EP[USBFS_EP2].apiEpState = USBFS_EVENT_PENDING;
  99              		.loc 1 162 0
 100 0026 0122     		movs	r2, #1
 101 0028 034B     		ldr	r3, .L7+8
 102 002a 5A76     		strb	r2, [r3, #25]
 103 002c 7047     		bx	lr
 104              	.L8:
 105 002e 00BF     		.align	2
 106              	.L7:
 107 0030 0B600040 		.word	1073766411
 108 0034 FC5F0040 		.word	1073766396
 109 0038 00000000 		.word	USBFS_EP
 110              		.cfi_endproc
 111              	.LFE1:
 112              		.size	USBFS_EP_2_ISR, .-USBFS_EP_2_ISR
 113              		.section	.text.USBFS_BUS_RESET_ISR,"ax",%progbits
 114              		.align	2
 115              		.global	USBFS_BUS_RESET_ISR
 116              		.thumb
 117              		.thumb_func
 118              		.type	USBFS_BUS_RESET_ISR, %function
 119              	USBFS_BUS_RESET_ISR:
 120              	.LFB2:
 163:.\Generated_Source\PSoC5/USBFS_episr.c ****         }
 164:.\Generated_Source\PSoC5/USBFS_episr.c **** 
 165:.\Generated_Source\PSoC5/USBFS_episr.c ****     #if (!(CY_PSOC4 && USBFS_EP_MANAGEMENT_DMA_AUTO))
ARM GAS  C:\Users\Patrick\AppData\Local\Temp\ccdt0BFk.s 			page 6


 166:.\Generated_Source\PSoC5/USBFS_episr.c ****         #if (defined(USBFS_ENABLE_MIDI_STREAMING) && \
 167:.\Generated_Source\PSoC5/USBFS_episr.c ****             !defined(USBFS_MAIN_SERVICE_MIDI_OUT) && USBFS_ISR_SERVICE_MIDI_OUT)
 168:.\Generated_Source\PSoC5/USBFS_episr.c ****             if (USBFS_midi_out_ep == USBFS_EP2)
 169:.\Generated_Source\PSoC5/USBFS_episr.c ****             {
 170:.\Generated_Source\PSoC5/USBFS_episr.c ****                 USBFS_MIDI_OUT_Service();
 171:.\Generated_Source\PSoC5/USBFS_episr.c ****             }
 172:.\Generated_Source\PSoC5/USBFS_episr.c ****         #endif /* (USBFS_ISR_SERVICE_MIDI_OUT) */
 173:.\Generated_Source\PSoC5/USBFS_episr.c ****     #endif /* (!(CY_PSOC4 && USBFS_EP_MANAGEMENT_DMA_AUTO)) */        
 174:.\Generated_Source\PSoC5/USBFS_episr.c ****     
 175:.\Generated_Source\PSoC5/USBFS_episr.c ****         /* `#START EP2_END_USER_CODE` Place your code here */
 176:.\Generated_Source\PSoC5/USBFS_episr.c **** 
 177:.\Generated_Source\PSoC5/USBFS_episr.c ****         /* `#END` */
 178:.\Generated_Source\PSoC5/USBFS_episr.c **** 
 179:.\Generated_Source\PSoC5/USBFS_episr.c ****     #ifdef USBFS_EP_2_ISR_EXIT_CALLBACK
 180:.\Generated_Source\PSoC5/USBFS_episr.c ****         USBFS_EP_2_ISR_ExitCallback();
 181:.\Generated_Source\PSoC5/USBFS_episr.c ****     #endif /* (USBFS_EP_2_ISR_EXIT_CALLBACK) */
 182:.\Generated_Source\PSoC5/USBFS_episr.c **** 
 183:.\Generated_Source\PSoC5/USBFS_episr.c ****     #if (CY_PSOC3 && defined(USBFS_ENABLE_MIDI_STREAMING) && \
 184:.\Generated_Source\PSoC5/USBFS_episr.c ****         !defined(USBFS_MAIN_SERVICE_MIDI_OUT) && USBFS_ISR_SERVICE_MIDI_OUT)
 185:.\Generated_Source\PSoC5/USBFS_episr.c ****         
 186:.\Generated_Source\PSoC5/USBFS_episr.c ****             EA = intEn; /* Restore nested interrupt configuration. */
 187:.\Generated_Source\PSoC5/USBFS_episr.c ****         }
 188:.\Generated_Source\PSoC5/USBFS_episr.c ****     #endif /* (CY_PSOC3 && USBFS_ISR_SERVICE_MIDI_OUT) */
 189:.\Generated_Source\PSoC5/USBFS_episr.c ****     }
 190:.\Generated_Source\PSoC5/USBFS_episr.c **** #endif /* (USBFS_EP2_ISR_ACTIVE) */
 191:.\Generated_Source\PSoC5/USBFS_episr.c **** 
 192:.\Generated_Source\PSoC5/USBFS_episr.c **** 
 193:.\Generated_Source\PSoC5/USBFS_episr.c **** #if (USBFS_EP3_ISR_ACTIVE)
 194:.\Generated_Source\PSoC5/USBFS_episr.c ****     /*******************************************************************************
 195:.\Generated_Source\PSoC5/USBFS_episr.c ****     * Function Name: USBFS_EP_3_ISR
 196:.\Generated_Source\PSoC5/USBFS_episr.c ****     ****************************************************************************//**
 197:.\Generated_Source\PSoC5/USBFS_episr.c ****     *
 198:.\Generated_Source\PSoC5/USBFS_episr.c ****     *  Endpoint 3 Interrupt Service Routine.
 199:.\Generated_Source\PSoC5/USBFS_episr.c ****     *
 200:.\Generated_Source\PSoC5/USBFS_episr.c ****     *******************************************************************************/
 201:.\Generated_Source\PSoC5/USBFS_episr.c ****     CY_ISR(USBFS_EP_3_ISR)
 202:.\Generated_Source\PSoC5/USBFS_episr.c ****     {
 203:.\Generated_Source\PSoC5/USBFS_episr.c ****     #ifdef USBFS_EP_3_ISR_ENTRY_CALLBACK
 204:.\Generated_Source\PSoC5/USBFS_episr.c ****         USBFS_EP_3_ISR_EntryCallback();
 205:.\Generated_Source\PSoC5/USBFS_episr.c ****     #endif /* (USBFS_EP_3_ISR_ENTRY_CALLBACK) */
 206:.\Generated_Source\PSoC5/USBFS_episr.c **** 
 207:.\Generated_Source\PSoC5/USBFS_episr.c ****         /* `#START EP3_USER_CODE` Place your code here */
 208:.\Generated_Source\PSoC5/USBFS_episr.c **** 
 209:.\Generated_Source\PSoC5/USBFS_episr.c ****         /* `#END` */
 210:.\Generated_Source\PSoC5/USBFS_episr.c **** 
 211:.\Generated_Source\PSoC5/USBFS_episr.c ****     #if (CY_PSOC3 && defined(USBFS_ENABLE_MIDI_STREAMING) && \
 212:.\Generated_Source\PSoC5/USBFS_episr.c ****         !defined(USBFS_MAIN_SERVICE_MIDI_OUT) && USBFS_ISR_SERVICE_MIDI_OUT)
 213:.\Generated_Source\PSoC5/USBFS_episr.c ****         {
 214:.\Generated_Source\PSoC5/USBFS_episr.c ****             uint8 intEn = EA;
 215:.\Generated_Source\PSoC5/USBFS_episr.c ****             CyGlobalIntEnable;  /* Enable nested interrupts. */
 216:.\Generated_Source\PSoC5/USBFS_episr.c ****     #endif /* (CY_PSOC3 && USBFS_ISR_SERVICE_MIDI_OUT) */
 217:.\Generated_Source\PSoC5/USBFS_episr.c **** 
 218:.\Generated_Source\PSoC5/USBFS_episr.c ****         USBFS_ClearSieEpInterruptSource(USBFS_SIE_INT_EP3_INTR);    
 219:.\Generated_Source\PSoC5/USBFS_episr.c **** 
 220:.\Generated_Source\PSoC5/USBFS_episr.c ****         /* Notifies user that transfer IN or OUT transfer is completed.
 221:.\Generated_Source\PSoC5/USBFS_episr.c ****         * IN endpoint: endpoint buffer can be reloaded, Host is read data.
 222:.\Generated_Source\PSoC5/USBFS_episr.c ****         * OUT endpoint: data is ready to be read from endpoint buffer. 
ARM GAS  C:\Users\Patrick\AppData\Local\Temp\ccdt0BFk.s 			page 7


 223:.\Generated_Source\PSoC5/USBFS_episr.c ****         */
 224:.\Generated_Source\PSoC5/USBFS_episr.c ****     #if (CY_PSOC4 && USBFS_EP_MANAGEMENT_DMA_AUTO)
 225:.\Generated_Source\PSoC5/USBFS_episr.c ****         if (0u != (USBFS_EP[USBFS_EP3].addr & USBFS_DIR_IN))
 226:.\Generated_Source\PSoC5/USBFS_episr.c ****     #endif /* (USBFS_EP_MANAGEMENT_DMA_AUTO) */
 227:.\Generated_Source\PSoC5/USBFS_episr.c ****         {            
 228:.\Generated_Source\PSoC5/USBFS_episr.c ****             /* Read CR0 register to clear SIE lock. */
 229:.\Generated_Source\PSoC5/USBFS_episr.c ****             (void) USBFS_SIE_EP_BASE.sieEp[USBFS_EP3].epCr0;
 230:.\Generated_Source\PSoC5/USBFS_episr.c **** 
 231:.\Generated_Source\PSoC5/USBFS_episr.c ****             /* Toggle all endpoint types except ISOC. */
 232:.\Generated_Source\PSoC5/USBFS_episr.c ****             if (USBFS_GET_EP_TYPE(USBFS_EP3) != USBFS_EP_TYPE_ISOC)
 233:.\Generated_Source\PSoC5/USBFS_episr.c ****             {
 234:.\Generated_Source\PSoC5/USBFS_episr.c ****                 USBFS_EP[USBFS_EP3].epToggle ^= USBFS_EPX_CNT_DATA_TOGGLE;
 235:.\Generated_Source\PSoC5/USBFS_episr.c ****             }
 236:.\Generated_Source\PSoC5/USBFS_episr.c **** 
 237:.\Generated_Source\PSoC5/USBFS_episr.c ****             /* EP_MANAGEMENT_DMA_AUTO (Ticket ID# 214187): For OUT endpoint this event is used to n
 238:.\Generated_Source\PSoC5/USBFS_episr.c ****             * user that DMA has completed copying data from OUT endpoint which is not completely tr
 239:.\Generated_Source\PSoC5/USBFS_episr.c ****             * Because last chunk of data is being copied.
 240:.\Generated_Source\PSoC5/USBFS_episr.c ****             * For CY_PSOC 3/5LP: it is acceptable as DMA is really fast.
 241:.\Generated_Source\PSoC5/USBFS_episr.c ****             * For CY_PSOC4: this event is set in Arbiter interrupt (source is DMA_TERMIN).
 242:.\Generated_Source\PSoC5/USBFS_episr.c ****             */
 243:.\Generated_Source\PSoC5/USBFS_episr.c ****             USBFS_EP[USBFS_EP3].apiEpState = USBFS_EVENT_PENDING;
 244:.\Generated_Source\PSoC5/USBFS_episr.c ****         }
 245:.\Generated_Source\PSoC5/USBFS_episr.c **** 
 246:.\Generated_Source\PSoC5/USBFS_episr.c ****     #if (!(CY_PSOC4 && USBFS_EP_MANAGEMENT_DMA_AUTO))
 247:.\Generated_Source\PSoC5/USBFS_episr.c ****         #if (defined(USBFS_ENABLE_MIDI_STREAMING) && \
 248:.\Generated_Source\PSoC5/USBFS_episr.c ****             !defined(USBFS_MAIN_SERVICE_MIDI_OUT) && USBFS_ISR_SERVICE_MIDI_OUT)
 249:.\Generated_Source\PSoC5/USBFS_episr.c ****             if (USBFS_midi_out_ep == USBFS_EP3)
 250:.\Generated_Source\PSoC5/USBFS_episr.c ****             {
 251:.\Generated_Source\PSoC5/USBFS_episr.c ****                 USBFS_MIDI_OUT_Service();
 252:.\Generated_Source\PSoC5/USBFS_episr.c ****             }
 253:.\Generated_Source\PSoC5/USBFS_episr.c ****         #endif /* (USBFS_ISR_SERVICE_MIDI_OUT) */
 254:.\Generated_Source\PSoC5/USBFS_episr.c ****     #endif /* (!(CY_PSOC4 && USBFS_EP_MANAGEMENT_DMA_AUTO)) */        
 255:.\Generated_Source\PSoC5/USBFS_episr.c **** 
 256:.\Generated_Source\PSoC5/USBFS_episr.c ****         /* `#START EP3_END_USER_CODE` Place your code here */
 257:.\Generated_Source\PSoC5/USBFS_episr.c **** 
 258:.\Generated_Source\PSoC5/USBFS_episr.c ****         /* `#END` */
 259:.\Generated_Source\PSoC5/USBFS_episr.c **** 
 260:.\Generated_Source\PSoC5/USBFS_episr.c ****     #ifdef USBFS_EP_3_ISR_EXIT_CALLBACK
 261:.\Generated_Source\PSoC5/USBFS_episr.c ****         USBFS_EP_3_ISR_ExitCallback();
 262:.\Generated_Source\PSoC5/USBFS_episr.c ****     #endif /* (USBFS_EP_3_ISR_EXIT_CALLBACK) */
 263:.\Generated_Source\PSoC5/USBFS_episr.c **** 
 264:.\Generated_Source\PSoC5/USBFS_episr.c ****     #if (CY_PSOC3 && defined(USBFS_ENABLE_MIDI_STREAMING) && \
 265:.\Generated_Source\PSoC5/USBFS_episr.c ****         !defined(USBFS_MAIN_SERVICE_MIDI_OUT) && USBFS_ISR_SERVICE_MIDI_OUT)
 266:.\Generated_Source\PSoC5/USBFS_episr.c ****         
 267:.\Generated_Source\PSoC5/USBFS_episr.c ****             EA = intEn; /* Restore nested interrupt configuration. */
 268:.\Generated_Source\PSoC5/USBFS_episr.c ****         }
 269:.\Generated_Source\PSoC5/USBFS_episr.c ****     #endif /* (CY_PSOC3 && USBFS_ISR_SERVICE_MIDI_OUT) */
 270:.\Generated_Source\PSoC5/USBFS_episr.c ****     }
 271:.\Generated_Source\PSoC5/USBFS_episr.c **** #endif /* (USBFS_EP3_ISR_ACTIVE) */
 272:.\Generated_Source\PSoC5/USBFS_episr.c **** 
 273:.\Generated_Source\PSoC5/USBFS_episr.c **** 
 274:.\Generated_Source\PSoC5/USBFS_episr.c **** #if (USBFS_EP4_ISR_ACTIVE)
 275:.\Generated_Source\PSoC5/USBFS_episr.c ****     /*******************************************************************************
 276:.\Generated_Source\PSoC5/USBFS_episr.c ****     * Function Name: USBFS_EP_4_ISR
 277:.\Generated_Source\PSoC5/USBFS_episr.c ****     ****************************************************************************//**
 278:.\Generated_Source\PSoC5/USBFS_episr.c ****     *
 279:.\Generated_Source\PSoC5/USBFS_episr.c ****     *  Endpoint 4 Interrupt Service Routine.
ARM GAS  C:\Users\Patrick\AppData\Local\Temp\ccdt0BFk.s 			page 8


 280:.\Generated_Source\PSoC5/USBFS_episr.c ****     *
 281:.\Generated_Source\PSoC5/USBFS_episr.c ****     *******************************************************************************/
 282:.\Generated_Source\PSoC5/USBFS_episr.c ****     CY_ISR(USBFS_EP_4_ISR)
 283:.\Generated_Source\PSoC5/USBFS_episr.c ****     {
 284:.\Generated_Source\PSoC5/USBFS_episr.c ****     #ifdef USBFS_EP_4_ISR_ENTRY_CALLBACK
 285:.\Generated_Source\PSoC5/USBFS_episr.c ****         USBFS_EP_4_ISR_EntryCallback();
 286:.\Generated_Source\PSoC5/USBFS_episr.c ****     #endif /* (USBFS_EP_4_ISR_ENTRY_CALLBACK) */
 287:.\Generated_Source\PSoC5/USBFS_episr.c **** 
 288:.\Generated_Source\PSoC5/USBFS_episr.c ****         /* `#START EP4_USER_CODE` Place your code here */
 289:.\Generated_Source\PSoC5/USBFS_episr.c **** 
 290:.\Generated_Source\PSoC5/USBFS_episr.c ****         /* `#END` */
 291:.\Generated_Source\PSoC5/USBFS_episr.c **** 
 292:.\Generated_Source\PSoC5/USBFS_episr.c ****     #if (CY_PSOC3 && defined(USBFS_ENABLE_MIDI_STREAMING) && \
 293:.\Generated_Source\PSoC5/USBFS_episr.c ****         !defined(USBFS_MAIN_SERVICE_MIDI_OUT) && USBFS_ISR_SERVICE_MIDI_OUT)
 294:.\Generated_Source\PSoC5/USBFS_episr.c ****         {
 295:.\Generated_Source\PSoC5/USBFS_episr.c ****             uint8 intEn = EA;
 296:.\Generated_Source\PSoC5/USBFS_episr.c ****             CyGlobalIntEnable;  /* Enable nested interrupts. */
 297:.\Generated_Source\PSoC5/USBFS_episr.c ****     #endif /* (CY_PSOC3 && USBFS_ISR_SERVICE_MIDI_OUT) */
 298:.\Generated_Source\PSoC5/USBFS_episr.c **** 
 299:.\Generated_Source\PSoC5/USBFS_episr.c ****         USBFS_ClearSieEpInterruptSource(USBFS_SIE_INT_EP4_INTR);
 300:.\Generated_Source\PSoC5/USBFS_episr.c ****         
 301:.\Generated_Source\PSoC5/USBFS_episr.c ****         /* Notifies user that transfer IN or OUT transfer is completed.
 302:.\Generated_Source\PSoC5/USBFS_episr.c ****         * IN endpoint: endpoint buffer can be reloaded, Host is read data.
 303:.\Generated_Source\PSoC5/USBFS_episr.c ****         * OUT endpoint: data is ready to read from endpoint buffer. 
 304:.\Generated_Source\PSoC5/USBFS_episr.c ****         */
 305:.\Generated_Source\PSoC5/USBFS_episr.c ****     #if (CY_PSOC4 && USBFS_EP_MANAGEMENT_DMA_AUTO)
 306:.\Generated_Source\PSoC5/USBFS_episr.c ****         if (0u != (USBFS_EP[USBFS_EP4].addr & USBFS_DIR_IN))
 307:.\Generated_Source\PSoC5/USBFS_episr.c ****     #endif /* (USBFS_EP_MANAGEMENT_DMA_AUTO) */
 308:.\Generated_Source\PSoC5/USBFS_episr.c ****         {
 309:.\Generated_Source\PSoC5/USBFS_episr.c ****             /* Read CR0 register to clear SIE lock. */
 310:.\Generated_Source\PSoC5/USBFS_episr.c ****             (void) USBFS_SIE_EP_BASE.sieEp[USBFS_EP4].epCr0;
 311:.\Generated_Source\PSoC5/USBFS_episr.c **** 
 312:.\Generated_Source\PSoC5/USBFS_episr.c ****             /* Toggle all endpoint types except ISOC. */
 313:.\Generated_Source\PSoC5/USBFS_episr.c ****             if (USBFS_GET_EP_TYPE(USBFS_EP4) != USBFS_EP_TYPE_ISOC)
 314:.\Generated_Source\PSoC5/USBFS_episr.c ****             {
 315:.\Generated_Source\PSoC5/USBFS_episr.c ****                 USBFS_EP[USBFS_EP4].epToggle ^= USBFS_EPX_CNT_DATA_TOGGLE;
 316:.\Generated_Source\PSoC5/USBFS_episr.c ****             }
 317:.\Generated_Source\PSoC5/USBFS_episr.c **** 
 318:.\Generated_Source\PSoC5/USBFS_episr.c ****             /* EP_MANAGEMENT_DMA_AUTO (Ticket ID# 214187): For OUT endpoint this event is used to n
 319:.\Generated_Source\PSoC5/USBFS_episr.c ****             * user that DMA has completed copying data from OUT endpoint which is not completely tr
 320:.\Generated_Source\PSoC5/USBFS_episr.c ****             * Because last chunk of data is being copied.
 321:.\Generated_Source\PSoC5/USBFS_episr.c ****             * For CY_PSOC 3/5LP: it is acceptable as DMA is really fast.
 322:.\Generated_Source\PSoC5/USBFS_episr.c ****             * For CY_PSOC4: this event is set in Arbiter interrupt (source is DMA_TERMIN).
 323:.\Generated_Source\PSoC5/USBFS_episr.c ****             */
 324:.\Generated_Source\PSoC5/USBFS_episr.c ****             USBFS_EP[USBFS_EP4].apiEpState = USBFS_EVENT_PENDING;
 325:.\Generated_Source\PSoC5/USBFS_episr.c ****         }
 326:.\Generated_Source\PSoC5/USBFS_episr.c **** 
 327:.\Generated_Source\PSoC5/USBFS_episr.c ****     #if (!(CY_PSOC4 && USBFS_EP_MANAGEMENT_DMA_AUTO))
 328:.\Generated_Source\PSoC5/USBFS_episr.c ****         #if (defined(USBFS_ENABLE_MIDI_STREAMING) && \
 329:.\Generated_Source\PSoC5/USBFS_episr.c ****             !defined(USBFS_MAIN_SERVICE_MIDI_OUT) && USBFS_ISR_SERVICE_MIDI_OUT)
 330:.\Generated_Source\PSoC5/USBFS_episr.c ****             if(USBFS_midi_out_ep == USBFS_EP4)
 331:.\Generated_Source\PSoC5/USBFS_episr.c ****             {
 332:.\Generated_Source\PSoC5/USBFS_episr.c ****                 USBFS_MIDI_OUT_Service();
 333:.\Generated_Source\PSoC5/USBFS_episr.c ****             }
 334:.\Generated_Source\PSoC5/USBFS_episr.c ****         #endif /* (USBFS_ISR_SERVICE_MIDI_OUT) */
 335:.\Generated_Source\PSoC5/USBFS_episr.c ****     #endif /* (!(CY_PSOC4 && USBFS_EP_MANAGEMENT_DMA_AUTO)) */        
 336:.\Generated_Source\PSoC5/USBFS_episr.c **** 
ARM GAS  C:\Users\Patrick\AppData\Local\Temp\ccdt0BFk.s 			page 9


 337:.\Generated_Source\PSoC5/USBFS_episr.c ****         /* `#START EP4_END_USER_CODE` Place your code here */
 338:.\Generated_Source\PSoC5/USBFS_episr.c **** 
 339:.\Generated_Source\PSoC5/USBFS_episr.c ****         /* `#END` */
 340:.\Generated_Source\PSoC5/USBFS_episr.c **** 
 341:.\Generated_Source\PSoC5/USBFS_episr.c ****     #ifdef USBFS_EP_4_ISR_EXIT_CALLBACK
 342:.\Generated_Source\PSoC5/USBFS_episr.c ****         USBFS_EP_4_ISR_ExitCallback();
 343:.\Generated_Source\PSoC5/USBFS_episr.c ****     #endif /* (USBFS_EP_4_ISR_EXIT_CALLBACK) */
 344:.\Generated_Source\PSoC5/USBFS_episr.c **** 
 345:.\Generated_Source\PSoC5/USBFS_episr.c ****     #if (CY_PSOC3 && defined(USBFS_ENABLE_MIDI_STREAMING) && \
 346:.\Generated_Source\PSoC5/USBFS_episr.c ****         !defined(USBFS_MAIN_SERVICE_MIDI_OUT) && USBFS_ISR_SERVICE_MIDI_OUT)
 347:.\Generated_Source\PSoC5/USBFS_episr.c ****         
 348:.\Generated_Source\PSoC5/USBFS_episr.c ****             EA = intEn; /* Restore nested interrupt configuration. */
 349:.\Generated_Source\PSoC5/USBFS_episr.c ****         }
 350:.\Generated_Source\PSoC5/USBFS_episr.c ****     #endif /* (CY_PSOC3 && USBFS_ISR_SERVICE_MIDI_OUT) */
 351:.\Generated_Source\PSoC5/USBFS_episr.c ****     }
 352:.\Generated_Source\PSoC5/USBFS_episr.c **** #endif /* (USBFS_EP4_ISR_ACTIVE) */
 353:.\Generated_Source\PSoC5/USBFS_episr.c **** 
 354:.\Generated_Source\PSoC5/USBFS_episr.c **** 
 355:.\Generated_Source\PSoC5/USBFS_episr.c **** #if (USBFS_EP5_ISR_ACTIVE)
 356:.\Generated_Source\PSoC5/USBFS_episr.c ****     /*******************************************************************************
 357:.\Generated_Source\PSoC5/USBFS_episr.c ****     * Function Name: USBFS_EP_5_ISR
 358:.\Generated_Source\PSoC5/USBFS_episr.c ****     ****************************************************************************//**
 359:.\Generated_Source\PSoC5/USBFS_episr.c ****     *
 360:.\Generated_Source\PSoC5/USBFS_episr.c ****     *  Endpoint 5 Interrupt Service Routine
 361:.\Generated_Source\PSoC5/USBFS_episr.c ****     *
 362:.\Generated_Source\PSoC5/USBFS_episr.c ****     *
 363:.\Generated_Source\PSoC5/USBFS_episr.c ****     *******************************************************************************/
 364:.\Generated_Source\PSoC5/USBFS_episr.c ****     CY_ISR(USBFS_EP_5_ISR)
 365:.\Generated_Source\PSoC5/USBFS_episr.c ****     {
 366:.\Generated_Source\PSoC5/USBFS_episr.c ****     #ifdef USBFS_EP_5_ISR_ENTRY_CALLBACK
 367:.\Generated_Source\PSoC5/USBFS_episr.c ****         USBFS_EP_5_ISR_EntryCallback();
 368:.\Generated_Source\PSoC5/USBFS_episr.c ****     #endif /* (USBFS_EP_5_ISR_ENTRY_CALLBACK) */
 369:.\Generated_Source\PSoC5/USBFS_episr.c **** 
 370:.\Generated_Source\PSoC5/USBFS_episr.c ****         /* `#START EP5_USER_CODE` Place your code here */
 371:.\Generated_Source\PSoC5/USBFS_episr.c **** 
 372:.\Generated_Source\PSoC5/USBFS_episr.c ****         /* `#END` */
 373:.\Generated_Source\PSoC5/USBFS_episr.c **** 
 374:.\Generated_Source\PSoC5/USBFS_episr.c ****     #if (defined(USBFS_ENABLE_MIDI_STREAMING) && !defined(USBFS_MAIN_SERVICE_MIDI_OUT) && \
 375:.\Generated_Source\PSoC5/USBFS_episr.c ****                  USBFS_ISR_SERVICE_MIDI_OUT && CY_PSOC3)
 376:.\Generated_Source\PSoC5/USBFS_episr.c ****         {
 377:.\Generated_Source\PSoC5/USBFS_episr.c ****             uint8 intEn = EA;
 378:.\Generated_Source\PSoC5/USBFS_episr.c ****             CyGlobalIntEnable;  /* Enable nested interrupts. */
 379:.\Generated_Source\PSoC5/USBFS_episr.c ****     #endif /* (CY_PSOC3 && USBFS_ISR_SERVICE_MIDI_OUT) */
 380:.\Generated_Source\PSoC5/USBFS_episr.c **** 
 381:.\Generated_Source\PSoC5/USBFS_episr.c ****         USBFS_ClearSieEpInterruptSource(USBFS_SIE_INT_EP5_INTR);
 382:.\Generated_Source\PSoC5/USBFS_episr.c ****     
 383:.\Generated_Source\PSoC5/USBFS_episr.c ****         /* Notifies user that transfer IN or OUT transfer is completed.
 384:.\Generated_Source\PSoC5/USBFS_episr.c ****         * IN endpoint: endpoint buffer can be reloaded, Host is read data.
 385:.\Generated_Source\PSoC5/USBFS_episr.c ****         * OUT endpoint: data is ready to read from endpoint buffer. 
 386:.\Generated_Source\PSoC5/USBFS_episr.c ****         */
 387:.\Generated_Source\PSoC5/USBFS_episr.c ****     #if (CY_PSOC4 && USBFS_EP_MANAGEMENT_DMA_AUTO)
 388:.\Generated_Source\PSoC5/USBFS_episr.c ****         if (0u != (USBFS_EP[USBFS_EP5].addr & USBFS_DIR_IN))
 389:.\Generated_Source\PSoC5/USBFS_episr.c ****     #endif /* (USBFS_EP_MANAGEMENT_DMA_AUTO) */
 390:.\Generated_Source\PSoC5/USBFS_episr.c ****         {            
 391:.\Generated_Source\PSoC5/USBFS_episr.c ****             /* Read CR0 register to clear SIE lock. */
 392:.\Generated_Source\PSoC5/USBFS_episr.c ****             (void) USBFS_SIE_EP_BASE.sieEp[USBFS_EP5].epCr0;
 393:.\Generated_Source\PSoC5/USBFS_episr.c **** 
ARM GAS  C:\Users\Patrick\AppData\Local\Temp\ccdt0BFk.s 			page 10


 394:.\Generated_Source\PSoC5/USBFS_episr.c ****             /* Toggle all endpoint types except ISOC. */
 395:.\Generated_Source\PSoC5/USBFS_episr.c ****             if (USBFS_GET_EP_TYPE(USBFS_EP5) != USBFS_EP_TYPE_ISOC)
 396:.\Generated_Source\PSoC5/USBFS_episr.c ****             {
 397:.\Generated_Source\PSoC5/USBFS_episr.c ****                 USBFS_EP[USBFS_EP5].epToggle ^= USBFS_EPX_CNT_DATA_TOGGLE;
 398:.\Generated_Source\PSoC5/USBFS_episr.c ****             }
 399:.\Generated_Source\PSoC5/USBFS_episr.c **** 
 400:.\Generated_Source\PSoC5/USBFS_episr.c ****             /* EP_MANAGEMENT_DMA_AUTO (Ticket ID# 214187): For OUT endpoint this event is used to n
 401:.\Generated_Source\PSoC5/USBFS_episr.c ****             * user that DMA has completed copying data from OUT endpoint which is not completely tr
 402:.\Generated_Source\PSoC5/USBFS_episr.c ****             * Because last chunk of data is being copied.
 403:.\Generated_Source\PSoC5/USBFS_episr.c ****             * For CY_PSOC 3/5LP: it is acceptable as DMA is really fast.
 404:.\Generated_Source\PSoC5/USBFS_episr.c ****             * For CY_PSOC4: this event is set in Arbiter interrupt (source is DMA_TERMIN).
 405:.\Generated_Source\PSoC5/USBFS_episr.c ****             */
 406:.\Generated_Source\PSoC5/USBFS_episr.c ****             USBFS_EP[USBFS_EP5].apiEpState = USBFS_EVENT_PENDING;
 407:.\Generated_Source\PSoC5/USBFS_episr.c ****         }
 408:.\Generated_Source\PSoC5/USBFS_episr.c **** 
 409:.\Generated_Source\PSoC5/USBFS_episr.c ****     #if (!(CY_PSOC4 && USBFS_EP_MANAGEMENT_DMA_AUTO))        
 410:.\Generated_Source\PSoC5/USBFS_episr.c ****         #if (defined(USBFS_ENABLE_MIDI_STREAMING) && \
 411:.\Generated_Source\PSoC5/USBFS_episr.c ****             !defined(USBFS_MAIN_SERVICE_MIDI_OUT) && USBFS_ISR_SERVICE_MIDI_OUT)
 412:.\Generated_Source\PSoC5/USBFS_episr.c ****             if (USBFS_midi_out_ep == USBFS_EP5)
 413:.\Generated_Source\PSoC5/USBFS_episr.c ****             {
 414:.\Generated_Source\PSoC5/USBFS_episr.c ****                 USBFS_MIDI_OUT_Service();
 415:.\Generated_Source\PSoC5/USBFS_episr.c ****             }
 416:.\Generated_Source\PSoC5/USBFS_episr.c ****         #endif /* (USBFS_ISR_SERVICE_MIDI_OUT) */
 417:.\Generated_Source\PSoC5/USBFS_episr.c ****     #endif /* (!(CY_PSOC4 && USBFS_EP_MANAGEMENT_DMA_AUTO)) */
 418:.\Generated_Source\PSoC5/USBFS_episr.c **** 
 419:.\Generated_Source\PSoC5/USBFS_episr.c ****         /* `#START EP5_END_USER_CODE` Place your code here */
 420:.\Generated_Source\PSoC5/USBFS_episr.c **** 
 421:.\Generated_Source\PSoC5/USBFS_episr.c ****         /* `#END` */
 422:.\Generated_Source\PSoC5/USBFS_episr.c **** 
 423:.\Generated_Source\PSoC5/USBFS_episr.c ****     #ifdef USBFS_EP_5_ISR_EXIT_CALLBACK
 424:.\Generated_Source\PSoC5/USBFS_episr.c ****         USBFS_EP_5_ISR_ExitCallback();
 425:.\Generated_Source\PSoC5/USBFS_episr.c ****     #endif /* (USBFS_EP_5_ISR_EXIT_CALLBACK) */
 426:.\Generated_Source\PSoC5/USBFS_episr.c **** 
 427:.\Generated_Source\PSoC5/USBFS_episr.c ****     #if (CY_PSOC3 && defined(USBFS_ENABLE_MIDI_STREAMING) && \
 428:.\Generated_Source\PSoC5/USBFS_episr.c ****         !defined(USBFS_MAIN_SERVICE_MIDI_OUT) && USBFS_ISR_SERVICE_MIDI_OUT)
 429:.\Generated_Source\PSoC5/USBFS_episr.c ****         
 430:.\Generated_Source\PSoC5/USBFS_episr.c ****             EA = intEn; /* Restore nested interrupt configuration. */
 431:.\Generated_Source\PSoC5/USBFS_episr.c ****         }
 432:.\Generated_Source\PSoC5/USBFS_episr.c ****     #endif /* (CY_PSOC3 && USBFS_ISR_SERVICE_MIDI_OUT) */
 433:.\Generated_Source\PSoC5/USBFS_episr.c ****     }
 434:.\Generated_Source\PSoC5/USBFS_episr.c **** #endif /* (USBFS_EP5_ISR_ACTIVE) */
 435:.\Generated_Source\PSoC5/USBFS_episr.c **** 
 436:.\Generated_Source\PSoC5/USBFS_episr.c **** 
 437:.\Generated_Source\PSoC5/USBFS_episr.c **** #if (USBFS_EP6_ISR_ACTIVE)
 438:.\Generated_Source\PSoC5/USBFS_episr.c ****     /*******************************************************************************
 439:.\Generated_Source\PSoC5/USBFS_episr.c ****     * Function Name: USBFS_EP_6_ISR
 440:.\Generated_Source\PSoC5/USBFS_episr.c ****     ****************************************************************************//**
 441:.\Generated_Source\PSoC5/USBFS_episr.c ****     *
 442:.\Generated_Source\PSoC5/USBFS_episr.c ****     *  Endpoint 6 Interrupt Service Routine.
 443:.\Generated_Source\PSoC5/USBFS_episr.c ****     *
 444:.\Generated_Source\PSoC5/USBFS_episr.c ****     *
 445:.\Generated_Source\PSoC5/USBFS_episr.c ****     *******************************************************************************/
 446:.\Generated_Source\PSoC5/USBFS_episr.c ****     CY_ISR(USBFS_EP_6_ISR)
 447:.\Generated_Source\PSoC5/USBFS_episr.c ****     {
 448:.\Generated_Source\PSoC5/USBFS_episr.c ****     #ifdef USBFS_EP_6_ISR_ENTRY_CALLBACK
 449:.\Generated_Source\PSoC5/USBFS_episr.c ****         USBFS_EP_6_ISR_EntryCallback();
 450:.\Generated_Source\PSoC5/USBFS_episr.c ****     #endif /* (USBFS_EP_6_ISR_ENTRY_CALLBACK) */
ARM GAS  C:\Users\Patrick\AppData\Local\Temp\ccdt0BFk.s 			page 11


 451:.\Generated_Source\PSoC5/USBFS_episr.c **** 
 452:.\Generated_Source\PSoC5/USBFS_episr.c ****         /* `#START EP6_USER_CODE` Place your code here */
 453:.\Generated_Source\PSoC5/USBFS_episr.c **** 
 454:.\Generated_Source\PSoC5/USBFS_episr.c ****         /* `#END` */
 455:.\Generated_Source\PSoC5/USBFS_episr.c **** 
 456:.\Generated_Source\PSoC5/USBFS_episr.c ****     #if (CY_PSOC3 && defined(USBFS_ENABLE_MIDI_STREAMING) && \
 457:.\Generated_Source\PSoC5/USBFS_episr.c ****         !defined(USBFS_MAIN_SERVICE_MIDI_OUT) && USBFS_ISR_SERVICE_MIDI_OUT)
 458:.\Generated_Source\PSoC5/USBFS_episr.c ****         {
 459:.\Generated_Source\PSoC5/USBFS_episr.c ****             uint8 intEn = EA;
 460:.\Generated_Source\PSoC5/USBFS_episr.c ****             CyGlobalIntEnable;  /* Enable nested interrupts. */
 461:.\Generated_Source\PSoC5/USBFS_episr.c ****     #endif /* (CY_PSOC3 && USBFS_ISR_SERVICE_MIDI_OUT) */
 462:.\Generated_Source\PSoC5/USBFS_episr.c **** 
 463:.\Generated_Source\PSoC5/USBFS_episr.c ****         USBFS_ClearSieEpInterruptSource(USBFS_SIE_INT_EP6_INTR);
 464:.\Generated_Source\PSoC5/USBFS_episr.c ****         
 465:.\Generated_Source\PSoC5/USBFS_episr.c ****         /* Notifies user that transfer IN or OUT transfer is completed.
 466:.\Generated_Source\PSoC5/USBFS_episr.c ****         * IN endpoint: endpoint buffer can be reloaded, Host is read data.
 467:.\Generated_Source\PSoC5/USBFS_episr.c ****         * OUT endpoint: data is ready to read from endpoint buffer. 
 468:.\Generated_Source\PSoC5/USBFS_episr.c ****         */
 469:.\Generated_Source\PSoC5/USBFS_episr.c ****     #if (CY_PSOC4 && USBFS_EP_MANAGEMENT_DMA_AUTO)
 470:.\Generated_Source\PSoC5/USBFS_episr.c ****         if (0u != (USBFS_EP[USBFS_EP6].addr & USBFS_DIR_IN))
 471:.\Generated_Source\PSoC5/USBFS_episr.c ****     #endif /* (USBFS_EP_MANAGEMENT_DMA_AUTO) */
 472:.\Generated_Source\PSoC5/USBFS_episr.c ****         {
 473:.\Generated_Source\PSoC5/USBFS_episr.c ****             /* Read CR0 register to clear SIE lock. */
 474:.\Generated_Source\PSoC5/USBFS_episr.c ****             (void) USBFS_SIE_EP_BASE.sieEp[USBFS_EP6].epCr0;
 475:.\Generated_Source\PSoC5/USBFS_episr.c **** 
 476:.\Generated_Source\PSoC5/USBFS_episr.c ****             /* Toggle all endpoint types except ISOC. */
 477:.\Generated_Source\PSoC5/USBFS_episr.c ****             if (USBFS_GET_EP_TYPE(USBFS_EP6) != USBFS_EP_TYPE_ISOC)
 478:.\Generated_Source\PSoC5/USBFS_episr.c ****             {
 479:.\Generated_Source\PSoC5/USBFS_episr.c ****                 USBFS_EP[USBFS_EP6].epToggle ^= USBFS_EPX_CNT_DATA_TOGGLE;
 480:.\Generated_Source\PSoC5/USBFS_episr.c ****             }
 481:.\Generated_Source\PSoC5/USBFS_episr.c ****             
 482:.\Generated_Source\PSoC5/USBFS_episr.c ****             /* EP_MANAGEMENT_DMA_AUTO (Ticket ID# 214187): For OUT endpoint this event is used to n
 483:.\Generated_Source\PSoC5/USBFS_episr.c ****             * user that DMA has completed copying data from OUT endpoint which is not completely tr
 484:.\Generated_Source\PSoC5/USBFS_episr.c ****             * Because last chunk of data is being copied.
 485:.\Generated_Source\PSoC5/USBFS_episr.c ****             * For CY_PSOC 3/5LP: it is acceptable as DMA is really fast.
 486:.\Generated_Source\PSoC5/USBFS_episr.c ****             * For CY_PSOC4: this event is set in Arbiter interrupt (source is DMA_TERMIN).
 487:.\Generated_Source\PSoC5/USBFS_episr.c ****             */
 488:.\Generated_Source\PSoC5/USBFS_episr.c ****             USBFS_EP[USBFS_EP6].apiEpState = USBFS_EVENT_PENDING;
 489:.\Generated_Source\PSoC5/USBFS_episr.c ****         }
 490:.\Generated_Source\PSoC5/USBFS_episr.c **** 
 491:.\Generated_Source\PSoC5/USBFS_episr.c ****     #if (!(CY_PSOC4 && USBFS_EP_MANAGEMENT_DMA_AUTO))
 492:.\Generated_Source\PSoC5/USBFS_episr.c ****         #if (defined(USBFS_ENABLE_MIDI_STREAMING) && \
 493:.\Generated_Source\PSoC5/USBFS_episr.c ****             !defined(USBFS_MAIN_SERVICE_MIDI_OUT) && USBFS_ISR_SERVICE_MIDI_OUT)
 494:.\Generated_Source\PSoC5/USBFS_episr.c ****             if (USBFS_midi_out_ep == USBFS_EP6)
 495:.\Generated_Source\PSoC5/USBFS_episr.c ****             {
 496:.\Generated_Source\PSoC5/USBFS_episr.c ****                 USBFS_MIDI_OUT_Service();
 497:.\Generated_Source\PSoC5/USBFS_episr.c ****             }
 498:.\Generated_Source\PSoC5/USBFS_episr.c ****         #endif /* (USBFS_ISR_SERVICE_MIDI_OUT) */
 499:.\Generated_Source\PSoC5/USBFS_episr.c ****     #endif /* (!(CY_PSOC4 && USBFS_EP_MANAGEMENT_DMA_AUTO)) */
 500:.\Generated_Source\PSoC5/USBFS_episr.c **** 
 501:.\Generated_Source\PSoC5/USBFS_episr.c ****         /* `#START EP6_END_USER_CODE` Place your code here */
 502:.\Generated_Source\PSoC5/USBFS_episr.c **** 
 503:.\Generated_Source\PSoC5/USBFS_episr.c ****         /* `#END` */
 504:.\Generated_Source\PSoC5/USBFS_episr.c **** 
 505:.\Generated_Source\PSoC5/USBFS_episr.c ****     #ifdef USBFS_EP_6_ISR_EXIT_CALLBACK
 506:.\Generated_Source\PSoC5/USBFS_episr.c ****         USBFS_EP_6_ISR_ExitCallback();
 507:.\Generated_Source\PSoC5/USBFS_episr.c ****     #endif /* (USBFS_EP_6_ISR_EXIT_CALLBACK) */
ARM GAS  C:\Users\Patrick\AppData\Local\Temp\ccdt0BFk.s 			page 12


 508:.\Generated_Source\PSoC5/USBFS_episr.c **** 
 509:.\Generated_Source\PSoC5/USBFS_episr.c ****     #if (CY_PSOC3 && defined(USBFS_ENABLE_MIDI_STREAMING) && \
 510:.\Generated_Source\PSoC5/USBFS_episr.c ****         !defined(USBFS_MAIN_SERVICE_MIDI_OUT) && USBFS_ISR_SERVICE_MIDI_OUT)
 511:.\Generated_Source\PSoC5/USBFS_episr.c ****         
 512:.\Generated_Source\PSoC5/USBFS_episr.c ****             EA = intEn; /* Restore nested interrupt configuration. */
 513:.\Generated_Source\PSoC5/USBFS_episr.c ****         }
 514:.\Generated_Source\PSoC5/USBFS_episr.c ****     #endif /* (CY_PSOC3 && USBFS_ISR_SERVICE_MIDI_OUT) */
 515:.\Generated_Source\PSoC5/USBFS_episr.c ****     }
 516:.\Generated_Source\PSoC5/USBFS_episr.c **** #endif /* (USBFS_EP6_ISR_ACTIVE) */
 517:.\Generated_Source\PSoC5/USBFS_episr.c **** 
 518:.\Generated_Source\PSoC5/USBFS_episr.c **** 
 519:.\Generated_Source\PSoC5/USBFS_episr.c **** #if (USBFS_EP7_ISR_ACTIVE)
 520:.\Generated_Source\PSoC5/USBFS_episr.c ****     /*******************************************************************************
 521:.\Generated_Source\PSoC5/USBFS_episr.c ****     * Function Name: USBFS_EP_7_ISR
 522:.\Generated_Source\PSoC5/USBFS_episr.c ****     ****************************************************************************//**
 523:.\Generated_Source\PSoC5/USBFS_episr.c ****     *
 524:.\Generated_Source\PSoC5/USBFS_episr.c ****     *  Endpoint 7 Interrupt Service Routine.
 525:.\Generated_Source\PSoC5/USBFS_episr.c ****     *
 526:.\Generated_Source\PSoC5/USBFS_episr.c ****     *
 527:.\Generated_Source\PSoC5/USBFS_episr.c ****     *******************************************************************************/
 528:.\Generated_Source\PSoC5/USBFS_episr.c ****     CY_ISR(USBFS_EP_7_ISR)
 529:.\Generated_Source\PSoC5/USBFS_episr.c ****     {
 530:.\Generated_Source\PSoC5/USBFS_episr.c ****     #ifdef USBFS_EP_7_ISR_ENTRY_CALLBACK
 531:.\Generated_Source\PSoC5/USBFS_episr.c ****         USBFS_EP_7_ISR_EntryCallback();
 532:.\Generated_Source\PSoC5/USBFS_episr.c ****     #endif /* (USBFS_EP_7_ISR_ENTRY_CALLBACK) */
 533:.\Generated_Source\PSoC5/USBFS_episr.c **** 
 534:.\Generated_Source\PSoC5/USBFS_episr.c ****         /* `#START EP7_USER_CODE` Place your code here */
 535:.\Generated_Source\PSoC5/USBFS_episr.c **** 
 536:.\Generated_Source\PSoC5/USBFS_episr.c ****         /* `#END` */
 537:.\Generated_Source\PSoC5/USBFS_episr.c **** 
 538:.\Generated_Source\PSoC5/USBFS_episr.c ****     #if (CY_PSOC3 && defined(USBFS_ENABLE_MIDI_STREAMING) && \
 539:.\Generated_Source\PSoC5/USBFS_episr.c ****         !defined(USBFS_MAIN_SERVICE_MIDI_OUT) && USBFS_ISR_SERVICE_MIDI_OUT)
 540:.\Generated_Source\PSoC5/USBFS_episr.c ****         {
 541:.\Generated_Source\PSoC5/USBFS_episr.c ****             uint8 intEn = EA;
 542:.\Generated_Source\PSoC5/USBFS_episr.c ****             CyGlobalIntEnable;  /* Enable nested interrupts. */
 543:.\Generated_Source\PSoC5/USBFS_episr.c ****     #endif /* (CY_PSOC3 && USBFS_ISR_SERVICE_MIDI_OUT) */
 544:.\Generated_Source\PSoC5/USBFS_episr.c ****     
 545:.\Generated_Source\PSoC5/USBFS_episr.c ****         USBFS_ClearSieEpInterruptSource(USBFS_SIE_INT_EP7_INTR);
 546:.\Generated_Source\PSoC5/USBFS_episr.c ****         
 547:.\Generated_Source\PSoC5/USBFS_episr.c ****         /* Notifies user that transfer IN or OUT transfer is completed.
 548:.\Generated_Source\PSoC5/USBFS_episr.c ****         * IN endpoint: endpoint buffer can be reloaded, Host is read data.
 549:.\Generated_Source\PSoC5/USBFS_episr.c ****         * OUT endpoint: data is ready to read from endpoint buffer. 
 550:.\Generated_Source\PSoC5/USBFS_episr.c ****         */
 551:.\Generated_Source\PSoC5/USBFS_episr.c ****     #if (CY_PSOC4 && USBFS_EP_MANAGEMENT_DMA_AUTO)
 552:.\Generated_Source\PSoC5/USBFS_episr.c ****         if (0u != (USBFS_EP[USBFS_EP7].addr & USBFS_DIR_IN))
 553:.\Generated_Source\PSoC5/USBFS_episr.c ****     #endif /* (USBFS_EP_MANAGEMENT_DMA_AUTO) */
 554:.\Generated_Source\PSoC5/USBFS_episr.c ****         {           
 555:.\Generated_Source\PSoC5/USBFS_episr.c ****             /* Read CR0 register to clear SIE lock. */
 556:.\Generated_Source\PSoC5/USBFS_episr.c ****             (void) USBFS_SIE_EP_BASE.sieEp[USBFS_EP7].epCr0;
 557:.\Generated_Source\PSoC5/USBFS_episr.c **** 
 558:.\Generated_Source\PSoC5/USBFS_episr.c ****             /* Toggle all endpoint types except ISOC. */
 559:.\Generated_Source\PSoC5/USBFS_episr.c ****             if (USBFS_GET_EP_TYPE(USBFS_EP7) != USBFS_EP_TYPE_ISOC)
 560:.\Generated_Source\PSoC5/USBFS_episr.c ****             {
 561:.\Generated_Source\PSoC5/USBFS_episr.c ****                 USBFS_EP[USBFS_EP7].epToggle ^= USBFS_EPX_CNT_DATA_TOGGLE;
 562:.\Generated_Source\PSoC5/USBFS_episr.c ****             }
 563:.\Generated_Source\PSoC5/USBFS_episr.c ****             
 564:.\Generated_Source\PSoC5/USBFS_episr.c ****             /* EP_MANAGEMENT_DMA_AUTO (Ticket ID# 214187): For OUT endpoint this event is used to n
ARM GAS  C:\Users\Patrick\AppData\Local\Temp\ccdt0BFk.s 			page 13


 565:.\Generated_Source\PSoC5/USBFS_episr.c ****             * user that DMA has completed copying data from OUT endpoint which is not completely tr
 566:.\Generated_Source\PSoC5/USBFS_episr.c ****             * Because last chunk of data is being copied.
 567:.\Generated_Source\PSoC5/USBFS_episr.c ****             * For CY_PSOC 3/5LP: it is acceptable as DMA is really fast.
 568:.\Generated_Source\PSoC5/USBFS_episr.c ****             * For CY_PSOC4: this event is set in Arbiter interrupt (source is DMA_TERMIN).
 569:.\Generated_Source\PSoC5/USBFS_episr.c ****             */
 570:.\Generated_Source\PSoC5/USBFS_episr.c ****             USBFS_EP[USBFS_EP7].apiEpState = USBFS_EVENT_PENDING;
 571:.\Generated_Source\PSoC5/USBFS_episr.c ****         }
 572:.\Generated_Source\PSoC5/USBFS_episr.c **** 
 573:.\Generated_Source\PSoC5/USBFS_episr.c **** 
 574:.\Generated_Source\PSoC5/USBFS_episr.c ****     #if (!(CY_PSOC4 && USBFS_EP_MANAGEMENT_DMA_AUTO))
 575:.\Generated_Source\PSoC5/USBFS_episr.c ****         #if (defined(USBFS_ENABLE_MIDI_STREAMING) && \
 576:.\Generated_Source\PSoC5/USBFS_episr.c ****             !defined(USBFS_MAIN_SERVICE_MIDI_OUT) && USBFS_ISR_SERVICE_MIDI_OUT)
 577:.\Generated_Source\PSoC5/USBFS_episr.c ****             if(USBFS_midi_out_ep == USBFS_EP7)
 578:.\Generated_Source\PSoC5/USBFS_episr.c ****             {
 579:.\Generated_Source\PSoC5/USBFS_episr.c ****                 USBFS_MIDI_OUT_Service();
 580:.\Generated_Source\PSoC5/USBFS_episr.c ****             }
 581:.\Generated_Source\PSoC5/USBFS_episr.c ****         #endif /* (USBFS_ISR_SERVICE_MIDI_OUT) */
 582:.\Generated_Source\PSoC5/USBFS_episr.c ****     #endif /* (!(CY_PSOC4 && USBFS_EP_MANAGEMENT_DMA_AUTO)) */
 583:.\Generated_Source\PSoC5/USBFS_episr.c **** 
 584:.\Generated_Source\PSoC5/USBFS_episr.c ****         /* `#START EP7_END_USER_CODE` Place your code here */
 585:.\Generated_Source\PSoC5/USBFS_episr.c **** 
 586:.\Generated_Source\PSoC5/USBFS_episr.c ****         /* `#END` */
 587:.\Generated_Source\PSoC5/USBFS_episr.c **** 
 588:.\Generated_Source\PSoC5/USBFS_episr.c ****     #ifdef USBFS_EP_7_ISR_EXIT_CALLBACK
 589:.\Generated_Source\PSoC5/USBFS_episr.c ****         USBFS_EP_7_ISR_ExitCallback();
 590:.\Generated_Source\PSoC5/USBFS_episr.c ****     #endif /* (USBFS_EP_7_ISR_EXIT_CALLBACK) */
 591:.\Generated_Source\PSoC5/USBFS_episr.c **** 
 592:.\Generated_Source\PSoC5/USBFS_episr.c ****     #if (CY_PSOC3 && defined(USBFS_ENABLE_MIDI_STREAMING) && \
 593:.\Generated_Source\PSoC5/USBFS_episr.c ****         !defined(USBFS_MAIN_SERVICE_MIDI_OUT) && USBFS_ISR_SERVICE_MIDI_OUT)
 594:.\Generated_Source\PSoC5/USBFS_episr.c ****         
 595:.\Generated_Source\PSoC5/USBFS_episr.c ****             EA = intEn; /* Restore nested interrupt configuration. */
 596:.\Generated_Source\PSoC5/USBFS_episr.c ****         }
 597:.\Generated_Source\PSoC5/USBFS_episr.c ****     #endif /* (CY_PSOC3 && USBFS_ISR_SERVICE_MIDI_OUT) */
 598:.\Generated_Source\PSoC5/USBFS_episr.c ****     }
 599:.\Generated_Source\PSoC5/USBFS_episr.c **** #endif /* (USBFS_EP7_ISR_ACTIVE) */
 600:.\Generated_Source\PSoC5/USBFS_episr.c **** 
 601:.\Generated_Source\PSoC5/USBFS_episr.c **** 
 602:.\Generated_Source\PSoC5/USBFS_episr.c **** #if (USBFS_EP8_ISR_ACTIVE)
 603:.\Generated_Source\PSoC5/USBFS_episr.c ****     /*******************************************************************************
 604:.\Generated_Source\PSoC5/USBFS_episr.c ****     * Function Name: USBFS_EP_8_ISR
 605:.\Generated_Source\PSoC5/USBFS_episr.c ****     ****************************************************************************//**
 606:.\Generated_Source\PSoC5/USBFS_episr.c ****     *
 607:.\Generated_Source\PSoC5/USBFS_episr.c ****     *  Endpoint 8 Interrupt Service Routine
 608:.\Generated_Source\PSoC5/USBFS_episr.c ****     *
 609:.\Generated_Source\PSoC5/USBFS_episr.c ****     *
 610:.\Generated_Source\PSoC5/USBFS_episr.c ****     *******************************************************************************/
 611:.\Generated_Source\PSoC5/USBFS_episr.c ****     CY_ISR(USBFS_EP_8_ISR)
 612:.\Generated_Source\PSoC5/USBFS_episr.c ****     {
 613:.\Generated_Source\PSoC5/USBFS_episr.c ****     #ifdef USBFS_EP_8_ISR_ENTRY_CALLBACK
 614:.\Generated_Source\PSoC5/USBFS_episr.c ****         USBFS_EP_8_ISR_EntryCallback();
 615:.\Generated_Source\PSoC5/USBFS_episr.c ****     #endif /* (USBFS_EP_8_ISR_ENTRY_CALLBACK) */
 616:.\Generated_Source\PSoC5/USBFS_episr.c **** 
 617:.\Generated_Source\PSoC5/USBFS_episr.c ****         /* `#START EP8_USER_CODE` Place your code here */
 618:.\Generated_Source\PSoC5/USBFS_episr.c **** 
 619:.\Generated_Source\PSoC5/USBFS_episr.c ****         /* `#END` */
 620:.\Generated_Source\PSoC5/USBFS_episr.c **** 
 621:.\Generated_Source\PSoC5/USBFS_episr.c ****     #if (CY_PSOC3 && defined(USBFS_ENABLE_MIDI_STREAMING) && \
ARM GAS  C:\Users\Patrick\AppData\Local\Temp\ccdt0BFk.s 			page 14


 622:.\Generated_Source\PSoC5/USBFS_episr.c ****         !defined(USBFS_MAIN_SERVICE_MIDI_OUT) && USBFS_ISR_SERVICE_MIDI_OUT)
 623:.\Generated_Source\PSoC5/USBFS_episr.c ****         {
 624:.\Generated_Source\PSoC5/USBFS_episr.c ****             uint8 intEn = EA;
 625:.\Generated_Source\PSoC5/USBFS_episr.c ****             CyGlobalIntEnable;  /* Enable nested interrupts. */
 626:.\Generated_Source\PSoC5/USBFS_episr.c ****     #endif /* (CY_PSOC3 && USBFS_ISR_SERVICE_MIDI_OUT) */
 627:.\Generated_Source\PSoC5/USBFS_episr.c **** 
 628:.\Generated_Source\PSoC5/USBFS_episr.c ****         USBFS_ClearSieEpInterruptSource(USBFS_SIE_INT_EP8_INTR);
 629:.\Generated_Source\PSoC5/USBFS_episr.c ****         
 630:.\Generated_Source\PSoC5/USBFS_episr.c ****         /* Notifies user that transfer IN or OUT transfer is completed.
 631:.\Generated_Source\PSoC5/USBFS_episr.c ****         * IN endpoint: endpoint buffer can be reloaded, Host is read data.
 632:.\Generated_Source\PSoC5/USBFS_episr.c ****         * OUT endpoint: data is ready to read from endpoint buffer. 
 633:.\Generated_Source\PSoC5/USBFS_episr.c ****         */
 634:.\Generated_Source\PSoC5/USBFS_episr.c ****     #if (CY_PSOC4 && USBFS_EP_MANAGEMENT_DMA_AUTO)
 635:.\Generated_Source\PSoC5/USBFS_episr.c ****         if (0u != (USBFS_EP[USBFS_EP8].addr & USBFS_DIR_IN))
 636:.\Generated_Source\PSoC5/USBFS_episr.c ****     #endif /* (USBFS_EP_MANAGEMENT_DMA_AUTO) */
 637:.\Generated_Source\PSoC5/USBFS_episr.c ****         {
 638:.\Generated_Source\PSoC5/USBFS_episr.c ****             /* Read CR0 register to clear SIE lock. */
 639:.\Generated_Source\PSoC5/USBFS_episr.c ****             (void) USBFS_SIE_EP_BASE.sieEp[USBFS_EP8].epCr0;
 640:.\Generated_Source\PSoC5/USBFS_episr.c **** 
 641:.\Generated_Source\PSoC5/USBFS_episr.c ****             /* Toggle all endpoint types except ISOC. */
 642:.\Generated_Source\PSoC5/USBFS_episr.c ****             if (USBFS_GET_EP_TYPE(USBFS_EP8) != USBFS_EP_TYPE_ISOC)
 643:.\Generated_Source\PSoC5/USBFS_episr.c ****             {
 644:.\Generated_Source\PSoC5/USBFS_episr.c ****                 USBFS_EP[USBFS_EP8].epToggle ^= USBFS_EPX_CNT_DATA_TOGGLE;
 645:.\Generated_Source\PSoC5/USBFS_episr.c ****             }
 646:.\Generated_Source\PSoC5/USBFS_episr.c **** 
 647:.\Generated_Source\PSoC5/USBFS_episr.c ****             /* EP_MANAGEMENT_DMA_AUTO (Ticket ID# 214187): For OUT endpoint this event is used to n
 648:.\Generated_Source\PSoC5/USBFS_episr.c ****             * user that DMA has completed copying data from OUT endpoint which is not completely tr
 649:.\Generated_Source\PSoC5/USBFS_episr.c ****             * Because last chunk of data is being copied.
 650:.\Generated_Source\PSoC5/USBFS_episr.c ****             * For CY_PSOC 3/5LP: it is acceptable as DMA is really fast.
 651:.\Generated_Source\PSoC5/USBFS_episr.c ****             * For CY_PSOC4: this event is set in Arbiter interrupt (source is DMA_TERMIN).
 652:.\Generated_Source\PSoC5/USBFS_episr.c ****             */
 653:.\Generated_Source\PSoC5/USBFS_episr.c ****             USBFS_EP[USBFS_EP8].apiEpState = USBFS_EVENT_PENDING;
 654:.\Generated_Source\PSoC5/USBFS_episr.c ****         }
 655:.\Generated_Source\PSoC5/USBFS_episr.c **** 
 656:.\Generated_Source\PSoC5/USBFS_episr.c ****     #if (!(CY_PSOC4 && USBFS_EP_MANAGEMENT_DMA_AUTO))
 657:.\Generated_Source\PSoC5/USBFS_episr.c ****         #if (defined(USBFS_ENABLE_MIDI_STREAMING) && \
 658:.\Generated_Source\PSoC5/USBFS_episr.c ****             !defined(USBFS_MAIN_SERVICE_MIDI_OUT) && USBFS_ISR_SERVICE_MIDI_OUT)
 659:.\Generated_Source\PSoC5/USBFS_episr.c ****             if (USBFS_midi_out_ep == USBFS_EP8)
 660:.\Generated_Source\PSoC5/USBFS_episr.c ****             {
 661:.\Generated_Source\PSoC5/USBFS_episr.c ****                 USBFS_MIDI_OUT_Service();
 662:.\Generated_Source\PSoC5/USBFS_episr.c ****             }
 663:.\Generated_Source\PSoC5/USBFS_episr.c ****         #endif /* (USBFS_ISR_SERVICE_MIDI_OUT) */
 664:.\Generated_Source\PSoC5/USBFS_episr.c ****     #endif /* (!(CY_PSOC4 && USBFS_EP_MANAGEMENT_DMA_AUTO)) */
 665:.\Generated_Source\PSoC5/USBFS_episr.c **** 
 666:.\Generated_Source\PSoC5/USBFS_episr.c ****         /* `#START EP8_END_USER_CODE` Place your code here */
 667:.\Generated_Source\PSoC5/USBFS_episr.c **** 
 668:.\Generated_Source\PSoC5/USBFS_episr.c ****         /* `#END` */
 669:.\Generated_Source\PSoC5/USBFS_episr.c **** 
 670:.\Generated_Source\PSoC5/USBFS_episr.c ****     #ifdef USBFS_EP_8_ISR_EXIT_CALLBACK
 671:.\Generated_Source\PSoC5/USBFS_episr.c ****         USBFS_EP_8_ISR_ExitCallback();
 672:.\Generated_Source\PSoC5/USBFS_episr.c ****     #endif /* (USBFS_EP_8_ISR_EXIT_CALLBACK) */
 673:.\Generated_Source\PSoC5/USBFS_episr.c **** 
 674:.\Generated_Source\PSoC5/USBFS_episr.c ****     #if (CY_PSOC3 && defined(USBFS_ENABLE_MIDI_STREAMING) && \
 675:.\Generated_Source\PSoC5/USBFS_episr.c ****         !defined(USBFS_MAIN_SERVICE_MIDI_OUT) && USBFS_ISR_SERVICE_MIDI_OUT)
 676:.\Generated_Source\PSoC5/USBFS_episr.c ****         
 677:.\Generated_Source\PSoC5/USBFS_episr.c ****             EA = intEn; /* Restore nested interrupt configuration. */
 678:.\Generated_Source\PSoC5/USBFS_episr.c ****         }
ARM GAS  C:\Users\Patrick\AppData\Local\Temp\ccdt0BFk.s 			page 15


 679:.\Generated_Source\PSoC5/USBFS_episr.c ****     #endif /* (CY_PSOC3 && USBFS_ISR_SERVICE_MIDI_OUT) */
 680:.\Generated_Source\PSoC5/USBFS_episr.c ****     }
 681:.\Generated_Source\PSoC5/USBFS_episr.c **** #endif /* (USBFS_EP8_ISR_ACTIVE) */
 682:.\Generated_Source\PSoC5/USBFS_episr.c **** 
 683:.\Generated_Source\PSoC5/USBFS_episr.c **** 
 684:.\Generated_Source\PSoC5/USBFS_episr.c **** #if (USBFS_SOF_ISR_ACTIVE)
 685:.\Generated_Source\PSoC5/USBFS_episr.c ****     /*******************************************************************************
 686:.\Generated_Source\PSoC5/USBFS_episr.c ****     * Function Name: USBFS_SOF_ISR
 687:.\Generated_Source\PSoC5/USBFS_episr.c ****     ****************************************************************************//**
 688:.\Generated_Source\PSoC5/USBFS_episr.c ****     *
 689:.\Generated_Source\PSoC5/USBFS_episr.c ****     *  Start of Frame Interrupt Service Routine.
 690:.\Generated_Source\PSoC5/USBFS_episr.c ****     *
 691:.\Generated_Source\PSoC5/USBFS_episr.c ****     *
 692:.\Generated_Source\PSoC5/USBFS_episr.c ****     *******************************************************************************/
 693:.\Generated_Source\PSoC5/USBFS_episr.c ****     CY_ISR(USBFS_SOF_ISR)
 694:.\Generated_Source\PSoC5/USBFS_episr.c ****     {
 695:.\Generated_Source\PSoC5/USBFS_episr.c ****     #ifdef USBFS_SOF_ISR_ENTRY_CALLBACK
 696:.\Generated_Source\PSoC5/USBFS_episr.c ****         USBFS_SOF_ISR_EntryCallback();
 697:.\Generated_Source\PSoC5/USBFS_episr.c ****     #endif /* (USBFS_SOF_ISR_ENTRY_CALLBACK) */
 698:.\Generated_Source\PSoC5/USBFS_episr.c **** 
 699:.\Generated_Source\PSoC5/USBFS_episr.c ****         /* `#START SOF_USER_CODE` Place your code here */
 700:.\Generated_Source\PSoC5/USBFS_episr.c **** 
 701:.\Generated_Source\PSoC5/USBFS_episr.c ****         /* `#END` */
 702:.\Generated_Source\PSoC5/USBFS_episr.c **** 
 703:.\Generated_Source\PSoC5/USBFS_episr.c ****         USBFS_ClearSieInterruptSource(USBFS_INTR_SIE_SOF_INTR);
 704:.\Generated_Source\PSoC5/USBFS_episr.c **** 
 705:.\Generated_Source\PSoC5/USBFS_episr.c ****     #ifdef USBFS_SOF_ISR_EXIT_CALLBACK
 706:.\Generated_Source\PSoC5/USBFS_episr.c ****         USBFS_SOF_ISR_ExitCallback();
 707:.\Generated_Source\PSoC5/USBFS_episr.c ****     #endif /* (USBFS_SOF_ISR_EXIT_CALLBACK) */
 708:.\Generated_Source\PSoC5/USBFS_episr.c ****     }
 709:.\Generated_Source\PSoC5/USBFS_episr.c **** #endif /* (USBFS_SOF_ISR_ACTIVE) */
 710:.\Generated_Source\PSoC5/USBFS_episr.c **** 
 711:.\Generated_Source\PSoC5/USBFS_episr.c **** 
 712:.\Generated_Source\PSoC5/USBFS_episr.c **** #if (USBFS_BUS_RESET_ISR_ACTIVE)
 713:.\Generated_Source\PSoC5/USBFS_episr.c **** /*******************************************************************************
 714:.\Generated_Source\PSoC5/USBFS_episr.c **** * Function Name: USBFS_BUS_RESET_ISR
 715:.\Generated_Source\PSoC5/USBFS_episr.c **** ****************************************************************************//**
 716:.\Generated_Source\PSoC5/USBFS_episr.c **** *
 717:.\Generated_Source\PSoC5/USBFS_episr.c **** *  USB Bus Reset Interrupt Service Routine.  Calls _Start with the same
 718:.\Generated_Source\PSoC5/USBFS_episr.c **** *  parameters as the last USER call to _Start
 719:.\Generated_Source\PSoC5/USBFS_episr.c **** *
 720:.\Generated_Source\PSoC5/USBFS_episr.c **** *
 721:.\Generated_Source\PSoC5/USBFS_episr.c **** *******************************************************************************/
 722:.\Generated_Source\PSoC5/USBFS_episr.c **** CY_ISR(USBFS_BUS_RESET_ISR)
 723:.\Generated_Source\PSoC5/USBFS_episr.c **** {
 121              		.loc 1 723 0
 122              		.cfi_startproc
 123              		@ args = 0, pretend = 0, frame = 0
 124              		@ frame_needed = 0, uses_anonymous_args = 0
 125 0000 08B5     		push	{r3, lr}
 126              		.cfi_def_cfa_offset 8
 127              		.cfi_offset 3, -8
 128              		.cfi_offset 14, -4
 724:.\Generated_Source\PSoC5/USBFS_episr.c **** #ifdef USBFS_BUS_RESET_ISR_ENTRY_CALLBACK
 725:.\Generated_Source\PSoC5/USBFS_episr.c ****     USBFS_BUS_RESET_ISR_EntryCallback();
 726:.\Generated_Source\PSoC5/USBFS_episr.c **** #endif /* (USBFS_BUS_RESET_ISR_ENTRY_CALLBACK) */
 727:.\Generated_Source\PSoC5/USBFS_episr.c **** 
ARM GAS  C:\Users\Patrick\AppData\Local\Temp\ccdt0BFk.s 			page 16


 728:.\Generated_Source\PSoC5/USBFS_episr.c ****     /* `#START BUS_RESET_USER_CODE` Place your code here */
 729:.\Generated_Source\PSoC5/USBFS_episr.c **** 
 730:.\Generated_Source\PSoC5/USBFS_episr.c ****     /* `#END` */
 731:.\Generated_Source\PSoC5/USBFS_episr.c **** 
 732:.\Generated_Source\PSoC5/USBFS_episr.c ****     USBFS_ClearSieInterruptSource(USBFS_INTR_SIE_BUS_RESET_INTR);
 733:.\Generated_Source\PSoC5/USBFS_episr.c **** 
 734:.\Generated_Source\PSoC5/USBFS_episr.c ****     USBFS_ReInitComponent();
 129              		.loc 1 734 0
 130 0002 FFF7FEFF 		bl	USBFS_ReInitComponent
 131              	.LVL0:
 132 0006 08BD     		pop	{r3, pc}
 133              		.cfi_endproc
 134              	.LFE2:
 135              		.size	USBFS_BUS_RESET_ISR, .-USBFS_BUS_RESET_ISR
 136              		.text
 137              	.Letext0:
 138              		.file 2 ".\\Generated_Source\\PSoC5\\cytypes.h"
 139              		.file 3 ".\\Generated_Source\\PSoC5\\USBFS.h"
 140              		.file 4 ".\\Generated_Source\\PSoC5\\USBFS_pvt.h"
 141              		.section	.debug_info,"",%progbits
 142              	.Ldebug_info0:
 143 0000 1D020000 		.4byte	0x21d
 144 0004 0400     		.2byte	0x4
 145 0006 00000000 		.4byte	.Ldebug_abbrev0
 146 000a 04       		.byte	0x4
 147 000b 01       		.uleb128 0x1
 148 000c 76010000 		.4byte	.LASF34
 149 0010 01       		.byte	0x1
 150 0011 83000000 		.4byte	.LASF35
 151 0015 06010000 		.4byte	.LASF36
 152 0019 00000000 		.4byte	.Ldebug_ranges0+0
 153 001d 00000000 		.4byte	0
 154 0021 00000000 		.4byte	.Ldebug_line0
 155 0025 02       		.uleb128 0x2
 156 0026 01       		.byte	0x1
 157 0027 06       		.byte	0x6
 158 0028 A8020000 		.4byte	.LASF0
 159 002c 02       		.uleb128 0x2
 160 002d 01       		.byte	0x1
 161 002e 08       		.byte	0x8
 162 002f 75000000 		.4byte	.LASF1
 163 0033 02       		.uleb128 0x2
 164 0034 02       		.byte	0x2
 165 0035 05       		.byte	0x5
 166 0036 76020000 		.4byte	.LASF2
 167 003a 02       		.uleb128 0x2
 168 003b 02       		.byte	0x2
 169 003c 07       		.byte	0x7
 170 003d 22000000 		.4byte	.LASF3
 171 0041 02       		.uleb128 0x2
 172 0042 04       		.byte	0x4
 173 0043 05       		.byte	0x5
 174 0044 90020000 		.4byte	.LASF4
 175 0048 02       		.uleb128 0x2
 176 0049 04       		.byte	0x4
 177 004a 07       		.byte	0x7
 178 004b BA000000 		.4byte	.LASF5
ARM GAS  C:\Users\Patrick\AppData\Local\Temp\ccdt0BFk.s 			page 17


 179 004f 02       		.uleb128 0x2
 180 0050 08       		.byte	0x8
 181 0051 05       		.byte	0x5
 182 0052 58020000 		.4byte	.LASF6
 183 0056 02       		.uleb128 0x2
 184 0057 08       		.byte	0x8
 185 0058 07       		.byte	0x7
 186 0059 11020000 		.4byte	.LASF7
 187 005d 03       		.uleb128 0x3
 188 005e 04       		.byte	0x4
 189 005f 05       		.byte	0x5
 190 0060 696E7400 		.ascii	"int\000"
 191 0064 02       		.uleb128 0x2
 192 0065 04       		.byte	0x4
 193 0066 07       		.byte	0x7
 194 0067 04020000 		.4byte	.LASF8
 195 006b 04       		.uleb128 0x4
 196 006c 80020000 		.4byte	.LASF9
 197 0070 02       		.byte	0x2
 198 0071 9201     		.2byte	0x192
 199 0073 2C000000 		.4byte	0x2c
 200 0077 04       		.uleb128 0x4
 201 0078 5A010000 		.4byte	.LASF10
 202 007c 02       		.byte	0x2
 203 007d 9301     		.2byte	0x193
 204 007f 3A000000 		.4byte	0x3a
 205 0083 02       		.uleb128 0x2
 206 0084 04       		.byte	0x4
 207 0085 04       		.byte	0x4
 208 0086 1C000000 		.4byte	.LASF11
 209 008a 02       		.uleb128 0x2
 210 008b 08       		.byte	0x8
 211 008c 04       		.byte	0x4
 212 008d E0000000 		.4byte	.LASF12
 213 0091 02       		.uleb128 0x2
 214 0092 01       		.byte	0x1
 215 0093 08       		.byte	0x8
 216 0094 66020000 		.4byte	.LASF13
 217 0098 04       		.uleb128 0x4
 218 0099 AA000000 		.4byte	.LASF14
 219 009d 02       		.byte	0x2
 220 009e 3C02     		.2byte	0x23c
 221 00a0 A4000000 		.4byte	0xa4
 222 00a4 05       		.uleb128 0x5
 223 00a5 6B000000 		.4byte	0x6b
 224 00a9 02       		.uleb128 0x2
 225 00aa 04       		.byte	0x4
 226 00ab 07       		.byte	0x7
 227 00ac 41020000 		.4byte	.LASF15
 228 00b0 06       		.uleb128 0x6
 229 00b1 0C       		.byte	0xc
 230 00b2 03       		.byte	0x3
 231 00b3 93       		.byte	0x93
 232 00b4 25010000 		.4byte	0x125
 233 00b8 07       		.uleb128 0x7
 234 00b9 4A020000 		.4byte	.LASF16
 235 00bd 03       		.byte	0x3
ARM GAS  C:\Users\Patrick\AppData\Local\Temp\ccdt0BFk.s 			page 18


 236 00be 95       		.byte	0x95
 237 00bf 6B000000 		.4byte	0x6b
 238 00c3 00       		.byte	0
 239 00c4 07       		.uleb128 0x7
 240 00c5 AF000000 		.4byte	.LASF17
 241 00c9 03       		.byte	0x3
 242 00ca 96       		.byte	0x96
 243 00cb 6B000000 		.4byte	0x6b
 244 00cf 01       		.byte	0x1
 245 00d0 07       		.uleb128 0x7
 246 00d1 28020000 		.4byte	.LASF18
 247 00d5 03       		.byte	0x3
 248 00d6 97       		.byte	0x97
 249 00d7 6B000000 		.4byte	0x6b
 250 00db 02       		.byte	0x2
 251 00dc 07       		.uleb128 0x7
 252 00dd 6C000000 		.4byte	.LASF19
 253 00e1 03       		.byte	0x3
 254 00e2 98       		.byte	0x98
 255 00e3 6B000000 		.4byte	0x6b
 256 00e7 03       		.byte	0x3
 257 00e8 07       		.uleb128 0x7
 258 00e9 CC000000 		.4byte	.LASF20
 259 00ed 03       		.byte	0x3
 260 00ee 99       		.byte	0x99
 261 00ef 6B000000 		.4byte	0x6b
 262 00f3 04       		.byte	0x4
 263 00f4 07       		.uleb128 0x7
 264 00f5 51020000 		.4byte	.LASF21
 265 00f9 03       		.byte	0x3
 266 00fa 9A       		.byte	0x9a
 267 00fb 6B000000 		.4byte	0x6b
 268 00ff 05       		.byte	0x5
 269 0100 07       		.uleb128 0x7
 270 0101 FB000000 		.4byte	.LASF22
 271 0105 03       		.byte	0x3
 272 0106 9B       		.byte	0x9b
 273 0107 77000000 		.4byte	0x77
 274 010b 06       		.byte	0x6
 275 010c 07       		.uleb128 0x7
 276 010d 6B020000 		.4byte	.LASF23
 277 0111 03       		.byte	0x3
 278 0112 9C       		.byte	0x9c
 279 0113 77000000 		.4byte	0x77
 280 0117 08       		.byte	0x8
 281 0118 07       		.uleb128 0x7
 282 0119 86020000 		.4byte	.LASF24
 283 011d 03       		.byte	0x3
 284 011e 9D       		.byte	0x9d
 285 011f 6B000000 		.4byte	0x6b
 286 0123 0A       		.byte	0xa
 287 0124 00       		.byte	0
 288 0125 08       		.uleb128 0x8
 289 0126 35000000 		.4byte	.LASF25
 290 012a 03       		.byte	0x3
 291 012b 9E       		.byte	0x9e
 292 012c B0000000 		.4byte	0xb0
ARM GAS  C:\Users\Patrick\AppData\Local\Temp\ccdt0BFk.s 			page 19


 293 0130 06       		.uleb128 0x6
 294 0131 10       		.byte	0x10
 295 0132 03       		.byte	0x3
 296 0133 DA       		.byte	0xda
 297 0134 69010000 		.4byte	0x169
 298 0138 07       		.uleb128 0x7
 299 0139 5E000000 		.4byte	.LASF26
 300 013d 03       		.byte	0x3
 301 013e DC       		.byte	0xdc
 302 013f 6B000000 		.4byte	0x6b
 303 0143 00       		.byte	0
 304 0144 07       		.uleb128 0x7
 305 0145 65000000 		.4byte	.LASF27
 306 0149 03       		.byte	0x3
 307 014a DD       		.byte	0xdd
 308 014b 6B000000 		.4byte	0x6b
 309 014f 01       		.byte	0x1
 310 0150 07       		.uleb128 0x7
 311 0151 16000000 		.4byte	.LASF28
 312 0155 03       		.byte	0x3
 313 0156 DE       		.byte	0xde
 314 0157 6B000000 		.4byte	0x6b
 315 015b 02       		.byte	0x2
 316 015c 09       		.uleb128 0x9
 317 015d 67617000 		.ascii	"gap\000"
 318 0161 03       		.byte	0x3
 319 0162 DF       		.byte	0xdf
 320 0163 69010000 		.4byte	0x169
 321 0167 03       		.byte	0x3
 322 0168 00       		.byte	0
 323 0169 0A       		.uleb128 0xa
 324 016a 6B000000 		.4byte	0x6b
 325 016e 79010000 		.4byte	0x179
 326 0172 0B       		.uleb128 0xb
 327 0173 A9000000 		.4byte	0xa9
 328 0177 0C       		.byte	0xc
 329 0178 00       		.byte	0
 330 0179 08       		.uleb128 0x8
 331 017a E7000000 		.4byte	.LASF29
 332 017e 03       		.byte	0x3
 333 017f E0       		.byte	0xe0
 334 0180 30010000 		.4byte	0x130
 335 0184 0C       		.uleb128 0xc
 336 0185 90       		.byte	0x90
 337 0186 03       		.byte	0x3
 338 0187 1401     		.2byte	0x114
 339 0189 9B010000 		.4byte	0x19b
 340 018d 0D       		.uleb128 0xd
 341 018e D1000000 		.4byte	.LASF30
 342 0192 03       		.byte	0x3
 343 0193 1601     		.2byte	0x116
 344 0195 9B010000 		.4byte	0x19b
 345 0199 00       		.byte	0
 346 019a 00       		.byte	0
 347 019b 0A       		.uleb128 0xa
 348 019c 79010000 		.4byte	0x179
 349 01a0 AB010000 		.4byte	0x1ab
ARM GAS  C:\Users\Patrick\AppData\Local\Temp\ccdt0BFk.s 			page 20


 350 01a4 0B       		.uleb128 0xb
 351 01a5 A9000000 		.4byte	0xa9
 352 01a9 08       		.byte	0x8
 353 01aa 00       		.byte	0
 354 01ab 04       		.uleb128 0x4
 355 01ac 61010000 		.4byte	.LASF31
 356 01b0 03       		.byte	0x3
 357 01b1 1701     		.2byte	0x117
 358 01b3 84010000 		.4byte	0x184
 359 01b7 0E       		.uleb128 0xe
 360 01b8 32020000 		.4byte	.LASF32
 361 01bc 01       		.byte	0x1
 362 01bd 25       		.byte	0x25
 363 01be 00000000 		.4byte	.LFB0
 364 01c2 38000000 		.4byte	.LFE0-.LFB0
 365 01c6 01       		.uleb128 0x1
 366 01c7 9C       		.byte	0x9c
 367 01c8 0E       		.uleb128 0xe
 368 01c9 99020000 		.4byte	.LASF33
 369 01cd 01       		.byte	0x1
 370 01ce 78       		.byte	0x78
 371 01cf 00000000 		.4byte	.LFB1
 372 01d3 3C000000 		.4byte	.LFE1-.LFB1
 373 01d7 01       		.uleb128 0x1
 374 01d8 9C       		.byte	0x9c
 375 01d9 0F       		.uleb128 0xf
 376 01da 4A000000 		.4byte	.LASF37
 377 01de 01       		.byte	0x1
 378 01df D202     		.2byte	0x2d2
 379 01e1 00000000 		.4byte	.LFB2
 380 01e5 08000000 		.4byte	.LFE2-.LFB2
 381 01e9 01       		.uleb128 0x1
 382 01ea 9C       		.byte	0x9c
 383 01eb F9010000 		.4byte	0x1f9
 384 01ef 10       		.uleb128 0x10
 385 01f0 06000000 		.4byte	.LVL0
 386 01f4 19020000 		.4byte	0x219
 387 01f8 00       		.byte	0
 388 01f9 0A       		.uleb128 0xa
 389 01fa 25010000 		.4byte	0x125
 390 01fe 09020000 		.4byte	0x209
 391 0202 0B       		.uleb128 0xb
 392 0203 A9000000 		.4byte	0xa9
 393 0207 08       		.byte	0x8
 394 0208 00       		.byte	0
 395 0209 11       		.uleb128 0x11
 396 020a D7000000 		.4byte	.LASF38
 397 020e 04       		.byte	0x4
 398 020f 84       		.byte	0x84
 399 0210 14020000 		.4byte	0x214
 400 0214 05       		.uleb128 0x5
 401 0215 F9010000 		.4byte	0x1f9
 402 0219 12       		.uleb128 0x12
 403 021a 00000000 		.4byte	.LASF39
 404 021e 04       		.byte	0x4
 405 021f AF       		.byte	0xaf
 406 0220 00       		.byte	0
ARM GAS  C:\Users\Patrick\AppData\Local\Temp\ccdt0BFk.s 			page 21


 407              		.section	.debug_abbrev,"",%progbits
 408              	.Ldebug_abbrev0:
 409 0000 01       		.uleb128 0x1
 410 0001 11       		.uleb128 0x11
 411 0002 01       		.byte	0x1
 412 0003 25       		.uleb128 0x25
 413 0004 0E       		.uleb128 0xe
 414 0005 13       		.uleb128 0x13
 415 0006 0B       		.uleb128 0xb
 416 0007 03       		.uleb128 0x3
 417 0008 0E       		.uleb128 0xe
 418 0009 1B       		.uleb128 0x1b
 419 000a 0E       		.uleb128 0xe
 420 000b 55       		.uleb128 0x55
 421 000c 17       		.uleb128 0x17
 422 000d 11       		.uleb128 0x11
 423 000e 01       		.uleb128 0x1
 424 000f 10       		.uleb128 0x10
 425 0010 17       		.uleb128 0x17
 426 0011 00       		.byte	0
 427 0012 00       		.byte	0
 428 0013 02       		.uleb128 0x2
 429 0014 24       		.uleb128 0x24
 430 0015 00       		.byte	0
 431 0016 0B       		.uleb128 0xb
 432 0017 0B       		.uleb128 0xb
 433 0018 3E       		.uleb128 0x3e
 434 0019 0B       		.uleb128 0xb
 435 001a 03       		.uleb128 0x3
 436 001b 0E       		.uleb128 0xe
 437 001c 00       		.byte	0
 438 001d 00       		.byte	0
 439 001e 03       		.uleb128 0x3
 440 001f 24       		.uleb128 0x24
 441 0020 00       		.byte	0
 442 0021 0B       		.uleb128 0xb
 443 0022 0B       		.uleb128 0xb
 444 0023 3E       		.uleb128 0x3e
 445 0024 0B       		.uleb128 0xb
 446 0025 03       		.uleb128 0x3
 447 0026 08       		.uleb128 0x8
 448 0027 00       		.byte	0
 449 0028 00       		.byte	0
 450 0029 04       		.uleb128 0x4
 451 002a 16       		.uleb128 0x16
 452 002b 00       		.byte	0
 453 002c 03       		.uleb128 0x3
 454 002d 0E       		.uleb128 0xe
 455 002e 3A       		.uleb128 0x3a
 456 002f 0B       		.uleb128 0xb
 457 0030 3B       		.uleb128 0x3b
 458 0031 05       		.uleb128 0x5
 459 0032 49       		.uleb128 0x49
 460 0033 13       		.uleb128 0x13
 461 0034 00       		.byte	0
 462 0035 00       		.byte	0
 463 0036 05       		.uleb128 0x5
ARM GAS  C:\Users\Patrick\AppData\Local\Temp\ccdt0BFk.s 			page 22


 464 0037 35       		.uleb128 0x35
 465 0038 00       		.byte	0
 466 0039 49       		.uleb128 0x49
 467 003a 13       		.uleb128 0x13
 468 003b 00       		.byte	0
 469 003c 00       		.byte	0
 470 003d 06       		.uleb128 0x6
 471 003e 13       		.uleb128 0x13
 472 003f 01       		.byte	0x1
 473 0040 0B       		.uleb128 0xb
 474 0041 0B       		.uleb128 0xb
 475 0042 3A       		.uleb128 0x3a
 476 0043 0B       		.uleb128 0xb
 477 0044 3B       		.uleb128 0x3b
 478 0045 0B       		.uleb128 0xb
 479 0046 01       		.uleb128 0x1
 480 0047 13       		.uleb128 0x13
 481 0048 00       		.byte	0
 482 0049 00       		.byte	0
 483 004a 07       		.uleb128 0x7
 484 004b 0D       		.uleb128 0xd
 485 004c 00       		.byte	0
 486 004d 03       		.uleb128 0x3
 487 004e 0E       		.uleb128 0xe
 488 004f 3A       		.uleb128 0x3a
 489 0050 0B       		.uleb128 0xb
 490 0051 3B       		.uleb128 0x3b
 491 0052 0B       		.uleb128 0xb
 492 0053 49       		.uleb128 0x49
 493 0054 13       		.uleb128 0x13
 494 0055 38       		.uleb128 0x38
 495 0056 0B       		.uleb128 0xb
 496 0057 00       		.byte	0
 497 0058 00       		.byte	0
 498 0059 08       		.uleb128 0x8
 499 005a 16       		.uleb128 0x16
 500 005b 00       		.byte	0
 501 005c 03       		.uleb128 0x3
 502 005d 0E       		.uleb128 0xe
 503 005e 3A       		.uleb128 0x3a
 504 005f 0B       		.uleb128 0xb
 505 0060 3B       		.uleb128 0x3b
 506 0061 0B       		.uleb128 0xb
 507 0062 49       		.uleb128 0x49
 508 0063 13       		.uleb128 0x13
 509 0064 00       		.byte	0
 510 0065 00       		.byte	0
 511 0066 09       		.uleb128 0x9
 512 0067 0D       		.uleb128 0xd
 513 0068 00       		.byte	0
 514 0069 03       		.uleb128 0x3
 515 006a 08       		.uleb128 0x8
 516 006b 3A       		.uleb128 0x3a
 517 006c 0B       		.uleb128 0xb
 518 006d 3B       		.uleb128 0x3b
 519 006e 0B       		.uleb128 0xb
 520 006f 49       		.uleb128 0x49
ARM GAS  C:\Users\Patrick\AppData\Local\Temp\ccdt0BFk.s 			page 23


 521 0070 13       		.uleb128 0x13
 522 0071 38       		.uleb128 0x38
 523 0072 0B       		.uleb128 0xb
 524 0073 00       		.byte	0
 525 0074 00       		.byte	0
 526 0075 0A       		.uleb128 0xa
 527 0076 01       		.uleb128 0x1
 528 0077 01       		.byte	0x1
 529 0078 49       		.uleb128 0x49
 530 0079 13       		.uleb128 0x13
 531 007a 01       		.uleb128 0x1
 532 007b 13       		.uleb128 0x13
 533 007c 00       		.byte	0
 534 007d 00       		.byte	0
 535 007e 0B       		.uleb128 0xb
 536 007f 21       		.uleb128 0x21
 537 0080 00       		.byte	0
 538 0081 49       		.uleb128 0x49
 539 0082 13       		.uleb128 0x13
 540 0083 2F       		.uleb128 0x2f
 541 0084 0B       		.uleb128 0xb
 542 0085 00       		.byte	0
 543 0086 00       		.byte	0
 544 0087 0C       		.uleb128 0xc
 545 0088 13       		.uleb128 0x13
 546 0089 01       		.byte	0x1
 547 008a 0B       		.uleb128 0xb
 548 008b 0B       		.uleb128 0xb
 549 008c 3A       		.uleb128 0x3a
 550 008d 0B       		.uleb128 0xb
 551 008e 3B       		.uleb128 0x3b
 552 008f 05       		.uleb128 0x5
 553 0090 01       		.uleb128 0x1
 554 0091 13       		.uleb128 0x13
 555 0092 00       		.byte	0
 556 0093 00       		.byte	0
 557 0094 0D       		.uleb128 0xd
 558 0095 0D       		.uleb128 0xd
 559 0096 00       		.byte	0
 560 0097 03       		.uleb128 0x3
 561 0098 0E       		.uleb128 0xe
 562 0099 3A       		.uleb128 0x3a
 563 009a 0B       		.uleb128 0xb
 564 009b 3B       		.uleb128 0x3b
 565 009c 05       		.uleb128 0x5
 566 009d 49       		.uleb128 0x49
 567 009e 13       		.uleb128 0x13
 568 009f 38       		.uleb128 0x38
 569 00a0 0B       		.uleb128 0xb
 570 00a1 00       		.byte	0
 571 00a2 00       		.byte	0
 572 00a3 0E       		.uleb128 0xe
 573 00a4 2E       		.uleb128 0x2e
 574 00a5 00       		.byte	0
 575 00a6 3F       		.uleb128 0x3f
 576 00a7 19       		.uleb128 0x19
 577 00a8 03       		.uleb128 0x3
ARM GAS  C:\Users\Patrick\AppData\Local\Temp\ccdt0BFk.s 			page 24


 578 00a9 0E       		.uleb128 0xe
 579 00aa 3A       		.uleb128 0x3a
 580 00ab 0B       		.uleb128 0xb
 581 00ac 3B       		.uleb128 0x3b
 582 00ad 0B       		.uleb128 0xb
 583 00ae 27       		.uleb128 0x27
 584 00af 19       		.uleb128 0x19
 585 00b0 11       		.uleb128 0x11
 586 00b1 01       		.uleb128 0x1
 587 00b2 12       		.uleb128 0x12
 588 00b3 06       		.uleb128 0x6
 589 00b4 40       		.uleb128 0x40
 590 00b5 18       		.uleb128 0x18
 591 00b6 9742     		.uleb128 0x2117
 592 00b8 19       		.uleb128 0x19
 593 00b9 00       		.byte	0
 594 00ba 00       		.byte	0
 595 00bb 0F       		.uleb128 0xf
 596 00bc 2E       		.uleb128 0x2e
 597 00bd 01       		.byte	0x1
 598 00be 3F       		.uleb128 0x3f
 599 00bf 19       		.uleb128 0x19
 600 00c0 03       		.uleb128 0x3
 601 00c1 0E       		.uleb128 0xe
 602 00c2 3A       		.uleb128 0x3a
 603 00c3 0B       		.uleb128 0xb
 604 00c4 3B       		.uleb128 0x3b
 605 00c5 05       		.uleb128 0x5
 606 00c6 27       		.uleb128 0x27
 607 00c7 19       		.uleb128 0x19
 608 00c8 11       		.uleb128 0x11
 609 00c9 01       		.uleb128 0x1
 610 00ca 12       		.uleb128 0x12
 611 00cb 06       		.uleb128 0x6
 612 00cc 40       		.uleb128 0x40
 613 00cd 18       		.uleb128 0x18
 614 00ce 9742     		.uleb128 0x2117
 615 00d0 19       		.uleb128 0x19
 616 00d1 01       		.uleb128 0x1
 617 00d2 13       		.uleb128 0x13
 618 00d3 00       		.byte	0
 619 00d4 00       		.byte	0
 620 00d5 10       		.uleb128 0x10
 621 00d6 898201   		.uleb128 0x4109
 622 00d9 00       		.byte	0
 623 00da 11       		.uleb128 0x11
 624 00db 01       		.uleb128 0x1
 625 00dc 31       		.uleb128 0x31
 626 00dd 13       		.uleb128 0x13
 627 00de 00       		.byte	0
 628 00df 00       		.byte	0
 629 00e0 11       		.uleb128 0x11
 630 00e1 34       		.uleb128 0x34
 631 00e2 00       		.byte	0
 632 00e3 03       		.uleb128 0x3
 633 00e4 0E       		.uleb128 0xe
 634 00e5 3A       		.uleb128 0x3a
ARM GAS  C:\Users\Patrick\AppData\Local\Temp\ccdt0BFk.s 			page 25


 635 00e6 0B       		.uleb128 0xb
 636 00e7 3B       		.uleb128 0x3b
 637 00e8 0B       		.uleb128 0xb
 638 00e9 49       		.uleb128 0x49
 639 00ea 13       		.uleb128 0x13
 640 00eb 3F       		.uleb128 0x3f
 641 00ec 19       		.uleb128 0x19
 642 00ed 3C       		.uleb128 0x3c
 643 00ee 19       		.uleb128 0x19
 644 00ef 00       		.byte	0
 645 00f0 00       		.byte	0
 646 00f1 12       		.uleb128 0x12
 647 00f2 2E       		.uleb128 0x2e
 648 00f3 00       		.byte	0
 649 00f4 3F       		.uleb128 0x3f
 650 00f5 19       		.uleb128 0x19
 651 00f6 03       		.uleb128 0x3
 652 00f7 0E       		.uleb128 0xe
 653 00f8 3A       		.uleb128 0x3a
 654 00f9 0B       		.uleb128 0xb
 655 00fa 3B       		.uleb128 0x3b
 656 00fb 0B       		.uleb128 0xb
 657 00fc 27       		.uleb128 0x27
 658 00fd 19       		.uleb128 0x19
 659 00fe 3C       		.uleb128 0x3c
 660 00ff 19       		.uleb128 0x19
 661 0100 00       		.byte	0
 662 0101 00       		.byte	0
 663 0102 00       		.byte	0
 664              		.section	.debug_aranges,"",%progbits
 665 0000 2C000000 		.4byte	0x2c
 666 0004 0200     		.2byte	0x2
 667 0006 00000000 		.4byte	.Ldebug_info0
 668 000a 04       		.byte	0x4
 669 000b 00       		.byte	0
 670 000c 0000     		.2byte	0
 671 000e 0000     		.2byte	0
 672 0010 00000000 		.4byte	.LFB0
 673 0014 38000000 		.4byte	.LFE0-.LFB0
 674 0018 00000000 		.4byte	.LFB1
 675 001c 3C000000 		.4byte	.LFE1-.LFB1
 676 0020 00000000 		.4byte	.LFB2
 677 0024 08000000 		.4byte	.LFE2-.LFB2
 678 0028 00000000 		.4byte	0
 679 002c 00000000 		.4byte	0
 680              		.section	.debug_ranges,"",%progbits
 681              	.Ldebug_ranges0:
 682 0000 00000000 		.4byte	.LFB0
 683 0004 38000000 		.4byte	.LFE0
 684 0008 00000000 		.4byte	.LFB1
 685 000c 3C000000 		.4byte	.LFE1
 686 0010 00000000 		.4byte	.LFB2
 687 0014 08000000 		.4byte	.LFE2
 688 0018 00000000 		.4byte	0
 689 001c 00000000 		.4byte	0
 690              		.section	.debug_line,"",%progbits
 691              	.Ldebug_line0:
ARM GAS  C:\Users\Patrick\AppData\Local\Temp\ccdt0BFk.s 			page 26


 692 0000 B2000000 		.section	.debug_str,"MS",%progbits,1
 692      02006400 
 692      00000201 
 692      FB0E0D00 
 692      01010101 
 693              	.LASF39:
 694 0000 55534246 		.ascii	"USBFS_ReInitComponent\000"
 694      535F5265 
 694      496E6974 
 694      436F6D70 
 694      6F6E656E 
 695              	.LASF28:
 696 0016 65704372 		.ascii	"epCr0\000"
 696      3000
 697              	.LASF11:
 698 001c 666C6F61 		.ascii	"float\000"
 698      7400
 699              	.LASF3:
 700 0022 73686F72 		.ascii	"short unsigned int\000"
 700      7420756E 
 700      7369676E 
 700      65642069 
 700      6E7400
 701              	.LASF25:
 702 0035 545F5553 		.ascii	"T_USBFS_EP_CTL_BLOCK\000"
 702      4246535F 
 702      45505F43 
 702      544C5F42 
 702      4C4F434B 
 703              	.LASF37:
 704 004a 55534246 		.ascii	"USBFS_BUS_RESET_ISR\000"
 704      535F4255 
 704      535F5245 
 704      5345545F 
 704      49535200 
 705              	.LASF26:
 706 005e 6570436E 		.ascii	"epCnt0\000"
 706      743000
 707              	.LASF27:
 708 0065 6570436E 		.ascii	"epCnt1\000"
 708      743100
 709              	.LASF19:
 710 006c 6570546F 		.ascii	"epToggle\000"
 710      67676C65 
 710      00
 711              	.LASF1:
 712 0075 756E7369 		.ascii	"unsigned char\000"
 712      676E6564 
 712      20636861 
 712      7200
 713              	.LASF35:
 714 0083 2E5C4765 		.ascii	".\\Generated_Source\\PSoC5\\USBFS_episr.c\000"
 714      6E657261 
 714      7465645F 
 714      536F7572 
 714      63655C50 
 715              	.LASF14:
ARM GAS  C:\Users\Patrick\AppData\Local\Temp\ccdt0BFk.s 			page 27


 716 00aa 72656738 		.ascii	"reg8\000"
 716      00
 717              	.LASF17:
 718 00af 61706945 		.ascii	"apiEpState\000"
 718      70537461 
 718      746500
 719              	.LASF5:
 720 00ba 6C6F6E67 		.ascii	"long unsigned int\000"
 720      20756E73 
 720      69676E65 
 720      6420696E 
 720      7400
 721              	.LASF20:
 722 00cc 61646472 		.ascii	"addr\000"
 722      00
 723              	.LASF30:
 724 00d1 73696545 		.ascii	"sieEp\000"
 724      7000
 725              	.LASF38:
 726 00d7 55534246 		.ascii	"USBFS_EP\000"
 726      535F4550 
 726      00
 727              	.LASF12:
 728 00e0 646F7562 		.ascii	"double\000"
 728      6C6500
 729              	.LASF29:
 730 00e7 55534246 		.ascii	"USBFS_sie_ep_struct\000"
 730      535F7369 
 730      655F6570 
 730      5F737472 
 730      75637400 
 731              	.LASF22:
 732 00fb 62756666 		.ascii	"buffOffset\000"
 732      4F666673 
 732      657400
 733              	.LASF36:
 734 0106 433A5C55 		.ascii	"C:\\Users\\Patrick\\Documents\\GitHub\\PSoC 5LP FIl"
 734      73657273 
 734      5C506174 
 734      7269636B 
 734      5C446F63 
 735 0134 65735C43 		.ascii	"es\\C-CAN_PSoC_DevKit\\Bootloader.cydsn\000"
 735      2D43414E 
 735      5F50536F 
 735      435F4465 
 735      764B6974 
 736              	.LASF10:
 737 015a 75696E74 		.ascii	"uint16\000"
 737      313600
 738              	.LASF31:
 739 0161 55534246 		.ascii	"USBFS_sie_eps_struct\000"
 739      535F7369 
 739      655F6570 
 739      735F7374 
 739      72756374 
 740              	.LASF34:
 741 0176 474E5520 		.ascii	"GNU C 4.9.3 20150303 (release) [ARM/embedded-4_9-br"
ARM GAS  C:\Users\Patrick\AppData\Local\Temp\ccdt0BFk.s 			page 28


 741      4320342E 
 741      392E3320 
 741      32303135 
 741      30333033 
 742 01a9 616E6368 		.ascii	"anch revision 221220] -mcpu=cortex-m3 -mthumb -g -O"
 742      20726576 
 742      6973696F 
 742      6E203232 
 742      31323230 
 743 01dc 67202D66 		.ascii	"g -ffunction-sections -ffat-lto-objects\000"
 743      66756E63 
 743      74696F6E 
 743      2D736563 
 743      74696F6E 
 744              	.LASF8:
 745 0204 756E7369 		.ascii	"unsigned int\000"
 745      676E6564 
 745      20696E74 
 745      00
 746              	.LASF7:
 747 0211 6C6F6E67 		.ascii	"long long unsigned int\000"
 747      206C6F6E 
 747      6720756E 
 747      7369676E 
 747      65642069 
 748              	.LASF18:
 749 0228 68774570 		.ascii	"hwEpState\000"
 749      53746174 
 749      6500
 750              	.LASF32:
 751 0232 55534246 		.ascii	"USBFS_EP_1_ISR\000"
 751      535F4550 
 751      5F315F49 
 751      535200
 752              	.LASF15:
 753 0241 73697A65 		.ascii	"sizetype\000"
 753      74797065 
 753      00
 754              	.LASF16:
 755 024a 61747472 		.ascii	"attrib\000"
 755      696200
 756              	.LASF21:
 757 0251 65704D6F 		.ascii	"epMode\000"
 757      646500
 758              	.LASF6:
 759 0258 6C6F6E67 		.ascii	"long long int\000"
 759      206C6F6E 
 759      6720696E 
 759      7400
 760              	.LASF13:
 761 0266 63686172 		.ascii	"char\000"
 761      00
 762              	.LASF23:
 763 026b 62756666 		.ascii	"bufferSize\000"
 763      65725369 
 763      7A6500
 764              	.LASF2:
ARM GAS  C:\Users\Patrick\AppData\Local\Temp\ccdt0BFk.s 			page 29


 765 0276 73686F72 		.ascii	"short int\000"
 765      7420696E 
 765      7400
 766              	.LASF9:
 767 0280 75696E74 		.ascii	"uint8\000"
 767      3800
 768              	.LASF24:
 769 0286 696E7465 		.ascii	"interface\000"
 769      72666163 
 769      6500
 770              	.LASF4:
 771 0290 6C6F6E67 		.ascii	"long int\000"
 771      20696E74 
 771      00
 772              	.LASF33:
 773 0299 55534246 		.ascii	"USBFS_EP_2_ISR\000"
 773      535F4550 
 773      5F325F49 
 773      535200
 774              	.LASF0:
 775 02a8 7369676E 		.ascii	"signed char\000"
 775      65642063 
 775      68617200 
 776              		.ident	"GCC: (GNU Tools for ARM Embedded Processors) 4.9.3 20150303 (release) [ARM/embedded-4_9-br
