ARM GAS  C:\Users\Patrick\AppData\Local\Temp\ccgHau69.s 			page 1


   1              		.syntax unified
   2              		.cpu cortex-m3
   3              		.fpu softvfp
   4              		.eabi_attribute 20, 1
   5              		.eabi_attribute 21, 1
   6              		.eabi_attribute 23, 3
   7              		.eabi_attribute 24, 1
   8              		.eabi_attribute 25, 1
   9              		.eabi_attribute 26, 1
  10              		.eabi_attribute 30, 1
  11              		.eabi_attribute 34, 1
  12              		.eabi_attribute 18, 4
  13              		.thumb
  14              		.file	"USBFS_descr.c"
  15              		.text
  16              	.Ltext0:
  17              		.cfi_sections	.debug_frame
  18              		.global	USBFS_TABLE
  19              		.global	USBFS_DEVICE0_TABLE
  20              		.global	USBFS_DEVICE0_CONFIGURATION0_TABLE
  21              		.global	USBFS_DEVICE0_CONFIGURATION0_INTERFACE_CLASS
  22              		.global	USBFS_DEVICE0_CONFIGURATION0_EP_SETTINGS_TABLE
  23              		.global	USBFS_DEVICE0_CONFIGURATION0_INTERFACE0_TABLE
  24              		.global	USBFS_DEVICE0_CONFIGURATION0_INTERFACE0_ALTERNATE0_HID_TABLE
  25              		.global	USBFS_DEVICE0_CONFIGURATION0_INTERFACE0_ALTERNATE0_HID_OUT_RPT_TABLE
  26              		.comm	USBFS_DEVICE0_CONFIGURATION0_INTERFACE0_ALTERNATE0_HID_OUT_BUF,65,4
  27              		.comm	USBFS_DEVICE0_CONFIGURATION0_INTERFACE0_ALTERNATE0_HID_OUT_RPT_SCB,4,4
  28              		.global	USBFS_DEVICE0_CONFIGURATION0_INTERFACE0_ALTERNATE0_HID_IN_RPT_TABLE
  29              		.comm	USBFS_DEVICE0_CONFIGURATION0_INTERFACE0_ALTERNATE0_HID_IN_BUF,65,4
  30              		.comm	USBFS_DEVICE0_CONFIGURATION0_INTERFACE0_ALTERNATE0_HID_IN_RPT_SCB,4,4
  31              		.global	USBFS_HIDREPORT_DESCRIPTOR1
  32              		.global	USBFS_SN_STRING_DESCRIPTOR
  33              		.global	USBFS_STRING_DESCRIPTORS
  34              		.global	USBFS_DEVICE0_CONFIGURATION0_DESCR
  35              		.global	USBFS_DEVICE0_DESCR
  36              		.section	.rodata
  37              		.align	2
  38              		.type	USBFS_TABLE, %object
  39              		.size	USBFS_TABLE, 8
  40              	USBFS_TABLE:
  41 0000 01       		.byte	1
  42 0001 000000   		.space	3
  43 0004 00000000 		.word	USBFS_DEVICE0_TABLE
  44              		.type	USBFS_DEVICE0_TABLE, %object
  45              		.size	USBFS_DEVICE0_TABLE, 24
  46              	USBFS_DEVICE0_TABLE:
  47 0008 01       		.byte	1
  48 0009 000000   		.space	3
  49 000c 00000000 		.word	USBFS_DEVICE0_DESCR
  50 0010 00       		.byte	0
  51 0011 000000   		.space	3
  52 0014 00000000 		.word	0
  53 0018 01       		.byte	1
  54 0019 000000   		.space	3
  55 001c 00000000 		.word	USBFS_DEVICE0_CONFIGURATION0_TABLE
  56              		.type	USBFS_DEVICE0_CONFIGURATION0_TABLE, %object
  57              		.size	USBFS_DEVICE0_CONFIGURATION0_TABLE, 32
ARM GAS  C:\Users\Patrick\AppData\Local\Temp\ccgHau69.s 			page 2


  58              	USBFS_DEVICE0_CONFIGURATION0_TABLE:
  59 0020 01       		.byte	1
  60 0021 000000   		.space	3
  61 0024 00000000 		.word	USBFS_DEVICE0_CONFIGURATION0_DESCR
  62 0028 02       		.byte	2
  63 0029 000000   		.space	3
  64 002c 00000000 		.word	USBFS_DEVICE0_CONFIGURATION0_EP_SETTINGS_TABLE
  65 0030 01       		.byte	1
  66 0031 000000   		.space	3
  67 0034 00000000 		.word	USBFS_DEVICE0_CONFIGURATION0_INTERFACE0_TABLE
  68 0038 00       		.byte	0
  69 0039 000000   		.space	3
  70 003c 00000000 		.word	USBFS_DEVICE0_CONFIGURATION0_INTERFACE_CLASS
  71              		.type	USBFS_DEVICE0_CONFIGURATION0_INTERFACE_CLASS, %object
  72              		.size	USBFS_DEVICE0_CONFIGURATION0_INTERFACE_CLASS, 1
  73              	USBFS_DEVICE0_CONFIGURATION0_INTERFACE_CLASS:
  74 0040 03       		.byte	3
  75 0041 000000   		.space	3
  76              		.type	USBFS_DEVICE0_CONFIGURATION0_EP_SETTINGS_TABLE, %object
  77              		.size	USBFS_DEVICE0_CONFIGURATION0_EP_SETTINGS_TABLE, 16
  78              	USBFS_DEVICE0_CONFIGURATION0_EP_SETTINGS_TABLE:
  79 0044 00       		.byte	0
  80 0045 00       		.byte	0
  81 0046 01       		.byte	1
  82 0047 03       		.byte	3
  83 0048 4000     		.short	64
  84 004a 03       		.byte	3
  85 004b 00       		.space	1
  86 004c 00       		.byte	0
  87 004d 00       		.byte	0
  88 004e 82       		.byte	-126
  89 004f 03       		.byte	3
  90 0050 4000     		.short	64
  91 0052 03       		.byte	3
  92 0053 00       		.space	1
  93              		.type	USBFS_DEVICE0_CONFIGURATION0_INTERFACE0_TABLE, %object
  94              		.size	USBFS_DEVICE0_CONFIGURATION0_INTERFACE0_TABLE, 8
  95              	USBFS_DEVICE0_CONFIGURATION0_INTERFACE0_TABLE:
  96 0054 01       		.byte	1
  97 0055 000000   		.space	3
  98 0058 00000000 		.word	USBFS_DEVICE0_CONFIGURATION0_INTERFACE0_ALTERNATE0_HID_TABLE
  99              		.type	USBFS_DEVICE0_CONFIGURATION0_INTERFACE0_ALTERNATE0_HID_TABLE, %object
 100              		.size	USBFS_DEVICE0_CONFIGURATION0_INTERFACE0_ALTERNATE0_HID_TABLE, 40
 101              	USBFS_DEVICE0_CONFIGURATION0_INTERFACE0_ALTERNATE0_HID_TABLE:
 102 005c 00       		.byte	0
 103 005d 000000   		.space	3
 104 0060 00000000 		.word	USBFS_DEVICE0_CONFIGURATION0_INTERFACE0_ALTERNATE0_HID_IN_RPT_TABLE
 105 0064 00       		.byte	0
 106 0065 000000   		.space	3
 107 0068 00000000 		.word	USBFS_DEVICE0_CONFIGURATION0_INTERFACE0_ALTERNATE0_HID_OUT_RPT_TABLE
 108 006c 00       		.byte	0
 109 006d 000000   		.space	3
 110 0070 00000000 		.word	0
 111 0074 01       		.byte	1
 112 0075 000000   		.space	3
 113 0078 00000000 		.word	USBFS_HIDREPORT_DESCRIPTOR1
 114 007c 01       		.byte	1
ARM GAS  C:\Users\Patrick\AppData\Local\Temp\ccgHau69.s 			page 3


 115 007d 000000   		.space	3
 116 0080 12000000 		.word	USBFS_DEVICE0_CONFIGURATION0_DESCR+18
 117              		.type	USBFS_DEVICE0_CONFIGURATION0_INTERFACE0_ALTERNATE0_HID_OUT_RPT_TABLE, %object
 118              		.size	USBFS_DEVICE0_CONFIGURATION0_INTERFACE0_ALTERNATE0_HID_OUT_RPT_TABLE, 12
 119              	USBFS_DEVICE0_CONFIGURATION0_INTERFACE0_ALTERNATE0_HID_OUT_RPT_TABLE:
 120 0084 4100     		.short	65
 121 0086 0000     		.space	2
 122 0088 00000000 		.word	USBFS_DEVICE0_CONFIGURATION0_INTERFACE0_ALTERNATE0_HID_OUT_BUF
 123 008c 00000000 		.word	USBFS_DEVICE0_CONFIGURATION0_INTERFACE0_ALTERNATE0_HID_OUT_RPT_SCB
 124              		.type	USBFS_DEVICE0_CONFIGURATION0_INTERFACE0_ALTERNATE0_HID_IN_RPT_TABLE, %object
 125              		.size	USBFS_DEVICE0_CONFIGURATION0_INTERFACE0_ALTERNATE0_HID_IN_RPT_TABLE, 12
 126              	USBFS_DEVICE0_CONFIGURATION0_INTERFACE0_ALTERNATE0_HID_IN_RPT_TABLE:
 127 0090 4100     		.short	65
 128 0092 0000     		.space	2
 129 0094 00000000 		.word	USBFS_DEVICE0_CONFIGURATION0_INTERFACE0_ALTERNATE0_HID_IN_BUF
 130 0098 00000000 		.word	USBFS_DEVICE0_CONFIGURATION0_INTERFACE0_ALTERNATE0_HID_IN_RPT_SCB
 131              		.type	USBFS_HIDREPORT_DESCRIPTOR1, %object
 132              		.size	USBFS_HIDREPORT_DESCRIPTOR1, 40
 133              	USBFS_HIDREPORT_DESCRIPTOR1:
 134 009c 24       		.byte	36
 135 009d 00       		.byte	0
 136 009e 05       		.byte	5
 137 009f 01       		.byte	1
 138 00a0 09       		.byte	9
 139 00a1 00       		.byte	0
 140 00a2 A1       		.byte	-95
 141 00a3 00       		.byte	0
 142 00a4 09       		.byte	9
 143 00a5 00       		.byte	0
 144 00a6 A1       		.byte	-95
 145 00a7 00       		.byte	0
 146 00a8 09       		.byte	9
 147 00a9 00       		.byte	0
 148 00aa 15       		.byte	21
 149 00ab 00       		.byte	0
 150 00ac 25       		.byte	37
 151 00ad FF       		.byte	-1
 152 00ae 75       		.byte	117
 153 00af 08       		.byte	8
 154 00b0 95       		.byte	-107
 155 00b1 40       		.byte	64
 156 00b2 91       		.byte	-111
 157 00b3 02       		.byte	2
 158 00b4 09       		.byte	9
 159 00b5 00       		.byte	0
 160 00b6 15       		.byte	21
 161 00b7 00       		.byte	0
 162 00b8 25       		.byte	37
 163 00b9 FF       		.byte	-1
 164 00ba 75       		.byte	117
 165 00bb 08       		.byte	8
 166 00bc 95       		.byte	-107
 167 00bd 40       		.byte	64
 168 00be 81       		.byte	-127
 169 00bf 02       		.byte	2
 170 00c0 C0       		.byte	-64
 171 00c1 C0       		.byte	-64
ARM GAS  C:\Users\Patrick\AppData\Local\Temp\ccgHau69.s 			page 4


 172 00c2 00       		.byte	0
 173 00c3 00       		.byte	0
 174              		.type	USBFS_SN_STRING_DESCRIPTOR, %object
 175              		.size	USBFS_SN_STRING_DESCRIPTOR, 10
 176              	USBFS_SN_STRING_DESCRIPTOR:
 177 00c4 0A       		.byte	10
 178 00c5 03       		.byte	3
 179 00c6 30       		.byte	48
 180 00c7 00       		.byte	0
 181 00c8 30       		.byte	48
 182 00c9 00       		.byte	0
 183 00ca 30       		.byte	48
 184 00cb 00       		.byte	0
 185 00cc 31       		.byte	49
 186 00cd 00       		.byte	0
 187 00ce 0000     		.space	2
 188              		.type	USBFS_STRING_DESCRIPTORS, %object
 189              		.size	USBFS_STRING_DESCRIPTORS, 83
 190              	USBFS_STRING_DESCRIPTORS:
 191 00d0 04       		.byte	4
 192 00d1 03       		.byte	3
 193 00d2 09       		.byte	9
 194 00d3 04       		.byte	4
 195 00d4 2C       		.byte	44
 196 00d5 03       		.byte	3
 197 00d6 43       		.byte	67
 198 00d7 00       		.byte	0
 199 00d8 79       		.byte	121
 200 00d9 00       		.byte	0
 201 00da 70       		.byte	112
 202 00db 00       		.byte	0
 203 00dc 72       		.byte	114
 204 00dd 00       		.byte	0
 205 00de 65       		.byte	101
 206 00df 00       		.byte	0
 207 00e0 73       		.byte	115
 208 00e1 00       		.byte	0
 209 00e2 73       		.byte	115
 210 00e3 00       		.byte	0
 211 00e4 20       		.byte	32
 212 00e5 00       		.byte	0
 213 00e6 53       		.byte	83
 214 00e7 00       		.byte	0
 215 00e8 65       		.byte	101
 216 00e9 00       		.byte	0
 217 00ea 6D       		.byte	109
 218 00eb 00       		.byte	0
 219 00ec 69       		.byte	105
 220 00ed 00       		.byte	0
 221 00ee 63       		.byte	99
 222 00ef 00       		.byte	0
 223 00f0 6F       		.byte	111
 224 00f1 00       		.byte	0
 225 00f2 6E       		.byte	110
 226 00f3 00       		.byte	0
 227 00f4 64       		.byte	100
 228 00f5 00       		.byte	0
ARM GAS  C:\Users\Patrick\AppData\Local\Temp\ccgHau69.s 			page 5


 229 00f6 75       		.byte	117
 230 00f7 00       		.byte	0
 231 00f8 63       		.byte	99
 232 00f9 00       		.byte	0
 233 00fa 74       		.byte	116
 234 00fb 00       		.byte	0
 235 00fc 6F       		.byte	111
 236 00fd 00       		.byte	0
 237 00fe 72       		.byte	114
 238 00ff 00       		.byte	0
 239 0100 22       		.byte	34
 240 0101 03       		.byte	3
 241 0102 50       		.byte	80
 242 0103 00       		.byte	0
 243 0104 53       		.byte	83
 244 0105 00       		.byte	0
 245 0106 6F       		.byte	111
 246 0107 00       		.byte	0
 247 0108 43       		.byte	67
 248 0109 00       		.byte	0
 249 010a 33       		.byte	51
 250 010b 00       		.byte	0
 251 010c 20       		.byte	32
 252 010d 00       		.byte	0
 253 010e 42       		.byte	66
 254 010f 00       		.byte	0
 255 0110 6F       		.byte	111
 256 0111 00       		.byte	0
 257 0112 6F       		.byte	111
 258 0113 00       		.byte	0
 259 0114 74       		.byte	116
 260 0115 00       		.byte	0
 261 0116 6C       		.byte	108
 262 0117 00       		.byte	0
 263 0118 6F       		.byte	111
 264 0119 00       		.byte	0
 265 011a 61       		.byte	97
 266 011b 00       		.byte	0
 267 011c 64       		.byte	100
 268 011d 00       		.byte	0
 269 011e 65       		.byte	101
 270 011f 00       		.byte	0
 271 0120 72       		.byte	114
 272 0121 00       		.byte	0
 273 0122 00       		.byte	0
 274 0123 00       		.space	1
 275              		.type	USBFS_DEVICE0_CONFIGURATION0_DESCR, %object
 276              		.size	USBFS_DEVICE0_CONFIGURATION0_DESCR, 41
 277              	USBFS_DEVICE0_CONFIGURATION0_DESCR:
 278 0124 09       		.byte	9
 279 0125 02       		.byte	2
 280 0126 29       		.byte	41
 281 0127 00       		.byte	0
 282 0128 01       		.byte	1
 283 0129 01       		.byte	1
 284 012a 00       		.byte	0
 285 012b 80       		.byte	-128
ARM GAS  C:\Users\Patrick\AppData\Local\Temp\ccgHau69.s 			page 6


 286 012c 32       		.byte	50
 287 012d 09       		.byte	9
 288 012e 04       		.byte	4
 289 012f 00       		.byte	0
 290 0130 00       		.byte	0
 291 0131 02       		.byte	2
 292 0132 03       		.byte	3
 293 0133 00       		.byte	0
 294 0134 00       		.byte	0
 295 0135 02       		.byte	2
 296 0136 09       		.byte	9
 297 0137 21       		.byte	33
 298 0138 11       		.byte	17
 299 0139 01       		.byte	1
 300 013a 00       		.byte	0
 301 013b 01       		.byte	1
 302 013c 22       		.byte	34
 303 013d 24       		.byte	36
 304 013e 00       		.byte	0
 305 013f 07       		.byte	7
 306 0140 05       		.byte	5
 307 0141 01       		.byte	1
 308 0142 03       		.byte	3
 309 0143 40       		.byte	64
 310 0144 00       		.byte	0
 311 0145 01       		.byte	1
 312 0146 07       		.byte	7
 313 0147 05       		.byte	5
 314 0148 82       		.byte	-126
 315 0149 03       		.byte	3
 316 014a 40       		.byte	64
 317 014b 00       		.byte	0
 318 014c 01       		.byte	1
 319 014d 000000   		.space	3
 320              		.type	USBFS_DEVICE0_DESCR, %object
 321              		.size	USBFS_DEVICE0_DESCR, 18
 322              	USBFS_DEVICE0_DESCR:
 323 0150 12       		.byte	18
 324 0151 01       		.byte	1
 325 0152 00       		.byte	0
 326 0153 02       		.byte	2
 327 0154 00       		.byte	0
 328 0155 00       		.byte	0
 329 0156 00       		.byte	0
 330 0157 08       		.byte	8
 331 0158 B4       		.byte	-76
 332 0159 04       		.byte	4
 333 015a 1D       		.byte	29
 334 015b B7       		.byte	-73
 335 015c 01       		.byte	1
 336 015d 30       		.byte	48
 337 015e 01       		.byte	1
 338 015f 02       		.byte	2
 339 0160 80       		.byte	-128
 340 0161 01       		.byte	1
 341 0162 0000     		.text
 342              	.Letext0:
ARM GAS  C:\Users\Patrick\AppData\Local\Temp\ccgHau69.s 			page 7


 343              		.file 1 ".\\Generated_Source\\PSoC5\\cytypes.h"
 344              		.file 2 ".\\Generated_Source\\PSoC5\\USBFS.h"
 345              		.file 3 ".\\Generated_Source\\PSoC5\\USBFS_descr.c"
 346              		.section	.debug_info,"",%progbits
 347              	.Ldebug_info0:
 348 0000 E0030000 		.4byte	0x3e0
 349 0004 0400     		.2byte	0x4
 350 0006 00000000 		.4byte	.Ldebug_abbrev0
 351 000a 04       		.byte	0x4
 352 000b 01       		.uleb128 0x1
 353 000c 00040000 		.4byte	.LASF49
 354 0010 01       		.byte	0x1
 355 0011 AD040000 		.4byte	.LASF50
 356 0015 E5020000 		.4byte	.LASF51
 357 0019 00000000 		.4byte	.Ldebug_line0
 358 001d 02       		.uleb128 0x2
 359 001e 01       		.byte	0x1
 360 001f 06       		.byte	0x6
 361 0020 67050000 		.4byte	.LASF0
 362 0024 02       		.uleb128 0x2
 363 0025 01       		.byte	0x1
 364 0026 08       		.byte	0x8
 365 0027 E9030000 		.4byte	.LASF1
 366 002b 02       		.uleb128 0x2
 367 002c 02       		.byte	0x2
 368 002d 05       		.byte	0x5
 369 002e DF040000 		.4byte	.LASF2
 370 0032 02       		.uleb128 0x2
 371 0033 02       		.byte	0x2
 372 0034 07       		.byte	0x7
 373 0035 17010000 		.4byte	.LASF3
 374 0039 02       		.uleb128 0x2
 375 003a 04       		.byte	0x4
 376 003b 05       		.byte	0x5
 377 003c 57050000 		.4byte	.LASF4
 378 0040 02       		.uleb128 0x2
 379 0041 04       		.byte	0x4
 380 0042 07       		.byte	0x7
 381 0043 92030000 		.4byte	.LASF5
 382 0047 02       		.uleb128 0x2
 383 0048 08       		.byte	0x8
 384 0049 05       		.byte	0x5
 385 004a 8E040000 		.4byte	.LASF6
 386 004e 02       		.uleb128 0x2
 387 004f 08       		.byte	0x8
 388 0050 07       		.byte	0x7
 389 0051 B1030000 		.4byte	.LASF7
 390 0055 03       		.uleb128 0x3
 391 0056 04       		.byte	0x4
 392 0057 05       		.byte	0x5
 393 0058 696E7400 		.ascii	"int\000"
 394 005c 02       		.uleb128 0x2
 395 005d 04       		.byte	0x4
 396 005e 07       		.byte	0x7
 397 005f A4030000 		.4byte	.LASF8
 398 0063 04       		.uleb128 0x4
 399 0064 47050000 		.4byte	.LASF9
ARM GAS  C:\Users\Patrick\AppData\Local\Temp\ccgHau69.s 			page 8


 400 0068 01       		.byte	0x1
 401 0069 9201     		.2byte	0x192
 402 006b 24000000 		.4byte	0x24
 403 006f 04       		.uleb128 0x4
 404 0070 39030000 		.4byte	.LASF10
 405 0074 01       		.byte	0x1
 406 0075 9301     		.2byte	0x193
 407 0077 32000000 		.4byte	0x32
 408 007b 02       		.uleb128 0x2
 409 007c 04       		.byte	0x4
 410 007d 04       		.byte	0x4
 411 007e 9F010000 		.4byte	.LASF11
 412 0082 02       		.uleb128 0x2
 413 0083 08       		.byte	0x8
 414 0084 04       		.byte	0x4
 415 0085 DE020000 		.4byte	.LASF12
 416 0089 02       		.uleb128 0x2
 417 008a 01       		.byte	0x1
 418 008b 08       		.byte	0x8
 419 008c A8040000 		.4byte	.LASF13
 420 0090 05       		.uleb128 0x5
 421 0091 63000000 		.4byte	0x63
 422 0095 02       		.uleb128 0x2
 423 0096 04       		.byte	0x4
 424 0097 07       		.byte	0x7
 425 0098 F7030000 		.4byte	.LASF14
 426 009c 06       		.uleb128 0x6
 427 009d 08       		.byte	0x8
 428 009e 02       		.byte	0x2
 429 009f A0       		.byte	0xa0
 430 00a0 ED000000 		.4byte	0xed
 431 00a4 07       		.uleb128 0x7
 432 00a5 4D050000 		.4byte	.LASF15
 433 00a9 02       		.byte	0x2
 434 00aa A2       		.byte	0xa2
 435 00ab 63000000 		.4byte	0x63
 436 00af 00       		.byte	0
 437 00b0 07       		.uleb128 0x7
 438 00b1 89010000 		.4byte	.LASF16
 439 00b5 02       		.byte	0x2
 440 00b6 A3       		.byte	0xa3
 441 00b7 63000000 		.4byte	0x63
 442 00bb 01       		.byte	0x1
 443 00bc 07       		.uleb128 0x7
 444 00bd 45020000 		.4byte	.LASF17
 445 00c1 02       		.byte	0x2
 446 00c2 A4       		.byte	0xa4
 447 00c3 63000000 		.4byte	0x63
 448 00c7 02       		.byte	0x2
 449 00c8 07       		.uleb128 0x7
 450 00c9 FD010000 		.4byte	.LASF18
 451 00cd 02       		.byte	0x2
 452 00ce A5       		.byte	0xa5
 453 00cf 63000000 		.4byte	0x63
 454 00d3 03       		.byte	0x3
 455 00d4 07       		.uleb128 0x7
 456 00d5 D4040000 		.4byte	.LASF19
ARM GAS  C:\Users\Patrick\AppData\Local\Temp\ccgHau69.s 			page 9


 457 00d9 02       		.byte	0x2
 458 00da A6       		.byte	0xa6
 459 00db 6F000000 		.4byte	0x6f
 460 00df 04       		.byte	0x4
 461 00e0 07       		.uleb128 0x7
 462 00e1 7A050000 		.4byte	.LASF20
 463 00e5 02       		.byte	0x2
 464 00e6 A7       		.byte	0xa7
 465 00e7 63000000 		.4byte	0x63
 466 00eb 06       		.byte	0x6
 467 00ec 00       		.byte	0
 468 00ed 08       		.uleb128 0x8
 469 00ee CF030000 		.4byte	.LASF21
 470 00f2 02       		.byte	0x2
 471 00f3 A8       		.byte	0xa8
 472 00f4 9C000000 		.4byte	0x9c
 473 00f8 06       		.uleb128 0x6
 474 00f9 04       		.byte	0x4
 475 00fa 02       		.byte	0x2
 476 00fb AA       		.byte	0xaa
 477 00fc 19010000 		.4byte	0x119
 478 0100 07       		.uleb128 0x7
 479 0101 60050000 		.4byte	.LASF22
 480 0105 02       		.byte	0x2
 481 0106 AC       		.byte	0xac
 482 0107 63000000 		.4byte	0x63
 483 010b 00       		.byte	0
 484 010c 07       		.uleb128 0x7
 485 010d 73050000 		.4byte	.LASF23
 486 0111 02       		.byte	0x2
 487 0112 AD       		.byte	0xad
 488 0113 6F000000 		.4byte	0x6f
 489 0117 02       		.byte	0x2
 490 0118 00       		.byte	0
 491 0119 08       		.uleb128 0x8
 492 011a 08020000 		.4byte	.LASF24
 493 011e 02       		.byte	0x2
 494 011f AE       		.byte	0xae
 495 0120 F8000000 		.4byte	0xf8
 496 0124 06       		.uleb128 0x6
 497 0125 0C       		.byte	0xc
 498 0126 02       		.byte	0x2
 499 0127 B0       		.byte	0xb0
 500 0128 51010000 		.4byte	0x151
 501 012c 07       		.uleb128 0x7
 502 012d E3000000 		.4byte	.LASF25
 503 0131 02       		.byte	0x2
 504 0132 B2       		.byte	0xb2
 505 0133 6F000000 		.4byte	0x6f
 506 0137 00       		.byte	0
 507 0138 07       		.uleb128 0x7
 508 0139 83010000 		.4byte	.LASF26
 509 013d 02       		.byte	0x2
 510 013e B3       		.byte	0xb3
 511 013f 51010000 		.4byte	0x151
 512 0143 04       		.byte	0x4
 513 0144 07       		.uleb128 0x7
ARM GAS  C:\Users\Patrick\AppData\Local\Temp\ccgHau69.s 			page 10


 514 0145 14000000 		.4byte	.LASF27
 515 0149 02       		.byte	0x2
 516 014a B4       		.byte	0xb4
 517 014b 57010000 		.4byte	0x157
 518 014f 08       		.byte	0x8
 519 0150 00       		.byte	0
 520 0151 09       		.uleb128 0x9
 521 0152 04       		.byte	0x4
 522 0153 90000000 		.4byte	0x90
 523 0157 09       		.uleb128 0x9
 524 0158 04       		.byte	0x4
 525 0159 19010000 		.4byte	0x119
 526 015d 08       		.uleb128 0x8
 527 015e 94010000 		.4byte	.LASF28
 528 0162 02       		.byte	0x2
 529 0163 B5       		.byte	0xb5
 530 0164 24010000 		.4byte	0x124
 531 0168 06       		.uleb128 0x6
 532 0169 08       		.byte	0x8
 533 016a 02       		.byte	0x2
 534 016b B7       		.byte	0xb7
 535 016c 87010000 		.4byte	0x187
 536 0170 0A       		.uleb128 0xa
 537 0171 6300     		.ascii	"c\000"
 538 0173 02       		.byte	0x2
 539 0174 B9       		.byte	0xb9
 540 0175 63000000 		.4byte	0x63
 541 0179 00       		.byte	0
 542 017a 07       		.uleb128 0x7
 543 017b C8030000 		.4byte	.LASF29
 544 017f 02       		.byte	0x2
 545 0180 BA       		.byte	0xba
 546 0181 87010000 		.4byte	0x187
 547 0185 04       		.byte	0x4
 548 0186 00       		.byte	0
 549 0187 09       		.uleb128 0x9
 550 0188 04       		.byte	0x4
 551 0189 8D010000 		.4byte	0x18d
 552 018d 0B       		.uleb128 0xb
 553 018e 08       		.uleb128 0x8
 554 018f 9C040000 		.4byte	.LASF30
 555 0193 02       		.byte	0x2
 556 0194 BB       		.byte	0xbb
 557 0195 68010000 		.4byte	0x168
 558 0199 0C       		.uleb128 0xc
 559 019a 63000000 		.4byte	0x63
 560 019e A9010000 		.4byte	0x1a9
 561 01a2 0D       		.uleb128 0xd
 562 01a3 95000000 		.4byte	0x95
 563 01a7 11       		.byte	0x11
 564 01a8 00       		.byte	0
 565 01a9 0E       		.uleb128 0xe
 566 01aa 00000000 		.4byte	.LASF31
 567 01ae 03       		.byte	0x3
 568 01af 24       		.byte	0x24
 569 01b0 BA010000 		.4byte	0x1ba
 570 01b4 05       		.uleb128 0x5
ARM GAS  C:\Users\Patrick\AppData\Local\Temp\ccgHau69.s 			page 11


 571 01b5 03       		.byte	0x3
 572 01b6 00000000 		.4byte	USBFS_DEVICE0_DESCR
 573 01ba 0F       		.uleb128 0xf
 574 01bb 99010000 		.4byte	0x199
 575 01bf 0C       		.uleb128 0xc
 576 01c0 63000000 		.4byte	0x63
 577 01c4 CF010000 		.4byte	0x1cf
 578 01c8 0D       		.uleb128 0xd
 579 01c9 95000000 		.4byte	0x95
 580 01cd 28       		.byte	0x28
 581 01ce 00       		.byte	0
 582 01cf 0E       		.uleb128 0xe
 583 01d0 6F030000 		.4byte	.LASF32
 584 01d4 03       		.byte	0x3
 585 01d5 37       		.byte	0x37
 586 01d6 E0010000 		.4byte	0x1e0
 587 01da 05       		.uleb128 0x5
 588 01db 03       		.byte	0x3
 589 01dc 00000000 		.4byte	USBFS_DEVICE0_CONFIGURATION0_DESCR
 590 01e0 0F       		.uleb128 0xf
 591 01e1 BF010000 		.4byte	0x1bf
 592 01e5 0C       		.uleb128 0xc
 593 01e6 8E010000 		.4byte	0x18e
 594 01ea F5010000 		.4byte	0x1f5
 595 01ee 0D       		.uleb128 0xd
 596 01ef 95000000 		.4byte	0x95
 597 01f3 00       		.byte	0
 598 01f4 00       		.byte	0
 599 01f5 0E       		.uleb128 0xe
 600 01f6 E9000000 		.4byte	.LASF33
 601 01fa 03       		.byte	0x3
 602 01fb E5       		.byte	0xe5
 603 01fc 06020000 		.4byte	0x206
 604 0200 05       		.uleb128 0x5
 605 0201 03       		.byte	0x3
 606 0202 00000000 		.4byte	USBFS_DEVICE0_CONFIGURATION0_INTERFACE0_TABLE
 607 0206 0F       		.uleb128 0xf
 608 0207 E5010000 		.4byte	0x1e5
 609 020b 0C       		.uleb128 0xc
 610 020c ED000000 		.4byte	0xed
 611 0210 1B020000 		.4byte	0x21b
 612 0214 0D       		.uleb128 0xd
 613 0215 95000000 		.4byte	0x95
 614 0219 01       		.byte	0x1
 615 021a 00       		.byte	0
 616 021b 0E       		.uleb128 0xe
 617 021c 40030000 		.4byte	.LASF34
 618 0220 03       		.byte	0x3
 619 0221 F0       		.byte	0xf0
 620 0222 2C020000 		.4byte	0x22c
 621 0226 05       		.uleb128 0x5
 622 0227 03       		.byte	0x3
 623 0228 00000000 		.4byte	USBFS_DEVICE0_CONFIGURATION0_EP_SETTINGS_TABLE
 624 022c 0F       		.uleb128 0xf
 625 022d 0B020000 		.4byte	0x20b
 626 0231 0C       		.uleb128 0xc
 627 0232 63000000 		.4byte	0x63
ARM GAS  C:\Users\Patrick\AppData\Local\Temp\ccgHau69.s 			page 12


 628 0236 41020000 		.4byte	0x241
 629 023a 0D       		.uleb128 0xd
 630 023b 95000000 		.4byte	0x95
 631 023f 00       		.byte	0
 632 0240 00       		.byte	0
 633 0241 0E       		.uleb128 0xe
 634 0242 21000000 		.4byte	.LASF35
 635 0246 03       		.byte	0x3
 636 0247 F5       		.byte	0xf5
 637 0248 52020000 		.4byte	0x252
 638 024c 05       		.uleb128 0x5
 639 024d 03       		.byte	0x3
 640 024e 00000000 		.4byte	USBFS_DEVICE0_CONFIGURATION0_INTERFACE_CLASS
 641 0252 0F       		.uleb128 0xf
 642 0253 31020000 		.4byte	0x231
 643 0257 0C       		.uleb128 0xc
 644 0258 8E010000 		.4byte	0x18e
 645 025c 67020000 		.4byte	0x267
 646 0260 0D       		.uleb128 0xd
 647 0261 95000000 		.4byte	0x95
 648 0265 03       		.byte	0x3
 649 0266 00       		.byte	0
 650 0267 0E       		.uleb128 0xe
 651 0268 22020000 		.4byte	.LASF36
 652 026c 03       		.byte	0x3
 653 026d FD       		.byte	0xfd
 654 026e 78020000 		.4byte	0x278
 655 0272 05       		.uleb128 0x5
 656 0273 03       		.byte	0x3
 657 0274 00000000 		.4byte	USBFS_DEVICE0_CONFIGURATION0_TABLE
 658 0278 0F       		.uleb128 0xf
 659 0279 57020000 		.4byte	0x257
 660 027d 0C       		.uleb128 0xc
 661 027e 8E010000 		.4byte	0x18e
 662 0282 8D020000 		.4byte	0x28d
 663 0286 0D       		.uleb128 0xd
 664 0287 95000000 		.4byte	0x95
 665 028b 02       		.byte	0x2
 666 028c 00       		.byte	0
 667 028d 10       		.uleb128 0x10
 668 028e 4A020000 		.4byte	.LASF37
 669 0292 03       		.byte	0x3
 670 0293 0701     		.2byte	0x107
 671 0295 9F020000 		.4byte	0x29f
 672 0299 05       		.uleb128 0x5
 673 029a 03       		.byte	0x3
 674 029b 00000000 		.4byte	USBFS_DEVICE0_TABLE
 675 029f 0F       		.uleb128 0xf
 676 02a0 7D020000 		.4byte	0x27d
 677 02a4 10       		.uleb128 0x10
 678 02a5 D7000000 		.4byte	.LASF38
 679 02a9 03       		.byte	0x3
 680 02aa 0F01     		.2byte	0x10f
 681 02ac B6020000 		.4byte	0x2b6
 682 02b0 05       		.uleb128 0x5
 683 02b1 03       		.byte	0x3
 684 02b2 00000000 		.4byte	USBFS_TABLE
ARM GAS  C:\Users\Patrick\AppData\Local\Temp\ccgHau69.s 			page 13


 685 02b6 0F       		.uleb128 0xf
 686 02b7 E5010000 		.4byte	0x1e5
 687 02bb 0C       		.uleb128 0xc
 688 02bc 63000000 		.4byte	0x63
 689 02c0 CB020000 		.4byte	0x2cb
 690 02c4 0D       		.uleb128 0xd
 691 02c5 95000000 		.4byte	0x95
 692 02c9 09       		.byte	0x9
 693 02ca 00       		.byte	0
 694 02cb 0E       		.uleb128 0xe
 695 02cc 2A010000 		.4byte	.LASF39
 696 02d0 03       		.byte	0x3
 697 02d1 8F       		.byte	0x8f
 698 02d2 DC020000 		.4byte	0x2dc
 699 02d6 05       		.uleb128 0x5
 700 02d7 03       		.byte	0x3
 701 02d8 00000000 		.4byte	USBFS_SN_STRING_DESCRIPTOR
 702 02dc 0F       		.uleb128 0xf
 703 02dd BB020000 		.4byte	0x2bb
 704 02e1 0C       		.uleb128 0xc
 705 02e2 63000000 		.4byte	0x63
 706 02e6 F1020000 		.4byte	0x2f1
 707 02ea 0D       		.uleb128 0xd
 708 02eb 95000000 		.4byte	0x95
 709 02ef 52       		.byte	0x52
 710 02f0 00       		.byte	0
 711 02f1 0E       		.uleb128 0xe
 712 02f2 E4010000 		.4byte	.LASF40
 713 02f6 03       		.byte	0x3
 714 02f7 6E       		.byte	0x6e
 715 02f8 02030000 		.4byte	0x302
 716 02fc 05       		.uleb128 0x5
 717 02fd 03       		.byte	0x3
 718 02fe 00000000 		.4byte	USBFS_STRING_DESCRIPTORS
 719 0302 0F       		.uleb128 0xf
 720 0303 E1020000 		.4byte	0x2e1
 721 0307 0E       		.uleb128 0xe
 722 0308 05050000 		.4byte	.LASF41
 723 030c 03       		.byte	0x3
 724 030d B6       		.byte	0xb6
 725 030e 19010000 		.4byte	0x119
 726 0312 05       		.uleb128 0x5
 727 0313 03       		.byte	0x3
 728 0314 00000000 		.4byte	USBFS_DEVICE0_CONFIGURATION0_INTERFACE0_ALTERNATE0_HID_IN_RPT_SCB
 729 0318 0C       		.uleb128 0xc
 730 0319 63000000 		.4byte	0x63
 731 031d 28030000 		.4byte	0x328
 732 0321 0D       		.uleb128 0xd
 733 0322 95000000 		.4byte	0x95
 734 0326 40       		.byte	0x40
 735 0327 00       		.byte	0
 736 0328 0E       		.uleb128 0xe
 737 0329 45010000 		.4byte	.LASF42
 738 032d 03       		.byte	0x3
 739 032e B7       		.byte	0xb7
 740 032f 18030000 		.4byte	0x318
 741 0333 05       		.uleb128 0x5
ARM GAS  C:\Users\Patrick\AppData\Local\Temp\ccgHau69.s 			page 14


 742 0334 03       		.byte	0x3
 743 0335 00000000 		.4byte	USBFS_DEVICE0_CONFIGURATION0_INTERFACE0_ALTERNATE0_HID_IN_BUF
 744 0339 0E       		.uleb128 0xe
 745 033a 5E020000 		.4byte	.LASF43
 746 033e 03       		.byte	0x3
 747 033f C5       		.byte	0xc5
 748 0340 19010000 		.4byte	0x119
 749 0344 05       		.uleb128 0x5
 750 0345 03       		.byte	0x3
 751 0346 00000000 		.4byte	USBFS_DEVICE0_CONFIGURATION0_INTERFACE0_ALTERNATE0_HID_OUT_RPT_SCB
 752 034a 0E       		.uleb128 0xe
 753 034b A5010000 		.4byte	.LASF44
 754 034f 03       		.byte	0x3
 755 0350 C6       		.byte	0xc6
 756 0351 18030000 		.4byte	0x318
 757 0355 05       		.uleb128 0x5
 758 0356 03       		.byte	0x3
 759 0357 00000000 		.4byte	USBFS_DEVICE0_CONFIGURATION0_INTERFACE0_ALTERNATE0_HID_OUT_BUF
 760 035b 0C       		.uleb128 0xc
 761 035c 63000000 		.4byte	0x63
 762 0360 6B030000 		.4byte	0x36b
 763 0364 0D       		.uleb128 0xd
 764 0365 95000000 		.4byte	0x95
 765 0369 27       		.byte	0x27
 766 036a 00       		.byte	0
 767 036b 0E       		.uleb128 0xe
 768 036c E9040000 		.4byte	.LASF45
 769 0370 03       		.byte	0x3
 770 0371 98       		.byte	0x98
 771 0372 7C030000 		.4byte	0x37c
 772 0376 05       		.uleb128 0x5
 773 0377 03       		.byte	0x3
 774 0378 00000000 		.4byte	USBFS_HIDREPORT_DESCRIPTOR1
 775 037c 0F       		.uleb128 0xf
 776 037d 5B030000 		.4byte	0x35b
 777 0381 0C       		.uleb128 0xc
 778 0382 5D010000 		.4byte	0x15d
 779 0386 91030000 		.4byte	0x391
 780 038a 0D       		.uleb128 0xd
 781 038b 95000000 		.4byte	0x95
 782 038f 00       		.byte	0
 783 0390 00       		.byte	0
 784 0391 0E       		.uleb128 0xe
 785 0392 93000000 		.4byte	.LASF46
 786 0396 03       		.byte	0x3
 787 0397 BD       		.byte	0xbd
 788 0398 A2030000 		.4byte	0x3a2
 789 039c 05       		.uleb128 0x5
 790 039d 03       		.byte	0x3
 791 039e 00000000 		.4byte	USBFS_DEVICE0_CONFIGURATION0_INTERFACE0_ALTERNATE0_HID_IN_RPT_TABLE
 792 03a2 0F       		.uleb128 0xf
 793 03a3 81030000 		.4byte	0x381
 794 03a7 0E       		.uleb128 0xe
 795 03a8 4E000000 		.4byte	.LASF47
 796 03ac 03       		.byte	0x3
 797 03ad CC       		.byte	0xcc
 798 03ae B8030000 		.4byte	0x3b8
ARM GAS  C:\Users\Patrick\AppData\Local\Temp\ccgHau69.s 			page 15


 799 03b2 05       		.uleb128 0x5
 800 03b3 03       		.byte	0x3
 801 03b4 00000000 		.4byte	USBFS_DEVICE0_CONFIGURATION0_INTERFACE0_ALTERNATE0_HID_OUT_RPT_TABLE
 802 03b8 0F       		.uleb128 0xf
 803 03b9 81030000 		.4byte	0x381
 804 03bd 0C       		.uleb128 0xc
 805 03be 8E010000 		.4byte	0x18e
 806 03c2 CD030000 		.4byte	0x3cd
 807 03c6 0D       		.uleb128 0xd
 808 03c7 95000000 		.4byte	0x95
 809 03cb 04       		.byte	0x4
 810 03cc 00       		.byte	0
 811 03cd 0E       		.uleb128 0xe
 812 03ce A1020000 		.4byte	.LASF48
 813 03d2 03       		.byte	0x3
 814 03d3 D9       		.byte	0xd9
 815 03d4 DE030000 		.4byte	0x3de
 816 03d8 05       		.uleb128 0x5
 817 03d9 03       		.byte	0x3
 818 03da 00000000 		.4byte	USBFS_DEVICE0_CONFIGURATION0_INTERFACE0_ALTERNATE0_HID_TABLE
 819 03de 0F       		.uleb128 0xf
 820 03df BD030000 		.4byte	0x3bd
 821 03e3 00       		.byte	0
 822              		.section	.debug_abbrev,"",%progbits
 823              	.Ldebug_abbrev0:
 824 0000 01       		.uleb128 0x1
 825 0001 11       		.uleb128 0x11
 826 0002 01       		.byte	0x1
 827 0003 25       		.uleb128 0x25
 828 0004 0E       		.uleb128 0xe
 829 0005 13       		.uleb128 0x13
 830 0006 0B       		.uleb128 0xb
 831 0007 03       		.uleb128 0x3
 832 0008 0E       		.uleb128 0xe
 833 0009 1B       		.uleb128 0x1b
 834 000a 0E       		.uleb128 0xe
 835 000b 10       		.uleb128 0x10
 836 000c 17       		.uleb128 0x17
 837 000d 00       		.byte	0
 838 000e 00       		.byte	0
 839 000f 02       		.uleb128 0x2
 840 0010 24       		.uleb128 0x24
 841 0011 00       		.byte	0
 842 0012 0B       		.uleb128 0xb
 843 0013 0B       		.uleb128 0xb
 844 0014 3E       		.uleb128 0x3e
 845 0015 0B       		.uleb128 0xb
 846 0016 03       		.uleb128 0x3
 847 0017 0E       		.uleb128 0xe
 848 0018 00       		.byte	0
 849 0019 00       		.byte	0
 850 001a 03       		.uleb128 0x3
 851 001b 24       		.uleb128 0x24
 852 001c 00       		.byte	0
 853 001d 0B       		.uleb128 0xb
 854 001e 0B       		.uleb128 0xb
 855 001f 3E       		.uleb128 0x3e
ARM GAS  C:\Users\Patrick\AppData\Local\Temp\ccgHau69.s 			page 16


 856 0020 0B       		.uleb128 0xb
 857 0021 03       		.uleb128 0x3
 858 0022 08       		.uleb128 0x8
 859 0023 00       		.byte	0
 860 0024 00       		.byte	0
 861 0025 04       		.uleb128 0x4
 862 0026 16       		.uleb128 0x16
 863 0027 00       		.byte	0
 864 0028 03       		.uleb128 0x3
 865 0029 0E       		.uleb128 0xe
 866 002a 3A       		.uleb128 0x3a
 867 002b 0B       		.uleb128 0xb
 868 002c 3B       		.uleb128 0x3b
 869 002d 05       		.uleb128 0x5
 870 002e 49       		.uleb128 0x49
 871 002f 13       		.uleb128 0x13
 872 0030 00       		.byte	0
 873 0031 00       		.byte	0
 874 0032 05       		.uleb128 0x5
 875 0033 35       		.uleb128 0x35
 876 0034 00       		.byte	0
 877 0035 49       		.uleb128 0x49
 878 0036 13       		.uleb128 0x13
 879 0037 00       		.byte	0
 880 0038 00       		.byte	0
 881 0039 06       		.uleb128 0x6
 882 003a 13       		.uleb128 0x13
 883 003b 01       		.byte	0x1
 884 003c 0B       		.uleb128 0xb
 885 003d 0B       		.uleb128 0xb
 886 003e 3A       		.uleb128 0x3a
 887 003f 0B       		.uleb128 0xb
 888 0040 3B       		.uleb128 0x3b
 889 0041 0B       		.uleb128 0xb
 890 0042 01       		.uleb128 0x1
 891 0043 13       		.uleb128 0x13
 892 0044 00       		.byte	0
 893 0045 00       		.byte	0
 894 0046 07       		.uleb128 0x7
 895 0047 0D       		.uleb128 0xd
 896 0048 00       		.byte	0
 897 0049 03       		.uleb128 0x3
 898 004a 0E       		.uleb128 0xe
 899 004b 3A       		.uleb128 0x3a
 900 004c 0B       		.uleb128 0xb
 901 004d 3B       		.uleb128 0x3b
 902 004e 0B       		.uleb128 0xb
 903 004f 49       		.uleb128 0x49
 904 0050 13       		.uleb128 0x13
 905 0051 38       		.uleb128 0x38
 906 0052 0B       		.uleb128 0xb
 907 0053 00       		.byte	0
 908 0054 00       		.byte	0
 909 0055 08       		.uleb128 0x8
 910 0056 16       		.uleb128 0x16
 911 0057 00       		.byte	0
 912 0058 03       		.uleb128 0x3
ARM GAS  C:\Users\Patrick\AppData\Local\Temp\ccgHau69.s 			page 17


 913 0059 0E       		.uleb128 0xe
 914 005a 3A       		.uleb128 0x3a
 915 005b 0B       		.uleb128 0xb
 916 005c 3B       		.uleb128 0x3b
 917 005d 0B       		.uleb128 0xb
 918 005e 49       		.uleb128 0x49
 919 005f 13       		.uleb128 0x13
 920 0060 00       		.byte	0
 921 0061 00       		.byte	0
 922 0062 09       		.uleb128 0x9
 923 0063 0F       		.uleb128 0xf
 924 0064 00       		.byte	0
 925 0065 0B       		.uleb128 0xb
 926 0066 0B       		.uleb128 0xb
 927 0067 49       		.uleb128 0x49
 928 0068 13       		.uleb128 0x13
 929 0069 00       		.byte	0
 930 006a 00       		.byte	0
 931 006b 0A       		.uleb128 0xa
 932 006c 0D       		.uleb128 0xd
 933 006d 00       		.byte	0
 934 006e 03       		.uleb128 0x3
 935 006f 08       		.uleb128 0x8
 936 0070 3A       		.uleb128 0x3a
 937 0071 0B       		.uleb128 0xb
 938 0072 3B       		.uleb128 0x3b
 939 0073 0B       		.uleb128 0xb
 940 0074 49       		.uleb128 0x49
 941 0075 13       		.uleb128 0x13
 942 0076 38       		.uleb128 0x38
 943 0077 0B       		.uleb128 0xb
 944 0078 00       		.byte	0
 945 0079 00       		.byte	0
 946 007a 0B       		.uleb128 0xb
 947 007b 26       		.uleb128 0x26
 948 007c 00       		.byte	0
 949 007d 00       		.byte	0
 950 007e 00       		.byte	0
 951 007f 0C       		.uleb128 0xc
 952 0080 01       		.uleb128 0x1
 953 0081 01       		.byte	0x1
 954 0082 49       		.uleb128 0x49
 955 0083 13       		.uleb128 0x13
 956 0084 01       		.uleb128 0x1
 957 0085 13       		.uleb128 0x13
 958 0086 00       		.byte	0
 959 0087 00       		.byte	0
 960 0088 0D       		.uleb128 0xd
 961 0089 21       		.uleb128 0x21
 962 008a 00       		.byte	0
 963 008b 49       		.uleb128 0x49
 964 008c 13       		.uleb128 0x13
 965 008d 2F       		.uleb128 0x2f
 966 008e 0B       		.uleb128 0xb
 967 008f 00       		.byte	0
 968 0090 00       		.byte	0
 969 0091 0E       		.uleb128 0xe
ARM GAS  C:\Users\Patrick\AppData\Local\Temp\ccgHau69.s 			page 18


 970 0092 34       		.uleb128 0x34
 971 0093 00       		.byte	0
 972 0094 03       		.uleb128 0x3
 973 0095 0E       		.uleb128 0xe
 974 0096 3A       		.uleb128 0x3a
 975 0097 0B       		.uleb128 0xb
 976 0098 3B       		.uleb128 0x3b
 977 0099 0B       		.uleb128 0xb
 978 009a 49       		.uleb128 0x49
 979 009b 13       		.uleb128 0x13
 980 009c 3F       		.uleb128 0x3f
 981 009d 19       		.uleb128 0x19
 982 009e 02       		.uleb128 0x2
 983 009f 18       		.uleb128 0x18
 984 00a0 00       		.byte	0
 985 00a1 00       		.byte	0
 986 00a2 0F       		.uleb128 0xf
 987 00a3 26       		.uleb128 0x26
 988 00a4 00       		.byte	0
 989 00a5 49       		.uleb128 0x49
 990 00a6 13       		.uleb128 0x13
 991 00a7 00       		.byte	0
 992 00a8 00       		.byte	0
 993 00a9 10       		.uleb128 0x10
 994 00aa 34       		.uleb128 0x34
 995 00ab 00       		.byte	0
 996 00ac 03       		.uleb128 0x3
 997 00ad 0E       		.uleb128 0xe
 998 00ae 3A       		.uleb128 0x3a
 999 00af 0B       		.uleb128 0xb
 1000 00b0 3B       		.uleb128 0x3b
 1001 00b1 05       		.uleb128 0x5
 1002 00b2 49       		.uleb128 0x49
 1003 00b3 13       		.uleb128 0x13
 1004 00b4 3F       		.uleb128 0x3f
 1005 00b5 19       		.uleb128 0x19
 1006 00b6 02       		.uleb128 0x2
 1007 00b7 18       		.uleb128 0x18
 1008 00b8 00       		.byte	0
 1009 00b9 00       		.byte	0
 1010 00ba 00       		.byte	0
 1011              		.section	.debug_aranges,"",%progbits
 1012 0000 14000000 		.4byte	0x14
 1013 0004 0200     		.2byte	0x2
 1014 0006 00000000 		.4byte	.Ldebug_info0
 1015 000a 04       		.byte	0x4
 1016 000b 00       		.byte	0
 1017 000c 0000     		.2byte	0
 1018 000e 0000     		.2byte	0
 1019 0010 00000000 		.4byte	0
 1020 0014 00000000 		.4byte	0
 1021              		.section	.debug_line,"",%progbits
 1022              	.Ldebug_line0:
 1023 0000 5B000000 		.section	.debug_str,"MS",%progbits,1
 1023      02005500 
 1023      00000201 
 1023      FB0E0D00 
ARM GAS  C:\Users\Patrick\AppData\Local\Temp\ccgHau69.s 			page 19


 1023      01010101 
 1024              	.LASF31:
 1025 0000 55534246 		.ascii	"USBFS_DEVICE0_DESCR\000"
 1025      535F4445 
 1025      56494345 
 1025      305F4445 
 1025      53435200 
 1026              	.LASF27:
 1027 0014 70537461 		.ascii	"pStatusBlock\000"
 1027      74757342 
 1027      6C6F636B 
 1027      00
 1028              	.LASF35:
 1029 0021 55534246 		.ascii	"USBFS_DEVICE0_CONFIGURATION0_INTERFACE_CLASS\000"
 1029      535F4445 
 1029      56494345 
 1029      305F434F 
 1029      4E464947 
 1030              	.LASF47:
 1031 004e 55534246 		.ascii	"USBFS_DEVICE0_CONFIGURATION0_INTERFACE0_ALTERNATE0_"
 1031      535F4445 
 1031      56494345 
 1031      305F434F 
 1031      4E464947 
 1032 0081 4849445F 		.ascii	"HID_OUT_RPT_TABLE\000"
 1032      4F55545F 
 1032      5250545F 
 1032      5441424C 
 1032      4500
 1033              	.LASF46:
 1034 0093 55534246 		.ascii	"USBFS_DEVICE0_CONFIGURATION0_INTERFACE0_ALTERNATE0_"
 1034      535F4445 
 1034      56494345 
 1034      305F434F 
 1034      4E464947 
 1035 00c6 4849445F 		.ascii	"HID_IN_RPT_TABLE\000"
 1035      494E5F52 
 1035      50545F54 
 1035      41424C45 
 1035      00
 1036              	.LASF38:
 1037 00d7 55534246 		.ascii	"USBFS_TABLE\000"
 1037      535F5441 
 1037      424C4500 
 1038              	.LASF25:
 1039 00e3 636F756E 		.ascii	"count\000"
 1039      7400
 1040              	.LASF33:
 1041 00e9 55534246 		.ascii	"USBFS_DEVICE0_CONFIGURATION0_INTERFACE0_TABLE\000"
 1041      535F4445 
 1041      56494345 
 1041      305F434F 
 1041      4E464947 
 1042              	.LASF3:
 1043 0117 73686F72 		.ascii	"short unsigned int\000"
 1043      7420756E 
 1043      7369676E 
ARM GAS  C:\Users\Patrick\AppData\Local\Temp\ccgHau69.s 			page 20


 1043      65642069 
 1043      6E7400
 1044              	.LASF39:
 1045 012a 55534246 		.ascii	"USBFS_SN_STRING_DESCRIPTOR\000"
 1045      535F534E 
 1045      5F535452 
 1045      494E475F 
 1045      44455343 
 1046              	.LASF42:
 1047 0145 55534246 		.ascii	"USBFS_DEVICE0_CONFIGURATION0_INTERFACE0_ALTERNATE0_"
 1047      535F4445 
 1047      56494345 
 1047      305F434F 
 1047      4E464947 
 1048 0178 4849445F 		.ascii	"HID_IN_BUF\000"
 1048      494E5F42 
 1048      554600
 1049              	.LASF26:
 1050 0183 70446174 		.ascii	"pData\000"
 1050      6100
 1051              	.LASF16:
 1052 0189 616C7453 		.ascii	"altSetting\000"
 1052      65747469 
 1052      6E6700
 1053              	.LASF28:
 1054 0194 545F5553 		.ascii	"T_USBFS_TD\000"
 1054      4246535F 
 1054      544400
 1055              	.LASF11:
 1056 019f 666C6F61 		.ascii	"float\000"
 1056      7400
 1057              	.LASF44:
 1058 01a5 55534246 		.ascii	"USBFS_DEVICE0_CONFIGURATION0_INTERFACE0_ALTERNATE0_"
 1058      535F4445 
 1058      56494345 
 1058      305F434F 
 1058      4E464947 
 1059 01d8 4849445F 		.ascii	"HID_OUT_BUF\000"
 1059      4F55545F 
 1059      42554600 
 1060              	.LASF40:
 1061 01e4 55534246 		.ascii	"USBFS_STRING_DESCRIPTORS\000"
 1061      535F5354 
 1061      52494E47 
 1061      5F444553 
 1061      43524950 
 1062              	.LASF18:
 1063 01fd 61747472 		.ascii	"attributes\000"
 1063      69627574 
 1063      657300
 1064              	.LASF24:
 1065 0208 545F5553 		.ascii	"T_USBFS_XFER_STATUS_BLOCK\000"
 1065      4246535F 
 1065      58464552 
 1065      5F535441 
 1065      5455535F 
 1066              	.LASF36:
ARM GAS  C:\Users\Patrick\AppData\Local\Temp\ccgHau69.s 			page 21


 1067 0222 55534246 		.ascii	"USBFS_DEVICE0_CONFIGURATION0_TABLE\000"
 1067      535F4445 
 1067      56494345 
 1067      305F434F 
 1067      4E464947 
 1068              	.LASF17:
 1069 0245 61646472 		.ascii	"addr\000"
 1069      00
 1070              	.LASF37:
 1071 024a 55534246 		.ascii	"USBFS_DEVICE0_TABLE\000"
 1071      535F4445 
 1071      56494345 
 1071      305F5441 
 1071      424C4500 
 1072              	.LASF43:
 1073 025e 55534246 		.ascii	"USBFS_DEVICE0_CONFIGURATION0_INTERFACE0_ALTERNATE0_"
 1073      535F4445 
 1073      56494345 
 1073      305F434F 
 1073      4E464947 
 1074 0291 4849445F 		.ascii	"HID_OUT_RPT_SCB\000"
 1074      4F55545F 
 1074      5250545F 
 1074      53434200 
 1075              	.LASF48:
 1076 02a1 55534246 		.ascii	"USBFS_DEVICE0_CONFIGURATION0_INTERFACE0_ALTERNATE0_"
 1076      535F4445 
 1076      56494345 
 1076      305F434F 
 1076      4E464947 
 1077 02d4 4849445F 		.ascii	"HID_TABLE\000"
 1077      5441424C 
 1077      4500
 1078              	.LASF12:
 1079 02de 646F7562 		.ascii	"double\000"
 1079      6C6500
 1080              	.LASF51:
 1081 02e5 433A5C55 		.ascii	"C:\\Users\\Patrick\\Documents\\GitHub\\PSoC 5LP FIl"
 1081      73657273 
 1081      5C506174 
 1081      7269636B 
 1081      5C446F63 
 1082 0313 65735C43 		.ascii	"es\\C-CAN_PSoC_DevKit\\Bootloader.cydsn\000"
 1082      2D43414E 
 1082      5F50536F 
 1082      435F4465 
 1082      764B6974 
 1083              	.LASF10:
 1084 0339 75696E74 		.ascii	"uint16\000"
 1084      313600
 1085              	.LASF34:
 1086 0340 55534246 		.ascii	"USBFS_DEVICE0_CONFIGURATION0_EP_SETTINGS_TABLE\000"
 1086      535F4445 
 1086      56494345 
 1086      305F434F 
 1086      4E464947 
 1087              	.LASF32:
ARM GAS  C:\Users\Patrick\AppData\Local\Temp\ccgHau69.s 			page 22


 1088 036f 55534246 		.ascii	"USBFS_DEVICE0_CONFIGURATION0_DESCR\000"
 1088      535F4445 
 1088      56494345 
 1088      305F434F 
 1088      4E464947 
 1089              	.LASF5:
 1090 0392 6C6F6E67 		.ascii	"long unsigned int\000"
 1090      20756E73 
 1090      69676E65 
 1090      6420696E 
 1090      7400
 1091              	.LASF8:
 1092 03a4 756E7369 		.ascii	"unsigned int\000"
 1092      676E6564 
 1092      20696E74 
 1092      00
 1093              	.LASF7:
 1094 03b1 6C6F6E67 		.ascii	"long long unsigned int\000"
 1094      206C6F6E 
 1094      6720756E 
 1094      7369676E 
 1094      65642069 
 1095              	.LASF29:
 1096 03c8 705F6C69 		.ascii	"p_list\000"
 1096      737400
 1097              	.LASF21:
 1098 03cf 545F5553 		.ascii	"T_USBFS_EP_SETTINGS_BLOCK\000"
 1098      4246535F 
 1098      45505F53 
 1098      45545449 
 1098      4E47535F 
 1099              	.LASF1:
 1100 03e9 756E7369 		.ascii	"unsigned char\000"
 1100      676E6564 
 1100      20636861 
 1100      7200
 1101              	.LASF14:
 1102 03f7 73697A65 		.ascii	"sizetype\000"
 1102      74797065 
 1102      00
 1103              	.LASF49:
 1104 0400 474E5520 		.ascii	"GNU C 4.9.3 20150303 (release) [ARM/embedded-4_9-br"
 1104      4320342E 
 1104      392E3320 
 1104      32303135 
 1104      30333033 
 1105 0433 616E6368 		.ascii	"anch revision 221220] -mcpu=cortex-m3 -mthumb -g -O"
 1105      20726576 
 1105      6973696F 
 1105      6E203232 
 1105      31323230 
 1106 0466 67202D66 		.ascii	"g -ffunction-sections -ffat-lto-objects\000"
 1106      66756E63 
 1106      74696F6E 
 1106      2D736563 
 1106      74696F6E 
 1107              	.LASF6:
ARM GAS  C:\Users\Patrick\AppData\Local\Temp\ccgHau69.s 			page 23


 1108 048e 6C6F6E67 		.ascii	"long long int\000"
 1108      206C6F6E 
 1108      6720696E 
 1108      7400
 1109              	.LASF30:
 1110 049c 545F5553 		.ascii	"T_USBFS_LUT\000"
 1110      4246535F 
 1110      4C555400 
 1111              	.LASF13:
 1112 04a8 63686172 		.ascii	"char\000"
 1112      00
 1113              	.LASF50:
 1114 04ad 2E5C4765 		.ascii	".\\Generated_Source\\PSoC5\\USBFS_descr.c\000"
 1114      6E657261 
 1114      7465645F 
 1114      536F7572 
 1114      63655C50 
 1115              	.LASF19:
 1116 04d4 62756666 		.ascii	"bufferSize\000"
 1116      65725369 
 1116      7A6500
 1117              	.LASF2:
 1118 04df 73686F72 		.ascii	"short int\000"
 1118      7420696E 
 1118      7400
 1119              	.LASF45:
 1120 04e9 55534246 		.ascii	"USBFS_HIDREPORT_DESCRIPTOR1\000"
 1120      535F4849 
 1120      44524550 
 1120      4F52545F 
 1120      44455343 
 1121              	.LASF41:
 1122 0505 55534246 		.ascii	"USBFS_DEVICE0_CONFIGURATION0_INTERFACE0_ALTERNATE0_"
 1122      535F4445 
 1122      56494345 
 1122      305F434F 
 1122      4E464947 
 1123 0538 4849445F 		.ascii	"HID_IN_RPT_SCB\000"
 1123      494E5F52 
 1123      50545F53 
 1123      434200
 1124              	.LASF9:
 1125 0547 75696E74 		.ascii	"uint8\000"
 1125      3800
 1126              	.LASF15:
 1127 054d 696E7465 		.ascii	"interface\000"
 1127      72666163 
 1127      6500
 1128              	.LASF4:
 1129 0557 6C6F6E67 		.ascii	"long int\000"
 1129      20696E74 
 1129      00
 1130              	.LASF22:
 1131 0560 73746174 		.ascii	"status\000"
 1131      757300
 1132              	.LASF0:
 1133 0567 7369676E 		.ascii	"signed char\000"
ARM GAS  C:\Users\Patrick\AppData\Local\Temp\ccgHau69.s 			page 24


 1133      65642063 
 1133      68617200 
 1134              	.LASF23:
 1135 0573 6C656E67 		.ascii	"length\000"
 1135      746800
 1136              	.LASF20:
 1137 057a 624D6973 		.ascii	"bMisc\000"
 1137      6300
 1138              		.ident	"GCC: (GNU Tools for ARM Embedded Processors) 4.9.3 20150303 (release) [ARM/embedded-4_9-br
