--------------- Build Started: 09/04/2016 02:13:36 Project: UART_Bootloader, Configuration: ARM GCC 4.9-2015-q1-update Debug ---------------
cydsfit.exe -.appdatapath "C:\Users\Patrick\AppData\Local\Cypress Semiconductor\PSoC Creator\3.3" -.fdsnotice -.fdswarpdepfile=warp_dependencies.txt -.fdselabdepfile=elab_dependencies.txt -.fdsbldfile=generated_files.txt -p "C:\Users\Patrick\Documents\GitHub\PSoC 5LP FIles\C-CAN_PSoC_DevKit\UART_Bootloader.cydsn\UART_Bootloader.cyprj" -d CY8C5888LTI-LP097 -s "C:\Users\Patrick\Documents\GitHub\PSoC 5LP FIles\C-CAN_PSoC_DevKit\UART_Bootloader.cydsn\Generated_Source\PSoC5" -- -yv2 -q10 -ygs -o2 -v3 -.fftcfgtype=LE
Elaborating Design...
HDL Generation ...
Synthesis ...
Place and Route ...
Tech mapping ...
Analog Placement ...
Analog Routing ...
Analog Code Generation ...
Digital Placement ...
Digital Routing ...
Bitstream Generation ...
Static timing analysis ...
API Generation ...
Dependency Generation ...
Clean Temporary Files ...
arm-none-eabi-gcc.exe -mcpu=cortex-m3 -mthumb -Wno-main -I. -IGenerated_Source\PSoC5 -Wa,-alh=.\CortexM3\ARM_GCC_493\Debug/main.lst -g -D DEBUG -Wall -ffunction-sections -Og -ffat-lto-objects -c .\main.c -o .\CortexM3\ARM_GCC_493\Debug\main.o
arm-none-eabi-gcc.exe -mcpu=cortex-m3 -mthumb -Wno-main -I. -IGenerated_Source\PSoC5 -Wa,-alh=.\CortexM3\ARM_GCC_493\Debug/Bootloader.lst -g -D DEBUG -Wall -ffunction-sections -Og -ffat-lto-objects -c .\Generated_Source\PSoC5\Bootloader.c -o .\CortexM3\ARM_GCC_493\Debug\Bootloader.o
arm-none-eabi-ar.exe -rs .\CortexM3\ARM_GCC_493\Debug\UART_Bootloader.a .\CortexM3\ARM_GCC_493\Debug\cyfitter_cfg.o .\CortexM3\ARM_GCC_493\Debug\UART.o .\CortexM3\ARM_GCC_493\Debug\UART_PM.o .\CortexM3\ARM_GCC_493\Debug\UART_INT.o .\CortexM3\ARM_GCC_493\Debug\UART_BOOT.o .\CortexM3\ARM_GCC_493\Debug\Bootloader.o .\CortexM3\ARM_GCC_493\Debug\PWM.o .\CortexM3\ARM_GCC_493\Debug\PWM_PM.o .\CortexM3\ARM_GCC_493\Debug\Pin_LED.o .\CortexM3\ARM_GCC_493\Debug\Clock_1.o .\CortexM3\ARM_GCC_493\Debug\UART_IntClock.o .\CortexM3\ARM_GCC_493\Debug\CyBootAsmGnu.o .\CortexM3\ARM_GCC_493\Debug\CyDmac.o .\CortexM3\ARM_GCC_493\Debug\CyFlash.o .\CortexM3\ARM_GCC_493\Debug\CyLib.o .\CortexM3\ARM_GCC_493\Debug\cyPm.o .\CortexM3\ARM_GCC_493\Debug\CySpc.o .\CortexM3\ARM_GCC_493\Debug\cyutils.o
arm-none-eabi-ar.exe: creating .\CortexM3\ARM_GCC_493\Debug\UART_Bootloader.a
arm-none-eabi-gcc.exe -Wl,--start-group -o .\CortexM3\ARM_GCC_493\Debug\UART_Bootloader.elf .\CortexM3\ARM_GCC_493\Debug\main.o .\CortexM3\ARM_GCC_493\Debug\cymetadata.o .\CortexM3\ARM_GCC_493\Debug\Cm3Start.o .\CortexM3\ARM_GCC_493\Debug\UART_Bootloader.a "C:\Program Files (x86)\Cypress\PSoC Creator\3.3\PSoC Creator\psoc\content\cycomponentlibrary\CyComponentLibrary.cylib\CortexM3\ARM_GCC_493\Debug\CyComponentLibrary.a" -mcpu=cortex-m3 -mthumb -g -ffunction-sections -Og -ffat-lto-objects -L Generated_Source\PSoC5 -Wl,-Map,.\CortexM3\ARM_GCC_493\Debug/UART_Bootloader.map -T Generated_Source\PSoC5\cm3gcc.ld -specs=nano.specs -Wl,--gc-sections -Wl,--end-group
cyelftool.exe -P "C:\Users\Patrick\Documents\GitHub\PSoC 5LP FIles\C-CAN_PSoC_DevKit\UART_Bootloader.cydsn\CortexM3\ARM_GCC_493\Debug\UART_Bootloader.elf" --flash_row_size 256 --flash_size 262144 --size_var_name Bootloader_SizeBytes --checksum_var_name Bootloader_Checksum
cyelftool.exe -S "C:\Users\Patrick\Documents\GitHub\PSoC 5LP FIles\C-CAN_PSoC_DevKit\UART_Bootloader.cydsn\CortexM3\ARM_GCC_493\Debug\UART_Bootloader.elf"
Flash used: 6912 of 262144 bytes (2.6 %).
SRAM used: 2661 of 65536 bytes (4.1 %). Stack: 2048 bytes. Heap: 128 bytes.
--------------- Build Succeeded: 09/04/2016 02:13:46 ---------------
