#***************************************************************************

#sjplacer

#Version:            1.1

#Build Date:         Apr 25 2016 12:55:34

#File Generated:     Aug 3 2016 19:45:40

#Purpose:            

#Copyright (C) 2010-2011 by Softjin Technologies Pvt Ltd. All rights reserved.

#***************************************************************************

Executing : C:\Program Files (x86)\Cypress\PSoC Creator\3.3\PSoC Creator\bin/sjplacer.exe --proj-name CE95277 ADC and UART --netlist-vh2 CE95277 ADC and UART_p.vh2 --arch-file C:\Program Files (x86)\Cypress\PSoC Creator\3.3\PSoC Creator\dev/arch/p35_udb4x6.ark --rrg-file C:\Program Files (x86)\Cypress\PSoC Creator\3.3\PSoC Creator\dev/psoc5/psoc5lp/route_arch-rrg.cydata --irq-file C:\Program Files (x86)\Cypress\PSoC Creator\3.3\PSoC Creator\dev/psoc5/psoc5lp/irqconn.cydata --drq-file C:\Program Files (x86)\Cypress\PSoC Creator\3.3\PSoC Creator\dev/psoc5/psoc5lp/dmaconn.cydata --dsi-conn-file C:\Program Files (x86)\Cypress\PSoC Creator\3.3\PSoC Creator\dev/psoc5/psoc5lp/dsiconn.cydata --pins-file pins_68-QFN.xml --lib-file CE95277 ADC and UART_p.lib --sdc-file CE95277 ADC and UART.sdc --io-pcf CE95277 ADC and UART.pci --outdir .

		Softjin Techologies Placer, Version 1.1

Build Date : Apr 25 2016	12:53:53

D2004: Option and Settings Summary
=============================================================
Netlist vh2 file          - CE95277 ADC and UART_p.vh2
Architecture file         - C:\Program Files (x86)\Cypress\PSoC Creator\3.3\PSoC Creator\dev/arch/p35_udb4x6.ark
Package                   - 
Defparam file             - 
SDC file                  - CE95277 ADC and UART.sdc
Output directory          - .
Timing library            - CE95277 ADC and UART_p.lib
IO Placement file         - CE95277 ADC and UART.pci

D2050: Starting reading inputs for placer
=============================================================
D2065: Reading netlist file : "CE95277 ADC and UART_p.vh2"
D2065: Reading arch file : "C:\Program Files (x86)\Cypress\PSoC Creator\3.3\PSoC Creator\dev/arch/p35_udb4x6.ark"
D2051: Reading of inputs for placer completed successfully

D2053: Starting placement of the design
=============================================================

Phase 2
Phase 3

Design Statistics after Packing
    Number of Combinational MCs 	:	16
    Number of Sequential MCs    	:	22
    Number of DPs               	:	9
    Number of Controls          	:	4
    Number of Status            	:	5
    Number of SyncCells         	:	2
    Number of count7cells       	:	1

Device Utilization Summary after Packing
    Macrocells                  :	38/192
    UDBS                        :	10/24
    IOs                         :	12/72


D2088: Phase 3, elapsed time : 0.0 (sec)

Phase 4
D2088: Phase 4, elapsed time : 0.0 (sec)

Phase 5
D2088: Phase 5, elapsed time : 0.0 (sec)

Phase 6

######################################################################
Placement Timing Summary

The timing summary is based on estimated routing delays after
placement. For final timing report, please carry out the timing
analysis after routing.
======================================================================

######################################################################
                     Clock Summary 
======================================================================
Number of clocks: 14
Clock: ADC_SAR_1_theACLK    | Frequency: N/A       | Target:  18.0 MHz
Clock: ADC_SAR_1_theACLK(routed) | Frequency: N/A       | Target:  18.0 MHz
Clock: Clock_1              | Frequency: N/A       | Target:  12.0 MHz
Clock: Clock_1(routed)      | Frequency: N/A       | Target:  12.0 MHz
Clock: Clock_2              | Frequency:  53.9 MHz | Target:  24.0 MHz
Clock: Clock_3              | Frequency: N/A       | Target:   1.0 MHz
Clock: Clock_3(routed)      | Frequency: N/A       | Target:   1.0 MHz
Clock: CyBUS_CLK            | Frequency:  82.1 MHz | Target:  72.0 MHz
Clock: CyBUS_CLK(fixed-function) | Frequency: N/A       | Target:  72.0 MHz
Clock: CyILO                | Frequency: N/A       | Target:   0.0 MHz
Clock: CyIMO                | Frequency: N/A       | Target:   3.0 MHz
Clock: CyMASTER_CLK         | Frequency: N/A       | Target:  72.0 MHz
Clock: CyPLL_OUT            | Frequency: N/A       | Target:  72.0 MHz
Clock: UART_1_IntClock      | Frequency:  63.8 MHz | Target:   0.9 MHz

======================================================================
                     End of Clock Summary
######################################################################

D2088: Phase 6, elapsed time : 0.0 (sec)

Phase 7
######################################################################
                     Clock Summary 
======================================================================
Number of clocks: 14
Clock: ADC_SAR_1_theACLK    | Frequency: N/A       | Target:  18.0 MHz
Clock: ADC_SAR_1_theACLK(routed) | Frequency: N/A       | Target:  18.0 MHz
Clock: Clock_1              | Frequency: N/A       | Target:  12.0 MHz
Clock: Clock_1(routed)      | Frequency: N/A       | Target:  12.0 MHz
Clock: Clock_2              | Frequency:  53.9 MHz | Target:  24.0 MHz
Clock: Clock_3              | Frequency: N/A       | Target:   1.0 MHz
Clock: Clock_3(routed)      | Frequency: N/A       | Target:   1.0 MHz
Clock: CyBUS_CLK            | Frequency:   6.2 MHz | Target:  72.0 MHz
Clock: CyBUS_CLK(fixed-function) | Frequency: N/A       | Target:  72.0 MHz
Clock: CyILO                | Frequency: N/A       | Target:   0.0 MHz
Clock: CyIMO                | Frequency: N/A       | Target:   3.0 MHz
Clock: CyMASTER_CLK         | Frequency: N/A       | Target:  72.0 MHz
Clock: CyPLL_OUT            | Frequency: N/A       | Target:  72.0 MHz
Clock: UART_1_IntClock      | Frequency:   6.2 MHz | Target:   0.9 MHz

======================================================================
                     End of Clock Summary
######################################################################
D2088: Phase 7, elapsed time : 0.5 (sec)

Final Design Statistics
    Number of Combinational MCs 	:	16
    Number of Sequential MCs    	:	22
    Number of DPs               	:	9
    Number of Controls          	:	4
    Number of Status            	:	5
    Number of SyncCells         	:	2
    Number of count7cells       	:	1
    Number of IOs       	:	12

Device Utilization Summary
    Macrocells                  :	38/192
    IOs                         :	12/72



######################################################################
Placement Timing Summary

The timing summary is based on estimated routing delays after
placement. For final timing report, please carry out the timing
analysis after routing.
======================================================================


######################################################################
                     Clock Summary 
======================================================================
Number of clocks: 14
Clock: ADC_SAR_1_theACLK    | Frequency: N/A       | Target:  18.0 MHz
Clock: ADC_SAR_1_theACLK(routed) | Frequency: N/A       | Target:  18.0 MHz
Clock: Clock_1              | Frequency: N/A       | Target:  12.0 MHz
Clock: Clock_1(routed)      | Frequency: N/A       | Target:  12.0 MHz
Clock: Clock_2              | Frequency:  50.9 MHz | Target:  24.0 MHz
Clock: Clock_3              | Frequency: N/A       | Target:   1.0 MHz
Clock: Clock_3(routed)      | Frequency: N/A       | Target:   1.0 MHz
Clock: CyBUS_CLK            | Frequency:   6.2 MHz | Target:  72.0 MHz
Clock: CyBUS_CLK(fixed-function) | Frequency: N/A       | Target:  72.0 MHz
Clock: CyILO                | Frequency: N/A       | Target:   0.0 MHz
Clock: CyIMO                | Frequency: N/A       | Target:   3.0 MHz
Clock: CyMASTER_CLK         | Frequency: N/A       | Target:  72.0 MHz
Clock: CyPLL_OUT            | Frequency: N/A       | Target:  72.0 MHz
Clock: UART_1_IntClock      | Frequency:   6.2 MHz | Target:   0.9 MHz

======================================================================
                     End of Clock Summary
######################################################################

Phase 8
D2088: Phase 8, elapsed time : 0.0 (sec)

D2054: Placement of the design completed successfully

I2076: Total run-time: 1.2 sec.

