--------------- Build Started: 08/19/2016 23:15:40 Project: C-CAN, Configuration: ARM GCC 4.9-2015-q1-update Debug ---------------
cydsfit.exe -.appdatapath "C:\Users\Patrick\AppData\Local\Cypress Semiconductor\PSoC Creator\3.3" -.fdsnotice -.fdswarpdepfile=warp_dependencies.txt -.fdselabdepfile=elab_dependencies.txt -.fdsbldfile=generated_files.txt -p "C:\Users\Patrick\Documents\GitHub\PSoC 5LP FIles\C-CAN_PSoC_DevKit\C-CAN.cydsn\C-CAN.cyprj" -d CY8C5888LTI-LP097 -s "C:\Users\Patrick\Documents\GitHub\PSoC 5LP FIles\C-CAN_PSoC_DevKit\C-CAN.cydsn\Generated_Source\PSoC5" -- -yv2 -q10 -ygs -o2 -v3 -.fftcfgtype=LE
Elaborating Design...
HDL Generation ...
Synthesis ...
Place and Route ...
Tech mapping ...
Analog Placement ...
Analog Routing ...
Analog Code Generation ...
Digital Placement ...
Digital Routing ...
Bitstream Generation ...
Static timing analysis ...
API Generation ...
Dependency Generation ...
Clean Temporary Files ...
arm-none-eabi-gcc.exe -mcpu=cortex-m3 -mthumb -Wno-main -I. -IGenerated_Source\PSoC5 -Wa,-alh=.\ARM_GCC_493\Debug/main.lst -g -ffunction-sections -O3 -ffat-lto-objects -c .\main.c -o .\ARM_GCC_493\Debug\main.o
arm-none-eabi-gcc.exe -mcpu=cortex-m3 -mthumb -Wno-main -I. -IGenerated_Source\PSoC5 -Wa,-alh=.\ARM_GCC_493\Debug/cyfitter_cfg.lst -g -ffunction-sections -O3 -ffat-lto-objects -c .\Generated_Source\PSoC5\cyfitter_cfg.c -o .\ARM_GCC_493\Debug\cyfitter_cfg.o
arm-none-eabi-gcc.exe -mcpu=cortex-m3 -mthumb -Wno-main -I. -IGenerated_Source\PSoC5 -Wa,-alh=.\ARM_GCC_493\Debug/cymetadata.lst -g -ffunction-sections -O3 -ffat-lto-objects -c .\Generated_Source\PSoC5\cymetadata.c -o .\ARM_GCC_493\Debug\cymetadata.o
arm-none-eabi-gcc.exe -mcpu=cortex-m3 -mthumb -Wno-main -I. -IGenerated_Source\PSoC5 -Wa,-alh=.\ARM_GCC_493\Debug/UART_1.lst -g -ffunction-sections -O3 -ffat-lto-objects -c .\Generated_Source\PSoC5\UART_1.c -o .\ARM_GCC_493\Debug\UART_1.o
arm-none-eabi-gcc.exe -mcpu=cortex-m3 -mthumb -Wno-main -I. -IGenerated_Source\PSoC5 -Wa,-alh=.\ARM_GCC_493\Debug/UART_1_PM.lst -g -ffunction-sections -O3 -ffat-lto-objects -c .\Generated_Source\PSoC5\UART_1_PM.c -o .\ARM_GCC_493\Debug\UART_1_PM.o
arm-none-eabi-gcc.exe -mcpu=cortex-m3 -mthumb -Wno-main -I. -IGenerated_Source\PSoC5 -Wa,-alh=.\ARM_GCC_493\Debug/UART_1_INT.lst -g -ffunction-sections -O3 -ffat-lto-objects -c .\Generated_Source\PSoC5\UART_1_INT.c -o .\ARM_GCC_493\Debug\UART_1_INT.o
arm-none-eabi-gcc.exe -mcpu=cortex-m3 -mthumb -Wno-main -I. -IGenerated_Source\PSoC5 -Wa,-alh=.\ARM_GCC_493\Debug/UART_1_BOOT.lst -g -ffunction-sections -O3 -ffat-lto-objects -c .\Generated_Source\PSoC5\UART_1_BOOT.c -o .\ARM_GCC_493\Debug\UART_1_BOOT.o
arm-none-eabi-gcc.exe -mcpu=cortex-m3 -mthumb -Wno-main -I. -IGenerated_Source\PSoC5 -Wa,-alh=.\ARM_GCC_493\Debug/UART_1_IntClock.lst -g -ffunction-sections -O3 -ffat-lto-objects -c .\Generated_Source\PSoC5\UART_1_IntClock.c -o .\ARM_GCC_493\Debug\UART_1_IntClock.o
arm-none-eabi-gcc.exe -mcpu=cortex-m3 -mthumb -Wno-main -I. -IGenerated_Source\PSoC5 -Wa,-alh=.\ARM_GCC_493\Debug/Cm3Start.lst -g -ffunction-sections -O3 -ffat-lto-objects -c .\Generated_Source\PSoC5\Cm3Start.c -o .\ARM_GCC_493\Debug\Cm3Start.o
arm-none-eabi-as.exe -mcpu=cortex-m3 -mthumb -I. -IGenerated_Source\PSoC5 -alh=.\ARM_GCC_493\Debug/CyBootAsmGnu.lst -g -o .\ARM_GCC_493\Debug\CyBootAsmGnu.o .\Generated_Source\PSoC5\CyBootAsmGnu.s
arm-none-eabi-gcc.exe -mcpu=cortex-m3 -mthumb -Wno-main -I. -IGenerated_Source\PSoC5 -Wa,-alh=.\ARM_GCC_493\Debug/CyDmac.lst -g -ffunction-sections -O3 -ffat-lto-objects -c .\Generated_Source\PSoC5\CyDmac.c -o .\ARM_GCC_493\Debug\CyDmac.o
arm-none-eabi-gcc.exe -mcpu=cortex-m3 -mthumb -Wno-main -I. -IGenerated_Source\PSoC5 -Wa,-alh=.\ARM_GCC_493\Debug/CyFlash.lst -g -ffunction-sections -O3 -ffat-lto-objects -c .\Generated_Source\PSoC5\CyFlash.c -o .\ARM_GCC_493\Debug\CyFlash.o
arm-none-eabi-gcc.exe -mcpu=cortex-m3 -mthumb -Wno-main -I. -IGenerated_Source\PSoC5 -Wa,-alh=.\ARM_GCC_493\Debug/CyLib.lst -g -ffunction-sections -O3 -ffat-lto-objects -c .\Generated_Source\PSoC5\CyLib.c -o .\ARM_GCC_493\Debug\CyLib.o
arm-none-eabi-gcc.exe -mcpu=cortex-m3 -mthumb -Wno-main -I. -IGenerated_Source\PSoC5 -Wa,-alh=.\ARM_GCC_493\Debug/cyPm.lst -g -ffunction-sections -O3 -ffat-lto-objects -c .\Generated_Source\PSoC5\cyPm.c -o .\ARM_GCC_493\Debug\cyPm.o
arm-none-eabi-gcc.exe -mcpu=cortex-m3 -mthumb -Wno-main -I. -IGenerated_Source\PSoC5 -Wa,-alh=.\ARM_GCC_493\Debug/CySpc.lst -g -ffunction-sections -O3 -ffat-lto-objects -c .\Generated_Source\PSoC5\CySpc.c -o .\ARM_GCC_493\Debug\CySpc.o
arm-none-eabi-gcc.exe -mcpu=cortex-m3 -mthumb -Wno-main -I. -IGenerated_Source\PSoC5 -Wa,-alh=.\ARM_GCC_493\Debug/cyutils.lst -g -ffunction-sections -O3 -ffat-lto-objects -c .\Generated_Source\PSoC5\cyutils.c -o .\ARM_GCC_493\Debug\cyutils.o
arm-none-eabi-gcc.exe -mcpu=cortex-m3 -mthumb -Wno-main -I. -IGenerated_Source\PSoC5 -Wa,-alh=.\ARM_GCC_493\Debug/Clock_1.lst -g -ffunction-sections -O3 -ffat-lto-objects -c .\Generated_Source\PSoC5\Clock_1.c -o .\ARM_GCC_493\Debug\Clock_1.o
arm-none-eabi-gcc.exe -mcpu=cortex-m3 -mthumb -Wno-main -I. -IGenerated_Source\PSoC5 -Wa,-alh=.\ARM_GCC_493\Debug/ADC_SAR_1.lst -g -ffunction-sections -O3 -ffat-lto-objects -c .\Generated_Source\PSoC5\ADC_SAR_1.c -o .\ARM_GCC_493\Debug\ADC_SAR_1.o
arm-none-eabi-gcc.exe -mcpu=cortex-m3 -mthumb -Wno-main -I. -IGenerated_Source\PSoC5 -Wa,-alh=.\ARM_GCC_493\Debug/ADC_SAR_1_INT.lst -g -ffunction-sections -O3 -ffat-lto-objects -c .\Generated_Source\PSoC5\ADC_SAR_1_INT.c -o .\ARM_GCC_493\Debug\ADC_SAR_1_INT.o
arm-none-eabi-gcc.exe -mcpu=cortex-m3 -mthumb -Wno-main -I. -IGenerated_Source\PSoC5 -Wa,-alh=.\ARM_GCC_493\Debug/ADC_SAR_1_PM.lst -g -ffunction-sections -O3 -ffat-lto-objects -c .\Generated_Source\PSoC5\ADC_SAR_1_PM.c -o .\ARM_GCC_493\Debug\ADC_SAR_1_PM.o
arm-none-eabi-gcc.exe -mcpu=cortex-m3 -mthumb -Wno-main -I. -IGenerated_Source\PSoC5 -Wa,-alh=.\ARM_GCC_493\Debug/ADC_SAR_1_IRQ.lst -g -ffunction-sections -O3 -ffat-lto-objects -c .\Generated_Source\PSoC5\ADC_SAR_1_IRQ.c -o .\ARM_GCC_493\Debug\ADC_SAR_1_IRQ.o
arm-none-eabi-gcc.exe -mcpu=cortex-m3 -mthumb -Wno-main -I. -IGenerated_Source\PSoC5 -Wa,-alh=.\ARM_GCC_493\Debug/ADC_SAR_1_theACLK.lst -g -ffunction-sections -O3 -ffat-lto-objects -c .\Generated_Source\PSoC5\ADC_SAR_1_theACLK.c -o .\ARM_GCC_493\Debug\ADC_SAR_1_theACLK.o
arm-none-eabi-gcc.exe -mcpu=cortex-m3 -mthumb -Wno-main -I. -IGenerated_Source\PSoC5 -Wa,-alh=.\ARM_GCC_493\Debug/ADC_SAR_1_Bypass.lst -g -ffunction-sections -O3 -ffat-lto-objects -c .\Generated_Source\PSoC5\ADC_SAR_1_Bypass.c -o .\ARM_GCC_493\Debug\ADC_SAR_1_Bypass.o
arm-none-eabi-gcc.exe -mcpu=cortex-m3 -mthumb -Wno-main -I. -IGenerated_Source\PSoC5 -Wa,-alh=.\ARM_GCC_493\Debug/AMux_1.lst -g -ffunction-sections -O3 -ffat-lto-objects -c .\Generated_Source\PSoC5\AMux_1.c -o .\ARM_GCC_493\Debug\AMux_1.o
arm-none-eabi-gcc.exe -mcpu=cortex-m3 -mthumb -Wno-main -I. -IGenerated_Source\PSoC5 -Wa,-alh=.\ARM_GCC_493\Debug/Vin_180.lst -g -ffunction-sections -O3 -ffat-lto-objects -c .\Generated_Source\PSoC5\Vin_180.c -o .\ARM_GCC_493\Debug\Vin_180.o
arm-none-eabi-gcc.exe -mcpu=cortex-m3 -mthumb -Wno-main -I. -IGenerated_Source\PSoC5 -Wa,-alh=.\ARM_GCC_493\Debug/Vin_90.lst -g -ffunction-sections -O3 -ffat-lto-objects -c .\Generated_Source\PSoC5\Vin_90.c -o .\ARM_GCC_493\Debug\Vin_90.o
arm-none-eabi-gcc.exe -mcpu=cortex-m3 -mthumb -Wno-main -I. -IGenerated_Source\PSoC5 -Wa,-alh=.\ARM_GCC_493\Debug/Vin_Pot.lst -g -ffunction-sections -O3 -ffat-lto-objects -c .\Generated_Source\PSoC5\Vin_Pot.c -o .\ARM_GCC_493\Debug\Vin_Pot.o
arm-none-eabi-gcc.exe -mcpu=cortex-m3 -mthumb -Wno-main -I. -IGenerated_Source\PSoC5 -Wa,-alh=.\ARM_GCC_493\Debug/mcp2515_clk.lst -g -ffunction-sections -O3 -ffat-lto-objects -c .\Generated_Source\PSoC5\mcp2515_clk.c -o .\ARM_GCC_493\Debug\mcp2515_clk.o
arm-none-eabi-gcc.exe -mcpu=cortex-m3 -mthumb -Wno-main -I. -IGenerated_Source\PSoC5 -Wa,-alh=.\ARM_GCC_493\Debug/RX_2.lst -g -ffunction-sections -O3 -ffat-lto-objects -c .\Generated_Source\PSoC5\RX_2.c -o .\ARM_GCC_493\Debug\RX_2.o
arm-none-eabi-gcc.exe -mcpu=cortex-m3 -mthumb -Wno-main -I. -IGenerated_Source\PSoC5 -Wa,-alh=.\ARM_GCC_493\Debug/TX_2.lst -g -ffunction-sections -O3 -ffat-lto-objects -c .\Generated_Source\PSoC5\TX_2.c -o .\ARM_GCC_493\Debug\TX_2.o
arm-none-eabi-gcc.exe -mcpu=cortex-m3 -mthumb -Wno-main -I. -IGenerated_Source\PSoC5 -Wa,-alh=.\ARM_GCC_493\Debug/CAN_1.lst -g -ffunction-sections -O3 -ffat-lto-objects -c .\Generated_Source\PSoC5\CAN_1.c -o .\ARM_GCC_493\Debug\CAN_1.o
arm-none-eabi-gcc.exe -mcpu=cortex-m3 -mthumb -Wno-main -I. -IGenerated_Source\PSoC5 -Wa,-alh=.\ARM_GCC_493\Debug/CAN_1_INT.lst -g -ffunction-sections -O3 -ffat-lto-objects -c .\Generated_Source\PSoC5\CAN_1_INT.c -o .\ARM_GCC_493\Debug\CAN_1_INT.o
arm-none-eabi-gcc.exe -mcpu=cortex-m3 -mthumb -Wno-main -I. -IGenerated_Source\PSoC5 -Wa,-alh=.\ARM_GCC_493\Debug/CAN_1_PM.lst -g -ffunction-sections -O3 -ffat-lto-objects -c .\Generated_Source\PSoC5\CAN_1_PM.c -o .\ARM_GCC_493\Debug\CAN_1_PM.o
arm-none-eabi-gcc.exe -mcpu=cortex-m3 -mthumb -Wno-main -I. -IGenerated_Source\PSoC5 -Wa,-alh=.\ARM_GCC_493\Debug/CAN_1_TX_RX_func.lst -g -ffunction-sections -O3 -ffat-lto-objects -c .\Generated_Source\PSoC5\CAN_1_TX_RX_func.c -o .\ARM_GCC_493\Debug\CAN_1_TX_RX_func.o
arm-none-eabi-gcc.exe -mcpu=cortex-m3 -mthumb -Wno-main -I. -IGenerated_Source\PSoC5 -Wa,-alh=.\ARM_GCC_493\Debug/Clock_2.lst -g -ffunction-sections -O3 -ffat-lto-objects -c .\Generated_Source\PSoC5\Clock_2.c -o .\ARM_GCC_493\Debug\Clock_2.o
arm-none-eabi-gcc.exe -mcpu=cortex-m3 -mthumb -Wno-main -I. -IGenerated_Source\PSoC5 -Wa,-alh=.\ARM_GCC_493\Debug/Clock_3.lst -g -ffunction-sections -O3 -ffat-lto-objects -c .\Generated_Source\PSoC5\Clock_3.c -o .\ARM_GCC_493\Debug\Clock_3.o
arm-none-eabi-gcc.exe -mcpu=cortex-m3 -mthumb -Wno-main -I. -IGenerated_Source\PSoC5 -Wa,-alh=.\ARM_GCC_493\Debug/CAN_TIMER.lst -g -ffunction-sections -O3 -ffat-lto-objects -c .\Generated_Source\PSoC5\CAN_TIMER.c -o .\ARM_GCC_493\Debug\CAN_TIMER.o
arm-none-eabi-gcc.exe -mcpu=cortex-m3 -mthumb -Wno-main -I. -IGenerated_Source\PSoC5 -Wa,-alh=.\ARM_GCC_493\Debug/CAN_TIMER_PM.lst -g -ffunction-sections -O3 -ffat-lto-objects -c .\Generated_Source\PSoC5\CAN_TIMER_PM.c -o .\ARM_GCC_493\Debug\CAN_TIMER_PM.o
arm-none-eabi-gcc.exe -mcpu=cortex-m3 -mthumb -Wno-main -I. -IGenerated_Source\PSoC5 -Wa,-alh=.\ARM_GCC_493\Debug/CAN_ISR.lst -g -ffunction-sections -O3 -ffat-lto-objects -c .\Generated_Source\PSoC5\CAN_ISR.c -o .\ARM_GCC_493\Debug\CAN_ISR.o
arm-none-eabi-gcc.exe -mcpu=cortex-m3 -mthumb -Wno-main -I. -IGenerated_Source\PSoC5 -Wa,-alh=.\ARM_GCC_493\Debug/Test_Pin.lst -g -ffunction-sections -O3 -ffat-lto-objects -c .\Generated_Source\PSoC5\Test_Pin.c -o .\ARM_GCC_493\Debug\Test_Pin.o
arm-none-eabi-gcc.exe -mcpu=cortex-m3 -mthumb -Wno-main -I. -IGenerated_Source\PSoC5 -Wa,-alh=.\ARM_GCC_493\Debug/ISR_PIN.lst -g -ffunction-sections -O3 -ffat-lto-objects -c .\Generated_Source\PSoC5\ISR_PIN.c -o .\ARM_GCC_493\Debug\ISR_PIN.o
arm-none-eabi-gcc.exe -mcpu=cortex-m3 -mthumb -Wno-main -I. -IGenerated_Source\PSoC5 -Wa,-alh=.\ARM_GCC_493\Debug/Encoder_Left.lst -g -ffunction-sections -O3 -ffat-lto-objects -c .\Generated_Source\PSoC5\Encoder_Left.c -o .\ARM_GCC_493\Debug\Encoder_Left.o
arm-none-eabi-gcc.exe -mcpu=cortex-m3 -mthumb -Wno-main -I. -IGenerated_Source\PSoC5 -Wa,-alh=.\ARM_GCC_493\Debug/Encoder_Left_PM.lst -g -ffunction-sections -O3 -ffat-lto-objects -c .\Generated_Source\PSoC5\Encoder_Left_PM.c -o .\ARM_GCC_493\Debug\Encoder_Left_PM.o
arm-none-eabi-gcc.exe -mcpu=cortex-m3 -mthumb -Wno-main -I. -IGenerated_Source\PSoC5 -Wa,-alh=.\ARM_GCC_493\Debug/Enc_L.lst -g -ffunction-sections -O3 -ffat-lto-objects -c .\Generated_Source\PSoC5\Enc_L.c -o .\ARM_GCC_493\Debug\Enc_L.o
arm-none-eabi-gcc.exe -mcpu=cortex-m3 -mthumb -Wno-main -I. -IGenerated_Source\PSoC5 -Wa,-alh=.\ARM_GCC_493\Debug/Encoder_Right.lst -g -ffunction-sections -O3 -ffat-lto-objects -c .\Generated_Source\PSoC5\Encoder_Right.c -o .\ARM_GCC_493\Debug\Encoder_Right.o
arm-none-eabi-gcc.exe -mcpu=cortex-m3 -mthumb -Wno-main -I. -IGenerated_Source\PSoC5 -Wa,-alh=.\ARM_GCC_493\Debug/Encoder_Right_PM.lst -g -ffunction-sections -O3 -ffat-lto-objects -c .\Generated_Source\PSoC5\Encoder_Right_PM.c -o .\ARM_GCC_493\Debug\Encoder_Right_PM.o
arm-none-eabi-gcc.exe -mcpu=cortex-m3 -mthumb -Wno-main -I. -IGenerated_Source\PSoC5 -Wa,-alh=.\ARM_GCC_493\Debug/Enc_R.lst -g -ffunction-sections -O3 -ffat-lto-objects -c .\Generated_Source\PSoC5\Enc_R.c -o .\ARM_GCC_493\Debug\Enc_R.o
arm-none-eabi-gcc.exe -mcpu=cortex-m3 -mthumb -Wno-main -I. -IGenerated_Source\PSoC5 -Wa,-alh=.\ARM_GCC_493\Debug/leftEncTimer.lst -g -ffunction-sections -O3 -ffat-lto-objects -c .\Generated_Source\PSoC5\leftEncTimer.c -o .\ARM_GCC_493\Debug\leftEncTimer.o
arm-none-eabi-gcc.exe -mcpu=cortex-m3 -mthumb -Wno-main -I. -IGenerated_Source\PSoC5 -Wa,-alh=.\ARM_GCC_493\Debug/leftEncTimer_PM.lst -g -ffunction-sections -O3 -ffat-lto-objects -c .\Generated_Source\PSoC5\leftEncTimer_PM.c -o .\ARM_GCC_493\Debug\leftEncTimer_PM.o
arm-none-eabi-gcc.exe -mcpu=cortex-m3 -mthumb -Wno-main -I. -IGenerated_Source\PSoC5 -Wa,-alh=.\ARM_GCC_493\Debug/rightEncTimer.lst -g -ffunction-sections -O3 -ffat-lto-objects -c .\Generated_Source\PSoC5\rightEncTimer.c -o .\ARM_GCC_493\Debug\rightEncTimer.o
arm-none-eabi-gcc.exe -mcpu=cortex-m3 -mthumb -Wno-main -I. -IGenerated_Source\PSoC5 -Wa,-alh=.\ARM_GCC_493\Debug/rightEncTimer_PM.lst -g -ffunction-sections -O3 -ffat-lto-objects -c .\Generated_Source\PSoC5\rightEncTimer_PM.c -o .\ARM_GCC_493\Debug\rightEncTimer_PM.o
arm-none-eabi-gcc.exe -mcpu=cortex-m3 -mthumb -Wno-main -I. -IGenerated_Source\PSoC5 -Wa,-alh=.\ARM_GCC_493\Debug/cybootloader.lst -g -ffunction-sections -O3 -ffat-lto-objects -c .\Generated_Source\PSoC5\cybootloader.c -o .\ARM_GCC_493\Debug\cybootloader.o
arm-none-eabi-gcc.exe -mcpu=cortex-m3 -mthumb -Wno-main -I. -IGenerated_Source\PSoC5 -Wa,-alh=.\ARM_GCC_493\Debug/Bootloadable_1.lst -g -ffunction-sections -O3 -ffat-lto-objects -c .\Generated_Source\PSoC5\Bootloadable_1.c -o .\ARM_GCC_493\Debug\Bootloadable_1.o
arm-none-eabi-ar.exe -rs .\ARM_GCC_493\Debug\C-CAN.a .\ARM_GCC_493\Debug\cyfitter_cfg.o .\ARM_GCC_493\Debug\UART_1.o .\ARM_GCC_493\Debug\UART_1_PM.o .\ARM_GCC_493\Debug\UART_1_INT.o .\ARM_GCC_493\Debug\UART_1_BOOT.o .\ARM_GCC_493\Debug\UART_1_IntClock.o .\ARM_GCC_493\Debug\CyBootAsmGnu.o .\ARM_GCC_493\Debug\CyDmac.o .\ARM_GCC_493\Debug\CyFlash.o .\ARM_GCC_493\Debug\CyLib.o .\ARM_GCC_493\Debug\cyPm.o .\ARM_GCC_493\Debug\CySpc.o .\ARM_GCC_493\Debug\cyutils.o .\ARM_GCC_493\Debug\Clock_1.o .\ARM_GCC_493\Debug\ADC_SAR_1.o .\ARM_GCC_493\Debug\ADC_SAR_1_INT.o .\ARM_GCC_493\Debug\ADC_SAR_1_PM.o .\ARM_GCC_493\Debug\ADC_SAR_1_IRQ.o .\ARM_GCC_493\Debug\ADC_SAR_1_theACLK.o .\ARM_GCC_493\Debug\ADC_SAR_1_Bypass.o .\ARM_GCC_493\Debug\AMux_1.o .\ARM_GCC_493\Debug\Vin_180.o .\ARM_GCC_493\Debug\Vin_90.o .\ARM_GCC_493\Debug\Vin_Pot.o .\ARM_GCC_493\Debug\mcp2515_clk.o .\ARM_GCC_493\Debug\RX_2.o .\ARM_GCC_493\Debug\TX_2.o .\ARM_GCC_493\Debug\CAN_1.o .\ARM_GCC_493\Debug\CAN_1_INT.o .\ARM_GCC_493\Debug\CAN_1_PM.o .\ARM_GCC_493\Debug\CAN_1_TX_RX_func.o .\ARM_GCC_493\Debug\Clock_2.o .\ARM_GCC_493\Debug\Clock_3.o .\ARM_GCC_493\Debug\CAN_TIMER.o .\ARM_GCC_493\Debug\CAN_TIMER_PM.o .\ARM_GCC_493\Debug\CAN_ISR.o .\ARM_GCC_493\Debug\Test_Pin.o .\ARM_GCC_493\Debug\ISR_PIN.o .\ARM_GCC_493\Debug\Encoder_Left.o .\ARM_GCC_493\Debug\Encoder_Left_PM.o .\ARM_GCC_493\Debug\Enc_L.o .\ARM_GCC_493\Debug\Encoder_Right.o .\ARM_GCC_493\Debug\Encoder_Right_PM.o .\ARM_GCC_493\Debug\Enc_R.o .\ARM_GCC_493\Debug\leftEncTimer.o .\ARM_GCC_493\Debug\leftEncTimer_PM.o .\ARM_GCC_493\Debug\rightEncTimer.o .\ARM_GCC_493\Debug\rightEncTimer_PM.o .\ARM_GCC_493\Debug\Bootloadable_1.o
arm-none-eabi-ar.exe: creating .\ARM_GCC_493\Debug\C-CAN.a
arm-none-eabi-gcc.exe -Wl,--start-group -o .\ARM_GCC_493\Debug\C-CAN.elf .\ARM_GCC_493\Debug\main.o .\ARM_GCC_493\Debug\cymetadata.o .\ARM_GCC_493\Debug\Cm3Start.o .\ARM_GCC_493\Debug\cybootloader.o .\ARM_GCC_493\Debug\C-CAN.a "C:\Program Files (x86)\Cypress\PSoC Creator\3.3\PSoC Creator\psoc\content\cycomponentlibrary\CyComponentLibrary.cylib\CortexM3\ARM_GCC_493\Debug\CyComponentLibrary.a" -mcpu=cortex-m3 -mthumb -g -ffunction-sections -O3 -ffat-lto-objects -L Generated_Source\PSoC5 -Wl,-Map,.\ARM_GCC_493\Debug/C-CAN.map -T Generated_Source\PSoC5\cm3gcc.ld -specs=nano.specs -Wl,--end-group
cyelftool.exe -B "C:\Users\Patrick\Documents\GitHub\PSoC 5LP FIles\C-CAN_PSoC_DevKit\C-CAN.cydsn\ARM_GCC_493\Debug\C-CAN.elf" --flash_row_size 256 --flash_size 262144 --flash_array_size 65536 --ee_array 64 --ee_row_size 16
cyelftool.exe -S "C:\Users\Patrick\Documents\GitHub\PSoC 5LP FIles\C-CAN_PSoC_DevKit\C-CAN.cydsn\ARM_GCC_493\Debug\C-CAN.elf"
Flash used: 37888 of 262144 bytes (14.5 %). Bootloader: 11264 bytes. Application: 26368 bytes. Metadata: 256 bytes.
SRAM used: 2789 of 65536 bytes (4.3 %). Stack: 2048 bytes. Heap: 128 bytes.
--------------- Build Succeeded: 08/19/2016 23:16:05 ---------------
