ARM GAS  C:\Users\Patrick\AppData\Local\Temp\cc4ZZri1.s 			page 1


   1              		.syntax unified
   2              		.cpu cortex-m3
   3              		.fpu softvfp
   4              		.eabi_attribute 20, 1
   5              		.eabi_attribute 21, 1
   6              		.eabi_attribute 23, 3
   7              		.eabi_attribute 24, 1
   8              		.eabi_attribute 25, 1
   9              		.eabi_attribute 26, 1
  10              		.eabi_attribute 30, 6
  11              		.eabi_attribute 34, 1
  12              		.eabi_attribute 18, 4
  13              		.thumb
  14              		.file	"C-CAN.c"
  15              		.text
  16              	.Ltext0:
  17              		.cfi_sections	.debug_frame
  18              		.comm	zero,164,4
  19              		.comm	one,164,4
  20              		.comm	two,164,4
  21              		.comm	three,164,4
  22              		.comm	four,164,4
  23              		.comm	five,164,4
  24              		.comm	left,168,4
  25              		.comm	right,168,4
  26              		.bss
  27              		.align	2
  28              	temp_enable:
  29 0000 00000000 		.space	8
  29      00000000 
  30              		.comm	TxMessage1,8,4
  31              		.comm	RxMessage1,8,4
  32              		.comm	RXDLC1,1,1
  33              		.comm	RxFlag1,1,1
  34              		.section	.text.GetSample,"ax",%progbits
  35              		.align	2
  36              		.global	GetSample
  37              		.thumb
  38              		.thumb_func
  39              		.type	GetSample, %function
  40              	GetSample:
  41              	.LFB63:
  42              		.file 1 ".\\C-CAN.c"
   1:.\C-CAN.c     **** /* ========================================
   2:.\C-CAN.c     ****  *
   3:.\C-CAN.c     ****  * Copyright YOUR COMPANY, THE YEAR
   4:.\C-CAN.c     ****  * All Rights Reserved
   5:.\C-CAN.c     ****  * UNPUBLISHED, LICENSED SOFTWARE.
   6:.\C-CAN.c     ****  *
   7:.\C-CAN.c     ****  * CONFIDENTIAL AND PROPRIETARY INFORMATION
   8:.\C-CAN.c     ****  * WHICH IS THE PROPERTY OF your company.
   9:.\C-CAN.c     ****  *
  10:.\C-CAN.c     ****  * ========================================
  11:.\C-CAN.c     **** */
  12:.\C-CAN.c     **** 
  13:.\C-CAN.c     **** #include <C-CAN.h>
  14:.\C-CAN.c     **** 
ARM GAS  C:\Users\Patrick\AppData\Local\Temp\cc4ZZri1.s 			page 2


  15:.\C-CAN.c     **** void GetSample( Pot * pot){
  43              		.loc 1 15 0
  44              		.cfi_startproc
  45              		@ args = 0, pretend = 0, frame = 8
  46              		@ frame_needed = 1, uses_anonymous_args = 0
  47 0000 90B5     		push	{r4, r7, lr}
  48              		.cfi_def_cfa_offset 12
  49              		.cfi_offset 4, -12
  50              		.cfi_offset 7, -8
  51              		.cfi_offset 14, -4
  52 0002 83B0     		sub	sp, sp, #12
  53              		.cfi_def_cfa_offset 24
  54 0004 00AF     		add	r7, sp, #0
  55              		.cfi_def_cfa_register 7
  56 0006 7860     		str	r0, [r7, #4]
  16:.\C-CAN.c     ****     
  17:.\C-CAN.c     ****     /*This function applies a moving average filter to the data read by the ADC. Each sensor
  18:.\C-CAN.c     ****     *has an associated sensor struct that contains all necessary variables. The multiplexer
  19:.\C-CAN.c     ****     *is switched such that the intended sensor is read by the ADC. The if loop waits for the
  20:.\C-CAN.c     ****     *ADC to sample and then applies the circular buffer-based moving average.
  21:.\C-CAN.c     ****     *
  22:.\C-CAN.c     ****     *For serial debugging purposes, this function also converts the averaged sensor reading
  23:.\C-CAN.c     ****     *to a millivolt value.
  24:.\C-CAN.c     ****     *
  25:.\C-CAN.c     ****     */
  26:.\C-CAN.c     ****     AMux_1_FastSelect(pot->sensor.number);
  57              		.loc 1 26 0
  58 0008 7B68     		ldr	r3, [r7, #4]
  59 000a 93F89830 		ldrb	r3, [r3, #152]	@ zero_extendqisi2
  60 000e 1846     		mov	r0, r3
  61 0010 FFF7FEFF 		bl	AMux_1_FastSelect
  27:.\C-CAN.c     ****     ADC_SAR_1_StartConvert();
  62              		.loc 1 27 0
  63 0014 FFF7FEFF 		bl	ADC_SAR_1_StartConvert
  28:.\C-CAN.c     ****     if(ADC_SAR_1_IsEndConversion(ADC_SAR_1_WAIT_FOR_RESULT))
  64              		.loc 1 28 0
  65 0018 0020     		movs	r0, #0
  66 001a FFF7FEFF 		bl	ADC_SAR_1_IsEndConversion
  67 001e 0346     		mov	r3, r0
  68 0020 002B     		cmp	r3, #0
  69 0022 2CD0     		beq	.L2
  29:.\C-CAN.c     ****     {
  30:.\C-CAN.c     ****         pot->sensor.accumulator -= pot->sensor.data[pot->sensor.index];
  70              		.loc 1 30 0
  71 0024 7B68     		ldr	r3, [r7, #4]
  72 0026 D3F89420 		ldr	r2, [r3, #148]
  73 002a 7B68     		ldr	r3, [r7, #4]
  74 002c 93F89930 		ldrb	r3, [r3, #153]	@ zero_extendqisi2
  75 0030 7968     		ldr	r1, [r7, #4]
  76 0032 0833     		adds	r3, r3, #8
  77 0034 5B00     		lsls	r3, r3, #1
  78 0036 0B44     		add	r3, r3, r1
  79 0038 5B88     		ldrh	r3, [r3, #2]
  80 003a D21A     		subs	r2, r2, r3
  81 003c 7B68     		ldr	r3, [r7, #4]
  82 003e C3F89420 		str	r2, [r3, #148]
  31:.\C-CAN.c     ****         pot->sensor.data[pot->sensor.index] = ADC_SAR_1_GetResult16();
ARM GAS  C:\Users\Patrick\AppData\Local\Temp\cc4ZZri1.s 			page 3


  83              		.loc 1 31 0
  84 0042 7B68     		ldr	r3, [r7, #4]
  85 0044 93F89930 		ldrb	r3, [r3, #153]	@ zero_extendqisi2
  86 0048 1C46     		mov	r4, r3
  87 004a FFF7FEFF 		bl	ADC_SAR_1_GetResult16
  88 004e 0346     		mov	r3, r0
  89 0050 99B2     		uxth	r1, r3
  90 0052 7A68     		ldr	r2, [r7, #4]
  91 0054 04F10803 		add	r3, r4, #8
  92 0058 5B00     		lsls	r3, r3, #1
  93 005a 1344     		add	r3, r3, r2
  94 005c 0A46     		mov	r2, r1	@ movhi
  95 005e 5A80     		strh	r2, [r3, #2]	@ movhi
  32:.\C-CAN.c     ****         pot->sensor.accumulator += pot->sensor.data[pot->sensor.index];
  96              		.loc 1 32 0
  97 0060 7B68     		ldr	r3, [r7, #4]
  98 0062 D3F89420 		ldr	r2, [r3, #148]
  99 0066 7B68     		ldr	r3, [r7, #4]
 100 0068 93F89930 		ldrb	r3, [r3, #153]	@ zero_extendqisi2
 101 006c 7968     		ldr	r1, [r7, #4]
 102 006e 0833     		adds	r3, r3, #8
 103 0070 5B00     		lsls	r3, r3, #1
 104 0072 0B44     		add	r3, r3, r1
 105 0074 5B88     		ldrh	r3, [r3, #2]
 106 0076 1A44     		add	r2, r2, r3
 107 0078 7B68     		ldr	r3, [r7, #4]
 108 007a C3F89420 		str	r2, [r3, #148]
 109              	.L2:
  33:.\C-CAN.c     ****     }
  34:.\C-CAN.c     ****     pot->sensor.index++;
 110              		.loc 1 34 0
 111 007e 7B68     		ldr	r3, [r7, #4]
 112 0080 93F89930 		ldrb	r3, [r3, #153]	@ zero_extendqisi2
 113 0084 0133     		adds	r3, r3, #1
 114 0086 DAB2     		uxtb	r2, r3
 115 0088 7B68     		ldr	r3, [r7, #4]
 116 008a 83F89920 		strb	r2, [r3, #153]
  35:.\C-CAN.c     ****     if(pot->sensor.index==pot->sensor.window){
 117              		.loc 1 35 0
 118 008e 7B68     		ldr	r3, [r7, #4]
 119 0090 93F89920 		ldrb	r2, [r3, #153]	@ zero_extendqisi2
 120 0094 7B68     		ldr	r3, [r7, #4]
 121 0096 93F89A30 		ldrb	r3, [r3, #154]	@ zero_extendqisi2
 122 009a 9A42     		cmp	r2, r3
 123 009c 03D1     		bne	.L3
  36:.\C-CAN.c     ****         pot->sensor.index = 0;
 124              		.loc 1 36 0
 125 009e 7B68     		ldr	r3, [r7, #4]
 126 00a0 0022     		movs	r2, #0
 127 00a2 83F89920 		strb	r2, [r3, #153]
 128              	.L3:
  37:.\C-CAN.c     ****     }
  38:.\C-CAN.c     ****     
  39:.\C-CAN.c     ****     pot->mV = ADC_SAR_1_CountsTo_mVolts((pot->sensor.accumulator)/pot->sensor.window);
 129              		.loc 1 39 0
 130 00a6 7B68     		ldr	r3, [r7, #4]
 131 00a8 D3F89430 		ldr	r3, [r3, #148]
ARM GAS  C:\Users\Patrick\AppData\Local\Temp\cc4ZZri1.s 			page 4


 132 00ac 7A68     		ldr	r2, [r7, #4]
 133 00ae 92F89A20 		ldrb	r2, [r2, #154]	@ zero_extendqisi2
 134 00b2 B3FBF2F3 		udiv	r3, r3, r2
 135 00b6 9BB2     		uxth	r3, r3
 136 00b8 1BB2     		sxth	r3, r3
 137 00ba 1846     		mov	r0, r3
 138 00bc FFF7FEFF 		bl	ADC_SAR_1_CountsTo_mVolts
 139 00c0 0346     		mov	r3, r0
 140 00c2 1A46     		mov	r2, r3
 141 00c4 7B68     		ldr	r3, [r7, #4]
 142 00c6 A3F8A020 		strh	r2, [r3, #160]	@ movhi
  40:.\C-CAN.c     ****     
  41:.\C-CAN.c     ****     pot->sensor.flag = FALSE;
 143              		.loc 1 41 0
 144 00ca 7B68     		ldr	r3, [r7, #4]
 145 00cc 0022     		movs	r2, #0
 146 00ce 83F89B20 		strb	r2, [r3, #155]
  42:.\C-CAN.c     **** 
  43:.\C-CAN.c     ****     #ifdef DEBUG_MULTIRATE
  44:.\C-CAN.c     ****     UART_1_PutString("\n\rPot ");
  45:.\C-CAN.c     ****     UART_1_PutChar(pot->sensor.number+48);
  46:.\C-CAN.c     ****     UART_1_PutString("\n\r");
  47:.\C-CAN.c     ****     #endif
  48:.\C-CAN.c     ****     
  49:.\C-CAN.c     ****     
  50:.\C-CAN.c     **** 
  51:.\C-CAN.c     ****     
  52:.\C-CAN.c     **** }
 147              		.loc 1 52 0
 148 00d2 0C37     		adds	r7, r7, #12
 149              		.cfi_def_cfa_offset 12
 150 00d4 BD46     		mov	sp, r7
 151              		.cfi_def_cfa_register 13
 152              		@ sp needed
 153 00d6 90BD     		pop	{r4, r7, pc}
 154              		.cfi_endproc
 155              	.LFE63:
 156              		.size	GetSample, .-GetSample
 157              		.global	__aeabi_i2f
 158              		.global	__aeabi_fadd
 159              		.global	__aeabi_fdiv
 160              		.global	__aeabi_fmul
 161              		.section	.text.GetRPM,"ax",%progbits
 162              		.align	2
 163              		.global	GetRPM
 164              		.thumb
 165              		.thumb_func
 166              		.type	GetRPM, %function
 167              	GetRPM:
 168              	.LFB64:
  53:.\C-CAN.c     **** 
  54:.\C-CAN.c     **** void GetRPM(Encoder * encoder){
 169              		.loc 1 54 0
 170              		.cfi_startproc
 171              		@ args = 0, pretend = 0, frame = 8
 172              		@ frame_needed = 1, uses_anonymous_args = 0
 173 0000 90B5     		push	{r4, r7, lr}
ARM GAS  C:\Users\Patrick\AppData\Local\Temp\cc4ZZri1.s 			page 5


 174              		.cfi_def_cfa_offset 12
 175              		.cfi_offset 4, -12
 176              		.cfi_offset 7, -8
 177              		.cfi_offset 14, -4
 178 0002 83B0     		sub	sp, sp, #12
 179              		.cfi_def_cfa_offset 24
 180 0004 00AF     		add	r7, sp, #0
 181              		.cfi_def_cfa_register 7
 182 0006 7860     		str	r0, [r7, #4]
  55:.\C-CAN.c     ****     
  56:.\C-CAN.c     ****     /*This function applies a moving average filter to the number of encoder pulses
  57:.\C-CAN.c     ****     *counted by an encoder counter. Each encoder has an encoder struct that contains
  58:.\C-CAN.c     ****     *all of the relevant variables for an encoder. 
  59:.\C-CAN.c     ****     *
  60:.\C-CAN.c     ****     *The moving average filter implemented is the "shortcut" version, making use of a circular
  61:.\C-CAN.c     ****     *buffer to keep things speeds. 
  62:.\C-CAN.c     ****     *
  63:.\C-CAN.c     ****     *Each encoder has an associated hardware pulse counter and time counter. As of 8/19/16
  64:.\C-CAN.c     ****     *the time counter counts microseconds and the encoders are 600ppr. 
  65:.\C-CAN.c     ****     
  66:.\C-CAN.c     ****     *RPM is calculated as follows:
  67:.\C-CAN.c     ****     *(pulses)*(1 rev/600 pulses)*(1/microseconds)*(10^6 microseconds/second)*(60 seconds/minute)=rp
  68:.\C-CAN.c     ****     *
  69:.\C-CAN.c     ****     *This simplifies to (pulses * 100000) / (microseconds elapsed)
  70:.\C-CAN.c     ****     *
  71:.\C-CAN.c     ****     *With the current setup, the time counter does not reset and can only handle ~65milliseconds.
  72:.\C-CAN.c     ****     *
  73:.\C-CAN.c     ****     */
  74:.\C-CAN.c     ****     
  75:.\C-CAN.c     ****     
  76:.\C-CAN.c     ****     if(encoder->sensor.number == 6){ //calculate left rpm
 183              		.loc 1 76 0
 184 0008 7B68     		ldr	r3, [r7, #4]
 185 000a 93F89830 		ldrb	r3, [r3, #152]	@ zero_extendqisi2
 186 000e 062B     		cmp	r3, #6
 187 0010 60D1     		bne	.L5
  77:.\C-CAN.c     ****         encoder->sensor.accumulator -= encoder->sensor.data[encoder->sensor.index];
 188              		.loc 1 77 0
 189 0012 7B68     		ldr	r3, [r7, #4]
 190 0014 D3F89420 		ldr	r2, [r3, #148]
 191 0018 7B68     		ldr	r3, [r7, #4]
 192 001a 93F89930 		ldrb	r3, [r3, #153]	@ zero_extendqisi2
 193 001e 7968     		ldr	r1, [r7, #4]
 194 0020 0833     		adds	r3, r3, #8
 195 0022 5B00     		lsls	r3, r3, #1
 196 0024 0B44     		add	r3, r3, r1
 197 0026 5B88     		ldrh	r3, [r3, #2]
 198 0028 D21A     		subs	r2, r2, r3
 199 002a 7B68     		ldr	r3, [r7, #4]
 200 002c C3F89420 		str	r2, [r3, #148]
  78:.\C-CAN.c     ****         encoder->sensor.data[encoder->sensor.index] = Encoder_Left_ReadCounter();
 201              		.loc 1 78 0
 202 0030 7B68     		ldr	r3, [r7, #4]
 203 0032 93F89930 		ldrb	r3, [r3, #153]	@ zero_extendqisi2
 204 0036 1C46     		mov	r4, r3
 205 0038 FFF7FEFF 		bl	Encoder_Left_ReadCounter
 206 003c 0346     		mov	r3, r0
ARM GAS  C:\Users\Patrick\AppData\Local\Temp\cc4ZZri1.s 			page 6


 207 003e 1946     		mov	r1, r3
 208 0040 7A68     		ldr	r2, [r7, #4]
 209 0042 04F10803 		add	r3, r4, #8
 210 0046 5B00     		lsls	r3, r3, #1
 211 0048 1344     		add	r3, r3, r2
 212 004a 0A46     		mov	r2, r1	@ movhi
 213 004c 5A80     		strh	r2, [r3, #2]	@ movhi
  79:.\C-CAN.c     ****         Encoder_Left_WriteCounter(0); //clear the pulse counter
 214              		.loc 1 79 0
 215 004e 0020     		movs	r0, #0
 216 0050 FFF7FEFF 		bl	Encoder_Left_WriteCounter
  80:.\C-CAN.c     ****         encoder->accumulator += encoder->sensor.data[encoder->sensor.index];
 217              		.loc 1 80 0
 218 0054 7B68     		ldr	r3, [r7, #4]
 219 0056 D3F8A040 		ldr	r4, [r3, #160]	@ float
 220 005a 7B68     		ldr	r3, [r7, #4]
 221 005c 93F89930 		ldrb	r3, [r3, #153]	@ zero_extendqisi2
 222 0060 7A68     		ldr	r2, [r7, #4]
 223 0062 0833     		adds	r3, r3, #8
 224 0064 5B00     		lsls	r3, r3, #1
 225 0066 1344     		add	r3, r3, r2
 226 0068 5B88     		ldrh	r3, [r3, #2]
 227 006a 1846     		mov	r0, r3
 228 006c FFF7FEFF 		bl	__aeabi_i2f
 229 0070 0346     		mov	r3, r0
 230 0072 2046     		mov	r0, r4
 231 0074 1946     		mov	r1, r3
 232 0076 FFF7FEFF 		bl	__aeabi_fadd
 233 007a 0346     		mov	r3, r0
 234 007c 1A46     		mov	r2, r3
 235 007e 7B68     		ldr	r3, [r7, #4]
 236 0080 C3F8A020 		str	r2, [r3, #160]	@ float
  81:.\C-CAN.c     ****         
  82:.\C-CAN.c     ****         
  83:.\C-CAN.c     ****         
  84:.\C-CAN.c     ****         encoder->rpm = (encoder->accumulator/encoder->sensor.window) * 100000 / (leftEncTimer_ReadC
 237              		.loc 1 84 0
 238 0084 7B68     		ldr	r3, [r7, #4]
 239 0086 D3F8A040 		ldr	r4, [r3, #160]	@ float
 240 008a 7B68     		ldr	r3, [r7, #4]
 241 008c 93F89A30 		ldrb	r3, [r3, #154]	@ zero_extendqisi2
 242 0090 1846     		mov	r0, r3
 243 0092 FFF7FEFF 		bl	__aeabi_i2f
 244 0096 0346     		mov	r3, r0
 245 0098 2046     		mov	r0, r4
 246 009a 1946     		mov	r1, r3
 247 009c FFF7FEFF 		bl	__aeabi_fdiv
 248 00a0 0346     		mov	r3, r0
 249 00a2 1846     		mov	r0, r3
 250 00a4 4C49     		ldr	r1, .L8
 251 00a6 FFF7FEFF 		bl	__aeabi_fmul
 252 00aa 0346     		mov	r3, r0
 253 00ac 1C46     		mov	r4, r3
 254 00ae FFF7FEFF 		bl	leftEncTimer_ReadCounter
 255 00b2 0346     		mov	r3, r0
 256 00b4 1846     		mov	r0, r3
 257 00b6 FFF7FEFF 		bl	__aeabi_i2f
ARM GAS  C:\Users\Patrick\AppData\Local\Temp\cc4ZZri1.s 			page 7


 258 00ba 0346     		mov	r3, r0
 259 00bc 2046     		mov	r0, r4
 260 00be 1946     		mov	r1, r3
 261 00c0 FFF7FEFF 		bl	__aeabi_fdiv
 262 00c4 0346     		mov	r3, r0
 263 00c6 1A46     		mov	r2, r3
 264 00c8 7B68     		ldr	r3, [r7, #4]
 265 00ca C3F8A420 		str	r2, [r3, #164]	@ float
  85:.\C-CAN.c     ****         leftEncTimer_WriteCounter(0); //clear the microsecond counter
 266              		.loc 1 85 0
 267 00ce 0020     		movs	r0, #0
 268 00d0 FFF7FEFF 		bl	leftEncTimer_WriteCounter
 269              	.L5:
  86:.\C-CAN.c     ****     }
  87:.\C-CAN.c     ****     
  88:.\C-CAN.c     ****     if(encoder->sensor.number == 7){ //calculate right rpm
 270              		.loc 1 88 0
 271 00d4 7B68     		ldr	r3, [r7, #4]
 272 00d6 93F89830 		ldrb	r3, [r3, #152]	@ zero_extendqisi2
 273 00da 072B     		cmp	r3, #7
 274 00dc 60D1     		bne	.L6
  89:.\C-CAN.c     ****         encoder->sensor.accumulator -= encoder->sensor.data[encoder->sensor.index];
 275              		.loc 1 89 0
 276 00de 7B68     		ldr	r3, [r7, #4]
 277 00e0 D3F89420 		ldr	r2, [r3, #148]
 278 00e4 7B68     		ldr	r3, [r7, #4]
 279 00e6 93F89930 		ldrb	r3, [r3, #153]	@ zero_extendqisi2
 280 00ea 7968     		ldr	r1, [r7, #4]
 281 00ec 0833     		adds	r3, r3, #8
 282 00ee 5B00     		lsls	r3, r3, #1
 283 00f0 0B44     		add	r3, r3, r1
 284 00f2 5B88     		ldrh	r3, [r3, #2]
 285 00f4 D21A     		subs	r2, r2, r3
 286 00f6 7B68     		ldr	r3, [r7, #4]
 287 00f8 C3F89420 		str	r2, [r3, #148]
  90:.\C-CAN.c     ****         encoder->sensor.data[encoder->sensor.index] = Encoder_Right_ReadCounter();
 288              		.loc 1 90 0
 289 00fc 7B68     		ldr	r3, [r7, #4]
 290 00fe 93F89930 		ldrb	r3, [r3, #153]	@ zero_extendqisi2
 291 0102 1C46     		mov	r4, r3
 292 0104 FFF7FEFF 		bl	Encoder_Right_ReadCounter
 293 0108 0346     		mov	r3, r0
 294 010a 1946     		mov	r1, r3
 295 010c 7A68     		ldr	r2, [r7, #4]
 296 010e 04F10803 		add	r3, r4, #8
 297 0112 5B00     		lsls	r3, r3, #1
 298 0114 1344     		add	r3, r3, r2
 299 0116 0A46     		mov	r2, r1	@ movhi
 300 0118 5A80     		strh	r2, [r3, #2]	@ movhi
  91:.\C-CAN.c     ****         Encoder_Right_WriteCounter(0); //clear the pulse counter
 301              		.loc 1 91 0
 302 011a 0020     		movs	r0, #0
 303 011c FFF7FEFF 		bl	Encoder_Right_WriteCounter
  92:.\C-CAN.c     ****         encoder->accumulator += encoder->sensor.data[encoder->sensor.index];
 304              		.loc 1 92 0
 305 0120 7B68     		ldr	r3, [r7, #4]
 306 0122 D3F8A040 		ldr	r4, [r3, #160]	@ float
ARM GAS  C:\Users\Patrick\AppData\Local\Temp\cc4ZZri1.s 			page 8


 307 0126 7B68     		ldr	r3, [r7, #4]
 308 0128 93F89930 		ldrb	r3, [r3, #153]	@ zero_extendqisi2
 309 012c 7A68     		ldr	r2, [r7, #4]
 310 012e 0833     		adds	r3, r3, #8
 311 0130 5B00     		lsls	r3, r3, #1
 312 0132 1344     		add	r3, r3, r2
 313 0134 5B88     		ldrh	r3, [r3, #2]
 314 0136 1846     		mov	r0, r3
 315 0138 FFF7FEFF 		bl	__aeabi_i2f
 316 013c 0346     		mov	r3, r0
 317 013e 2046     		mov	r0, r4
 318 0140 1946     		mov	r1, r3
 319 0142 FFF7FEFF 		bl	__aeabi_fadd
 320 0146 0346     		mov	r3, r0
 321 0148 1A46     		mov	r2, r3
 322 014a 7B68     		ldr	r3, [r7, #4]
 323 014c C3F8A020 		str	r2, [r3, #160]	@ float
  93:.\C-CAN.c     ****         
  94:.\C-CAN.c     ****         encoder->rpm = (encoder->accumulator/encoder->sensor.window) * 100000 / (rightEncTimer_Read
 324              		.loc 1 94 0
 325 0150 7B68     		ldr	r3, [r7, #4]
 326 0152 D3F8A040 		ldr	r4, [r3, #160]	@ float
 327 0156 7B68     		ldr	r3, [r7, #4]
 328 0158 93F89A30 		ldrb	r3, [r3, #154]	@ zero_extendqisi2
 329 015c 1846     		mov	r0, r3
 330 015e FFF7FEFF 		bl	__aeabi_i2f
 331 0162 0346     		mov	r3, r0
 332 0164 2046     		mov	r0, r4
 333 0166 1946     		mov	r1, r3
 334 0168 FFF7FEFF 		bl	__aeabi_fdiv
 335 016c 0346     		mov	r3, r0
 336 016e 1846     		mov	r0, r3
 337 0170 1949     		ldr	r1, .L8
 338 0172 FFF7FEFF 		bl	__aeabi_fmul
 339 0176 0346     		mov	r3, r0
 340 0178 1C46     		mov	r4, r3
 341 017a FFF7FEFF 		bl	rightEncTimer_ReadCounter
 342 017e 0346     		mov	r3, r0
 343 0180 1846     		mov	r0, r3
 344 0182 FFF7FEFF 		bl	__aeabi_i2f
 345 0186 0346     		mov	r3, r0
 346 0188 2046     		mov	r0, r4
 347 018a 1946     		mov	r1, r3
 348 018c FFF7FEFF 		bl	__aeabi_fdiv
 349 0190 0346     		mov	r3, r0
 350 0192 1A46     		mov	r2, r3
 351 0194 7B68     		ldr	r3, [r7, #4]
 352 0196 C3F8A420 		str	r2, [r3, #164]	@ float
  95:.\C-CAN.c     ****         rightEncTimer_WriteCounter(0); //clear the microsecond counter
 353              		.loc 1 95 0
 354 019a 0020     		movs	r0, #0
 355 019c FFF7FEFF 		bl	rightEncTimer_WriteCounter
 356              	.L6:
  96:.\C-CAN.c     ****     }
  97:.\C-CAN.c     ****     
  98:.\C-CAN.c     ****     encoder->sensor.index++;
 357              		.loc 1 98 0
ARM GAS  C:\Users\Patrick\AppData\Local\Temp\cc4ZZri1.s 			page 9


 358 01a0 7B68     		ldr	r3, [r7, #4]
 359 01a2 93F89930 		ldrb	r3, [r3, #153]	@ zero_extendqisi2
 360 01a6 0133     		adds	r3, r3, #1
 361 01a8 DAB2     		uxtb	r2, r3
 362 01aa 7B68     		ldr	r3, [r7, #4]
 363 01ac 83F89920 		strb	r2, [r3, #153]
  99:.\C-CAN.c     ****     if(encoder->sensor.index >= encoder->sensor.window){
 364              		.loc 1 99 0
 365 01b0 7B68     		ldr	r3, [r7, #4]
 366 01b2 93F89920 		ldrb	r2, [r3, #153]	@ zero_extendqisi2
 367 01b6 7B68     		ldr	r3, [r7, #4]
 368 01b8 93F89A30 		ldrb	r3, [r3, #154]	@ zero_extendqisi2
 369 01bc 9A42     		cmp	r2, r3
 370 01be 03D3     		bcc	.L7
 100:.\C-CAN.c     ****         encoder->sensor.index = 0;
 371              		.loc 1 100 0
 372 01c0 7B68     		ldr	r3, [r7, #4]
 373 01c2 0022     		movs	r2, #0
 374 01c4 83F89920 		strb	r2, [r3, #153]
 375              	.L7:
 101:.\C-CAN.c     ****     }
 102:.\C-CAN.c     ****     
 103:.\C-CAN.c     ****     encoder->sensor.flag = FALSE;
 376              		.loc 1 103 0
 377 01c8 7B68     		ldr	r3, [r7, #4]
 378 01ca 0022     		movs	r2, #0
 379 01cc 83F89B20 		strb	r2, [r3, #155]
 104:.\C-CAN.c     ****     
 105:.\C-CAN.c     ****     #ifdef DEBUG_MULTIRATE
 106:.\C-CAN.c     ****     UART_1_PutString("\n\rEncoder ");
 107:.\C-CAN.c     ****     UART_1_PutChar(encoder->sensor.number+48);
 108:.\C-CAN.c     ****     UART_1_PutString("\n\r");
 109:.\C-CAN.c     ****     #endif
 110:.\C-CAN.c     **** 
 111:.\C-CAN.c     **** }
 380              		.loc 1 111 0
 381 01d0 0C37     		adds	r7, r7, #12
 382              		.cfi_def_cfa_offset 12
 383 01d2 BD46     		mov	sp, r7
 384              		.cfi_def_cfa_register 13
 385              		@ sp needed
 386 01d4 90BD     		pop	{r4, r7, pc}
 387              	.L9:
 388 01d6 00BF     		.align	2
 389              	.L8:
 390 01d8 0050C347 		.word	1203982336
 391              		.cfi_endproc
 392              	.LFE64:
 393              		.size	GetRPM, .-GetRPM
 394              		.section	.text.SensorSet,"ax",%progbits
 395              		.align	2
 396              		.global	SensorSet
 397              		.thumb
 398              		.thumb_func
 399              		.type	SensorSet, %function
 400              	SensorSet:
 401              	.LFB65:
ARM GAS  C:\Users\Patrick\AppData\Local\Temp\cc4ZZri1.s 			page 10


 112:.\C-CAN.c     **** 
 113:.\C-CAN.c     **** void SensorSet(Sensor * sensor, uint8 number_set, uint8 window_set, uint16 rate_set){
 402              		.loc 1 113 0
 403              		.cfi_startproc
 404              		@ args = 0, pretend = 0, frame = 8
 405              		@ frame_needed = 1, uses_anonymous_args = 0
 406              		@ link register save eliminated.
 407 0000 80B4     		push	{r7}
 408              		.cfi_def_cfa_offset 4
 409              		.cfi_offset 7, -4
 410 0002 83B0     		sub	sp, sp, #12
 411              		.cfi_def_cfa_offset 16
 412 0004 00AF     		add	r7, sp, #0
 413              		.cfi_def_cfa_register 7
 414 0006 7860     		str	r0, [r7, #4]
 415 0008 0846     		mov	r0, r1
 416 000a 1146     		mov	r1, r2
 417 000c 1A46     		mov	r2, r3
 418 000e 0346     		mov	r3, r0
 419 0010 FB70     		strb	r3, [r7, #3]
 420 0012 0B46     		mov	r3, r1
 421 0014 BB70     		strb	r3, [r7, #2]
 422 0016 1346     		mov	r3, r2	@ movhi
 423 0018 3B80     		strh	r3, [r7]	@ movhi
 114:.\C-CAN.c     ****     
 115:.\C-CAN.c     ****     /* This functions sets up a sensor. It should be called during initialization after
 116:.\C-CAN.c     ****     *  the sensor objects have been initialized. It sets the filtering window, sensor number
 117:.\C-CAN.c     ****     *  and sampling rate.
 118:.\C-CAN.c     ****     */
 119:.\C-CAN.c     ****     
 120:.\C-CAN.c     ****     sensor->number = number_set;
 424              		.loc 1 120 0
 425 001a 7B68     		ldr	r3, [r7, #4]
 426 001c FA78     		ldrb	r2, [r7, #3]
 427 001e 83F89820 		strb	r2, [r3, #152]
 121:.\C-CAN.c     ****     sensor->window = window_set;
 428              		.loc 1 121 0
 429 0022 7B68     		ldr	r3, [r7, #4]
 430 0024 BA78     		ldrb	r2, [r7, #2]
 431 0026 83F89A20 		strb	r2, [r3, #154]
 122:.\C-CAN.c     ****     sensor->rate = rate_set;
 432              		.loc 1 122 0
 433 002a 7B68     		ldr	r3, [r7, #4]
 434 002c 3A88     		ldrh	r2, [r7]	@ movhi
 435 002e A3F89E20 		strh	r2, [r3, #158]	@ movhi
 123:.\C-CAN.c     ****     if(window_set>=BUFF){
 436              		.loc 1 123 0
 437 0032 BB78     		ldrb	r3, [r7, #2]	@ zero_extendqisi2
 438 0034 3F2B     		cmp	r3, #63
 439 0036 03D9     		bls	.L10
 124:.\C-CAN.c     ****         sensor->window = BUFF;
 440              		.loc 1 124 0
 441 0038 7B68     		ldr	r3, [r7, #4]
 442 003a 4022     		movs	r2, #64
 443 003c 83F89A20 		strb	r2, [r3, #154]
 444              	.L10:
 125:.\C-CAN.c     ****     }
ARM GAS  C:\Users\Patrick\AppData\Local\Temp\cc4ZZri1.s 			page 11


 126:.\C-CAN.c     **** }
 445              		.loc 1 126 0
 446 0040 0C37     		adds	r7, r7, #12
 447              		.cfi_def_cfa_offset 4
 448 0042 BD46     		mov	sp, r7
 449              		.cfi_def_cfa_register 13
 450              		@ sp needed
 451 0044 5DF8047B 		ldr	r7, [sp], #4
 452              		.cfi_restore 7
 453              		.cfi_def_cfa_offset 0
 454 0048 7047     		bx	lr
 455              		.cfi_endproc
 456              	.LFE65:
 457              		.size	SensorSet, .-SensorSet
 458 004a 00BF     		.section	.text.PotInit,"ax",%progbits
 459              		.align	2
 460              		.global	PotInit
 461              		.thumb
 462              		.thumb_func
 463              		.type	PotInit, %function
 464              	PotInit:
 465              	.LFB66:
 127:.\C-CAN.c     **** 
 128:.\C-CAN.c     **** void PotInit(Pot * pot){
 466              		.loc 1 128 0
 467              		.cfi_startproc
 468              		@ args = 0, pretend = 0, frame = 16
 469              		@ frame_needed = 1, uses_anonymous_args = 0
 470              		@ link register save eliminated.
 471 0000 80B4     		push	{r7}
 472              		.cfi_def_cfa_offset 4
 473              		.cfi_offset 7, -4
 474 0002 85B0     		sub	sp, sp, #20
 475              		.cfi_def_cfa_offset 24
 476 0004 00AF     		add	r7, sp, #0
 477              		.cfi_def_cfa_register 7
 478 0006 7860     		str	r0, [r7, #4]
 129:.\C-CAN.c     ****     
 130:.\C-CAN.c     ****     /* This function initializes a Pot object. It clears the accumulator, mV, and data buffer.
 131:.\C-CAN.c     ****     *  It also clears the sensor flag and sets the sensor window index to 0.
 132:.\C-CAN.c     ****     */
 133:.\C-CAN.c     ****     
 134:.\C-CAN.c     ****     int i = 0;
 479              		.loc 1 134 0
 480 0008 0023     		movs	r3, #0
 481 000a FB60     		str	r3, [r7, #12]
 135:.\C-CAN.c     ****     pot->sensor.accumulator = 0;
 482              		.loc 1 135 0
 483 000c 7B68     		ldr	r3, [r7, #4]
 484 000e 0022     		movs	r2, #0
 485 0010 C3F89420 		str	r2, [r3, #148]
 136:.\C-CAN.c     ****     pot->mV = 0;
 486              		.loc 1 136 0
 487 0014 7B68     		ldr	r3, [r7, #4]
 488 0016 0022     		movs	r2, #0
 489 0018 A3F8A020 		strh	r2, [r3, #160]	@ movhi
 137:.\C-CAN.c     ****     pot->sensor.index = 0;
ARM GAS  C:\Users\Patrick\AppData\Local\Temp\cc4ZZri1.s 			page 12


 490              		.loc 1 137 0
 491 001c 7B68     		ldr	r3, [r7, #4]
 492 001e 0022     		movs	r2, #0
 493 0020 83F89920 		strb	r2, [r3, #153]
 138:.\C-CAN.c     ****     pot->sensor.flag = 0;
 494              		.loc 1 138 0
 495 0024 7B68     		ldr	r3, [r7, #4]
 496 0026 0022     		movs	r2, #0
 497 0028 83F89B20 		strb	r2, [r3, #155]
 139:.\C-CAN.c     ****     for(i=0;i<BUFF;i++){
 498              		.loc 1 139 0
 499 002c 0023     		movs	r3, #0
 500 002e FB60     		str	r3, [r7, #12]
 501 0030 09E0     		b	.L13
 502              	.L14:
 140:.\C-CAN.c     ****         pot->sensor.data[i]=0;
 503              		.loc 1 140 0 discriminator 3
 504 0032 7A68     		ldr	r2, [r7, #4]
 505 0034 FB68     		ldr	r3, [r7, #12]
 506 0036 0833     		adds	r3, r3, #8
 507 0038 5B00     		lsls	r3, r3, #1
 508 003a 1344     		add	r3, r3, r2
 509 003c 0022     		movs	r2, #0
 510 003e 5A80     		strh	r2, [r3, #2]	@ movhi
 139:.\C-CAN.c     ****     for(i=0;i<BUFF;i++){
 511              		.loc 1 139 0 discriminator 3
 512 0040 FB68     		ldr	r3, [r7, #12]
 513 0042 0133     		adds	r3, r3, #1
 514 0044 FB60     		str	r3, [r7, #12]
 515              	.L13:
 139:.\C-CAN.c     ****     for(i=0;i<BUFF;i++){
 516              		.loc 1 139 0 is_stmt 0 discriminator 1
 517 0046 FB68     		ldr	r3, [r7, #12]
 518 0048 3F2B     		cmp	r3, #63
 519 004a F2DD     		ble	.L14
 141:.\C-CAN.c     ****     }
 142:.\C-CAN.c     **** }
 520              		.loc 1 142 0 is_stmt 1
 521 004c 1437     		adds	r7, r7, #20
 522              		.cfi_def_cfa_offset 4
 523 004e BD46     		mov	sp, r7
 524              		.cfi_def_cfa_register 13
 525              		@ sp needed
 526 0050 5DF8047B 		ldr	r7, [sp], #4
 527              		.cfi_restore 7
 528              		.cfi_def_cfa_offset 0
 529 0054 7047     		bx	lr
 530              		.cfi_endproc
 531              	.LFE66:
 532              		.size	PotInit, .-PotInit
 533 0056 00BF     		.section	.text.EncoderInit,"ax",%progbits
 534              		.align	2
 535              		.global	EncoderInit
 536              		.thumb
 537              		.thumb_func
 538              		.type	EncoderInit, %function
 539              	EncoderInit:
ARM GAS  C:\Users\Patrick\AppData\Local\Temp\cc4ZZri1.s 			page 13


 540              	.LFB67:
 143:.\C-CAN.c     **** 
 144:.\C-CAN.c     **** void EncoderInit(Encoder * encoder){
 541              		.loc 1 144 0
 542              		.cfi_startproc
 543              		@ args = 0, pretend = 0, frame = 16
 544              		@ frame_needed = 1, uses_anonymous_args = 0
 545              		@ link register save eliminated.
 546 0000 80B4     		push	{r7}
 547              		.cfi_def_cfa_offset 4
 548              		.cfi_offset 7, -4
 549 0002 85B0     		sub	sp, sp, #20
 550              		.cfi_def_cfa_offset 24
 551 0004 00AF     		add	r7, sp, #0
 552              		.cfi_def_cfa_register 7
 553 0006 7860     		str	r0, [r7, #4]
 145:.\C-CAN.c     ****     
 146:.\C-CAN.c     ****     /* Same thing as the PotInit function, except Encoder objects have an accumulator that's a 
 147:.\C-CAN.c     ****     *  float rather than an integer, so the Encoder accumulator is not inherited from the Sensor
 148:.\C-CAN.c     ****     *  object.
 149:.\C-CAN.c     ****     */
 150:.\C-CAN.c     ****     int i = 0;
 554              		.loc 1 150 0
 555 0008 0023     		movs	r3, #0
 556 000a FB60     		str	r3, [r7, #12]
 151:.\C-CAN.c     ****     encoder->accumulator = 0;
 557              		.loc 1 151 0
 558 000c 7B68     		ldr	r3, [r7, #4]
 559 000e 4FF00002 		mov	r2, #0
 560 0012 C3F8A020 		str	r2, [r3, #160]	@ float
 152:.\C-CAN.c     ****     encoder->rpm = 0;
 561              		.loc 1 152 0
 562 0016 7B68     		ldr	r3, [r7, #4]
 563 0018 4FF00002 		mov	r2, #0
 564 001c C3F8A420 		str	r2, [r3, #164]	@ float
 153:.\C-CAN.c     ****     encoder->sensor.index = 0;
 565              		.loc 1 153 0
 566 0020 7B68     		ldr	r3, [r7, #4]
 567 0022 0022     		movs	r2, #0
 568 0024 83F89920 		strb	r2, [r3, #153]
 154:.\C-CAN.c     ****     encoder->sensor.flag = 0;
 569              		.loc 1 154 0
 570 0028 7B68     		ldr	r3, [r7, #4]
 571 002a 0022     		movs	r2, #0
 572 002c 83F89B20 		strb	r2, [r3, #155]
 155:.\C-CAN.c     ****     for(i=0;i<BUFF;i++){
 573              		.loc 1 155 0
 574 0030 0023     		movs	r3, #0
 575 0032 FB60     		str	r3, [r7, #12]
 576 0034 09E0     		b	.L16
 577              	.L17:
 156:.\C-CAN.c     ****         encoder->sensor.data[i]=0;
 578              		.loc 1 156 0 discriminator 3
 579 0036 7A68     		ldr	r2, [r7, #4]
 580 0038 FB68     		ldr	r3, [r7, #12]
 581 003a 0833     		adds	r3, r3, #8
 582 003c 5B00     		lsls	r3, r3, #1
ARM GAS  C:\Users\Patrick\AppData\Local\Temp\cc4ZZri1.s 			page 14


 583 003e 1344     		add	r3, r3, r2
 584 0040 0022     		movs	r2, #0
 585 0042 5A80     		strh	r2, [r3, #2]	@ movhi
 155:.\C-CAN.c     ****     for(i=0;i<BUFF;i++){
 586              		.loc 1 155 0 discriminator 3
 587 0044 FB68     		ldr	r3, [r7, #12]
 588 0046 0133     		adds	r3, r3, #1
 589 0048 FB60     		str	r3, [r7, #12]
 590              	.L16:
 155:.\C-CAN.c     ****     for(i=0;i<BUFF;i++){
 591              		.loc 1 155 0 is_stmt 0 discriminator 1
 592 004a FB68     		ldr	r3, [r7, #12]
 593 004c 3F2B     		cmp	r3, #63
 594 004e F2DD     		ble	.L17
 157:.\C-CAN.c     ****     }
 158:.\C-CAN.c     **** }
 595              		.loc 1 158 0 is_stmt 1
 596 0050 1437     		adds	r7, r7, #20
 597              		.cfi_def_cfa_offset 4
 598 0052 BD46     		mov	sp, r7
 599              		.cfi_def_cfa_register 13
 600              		@ sp needed
 601 0054 5DF8047B 		ldr	r7, [sp], #4
 602              		.cfi_restore 7
 603              		.cfi_def_cfa_offset 0
 604 0058 7047     		bx	lr
 605              		.cfi_endproc
 606              	.LFE67:
 607              		.size	EncoderInit, .-EncoderInit
 608 005a 00BF     		.section	.text.Config,"ax",%progbits
 609              		.align	2
 610              		.global	Config
 611              		.thumb
 612              		.thumb_func
 613              		.type	Config, %function
 614              	Config:
 615              	.LFB68:
 159:.\C-CAN.c     **** 
 160:.\C-CAN.c     **** void Config(void){
 616              		.loc 1 160 0
 617              		.cfi_startproc
 618              		@ args = 0, pretend = 0, frame = 0
 619              		@ frame_needed = 1, uses_anonymous_args = 0
 620              		@ link register save eliminated.
 621 0000 80B4     		push	{r7}
 622              		.cfi_def_cfa_offset 4
 623              		.cfi_offset 7, -4
 624 0002 00AF     		add	r7, sp, #0
 625              		.cfi_def_cfa_register 7
 161:.\C-CAN.c     ****     
 162:.\C-CAN.c     **** }
 626              		.loc 1 162 0
 627 0004 BD46     		mov	sp, r7
 628              		.cfi_def_cfa_register 13
 629              		@ sp needed
 630 0006 5DF8047B 		ldr	r7, [sp], #4
 631              		.cfi_restore 7
ARM GAS  C:\Users\Patrick\AppData\Local\Temp\cc4ZZri1.s 			page 15


 632              		.cfi_def_cfa_offset 0
 633 000a 7047     		bx	lr
 634              		.cfi_endproc
 635              	.LFE68:
 636              		.size	Config, .-Config
 637              		.section	.text.CAN_Send,"ax",%progbits
 638              		.align	2
 639              		.global	CAN_Send
 640              		.thumb
 641              		.thumb_func
 642              		.type	CAN_Send, %function
 643              	CAN_Send:
 644              	.LFB69:
 163:.\C-CAN.c     **** 
 164:.\C-CAN.c     **** void CAN_Send(uint8 zero, uint8 one, uint8 two, uint8 three, uint8 four, uint8 five, uint8 six, uin
 645              		.loc 1 164 0
 646              		.cfi_startproc
 647              		@ args = 16, pretend = 0, frame = 8
 648              		@ frame_needed = 1, uses_anonymous_args = 0
 649              		@ link register save eliminated.
 650 0000 90B4     		push	{r4, r7}
 651              		.cfi_def_cfa_offset 8
 652              		.cfi_offset 4, -8
 653              		.cfi_offset 7, -4
 654 0002 82B0     		sub	sp, sp, #8
 655              		.cfi_def_cfa_offset 16
 656 0004 00AF     		add	r7, sp, #0
 657              		.cfi_def_cfa_register 7
 658 0006 0446     		mov	r4, r0
 659 0008 0846     		mov	r0, r1
 660 000a 1146     		mov	r1, r2
 661 000c 1A46     		mov	r2, r3
 662 000e 2346     		mov	r3, r4
 663 0010 FB71     		strb	r3, [r7, #7]
 664 0012 0346     		mov	r3, r0
 665 0014 BB71     		strb	r3, [r7, #6]
 666 0016 0B46     		mov	r3, r1
 667 0018 7B71     		strb	r3, [r7, #5]
 668 001a 1346     		mov	r3, r2
 669 001c 3B71     		strb	r3, [r7, #4]
 165:.\C-CAN.c     ****     TxMessage1[0] = zero;
 670              		.loc 1 165 0
 671 001e 0E4A     		ldr	r2, .L20
 672 0020 FB79     		ldrb	r3, [r7, #7]
 673 0022 1370     		strb	r3, [r2]
 166:.\C-CAN.c     ****     TxMessage1[1] = one;
 674              		.loc 1 166 0
 675 0024 0C4A     		ldr	r2, .L20
 676 0026 BB79     		ldrb	r3, [r7, #6]
 677 0028 5370     		strb	r3, [r2, #1]
 167:.\C-CAN.c     ****     TxMessage1[2] = two;
 678              		.loc 1 167 0
 679 002a 0B4A     		ldr	r2, .L20
 680 002c 7B79     		ldrb	r3, [r7, #5]
 681 002e 9370     		strb	r3, [r2, #2]
 168:.\C-CAN.c     ****     TxMessage1[3] = three;
 682              		.loc 1 168 0
ARM GAS  C:\Users\Patrick\AppData\Local\Temp\cc4ZZri1.s 			page 16


 683 0030 094A     		ldr	r2, .L20
 684 0032 3B79     		ldrb	r3, [r7, #4]
 685 0034 D370     		strb	r3, [r2, #3]
 169:.\C-CAN.c     ****     TxMessage1[4] = four;
 686              		.loc 1 169 0
 687 0036 084A     		ldr	r2, .L20
 688 0038 3B7C     		ldrb	r3, [r7, #16]
 689 003a 1371     		strb	r3, [r2, #4]
 170:.\C-CAN.c     ****     TxMessage1[5] = five;
 690              		.loc 1 170 0
 691 003c 064A     		ldr	r2, .L20
 692 003e 3B7D     		ldrb	r3, [r7, #20]
 693 0040 5371     		strb	r3, [r2, #5]
 171:.\C-CAN.c     ****     TxMessage1[6] = six;
 694              		.loc 1 171 0
 695 0042 054A     		ldr	r2, .L20
 696 0044 3B7E     		ldrb	r3, [r7, #24]
 697 0046 9371     		strb	r3, [r2, #6]
 172:.\C-CAN.c     ****     TxMessage1[7] = seven;
 698              		.loc 1 172 0
 699 0048 034A     		ldr	r2, .L20
 700 004a 3B7F     		ldrb	r3, [r7, #28]
 701 004c D371     		strb	r3, [r2, #7]
 173:.\C-CAN.c     **** }
 702              		.loc 1 173 0
 703 004e 0837     		adds	r7, r7, #8
 704              		.cfi_def_cfa_offset 8
 705 0050 BD46     		mov	sp, r7
 706              		.cfi_def_cfa_register 13
 707              		@ sp needed
 708 0052 90BC     		pop	{r4, r7}
 709              		.cfi_restore 7
 710              		.cfi_restore 4
 711              		.cfi_def_cfa_offset 0
 712 0054 7047     		bx	lr
 713              	.L21:
 714 0056 00BF     		.align	2
 715              	.L20:
 716 0058 00000000 		.word	TxMessage1
 717              		.cfi_endproc
 718              	.LFE69:
 719              		.size	CAN_Send, .-CAN_Send
 720              		.section	.text.SetFlag,"ax",%progbits
 721              		.align	2
 722              		.global	SetFlag
 723              		.thumb
 724              		.thumb_func
 725              		.type	SetFlag, %function
 726              	SetFlag:
 727              	.LFB70:
 174:.\C-CAN.c     ****     
 175:.\C-CAN.c     **** void SetFlag(Sensor * sensor, bool flag_set){ //Sets the execution flag for sensor sampling
 728              		.loc 1 175 0
 729              		.cfi_startproc
 730              		@ args = 0, pretend = 0, frame = 8
 731              		@ frame_needed = 1, uses_anonymous_args = 0
 732              		@ link register save eliminated.
ARM GAS  C:\Users\Patrick\AppData\Local\Temp\cc4ZZri1.s 			page 17


 733 0000 80B4     		push	{r7}
 734              		.cfi_def_cfa_offset 4
 735              		.cfi_offset 7, -4
 736 0002 83B0     		sub	sp, sp, #12
 737              		.cfi_def_cfa_offset 16
 738 0004 00AF     		add	r7, sp, #0
 739              		.cfi_def_cfa_register 7
 740 0006 7860     		str	r0, [r7, #4]
 741 0008 0B46     		mov	r3, r1
 742 000a FB70     		strb	r3, [r7, #3]
 176:.\C-CAN.c     ****     sensor->flag = flag_set;
 743              		.loc 1 176 0
 744 000c 7B68     		ldr	r3, [r7, #4]
 745 000e FA78     		ldrb	r2, [r7, #3]
 746 0010 83F89B20 		strb	r2, [r3, #155]
 177:.\C-CAN.c     **** }
 747              		.loc 1 177 0
 748 0014 0C37     		adds	r7, r7, #12
 749              		.cfi_def_cfa_offset 4
 750 0016 BD46     		mov	sp, r7
 751              		.cfi_def_cfa_register 13
 752              		@ sp needed
 753 0018 5DF8047B 		ldr	r7, [sp], #4
 754              		.cfi_restore 7
 755              		.cfi_def_cfa_offset 0
 756 001c 7047     		bx	lr
 757              		.cfi_endproc
 758              	.LFE70:
 759              		.size	SetFlag, .-SetFlag
 760 001e 00BF     		.section	.text.GetRate,"ax",%progbits
 761              		.align	2
 762              		.global	GetRate
 763              		.thumb
 764              		.thumb_func
 765              		.type	GetRate, %function
 766              	GetRate:
 767              	.LFB71:
 178:.\C-CAN.c     **** 
 179:.\C-CAN.c     **** uint16 GetRate(Sensor * sensor){ //Gets the sampling rate for a sensor to determine when to set the
 768              		.loc 1 179 0
 769              		.cfi_startproc
 770              		@ args = 0, pretend = 0, frame = 8
 771              		@ frame_needed = 1, uses_anonymous_args = 0
 772              		@ link register save eliminated.
 773 0000 80B4     		push	{r7}
 774              		.cfi_def_cfa_offset 4
 775              		.cfi_offset 7, -4
 776 0002 83B0     		sub	sp, sp, #12
 777              		.cfi_def_cfa_offset 16
 778 0004 00AF     		add	r7, sp, #0
 779              		.cfi_def_cfa_register 7
 780 0006 7860     		str	r0, [r7, #4]
 180:.\C-CAN.c     ****     return INTERRUPT_FREQ/(sensor->rate);
 781              		.loc 1 180 0
 782 0008 7B68     		ldr	r3, [r7, #4]
 783 000a B3F89E30 		ldrh	r3, [r3, #158]
 784 000e 4CF25032 		movw	r2, #50000
ARM GAS  C:\Users\Patrick\AppData\Local\Temp\cc4ZZri1.s 			page 18


 785 0012 B2FBF3F3 		udiv	r3, r2, r3
 786 0016 9BB2     		uxth	r3, r3
 181:.\C-CAN.c     **** }
 787              		.loc 1 181 0
 788 0018 1846     		mov	r0, r3
 789 001a 0C37     		adds	r7, r7, #12
 790              		.cfi_def_cfa_offset 4
 791 001c BD46     		mov	sp, r7
 792              		.cfi_def_cfa_register 13
 793              		@ sp needed
 794 001e 5DF8047B 		ldr	r7, [sp], #4
 795              		.cfi_restore 7
 796              		.cfi_def_cfa_offset 0
 797 0022 7047     		bx	lr
 798              		.cfi_endproc
 799              	.LFE71:
 800              		.size	GetRate, .-GetRate
 801              		.section	.text.SensorEnable,"ax",%progbits
 802              		.align	2
 803              		.global	SensorEnable
 804              		.thumb
 805              		.thumb_func
 806              		.type	SensorEnable, %function
 807              	SensorEnable:
 808              	.LFB72:
 182:.\C-CAN.c     **** 
 183:.\C-CAN.c     **** void SensorEnable(Sensor * sensor, bool enable_set){ //Enables or disables a sensor
 809              		.loc 1 183 0
 810              		.cfi_startproc
 811              		@ args = 0, pretend = 0, frame = 8
 812              		@ frame_needed = 1, uses_anonymous_args = 0
 813              		@ link register save eliminated.
 814 0000 80B4     		push	{r7}
 815              		.cfi_def_cfa_offset 4
 816              		.cfi_offset 7, -4
 817 0002 83B0     		sub	sp, sp, #12
 818              		.cfi_def_cfa_offset 16
 819 0004 00AF     		add	r7, sp, #0
 820              		.cfi_def_cfa_register 7
 821 0006 7860     		str	r0, [r7, #4]
 822 0008 0B46     		mov	r3, r1
 823 000a FB70     		strb	r3, [r7, #3]
 184:.\C-CAN.c     ****     sensor->enable = enable_set;
 824              		.loc 1 184 0
 825 000c 7B68     		ldr	r3, [r7, #4]
 826 000e FA78     		ldrb	r2, [r7, #3]
 827 0010 83F89C20 		strb	r2, [r3, #156]
 185:.\C-CAN.c     **** }
 828              		.loc 1 185 0
 829 0014 0C37     		adds	r7, r7, #12
 830              		.cfi_def_cfa_offset 4
 831 0016 BD46     		mov	sp, r7
 832              		.cfi_def_cfa_register 13
 833              		@ sp needed
 834 0018 5DF8047B 		ldr	r7, [sp], #4
 835              		.cfi_restore 7
 836              		.cfi_def_cfa_offset 0
ARM GAS  C:\Users\Patrick\AppData\Local\Temp\cc4ZZri1.s 			page 19


 837 001c 7047     		bx	lr
 838              		.cfi_endproc
 839              	.LFE72:
 840              		.size	SensorEnable, .-SensorEnable
 841 001e 00BF     		.section	.text.EnableSave,"ax",%progbits
 842              		.align	2
 843              		.global	EnableSave
 844              		.thumb
 845              		.thumb_func
 846              		.type	EnableSave, %function
 847              	EnableSave:
 848              	.LFB73:
 186:.\C-CAN.c     **** 
 187:.\C-CAN.c     **** void EnableSave(Sensor * sensor){ //Saves the enable bit for a given sensor to temp_enable
 849              		.loc 1 187 0
 850              		.cfi_startproc
 851              		@ args = 0, pretend = 0, frame = 8
 852              		@ frame_needed = 1, uses_anonymous_args = 0
 853              		@ link register save eliminated.
 854 0000 80B4     		push	{r7}
 855              		.cfi_def_cfa_offset 4
 856              		.cfi_offset 7, -4
 857 0002 83B0     		sub	sp, sp, #12
 858              		.cfi_def_cfa_offset 16
 859 0004 00AF     		add	r7, sp, #0
 860              		.cfi_def_cfa_register 7
 861 0006 7860     		str	r0, [r7, #4]
 188:.\C-CAN.c     ****     temp_enable[sensor->number] = sensor->enable;
 862              		.loc 1 188 0
 863 0008 7B68     		ldr	r3, [r7, #4]
 864 000a 93F89830 		ldrb	r3, [r3, #152]	@ zero_extendqisi2
 865 000e 1A46     		mov	r2, r3
 866 0010 7B68     		ldr	r3, [r7, #4]
 867 0012 93F89C10 		ldrb	r1, [r3, #156]	@ zero_extendqisi2
 868 0016 034B     		ldr	r3, .L27
 869 0018 9954     		strb	r1, [r3, r2]
 189:.\C-CAN.c     **** }
 870              		.loc 1 189 0
 871 001a 0C37     		adds	r7, r7, #12
 872              		.cfi_def_cfa_offset 4
 873 001c BD46     		mov	sp, r7
 874              		.cfi_def_cfa_register 13
 875              		@ sp needed
 876 001e 5DF8047B 		ldr	r7, [sp], #4
 877              		.cfi_restore 7
 878              		.cfi_def_cfa_offset 0
 879 0022 7047     		bx	lr
 880              	.L28:
 881              		.align	2
 882              	.L27:
 883 0024 00000000 		.word	temp_enable
 884              		.cfi_endproc
 885              	.LFE73:
 886              		.size	EnableSave, .-EnableSave
 887              		.section	.text.EnableRestore,"ax",%progbits
 888              		.align	2
 889              		.global	EnableRestore
ARM GAS  C:\Users\Patrick\AppData\Local\Temp\cc4ZZri1.s 			page 20


 890              		.thumb
 891              		.thumb_func
 892              		.type	EnableRestore, %function
 893              	EnableRestore:
 894              	.LFB74:
 190:.\C-CAN.c     **** 
 191:.\C-CAN.c     **** void EnableRestore(Sensor * sensor){ //Restores the enable setting for a sensor
 895              		.loc 1 191 0
 896              		.cfi_startproc
 897              		@ args = 0, pretend = 0, frame = 8
 898              		@ frame_needed = 1, uses_anonymous_args = 0
 899              		@ link register save eliminated.
 900 0000 80B4     		push	{r7}
 901              		.cfi_def_cfa_offset 4
 902              		.cfi_offset 7, -4
 903 0002 83B0     		sub	sp, sp, #12
 904              		.cfi_def_cfa_offset 16
 905 0004 00AF     		add	r7, sp, #0
 906              		.cfi_def_cfa_register 7
 907 0006 7860     		str	r0, [r7, #4]
 192:.\C-CAN.c     ****     sensor->enable = temp_enable[sensor->number];
 908              		.loc 1 192 0
 909 0008 7B68     		ldr	r3, [r7, #4]
 910 000a 93F89830 		ldrb	r3, [r3, #152]	@ zero_extendqisi2
 911 000e 1A46     		mov	r2, r3
 912 0010 044B     		ldr	r3, .L30
 913 0012 9A5C     		ldrb	r2, [r3, r2]	@ zero_extendqisi2
 914 0014 7B68     		ldr	r3, [r7, #4]
 915 0016 83F89C20 		strb	r2, [r3, #156]
 193:.\C-CAN.c     **** }
 916              		.loc 1 193 0
 917 001a 0C37     		adds	r7, r7, #12
 918              		.cfi_def_cfa_offset 4
 919 001c BD46     		mov	sp, r7
 920              		.cfi_def_cfa_register 13
 921              		@ sp needed
 922 001e 5DF8047B 		ldr	r7, [sp], #4
 923              		.cfi_restore 7
 924              		.cfi_def_cfa_offset 0
 925 0022 7047     		bx	lr
 926              	.L31:
 927              		.align	2
 928              	.L30:
 929 0024 00000000 		.word	temp_enable
 930              		.cfi_endproc
 931              	.LFE74:
 932              		.size	EnableRestore, .-EnableRestore
 933              		.text
 934              	.Letext0:
 935              		.file 2 "c:\\program files (x86)\\cypress\\psoc creator\\3.3\\psoc creator\\import\\gnu\\arm\\4.9.
 936              		.file 3 "c:\\program files (x86)\\cypress\\psoc creator\\3.3\\psoc creator\\import\\gnu\\arm\\4.9.
 937              		.file 4 "Generated_Source\\PSoC5/cytypes.h"
 938              		.file 5 "./C-CAN.h"
 939              		.file 6 "Generated_Source\\PSoC5/core_cm3.h"
 940              		.section	.debug_info,"",%progbits
 941              	.Ldebug_info0:
 942 0000 65050000 		.4byte	0x565
ARM GAS  C:\Users\Patrick\AppData\Local\Temp\cc4ZZri1.s 			page 21


 943 0004 0400     		.2byte	0x4
 944 0006 00000000 		.4byte	.Ldebug_abbrev0
 945 000a 04       		.byte	0x4
 946 000b 01       		.uleb128 0x1
 947 000c AB000000 		.4byte	.LASF64
 948 0010 01       		.byte	0x1
 949 0011 52010000 		.4byte	.LASF65
 950 0015 97020000 		.4byte	.LASF66
 951 0019 00000000 		.4byte	.Ldebug_ranges0+0
 952 001d 00000000 		.4byte	0
 953 0021 00000000 		.4byte	.Ldebug_line0
 954 0025 02       		.uleb128 0x2
 955 0026 01       		.byte	0x1
 956 0027 06       		.byte	0x6
 957 0028 5B000000 		.4byte	.LASF0
 958 002c 02       		.uleb128 0x2
 959 002d 01       		.byte	0x1
 960 002e 08       		.byte	0x8
 961 002f 7C010000 		.4byte	.LASF1
 962 0033 02       		.uleb128 0x2
 963 0034 02       		.byte	0x2
 964 0035 05       		.byte	0x5
 965 0036 0E000000 		.4byte	.LASF2
 966 003a 02       		.uleb128 0x2
 967 003b 02       		.byte	0x2
 968 003c 07       		.byte	0x7
 969 003d F5010000 		.4byte	.LASF3
 970 0041 03       		.uleb128 0x3
 971 0042 66020000 		.4byte	.LASF9
 972 0046 02       		.byte	0x2
 973 0047 3F       		.byte	0x3f
 974 0048 4C000000 		.4byte	0x4c
 975 004c 02       		.uleb128 0x2
 976 004d 04       		.byte	0x4
 977 004e 05       		.byte	0x5
 978 004f 0D020000 		.4byte	.LASF4
 979 0053 02       		.uleb128 0x2
 980 0054 04       		.byte	0x4
 981 0055 07       		.byte	0x7
 982 0056 32020000 		.4byte	.LASF5
 983 005a 02       		.uleb128 0x2
 984 005b 08       		.byte	0x8
 985 005c 05       		.byte	0x5
 986 005d 8E000000 		.4byte	.LASF6
 987 0061 02       		.uleb128 0x2
 988 0062 08       		.byte	0x8
 989 0063 07       		.byte	0x7
 990 0064 A5010000 		.4byte	.LASF7
 991 0068 04       		.uleb128 0x4
 992 0069 04       		.byte	0x4
 993 006a 05       		.byte	0x5
 994 006b 696E7400 		.ascii	"int\000"
 995 006f 02       		.uleb128 0x2
 996 0070 04       		.byte	0x4
 997 0071 07       		.byte	0x7
 998 0072 BC010000 		.4byte	.LASF8
 999 0076 03       		.uleb128 0x3
ARM GAS  C:\Users\Patrick\AppData\Local\Temp\cc4ZZri1.s 			page 22


 1000 0077 42010000 		.4byte	.LASF10
 1001 007b 03       		.byte	0x3
 1002 007c 2C       		.byte	0x2c
 1003 007d 41000000 		.4byte	0x41
 1004 0081 05       		.uleb128 0x5
 1005 0082 45000000 		.4byte	.LASF11
 1006 0086 04       		.byte	0x4
 1007 0087 9201     		.2byte	0x192
 1008 0089 2C000000 		.4byte	0x2c
 1009 008d 05       		.uleb128 0x5
 1010 008e 32000000 		.4byte	.LASF12
 1011 0092 04       		.byte	0x4
 1012 0093 9301     		.2byte	0x193
 1013 0095 3A000000 		.4byte	0x3a
 1014 0099 05       		.uleb128 0x5
 1015 009a 2B020000 		.4byte	.LASF13
 1016 009e 04       		.byte	0x4
 1017 009f 9401     		.2byte	0x194
 1018 00a1 53000000 		.4byte	0x53
 1019 00a5 05       		.uleb128 0x5
 1020 00a6 3F000000 		.4byte	.LASF14
 1021 00aa 04       		.byte	0x4
 1022 00ab 9601     		.2byte	0x196
 1023 00ad 33000000 		.4byte	0x33
 1024 00b1 02       		.uleb128 0x2
 1025 00b2 04       		.byte	0x4
 1026 00b3 04       		.byte	0x4
 1027 00b4 6F000000 		.4byte	.LASF15
 1028 00b8 02       		.uleb128 0x2
 1029 00b9 08       		.byte	0x8
 1030 00ba 04       		.byte	0x4
 1031 00bb 44020000 		.4byte	.LASF16
 1032 00bf 02       		.uleb128 0x2
 1033 00c0 01       		.byte	0x1
 1034 00c1 08       		.byte	0x8
 1035 00c2 08020000 		.4byte	.LASF17
 1036 00c6 02       		.uleb128 0x2
 1037 00c7 04       		.byte	0x4
 1038 00c8 07       		.byte	0x7
 1039 00c9 39010000 		.4byte	.LASF18
 1040 00cd 06       		.uleb128 0x6
 1041 00ce 81000000 		.4byte	0x81
 1042 00d2 DD000000 		.4byte	0xdd
 1043 00d6 07       		.uleb128 0x7
 1044 00d7 C6000000 		.4byte	0xc6
 1045 00db 07       		.byte	0x7
 1046 00dc 00       		.byte	0
 1047 00dd 03       		.uleb128 0x3
 1048 00de 56000000 		.4byte	.LASF19
 1049 00e2 05       		.byte	0x5
 1050 00e3 1B       		.byte	0x1b
 1051 00e4 2C000000 		.4byte	0x2c
 1052 00e8 08       		.uleb128 0x8
 1053 00e9 67000000 		.4byte	.LASF30
 1054 00ed A0       		.byte	0xa0
 1055 00ee 05       		.byte	0x5
 1056 00ef 1E       		.byte	0x1e
ARM GAS  C:\Users\Patrick\AppData\Local\Temp\cc4ZZri1.s 			page 23


 1057 00f0 61010000 		.4byte	0x161
 1058 00f4 09       		.uleb128 0x9
 1059 00f5 63010000 		.4byte	.LASF20
 1060 00f9 05       		.byte	0x5
 1061 00fa 1F       		.byte	0x1f
 1062 00fb 61010000 		.4byte	0x161
 1063 00ff 00       		.byte	0
 1064 0100 09       		.uleb128 0x9
 1065 0101 26020000 		.4byte	.LASF21
 1066 0105 05       		.byte	0x5
 1067 0106 20       		.byte	0x20
 1068 0107 71010000 		.4byte	0x171
 1069 010b 12       		.byte	0x12
 1070 010c 09       		.uleb128 0x9
 1071 010d 82000000 		.4byte	.LASF22
 1072 0111 05       		.byte	0x5
 1073 0112 21       		.byte	0x21
 1074 0113 99000000 		.4byte	0x99
 1075 0117 94       		.byte	0x94
 1076 0118 09       		.uleb128 0x9
 1077 0119 EB020000 		.4byte	.LASF23
 1078 011d 05       		.byte	0x5
 1079 011e 22       		.byte	0x22
 1080 011f 81000000 		.4byte	0x81
 1081 0123 98       		.byte	0x98
 1082 0124 09       		.uleb128 0x9
 1083 0125 39000000 		.4byte	.LASF24
 1084 0129 05       		.byte	0x5
 1085 012a 23       		.byte	0x23
 1086 012b 81000000 		.4byte	0x81
 1087 012f 99       		.byte	0x99
 1088 0130 09       		.uleb128 0x9
 1089 0131 E2010000 		.4byte	.LASF25
 1090 0135 05       		.byte	0x5
 1091 0136 24       		.byte	0x24
 1092 0137 81000000 		.4byte	0x81
 1093 013b 9A       		.byte	0x9a
 1094 013c 09       		.uleb128 0x9
 1095 013d E6020000 		.4byte	.LASF26
 1096 0141 05       		.byte	0x5
 1097 0142 25       		.byte	0x25
 1098 0143 DD000000 		.4byte	0xdd
 1099 0147 9B       		.byte	0x9b
 1100 0148 09       		.uleb128 0x9
 1101 0149 07000000 		.4byte	.LASF27
 1102 014d 05       		.byte	0x5
 1103 014e 26       		.byte	0x26
 1104 014f DD000000 		.4byte	0xdd
 1105 0153 9C       		.byte	0x9c
 1106 0154 09       		.uleb128 0x9
 1107 0155 7E020000 		.4byte	.LASF28
 1108 0159 05       		.byte	0x5
 1109 015a 27       		.byte	0x27
 1110 015b 8D000000 		.4byte	0x8d
 1111 015f 9E       		.byte	0x9e
 1112 0160 00       		.byte	0
 1113 0161 06       		.uleb128 0x6
ARM GAS  C:\Users\Patrick\AppData\Local\Temp\cc4ZZri1.s 			page 24


 1114 0162 BF000000 		.4byte	0xbf
 1115 0166 71010000 		.4byte	0x171
 1116 016a 07       		.uleb128 0x7
 1117 016b C6000000 		.4byte	0xc6
 1118 016f 10       		.byte	0x10
 1119 0170 00       		.byte	0
 1120 0171 06       		.uleb128 0x6
 1121 0172 8D000000 		.4byte	0x8d
 1122 0176 81010000 		.4byte	0x181
 1123 017a 07       		.uleb128 0x7
 1124 017b C6000000 		.4byte	0xc6
 1125 017f 3F       		.byte	0x3f
 1126 0180 00       		.byte	0
 1127 0181 03       		.uleb128 0x3
 1128 0182 68010000 		.4byte	.LASF29
 1129 0186 05       		.byte	0x5
 1130 0187 28       		.byte	0x28
 1131 0188 E8000000 		.4byte	0xe8
 1132 018c 08       		.uleb128 0x8
 1133 018d 25030000 		.4byte	.LASF31
 1134 0191 A4       		.byte	0xa4
 1135 0192 05       		.byte	0x5
 1136 0193 2A       		.byte	0x2a
 1137 0194 B0010000 		.4byte	0x1b0
 1138 0198 09       		.uleb128 0x9
 1139 0199 18000000 		.4byte	.LASF32
 1140 019d 05       		.byte	0x5
 1141 019e 2B       		.byte	0x2b
 1142 019f 81010000 		.4byte	0x181
 1143 01a3 00       		.byte	0
 1144 01a4 0A       		.uleb128 0xa
 1145 01a5 6D5600   		.ascii	"mV\000"
 1146 01a8 05       		.byte	0x5
 1147 01a9 2C       		.byte	0x2c
 1148 01aa A5000000 		.4byte	0xa5
 1149 01ae A0       		.byte	0xa0
 1150 01af 00       		.byte	0
 1151 01b0 0B       		.uleb128 0xb
 1152 01b1 506F7400 		.ascii	"Pot\000"
 1153 01b5 05       		.byte	0x5
 1154 01b6 2D       		.byte	0x2d
 1155 01b7 8C010000 		.4byte	0x18c
 1156 01bb 08       		.uleb128 0x8
 1157 01bc FF020000 		.4byte	.LASF33
 1158 01c0 A8       		.byte	0xa8
 1159 01c1 05       		.byte	0x5
 1160 01c2 2F       		.byte	0x2f
 1161 01c3 EC010000 		.4byte	0x1ec
 1162 01c7 09       		.uleb128 0x9
 1163 01c8 18000000 		.4byte	.LASF32
 1164 01cc 05       		.byte	0x5
 1165 01cd 30       		.byte	0x30
 1166 01ce 81010000 		.4byte	0x181
 1167 01d2 00       		.byte	0
 1168 01d3 09       		.uleb128 0x9
 1169 01d4 82000000 		.4byte	.LASF22
 1170 01d8 05       		.byte	0x5
ARM GAS  C:\Users\Patrick\AppData\Local\Temp\cc4ZZri1.s 			page 25


 1171 01d9 31       		.byte	0x31
 1172 01da B1000000 		.4byte	0xb1
 1173 01de A0       		.byte	0xa0
 1174 01df 0A       		.uleb128 0xa
 1175 01e0 72706D00 		.ascii	"rpm\000"
 1176 01e4 05       		.byte	0x5
 1177 01e5 32       		.byte	0x32
 1178 01e6 B1000000 		.4byte	0xb1
 1179 01ea A4       		.byte	0xa4
 1180 01eb 00       		.byte	0
 1181 01ec 03       		.uleb128 0x3
 1182 01ed 9D010000 		.4byte	.LASF34
 1183 01f1 05       		.byte	0x5
 1184 01f2 33       		.byte	0x33
 1185 01f3 BB010000 		.4byte	0x1bb
 1186 01f7 0C       		.uleb128 0xc
 1187 01f8 56020000 		.4byte	.LASF35
 1188 01fc 01       		.byte	0x1
 1189 01fd 0F       		.byte	0xf
 1190 01fe 00000000 		.4byte	.LFB63
 1191 0202 D8000000 		.4byte	.LFE63-.LFB63
 1192 0206 01       		.uleb128 0x1
 1193 0207 9C       		.byte	0x9c
 1194 0208 1B020000 		.4byte	0x21b
 1195 020c 0D       		.uleb128 0xd
 1196 020d 706F7400 		.ascii	"pot\000"
 1197 0211 01       		.byte	0x1
 1198 0212 0F       		.byte	0xf
 1199 0213 1B020000 		.4byte	0x21b
 1200 0217 02       		.uleb128 0x2
 1201 0218 91       		.byte	0x91
 1202 0219 6C       		.sleb128 -20
 1203 021a 00       		.byte	0
 1204 021b 0E       		.uleb128 0xe
 1205 021c 04       		.byte	0x4
 1206 021d B0010000 		.4byte	0x1b0
 1207 0221 0C       		.uleb128 0xc
 1208 0222 6F010000 		.4byte	.LASF36
 1209 0226 01       		.byte	0x1
 1210 0227 36       		.byte	0x36
 1211 0228 00000000 		.4byte	.LFB64
 1212 022c DC010000 		.4byte	.LFE64-.LFB64
 1213 0230 01       		.uleb128 0x1
 1214 0231 9C       		.byte	0x9c
 1215 0232 45020000 		.4byte	0x245
 1216 0236 0F       		.uleb128 0xf
 1217 0237 8F020000 		.4byte	.LASF37
 1218 023b 01       		.byte	0x1
 1219 023c 36       		.byte	0x36
 1220 023d 45020000 		.4byte	0x245
 1221 0241 02       		.uleb128 0x2
 1222 0242 91       		.byte	0x91
 1223 0243 6C       		.sleb128 -20
 1224 0244 00       		.byte	0
 1225 0245 0E       		.uleb128 0xe
 1226 0246 04       		.byte	0x4
 1227 0247 EC010000 		.4byte	0x1ec
ARM GAS  C:\Users\Patrick\AppData\Local\Temp\cc4ZZri1.s 			page 26


 1228 024b 10       		.uleb128 0x10
 1229 024c 8A010000 		.4byte	.LASF38
 1230 0250 01       		.byte	0x1
 1231 0251 71       		.byte	0x71
 1232 0252 00000000 		.4byte	.LFB65
 1233 0256 4A000000 		.4byte	.LFE65-.LFB65
 1234 025a 01       		.uleb128 0x1
 1235 025b 9C       		.byte	0x9c
 1236 025c 99020000 		.4byte	0x299
 1237 0260 0F       		.uleb128 0xf
 1238 0261 18000000 		.4byte	.LASF32
 1239 0265 01       		.byte	0x1
 1240 0266 71       		.byte	0x71
 1241 0267 99020000 		.4byte	0x299
 1242 026b 02       		.uleb128 0x2
 1243 026c 91       		.byte	0x91
 1244 026d 74       		.sleb128 -12
 1245 026e 0F       		.uleb128 0xf
 1246 026f 4B000000 		.4byte	.LASF39
 1247 0273 01       		.byte	0x1
 1248 0274 71       		.byte	0x71
 1249 0275 81000000 		.4byte	0x81
 1250 0279 02       		.uleb128 0x2
 1251 027a 91       		.byte	0x91
 1252 027b 73       		.sleb128 -13
 1253 027c 0F       		.uleb128 0xf
 1254 027d C9010000 		.4byte	.LASF40
 1255 0281 01       		.byte	0x1
 1256 0282 71       		.byte	0x71
 1257 0283 81000000 		.4byte	0x81
 1258 0287 02       		.uleb128 0x2
 1259 0288 91       		.byte	0x91
 1260 0289 72       		.sleb128 -14
 1261 028a 0F       		.uleb128 0xf
 1262 028b 75020000 		.4byte	.LASF41
 1263 028f 01       		.byte	0x1
 1264 0290 71       		.byte	0x71
 1265 0291 8D000000 		.4byte	0x8d
 1266 0295 02       		.uleb128 0x2
 1267 0296 91       		.byte	0x91
 1268 0297 70       		.sleb128 -16
 1269 0298 00       		.byte	0
 1270 0299 0E       		.uleb128 0xe
 1271 029a 04       		.byte	0x4
 1272 029b 81010000 		.4byte	0x181
 1273 029f 10       		.uleb128 0x10
 1274 02a0 0D030000 		.4byte	.LASF42
 1275 02a4 01       		.byte	0x1
 1276 02a5 80       		.byte	0x80
 1277 02a6 00000000 		.4byte	.LFB66
 1278 02aa 56000000 		.4byte	.LFE66-.LFB66
 1279 02ae 01       		.uleb128 0x1
 1280 02af 9C       		.byte	0x9c
 1281 02b0 CF020000 		.4byte	0x2cf
 1282 02b4 0D       		.uleb128 0xd
 1283 02b5 706F7400 		.ascii	"pot\000"
 1284 02b9 01       		.byte	0x1
ARM GAS  C:\Users\Patrick\AppData\Local\Temp\cc4ZZri1.s 			page 27


 1285 02ba 80       		.byte	0x80
 1286 02bb 1B020000 		.4byte	0x21b
 1287 02bf 02       		.uleb128 0x2
 1288 02c0 91       		.byte	0x91
 1289 02c1 6C       		.sleb128 -20
 1290 02c2 11       		.uleb128 0x11
 1291 02c3 6900     		.ascii	"i\000"
 1292 02c5 01       		.byte	0x1
 1293 02c6 86       		.byte	0x86
 1294 02c7 68000000 		.4byte	0x68
 1295 02cb 02       		.uleb128 0x2
 1296 02cc 91       		.byte	0x91
 1297 02cd 74       		.sleb128 -12
 1298 02ce 00       		.byte	0
 1299 02cf 10       		.uleb128 0x10
 1300 02d0 E9010000 		.4byte	.LASF43
 1301 02d4 01       		.byte	0x1
 1302 02d5 90       		.byte	0x90
 1303 02d6 00000000 		.4byte	.LFB67
 1304 02da 5A000000 		.4byte	.LFE67-.LFB67
 1305 02de 01       		.uleb128 0x1
 1306 02df 9C       		.byte	0x9c
 1307 02e0 FF020000 		.4byte	0x2ff
 1308 02e4 0F       		.uleb128 0xf
 1309 02e5 8F020000 		.4byte	.LASF37
 1310 02e9 01       		.byte	0x1
 1311 02ea 90       		.byte	0x90
 1312 02eb 45020000 		.4byte	0x245
 1313 02ef 02       		.uleb128 0x2
 1314 02f0 91       		.byte	0x91
 1315 02f1 6C       		.sleb128 -20
 1316 02f2 11       		.uleb128 0x11
 1317 02f3 6900     		.ascii	"i\000"
 1318 02f5 01       		.byte	0x1
 1319 02f6 96       		.byte	0x96
 1320 02f7 68000000 		.4byte	0x68
 1321 02fb 02       		.uleb128 0x2
 1322 02fc 91       		.byte	0x91
 1323 02fd 74       		.sleb128 -12
 1324 02fe 00       		.byte	0
 1325 02ff 12       		.uleb128 0x12
 1326 0300 5C010000 		.4byte	.LASF67
 1327 0304 01       		.byte	0x1
 1328 0305 A0       		.byte	0xa0
 1329 0306 00000000 		.4byte	.LFB68
 1330 030a 0C000000 		.4byte	.LFE68-.LFB68
 1331 030e 01       		.uleb128 0x1
 1332 030f 9C       		.byte	0x9c
 1333 0310 10       		.uleb128 0x10
 1334 0311 9C000000 		.4byte	.LASF44
 1335 0315 01       		.byte	0x1
 1336 0316 A4       		.byte	0xa4
 1337 0317 00000000 		.4byte	.LFB69
 1338 031b 5C000000 		.4byte	.LFE69-.LFB69
 1339 031f 01       		.uleb128 0x1
 1340 0320 9C       		.byte	0x9c
 1341 0321 96030000 		.4byte	0x396
ARM GAS  C:\Users\Patrick\AppData\Local\Temp\cc4ZZri1.s 			page 28


 1342 0325 0F       		.uleb128 0xf
 1343 0326 20030000 		.4byte	.LASF45
 1344 032a 01       		.byte	0x1
 1345 032b A4       		.byte	0xa4
 1346 032c 81000000 		.4byte	0x81
 1347 0330 02       		.uleb128 0x2
 1348 0331 91       		.byte	0x91
 1349 0332 77       		.sleb128 -9
 1350 0333 0D       		.uleb128 0xd
 1351 0334 6F6E6500 		.ascii	"one\000"
 1352 0338 01       		.byte	0x1
 1353 0339 A4       		.byte	0xa4
 1354 033a 81000000 		.4byte	0x81
 1355 033e 02       		.uleb128 0x2
 1356 033f 91       		.byte	0x91
 1357 0340 76       		.sleb128 -10
 1358 0341 0D       		.uleb128 0xd
 1359 0342 74776F00 		.ascii	"two\000"
 1360 0346 01       		.byte	0x1
 1361 0347 A4       		.byte	0xa4
 1362 0348 81000000 		.4byte	0x81
 1363 034c 02       		.uleb128 0x2
 1364 034d 91       		.byte	0x91
 1365 034e 75       		.sleb128 -11
 1366 034f 0F       		.uleb128 0xf
 1367 0350 A5000000 		.4byte	.LASF46
 1368 0354 01       		.byte	0x1
 1369 0355 A4       		.byte	0xa4
 1370 0356 81000000 		.4byte	0x81
 1371 035a 02       		.uleb128 0x2
 1372 035b 91       		.byte	0x91
 1373 035c 74       		.sleb128 -12
 1374 035d 0F       		.uleb128 0xf
 1375 035e 08030000 		.4byte	.LASF47
 1376 0362 01       		.byte	0x1
 1377 0363 A4       		.byte	0xa4
 1378 0364 81000000 		.4byte	0x81
 1379 0368 02       		.uleb128 0x2
 1380 0369 91       		.byte	0x91
 1381 036a 00       		.sleb128 0
 1382 036b 0F       		.uleb128 0xf
 1383 036c 70020000 		.4byte	.LASF48
 1384 0370 01       		.byte	0x1
 1385 0371 A4       		.byte	0xa4
 1386 0372 81000000 		.4byte	0x81
 1387 0376 02       		.uleb128 0x2
 1388 0377 91       		.byte	0x91
 1389 0378 04       		.sleb128 4
 1390 0379 0D       		.uleb128 0xd
 1391 037a 73697800 		.ascii	"six\000"
 1392 037e 01       		.byte	0x1
 1393 037f A4       		.byte	0xa4
 1394 0380 81000000 		.4byte	0x81
 1395 0384 02       		.uleb128 0x2
 1396 0385 91       		.byte	0x91
 1397 0386 08       		.sleb128 8
 1398 0387 0F       		.uleb128 0xf
ARM GAS  C:\Users\Patrick\AppData\Local\Temp\cc4ZZri1.s 			page 29


 1399 0388 60020000 		.4byte	.LASF49
 1400 038c 01       		.byte	0x1
 1401 038d A4       		.byte	0xa4
 1402 038e 81000000 		.4byte	0x81
 1403 0392 02       		.uleb128 0x2
 1404 0393 91       		.byte	0x91
 1405 0394 0C       		.sleb128 12
 1406 0395 00       		.byte	0
 1407 0396 10       		.uleb128 0x10
 1408 0397 2A030000 		.4byte	.LASF50
 1409 039b 01       		.byte	0x1
 1410 039c AF       		.byte	0xaf
 1411 039d 00000000 		.4byte	.LFB70
 1412 03a1 1E000000 		.4byte	.LFE70-.LFB70
 1413 03a5 01       		.uleb128 0x1
 1414 03a6 9C       		.byte	0x9c
 1415 03a7 C8030000 		.4byte	0x3c8
 1416 03ab 0F       		.uleb128 0xf
 1417 03ac 18000000 		.4byte	.LASF32
 1418 03b0 01       		.byte	0x1
 1419 03b1 AF       		.byte	0xaf
 1420 03b2 99020000 		.4byte	0x299
 1421 03b6 02       		.uleb128 0x2
 1422 03b7 91       		.byte	0x91
 1423 03b8 74       		.sleb128 -12
 1424 03b9 0F       		.uleb128 0xf
 1425 03ba 94010000 		.4byte	.LASF51
 1426 03be 01       		.byte	0x1
 1427 03bf AF       		.byte	0xaf
 1428 03c0 DD000000 		.4byte	0xdd
 1429 03c4 02       		.uleb128 0x2
 1430 03c5 91       		.byte	0x91
 1431 03c6 73       		.sleb128 -13
 1432 03c7 00       		.byte	0
 1433 03c8 13       		.uleb128 0x13
 1434 03c9 4A010000 		.4byte	.LASF68
 1435 03cd 01       		.byte	0x1
 1436 03ce B3       		.byte	0xb3
 1437 03cf 8D000000 		.4byte	0x8d
 1438 03d3 00000000 		.4byte	.LFB71
 1439 03d7 24000000 		.4byte	.LFE71-.LFB71
 1440 03db 01       		.uleb128 0x1
 1441 03dc 9C       		.byte	0x9c
 1442 03dd F0030000 		.4byte	0x3f0
 1443 03e1 0F       		.uleb128 0xf
 1444 03e2 18000000 		.4byte	.LASF32
 1445 03e6 01       		.byte	0x1
 1446 03e7 B3       		.byte	0xb3
 1447 03e8 99020000 		.4byte	0x299
 1448 03ec 02       		.uleb128 0x2
 1449 03ed 91       		.byte	0x91
 1450 03ee 74       		.sleb128 -12
 1451 03ef 00       		.byte	0
 1452 03f0 10       		.uleb128 0x10
 1453 03f1 75000000 		.4byte	.LASF52
 1454 03f5 01       		.byte	0x1
 1455 03f6 B7       		.byte	0xb7
ARM GAS  C:\Users\Patrick\AppData\Local\Temp\cc4ZZri1.s 			page 30


 1456 03f7 00000000 		.4byte	.LFB72
 1457 03fb 1E000000 		.4byte	.LFE72-.LFB72
 1458 03ff 01       		.uleb128 0x1
 1459 0400 9C       		.byte	0x9c
 1460 0401 22040000 		.4byte	0x422
 1461 0405 0F       		.uleb128 0xf
 1462 0406 18000000 		.4byte	.LASF32
 1463 040a 01       		.byte	0x1
 1464 040b B7       		.byte	0xb7
 1465 040c 99020000 		.4byte	0x299
 1466 0410 02       		.uleb128 0x2
 1467 0411 91       		.byte	0x91
 1468 0412 74       		.sleb128 -12
 1469 0413 0F       		.uleb128 0xf
 1470 0414 1B020000 		.4byte	.LASF53
 1471 0418 01       		.byte	0x1
 1472 0419 B7       		.byte	0xb7
 1473 041a DD000000 		.4byte	0xdd
 1474 041e 02       		.uleb128 0x2
 1475 041f 91       		.byte	0x91
 1476 0420 73       		.sleb128 -13
 1477 0421 00       		.byte	0
 1478 0422 10       		.uleb128 0x10
 1479 0423 4B020000 		.4byte	.LASF54
 1480 0427 01       		.byte	0x1
 1481 0428 BB       		.byte	0xbb
 1482 0429 00000000 		.4byte	.LFB73
 1483 042d 28000000 		.4byte	.LFE73-.LFB73
 1484 0431 01       		.uleb128 0x1
 1485 0432 9C       		.byte	0x9c
 1486 0433 46040000 		.4byte	0x446
 1487 0437 0F       		.uleb128 0xf
 1488 0438 18000000 		.4byte	.LASF32
 1489 043c 01       		.byte	0x1
 1490 043d BB       		.byte	0xbb
 1491 043e 99020000 		.4byte	0x299
 1492 0442 02       		.uleb128 0x2
 1493 0443 91       		.byte	0x91
 1494 0444 74       		.sleb128 -12
 1495 0445 00       		.byte	0
 1496 0446 10       		.uleb128 0x10
 1497 0447 D4010000 		.4byte	.LASF55
 1498 044b 01       		.byte	0x1
 1499 044c BF       		.byte	0xbf
 1500 044d 00000000 		.4byte	.LFB74
 1501 0451 28000000 		.4byte	.LFE74-.LFB74
 1502 0455 01       		.uleb128 0x1
 1503 0456 9C       		.byte	0x9c
 1504 0457 6A040000 		.4byte	0x46a
 1505 045b 0F       		.uleb128 0xf
 1506 045c 18000000 		.4byte	.LASF32
 1507 0460 01       		.byte	0x1
 1508 0461 BF       		.byte	0xbf
 1509 0462 99020000 		.4byte	0x299
 1510 0466 02       		.uleb128 0x2
 1511 0467 91       		.byte	0x91
 1512 0468 74       		.sleb128 -12
ARM GAS  C:\Users\Patrick\AppData\Local\Temp\cc4ZZri1.s 			page 31


 1513 0469 00       		.byte	0
 1514 046a 06       		.uleb128 0x6
 1515 046b DD000000 		.4byte	0xdd
 1516 046f 7A040000 		.4byte	0x47a
 1517 0473 07       		.uleb128 0x7
 1518 0474 C6000000 		.4byte	0xc6
 1519 0478 07       		.byte	0x7
 1520 0479 00       		.byte	0
 1521 047a 14       		.uleb128 0x14
 1522 047b 83020000 		.4byte	.LASF56
 1523 047f 05       		.byte	0x5
 1524 0480 3E       		.byte	0x3e
 1525 0481 6A040000 		.4byte	0x46a
 1526 0485 05       		.uleb128 0x5
 1527 0486 03       		.byte	0x3
 1528 0487 00000000 		.4byte	temp_enable
 1529 048b 15       		.uleb128 0x15
 1530 048c F2020000 		.4byte	.LASF57
 1531 0490 06       		.byte	0x6
 1532 0491 9606     		.2byte	0x696
 1533 0493 97040000 		.4byte	0x497
 1534 0497 16       		.uleb128 0x16
 1535 0498 76000000 		.4byte	0x76
 1536 049c 17       		.uleb128 0x17
 1537 049d 20030000 		.4byte	.LASF45
 1538 04a1 05       		.byte	0x5
 1539 04a2 35       		.byte	0x35
 1540 04a3 B0010000 		.4byte	0x1b0
 1541 04a7 05       		.uleb128 0x5
 1542 04a8 03       		.byte	0x3
 1543 04a9 00000000 		.4byte	zero
 1544 04ad 18       		.uleb128 0x18
 1545 04ae 6F6E6500 		.ascii	"one\000"
 1546 04b2 05       		.byte	0x5
 1547 04b3 36       		.byte	0x36
 1548 04b4 B0010000 		.4byte	0x1b0
 1549 04b8 05       		.uleb128 0x5
 1550 04b9 03       		.byte	0x3
 1551 04ba 00000000 		.4byte	one
 1552 04be 18       		.uleb128 0x18
 1553 04bf 74776F00 		.ascii	"two\000"
 1554 04c3 05       		.byte	0x5
 1555 04c4 37       		.byte	0x37
 1556 04c5 B0010000 		.4byte	0x1b0
 1557 04c9 05       		.uleb128 0x5
 1558 04ca 03       		.byte	0x3
 1559 04cb 00000000 		.4byte	two
 1560 04cf 17       		.uleb128 0x17
 1561 04d0 A5000000 		.4byte	.LASF46
 1562 04d4 05       		.byte	0x5
 1563 04d5 38       		.byte	0x38
 1564 04d6 B0010000 		.4byte	0x1b0
 1565 04da 05       		.uleb128 0x5
 1566 04db 03       		.byte	0x3
 1567 04dc 00000000 		.4byte	three
 1568 04e0 17       		.uleb128 0x17
 1569 04e1 08030000 		.4byte	.LASF47
ARM GAS  C:\Users\Patrick\AppData\Local\Temp\cc4ZZri1.s 			page 32


 1570 04e5 05       		.byte	0x5
 1571 04e6 39       		.byte	0x39
 1572 04e7 B0010000 		.4byte	0x1b0
 1573 04eb 05       		.uleb128 0x5
 1574 04ec 03       		.byte	0x3
 1575 04ed 00000000 		.4byte	four
 1576 04f1 17       		.uleb128 0x17
 1577 04f2 70020000 		.4byte	.LASF48
 1578 04f6 05       		.byte	0x5
 1579 04f7 3A       		.byte	0x3a
 1580 04f8 B0010000 		.4byte	0x1b0
 1581 04fc 05       		.uleb128 0x5
 1582 04fd 03       		.byte	0x3
 1583 04fe 00000000 		.4byte	five
 1584 0502 17       		.uleb128 0x17
 1585 0503 16020000 		.4byte	.LASF58
 1586 0507 05       		.byte	0x5
 1587 0508 3B       		.byte	0x3b
 1588 0509 EC010000 		.4byte	0x1ec
 1589 050d 05       		.uleb128 0x5
 1590 050e 03       		.byte	0x3
 1591 050f 00000000 		.4byte	left
 1592 0513 17       		.uleb128 0x17
 1593 0514 76010000 		.4byte	.LASF59
 1594 0518 05       		.byte	0x5
 1595 0519 3C       		.byte	0x3c
 1596 051a EC010000 		.4byte	0x1ec
 1597 051e 05       		.uleb128 0x5
 1598 051f 03       		.byte	0x3
 1599 0520 00000000 		.4byte	right
 1600 0524 17       		.uleb128 0x17
 1601 0525 15030000 		.4byte	.LASF60
 1602 0529 05       		.byte	0x5
 1603 052a 40       		.byte	0x40
 1604 052b CD000000 		.4byte	0xcd
 1605 052f 05       		.uleb128 0x5
 1606 0530 03       		.byte	0x3
 1607 0531 00000000 		.4byte	TxMessage1
 1608 0535 17       		.uleb128 0x17
 1609 0536 1F000000 		.4byte	.LASF61
 1610 053a 05       		.byte	0x5
 1611 053b 41       		.byte	0x41
 1612 053c CD000000 		.4byte	0xcd
 1613 0540 05       		.uleb128 0x5
 1614 0541 03       		.byte	0x3
 1615 0542 00000000 		.4byte	RxMessage1
 1616 0546 17       		.uleb128 0x17
 1617 0547 00000000 		.4byte	.LASF62
 1618 054b 05       		.byte	0x5
 1619 054c 42       		.byte	0x42
 1620 054d 81000000 		.4byte	0x81
 1621 0551 05       		.uleb128 0x5
 1622 0552 03       		.byte	0x3
 1623 0553 00000000 		.4byte	RXDLC1
 1624 0557 17       		.uleb128 0x17
 1625 0558 2A000000 		.4byte	.LASF63
 1626 055c 05       		.byte	0x5
ARM GAS  C:\Users\Patrick\AppData\Local\Temp\cc4ZZri1.s 			page 33


 1627 055d 43       		.byte	0x43
 1628 055e 81000000 		.4byte	0x81
 1629 0562 05       		.uleb128 0x5
 1630 0563 03       		.byte	0x3
 1631 0564 00000000 		.4byte	RxFlag1
 1632 0568 00       		.byte	0
 1633              		.section	.debug_abbrev,"",%progbits
 1634              	.Ldebug_abbrev0:
 1635 0000 01       		.uleb128 0x1
 1636 0001 11       		.uleb128 0x11
 1637 0002 01       		.byte	0x1
 1638 0003 25       		.uleb128 0x25
 1639 0004 0E       		.uleb128 0xe
 1640 0005 13       		.uleb128 0x13
 1641 0006 0B       		.uleb128 0xb
 1642 0007 03       		.uleb128 0x3
 1643 0008 0E       		.uleb128 0xe
 1644 0009 1B       		.uleb128 0x1b
 1645 000a 0E       		.uleb128 0xe
 1646 000b 55       		.uleb128 0x55
 1647 000c 17       		.uleb128 0x17
 1648 000d 11       		.uleb128 0x11
 1649 000e 01       		.uleb128 0x1
 1650 000f 10       		.uleb128 0x10
 1651 0010 17       		.uleb128 0x17
 1652 0011 00       		.byte	0
 1653 0012 00       		.byte	0
 1654 0013 02       		.uleb128 0x2
 1655 0014 24       		.uleb128 0x24
 1656 0015 00       		.byte	0
 1657 0016 0B       		.uleb128 0xb
 1658 0017 0B       		.uleb128 0xb
 1659 0018 3E       		.uleb128 0x3e
 1660 0019 0B       		.uleb128 0xb
 1661 001a 03       		.uleb128 0x3
 1662 001b 0E       		.uleb128 0xe
 1663 001c 00       		.byte	0
 1664 001d 00       		.byte	0
 1665 001e 03       		.uleb128 0x3
 1666 001f 16       		.uleb128 0x16
 1667 0020 00       		.byte	0
 1668 0021 03       		.uleb128 0x3
 1669 0022 0E       		.uleb128 0xe
 1670 0023 3A       		.uleb128 0x3a
 1671 0024 0B       		.uleb128 0xb
 1672 0025 3B       		.uleb128 0x3b
 1673 0026 0B       		.uleb128 0xb
 1674 0027 49       		.uleb128 0x49
 1675 0028 13       		.uleb128 0x13
 1676 0029 00       		.byte	0
 1677 002a 00       		.byte	0
 1678 002b 04       		.uleb128 0x4
 1679 002c 24       		.uleb128 0x24
 1680 002d 00       		.byte	0
 1681 002e 0B       		.uleb128 0xb
 1682 002f 0B       		.uleb128 0xb
 1683 0030 3E       		.uleb128 0x3e
ARM GAS  C:\Users\Patrick\AppData\Local\Temp\cc4ZZri1.s 			page 34


 1684 0031 0B       		.uleb128 0xb
 1685 0032 03       		.uleb128 0x3
 1686 0033 08       		.uleb128 0x8
 1687 0034 00       		.byte	0
 1688 0035 00       		.byte	0
 1689 0036 05       		.uleb128 0x5
 1690 0037 16       		.uleb128 0x16
 1691 0038 00       		.byte	0
 1692 0039 03       		.uleb128 0x3
 1693 003a 0E       		.uleb128 0xe
 1694 003b 3A       		.uleb128 0x3a
 1695 003c 0B       		.uleb128 0xb
 1696 003d 3B       		.uleb128 0x3b
 1697 003e 05       		.uleb128 0x5
 1698 003f 49       		.uleb128 0x49
 1699 0040 13       		.uleb128 0x13
 1700 0041 00       		.byte	0
 1701 0042 00       		.byte	0
 1702 0043 06       		.uleb128 0x6
 1703 0044 01       		.uleb128 0x1
 1704 0045 01       		.byte	0x1
 1705 0046 49       		.uleb128 0x49
 1706 0047 13       		.uleb128 0x13
 1707 0048 01       		.uleb128 0x1
 1708 0049 13       		.uleb128 0x13
 1709 004a 00       		.byte	0
 1710 004b 00       		.byte	0
 1711 004c 07       		.uleb128 0x7
 1712 004d 21       		.uleb128 0x21
 1713 004e 00       		.byte	0
 1714 004f 49       		.uleb128 0x49
 1715 0050 13       		.uleb128 0x13
 1716 0051 2F       		.uleb128 0x2f
 1717 0052 0B       		.uleb128 0xb
 1718 0053 00       		.byte	0
 1719 0054 00       		.byte	0
 1720 0055 08       		.uleb128 0x8
 1721 0056 13       		.uleb128 0x13
 1722 0057 01       		.byte	0x1
 1723 0058 03       		.uleb128 0x3
 1724 0059 0E       		.uleb128 0xe
 1725 005a 0B       		.uleb128 0xb
 1726 005b 0B       		.uleb128 0xb
 1727 005c 3A       		.uleb128 0x3a
 1728 005d 0B       		.uleb128 0xb
 1729 005e 3B       		.uleb128 0x3b
 1730 005f 0B       		.uleb128 0xb
 1731 0060 01       		.uleb128 0x1
 1732 0061 13       		.uleb128 0x13
 1733 0062 00       		.byte	0
 1734 0063 00       		.byte	0
 1735 0064 09       		.uleb128 0x9
 1736 0065 0D       		.uleb128 0xd
 1737 0066 00       		.byte	0
 1738 0067 03       		.uleb128 0x3
 1739 0068 0E       		.uleb128 0xe
 1740 0069 3A       		.uleb128 0x3a
ARM GAS  C:\Users\Patrick\AppData\Local\Temp\cc4ZZri1.s 			page 35


 1741 006a 0B       		.uleb128 0xb
 1742 006b 3B       		.uleb128 0x3b
 1743 006c 0B       		.uleb128 0xb
 1744 006d 49       		.uleb128 0x49
 1745 006e 13       		.uleb128 0x13
 1746 006f 38       		.uleb128 0x38
 1747 0070 0B       		.uleb128 0xb
 1748 0071 00       		.byte	0
 1749 0072 00       		.byte	0
 1750 0073 0A       		.uleb128 0xa
 1751 0074 0D       		.uleb128 0xd
 1752 0075 00       		.byte	0
 1753 0076 03       		.uleb128 0x3
 1754 0077 08       		.uleb128 0x8
 1755 0078 3A       		.uleb128 0x3a
 1756 0079 0B       		.uleb128 0xb
 1757 007a 3B       		.uleb128 0x3b
 1758 007b 0B       		.uleb128 0xb
 1759 007c 49       		.uleb128 0x49
 1760 007d 13       		.uleb128 0x13
 1761 007e 38       		.uleb128 0x38
 1762 007f 0B       		.uleb128 0xb
 1763 0080 00       		.byte	0
 1764 0081 00       		.byte	0
 1765 0082 0B       		.uleb128 0xb
 1766 0083 16       		.uleb128 0x16
 1767 0084 00       		.byte	0
 1768 0085 03       		.uleb128 0x3
 1769 0086 08       		.uleb128 0x8
 1770 0087 3A       		.uleb128 0x3a
 1771 0088 0B       		.uleb128 0xb
 1772 0089 3B       		.uleb128 0x3b
 1773 008a 0B       		.uleb128 0xb
 1774 008b 49       		.uleb128 0x49
 1775 008c 13       		.uleb128 0x13
 1776 008d 00       		.byte	0
 1777 008e 00       		.byte	0
 1778 008f 0C       		.uleb128 0xc
 1779 0090 2E       		.uleb128 0x2e
 1780 0091 01       		.byte	0x1
 1781 0092 3F       		.uleb128 0x3f
 1782 0093 19       		.uleb128 0x19
 1783 0094 03       		.uleb128 0x3
 1784 0095 0E       		.uleb128 0xe
 1785 0096 3A       		.uleb128 0x3a
 1786 0097 0B       		.uleb128 0xb
 1787 0098 3B       		.uleb128 0x3b
 1788 0099 0B       		.uleb128 0xb
 1789 009a 27       		.uleb128 0x27
 1790 009b 19       		.uleb128 0x19
 1791 009c 11       		.uleb128 0x11
 1792 009d 01       		.uleb128 0x1
 1793 009e 12       		.uleb128 0x12
 1794 009f 06       		.uleb128 0x6
 1795 00a0 40       		.uleb128 0x40
 1796 00a1 18       		.uleb128 0x18
 1797 00a2 9642     		.uleb128 0x2116
ARM GAS  C:\Users\Patrick\AppData\Local\Temp\cc4ZZri1.s 			page 36


 1798 00a4 19       		.uleb128 0x19
 1799 00a5 01       		.uleb128 0x1
 1800 00a6 13       		.uleb128 0x13
 1801 00a7 00       		.byte	0
 1802 00a8 00       		.byte	0
 1803 00a9 0D       		.uleb128 0xd
 1804 00aa 05       		.uleb128 0x5
 1805 00ab 00       		.byte	0
 1806 00ac 03       		.uleb128 0x3
 1807 00ad 08       		.uleb128 0x8
 1808 00ae 3A       		.uleb128 0x3a
 1809 00af 0B       		.uleb128 0xb
 1810 00b0 3B       		.uleb128 0x3b
 1811 00b1 0B       		.uleb128 0xb
 1812 00b2 49       		.uleb128 0x49
 1813 00b3 13       		.uleb128 0x13
 1814 00b4 02       		.uleb128 0x2
 1815 00b5 18       		.uleb128 0x18
 1816 00b6 00       		.byte	0
 1817 00b7 00       		.byte	0
 1818 00b8 0E       		.uleb128 0xe
 1819 00b9 0F       		.uleb128 0xf
 1820 00ba 00       		.byte	0
 1821 00bb 0B       		.uleb128 0xb
 1822 00bc 0B       		.uleb128 0xb
 1823 00bd 49       		.uleb128 0x49
 1824 00be 13       		.uleb128 0x13
 1825 00bf 00       		.byte	0
 1826 00c0 00       		.byte	0
 1827 00c1 0F       		.uleb128 0xf
 1828 00c2 05       		.uleb128 0x5
 1829 00c3 00       		.byte	0
 1830 00c4 03       		.uleb128 0x3
 1831 00c5 0E       		.uleb128 0xe
 1832 00c6 3A       		.uleb128 0x3a
 1833 00c7 0B       		.uleb128 0xb
 1834 00c8 3B       		.uleb128 0x3b
 1835 00c9 0B       		.uleb128 0xb
 1836 00ca 49       		.uleb128 0x49
 1837 00cb 13       		.uleb128 0x13
 1838 00cc 02       		.uleb128 0x2
 1839 00cd 18       		.uleb128 0x18
 1840 00ce 00       		.byte	0
 1841 00cf 00       		.byte	0
 1842 00d0 10       		.uleb128 0x10
 1843 00d1 2E       		.uleb128 0x2e
 1844 00d2 01       		.byte	0x1
 1845 00d3 3F       		.uleb128 0x3f
 1846 00d4 19       		.uleb128 0x19
 1847 00d5 03       		.uleb128 0x3
 1848 00d6 0E       		.uleb128 0xe
 1849 00d7 3A       		.uleb128 0x3a
 1850 00d8 0B       		.uleb128 0xb
 1851 00d9 3B       		.uleb128 0x3b
 1852 00da 0B       		.uleb128 0xb
 1853 00db 27       		.uleb128 0x27
 1854 00dc 19       		.uleb128 0x19
ARM GAS  C:\Users\Patrick\AppData\Local\Temp\cc4ZZri1.s 			page 37


 1855 00dd 11       		.uleb128 0x11
 1856 00de 01       		.uleb128 0x1
 1857 00df 12       		.uleb128 0x12
 1858 00e0 06       		.uleb128 0x6
 1859 00e1 40       		.uleb128 0x40
 1860 00e2 18       		.uleb128 0x18
 1861 00e3 9742     		.uleb128 0x2117
 1862 00e5 19       		.uleb128 0x19
 1863 00e6 01       		.uleb128 0x1
 1864 00e7 13       		.uleb128 0x13
 1865 00e8 00       		.byte	0
 1866 00e9 00       		.byte	0
 1867 00ea 11       		.uleb128 0x11
 1868 00eb 34       		.uleb128 0x34
 1869 00ec 00       		.byte	0
 1870 00ed 03       		.uleb128 0x3
 1871 00ee 08       		.uleb128 0x8
 1872 00ef 3A       		.uleb128 0x3a
 1873 00f0 0B       		.uleb128 0xb
 1874 00f1 3B       		.uleb128 0x3b
 1875 00f2 0B       		.uleb128 0xb
 1876 00f3 49       		.uleb128 0x49
 1877 00f4 13       		.uleb128 0x13
 1878 00f5 02       		.uleb128 0x2
 1879 00f6 18       		.uleb128 0x18
 1880 00f7 00       		.byte	0
 1881 00f8 00       		.byte	0
 1882 00f9 12       		.uleb128 0x12
 1883 00fa 2E       		.uleb128 0x2e
 1884 00fb 00       		.byte	0
 1885 00fc 3F       		.uleb128 0x3f
 1886 00fd 19       		.uleb128 0x19
 1887 00fe 03       		.uleb128 0x3
 1888 00ff 0E       		.uleb128 0xe
 1889 0100 3A       		.uleb128 0x3a
 1890 0101 0B       		.uleb128 0xb
 1891 0102 3B       		.uleb128 0x3b
 1892 0103 0B       		.uleb128 0xb
 1893 0104 27       		.uleb128 0x27
 1894 0105 19       		.uleb128 0x19
 1895 0106 11       		.uleb128 0x11
 1896 0107 01       		.uleb128 0x1
 1897 0108 12       		.uleb128 0x12
 1898 0109 06       		.uleb128 0x6
 1899 010a 40       		.uleb128 0x40
 1900 010b 18       		.uleb128 0x18
 1901 010c 9742     		.uleb128 0x2117
 1902 010e 19       		.uleb128 0x19
 1903 010f 00       		.byte	0
 1904 0110 00       		.byte	0
 1905 0111 13       		.uleb128 0x13
 1906 0112 2E       		.uleb128 0x2e
 1907 0113 01       		.byte	0x1
 1908 0114 3F       		.uleb128 0x3f
 1909 0115 19       		.uleb128 0x19
 1910 0116 03       		.uleb128 0x3
 1911 0117 0E       		.uleb128 0xe
ARM GAS  C:\Users\Patrick\AppData\Local\Temp\cc4ZZri1.s 			page 38


 1912 0118 3A       		.uleb128 0x3a
 1913 0119 0B       		.uleb128 0xb
 1914 011a 3B       		.uleb128 0x3b
 1915 011b 0B       		.uleb128 0xb
 1916 011c 27       		.uleb128 0x27
 1917 011d 19       		.uleb128 0x19
 1918 011e 49       		.uleb128 0x49
 1919 011f 13       		.uleb128 0x13
 1920 0120 11       		.uleb128 0x11
 1921 0121 01       		.uleb128 0x1
 1922 0122 12       		.uleb128 0x12
 1923 0123 06       		.uleb128 0x6
 1924 0124 40       		.uleb128 0x40
 1925 0125 18       		.uleb128 0x18
 1926 0126 9742     		.uleb128 0x2117
 1927 0128 19       		.uleb128 0x19
 1928 0129 01       		.uleb128 0x1
 1929 012a 13       		.uleb128 0x13
 1930 012b 00       		.byte	0
 1931 012c 00       		.byte	0
 1932 012d 14       		.uleb128 0x14
 1933 012e 34       		.uleb128 0x34
 1934 012f 00       		.byte	0
 1935 0130 03       		.uleb128 0x3
 1936 0131 0E       		.uleb128 0xe
 1937 0132 3A       		.uleb128 0x3a
 1938 0133 0B       		.uleb128 0xb
 1939 0134 3B       		.uleb128 0x3b
 1940 0135 0B       		.uleb128 0xb
 1941 0136 49       		.uleb128 0x49
 1942 0137 13       		.uleb128 0x13
 1943 0138 02       		.uleb128 0x2
 1944 0139 18       		.uleb128 0x18
 1945 013a 00       		.byte	0
 1946 013b 00       		.byte	0
 1947 013c 15       		.uleb128 0x15
 1948 013d 34       		.uleb128 0x34
 1949 013e 00       		.byte	0
 1950 013f 03       		.uleb128 0x3
 1951 0140 0E       		.uleb128 0xe
 1952 0141 3A       		.uleb128 0x3a
 1953 0142 0B       		.uleb128 0xb
 1954 0143 3B       		.uleb128 0x3b
 1955 0144 05       		.uleb128 0x5
 1956 0145 49       		.uleb128 0x49
 1957 0146 13       		.uleb128 0x13
 1958 0147 3F       		.uleb128 0x3f
 1959 0148 19       		.uleb128 0x19
 1960 0149 3C       		.uleb128 0x3c
 1961 014a 19       		.uleb128 0x19
 1962 014b 00       		.byte	0
 1963 014c 00       		.byte	0
 1964 014d 16       		.uleb128 0x16
 1965 014e 35       		.uleb128 0x35
 1966 014f 00       		.byte	0
 1967 0150 49       		.uleb128 0x49
 1968 0151 13       		.uleb128 0x13
ARM GAS  C:\Users\Patrick\AppData\Local\Temp\cc4ZZri1.s 			page 39


 1969 0152 00       		.byte	0
 1970 0153 00       		.byte	0
 1971 0154 17       		.uleb128 0x17
 1972 0155 34       		.uleb128 0x34
 1973 0156 00       		.byte	0
 1974 0157 03       		.uleb128 0x3
 1975 0158 0E       		.uleb128 0xe
 1976 0159 3A       		.uleb128 0x3a
 1977 015a 0B       		.uleb128 0xb
 1978 015b 3B       		.uleb128 0x3b
 1979 015c 0B       		.uleb128 0xb
 1980 015d 49       		.uleb128 0x49
 1981 015e 13       		.uleb128 0x13
 1982 015f 3F       		.uleb128 0x3f
 1983 0160 19       		.uleb128 0x19
 1984 0161 02       		.uleb128 0x2
 1985 0162 18       		.uleb128 0x18
 1986 0163 00       		.byte	0
 1987 0164 00       		.byte	0
 1988 0165 18       		.uleb128 0x18
 1989 0166 34       		.uleb128 0x34
 1990 0167 00       		.byte	0
 1991 0168 03       		.uleb128 0x3
 1992 0169 08       		.uleb128 0x8
 1993 016a 3A       		.uleb128 0x3a
 1994 016b 0B       		.uleb128 0xb
 1995 016c 3B       		.uleb128 0x3b
 1996 016d 0B       		.uleb128 0xb
 1997 016e 49       		.uleb128 0x49
 1998 016f 13       		.uleb128 0x13
 1999 0170 3F       		.uleb128 0x3f
 2000 0171 19       		.uleb128 0x19
 2001 0172 02       		.uleb128 0x2
 2002 0173 18       		.uleb128 0x18
 2003 0174 00       		.byte	0
 2004 0175 00       		.byte	0
 2005 0176 00       		.byte	0
 2006              		.section	.debug_aranges,"",%progbits
 2007 0000 74000000 		.4byte	0x74
 2008 0004 0200     		.2byte	0x2
 2009 0006 00000000 		.4byte	.Ldebug_info0
 2010 000a 04       		.byte	0x4
 2011 000b 00       		.byte	0
 2012 000c 0000     		.2byte	0
 2013 000e 0000     		.2byte	0
 2014 0010 00000000 		.4byte	.LFB63
 2015 0014 D8000000 		.4byte	.LFE63-.LFB63
 2016 0018 00000000 		.4byte	.LFB64
 2017 001c DC010000 		.4byte	.LFE64-.LFB64
 2018 0020 00000000 		.4byte	.LFB65
 2019 0024 4A000000 		.4byte	.LFE65-.LFB65
 2020 0028 00000000 		.4byte	.LFB66
 2021 002c 56000000 		.4byte	.LFE66-.LFB66
 2022 0030 00000000 		.4byte	.LFB67
 2023 0034 5A000000 		.4byte	.LFE67-.LFB67
 2024 0038 00000000 		.4byte	.LFB68
 2025 003c 0C000000 		.4byte	.LFE68-.LFB68
ARM GAS  C:\Users\Patrick\AppData\Local\Temp\cc4ZZri1.s 			page 40


 2026 0040 00000000 		.4byte	.LFB69
 2027 0044 5C000000 		.4byte	.LFE69-.LFB69
 2028 0048 00000000 		.4byte	.LFB70
 2029 004c 1E000000 		.4byte	.LFE70-.LFB70
 2030 0050 00000000 		.4byte	.LFB71
 2031 0054 24000000 		.4byte	.LFE71-.LFB71
 2032 0058 00000000 		.4byte	.LFB72
 2033 005c 1E000000 		.4byte	.LFE72-.LFB72
 2034 0060 00000000 		.4byte	.LFB73
 2035 0064 28000000 		.4byte	.LFE73-.LFB73
 2036 0068 00000000 		.4byte	.LFB74
 2037 006c 28000000 		.4byte	.LFE74-.LFB74
 2038 0070 00000000 		.4byte	0
 2039 0074 00000000 		.4byte	0
 2040              		.section	.debug_ranges,"",%progbits
 2041              	.Ldebug_ranges0:
 2042 0000 00000000 		.4byte	.LFB63
 2043 0004 D8000000 		.4byte	.LFE63
 2044 0008 00000000 		.4byte	.LFB64
 2045 000c DC010000 		.4byte	.LFE64
 2046 0010 00000000 		.4byte	.LFB65
 2047 0014 4A000000 		.4byte	.LFE65
 2048 0018 00000000 		.4byte	.LFB66
 2049 001c 56000000 		.4byte	.LFE66
 2050 0020 00000000 		.4byte	.LFB67
 2051 0024 5A000000 		.4byte	.LFE67
 2052 0028 00000000 		.4byte	.LFB68
 2053 002c 0C000000 		.4byte	.LFE68
 2054 0030 00000000 		.4byte	.LFB69
 2055 0034 5C000000 		.4byte	.LFE69
 2056 0038 00000000 		.4byte	.LFB70
 2057 003c 1E000000 		.4byte	.LFE70
 2058 0040 00000000 		.4byte	.LFB71
 2059 0044 24000000 		.4byte	.LFE71
 2060 0048 00000000 		.4byte	.LFB72
 2061 004c 1E000000 		.4byte	.LFE72
 2062 0050 00000000 		.4byte	.LFB73
 2063 0054 28000000 		.4byte	.LFE73
 2064 0058 00000000 		.4byte	.LFB74
 2065 005c 28000000 		.4byte	.LFE74
 2066 0060 00000000 		.4byte	0
 2067 0064 00000000 		.4byte	0
 2068              		.section	.debug_line,"",%progbits
 2069              	.Ldebug_line0:
 2070 0000 91020000 		.section	.debug_str,"MS",%progbits,1
 2070      02005701 
 2070      00000201 
 2070      FB0E0D00 
 2070      01010101 
 2071              	.LASF62:
 2072 0000 5258444C 		.ascii	"RXDLC1\000"
 2072      433100
 2073              	.LASF27:
 2074 0007 656E6162 		.ascii	"enable\000"
 2074      6C6500
 2075              	.LASF2:
 2076 000e 73686F72 		.ascii	"short int\000"
ARM GAS  C:\Users\Patrick\AppData\Local\Temp\cc4ZZri1.s 			page 41


 2076      7420696E 
 2076      7400
 2077              	.LASF32:
 2078 0018 73656E73 		.ascii	"sensor\000"
 2078      6F7200
 2079              	.LASF61:
 2080 001f 52784D65 		.ascii	"RxMessage1\000"
 2080      73736167 
 2080      653100
 2081              	.LASF63:
 2082 002a 5278466C 		.ascii	"RxFlag1\000"
 2082      61673100 
 2083              	.LASF12:
 2084 0032 75696E74 		.ascii	"uint16\000"
 2084      313600
 2085              	.LASF24:
 2086 0039 696E6465 		.ascii	"index\000"
 2086      7800
 2087              	.LASF14:
 2088 003f 696E7431 		.ascii	"int16\000"
 2088      3600
 2089              	.LASF11:
 2090 0045 75696E74 		.ascii	"uint8\000"
 2090      3800
 2091              	.LASF39:
 2092 004b 6E756D62 		.ascii	"number_set\000"
 2092      65725F73 
 2092      657400
 2093              	.LASF19:
 2094 0056 626F6F6C 		.ascii	"bool\000"
 2094      00
 2095              	.LASF0:
 2096 005b 7369676E 		.ascii	"signed char\000"
 2096      65642063 
 2096      68617200 
 2097              	.LASF30:
 2098 0067 53656E73 		.ascii	"Sensors\000"
 2098      6F727300 
 2099              	.LASF15:
 2100 006f 666C6F61 		.ascii	"float\000"
 2100      7400
 2101              	.LASF52:
 2102 0075 53656E73 		.ascii	"SensorEnable\000"
 2102      6F72456E 
 2102      61626C65 
 2102      00
 2103              	.LASF22:
 2104 0082 61636375 		.ascii	"accumulator\000"
 2104      6D756C61 
 2104      746F7200 
 2105              	.LASF6:
 2106 008e 6C6F6E67 		.ascii	"long long int\000"
 2106      206C6F6E 
 2106      6720696E 
 2106      7400
 2107              	.LASF44:
 2108 009c 43414E5F 		.ascii	"CAN_Send\000"
ARM GAS  C:\Users\Patrick\AppData\Local\Temp\cc4ZZri1.s 			page 42


 2108      53656E64 
 2108      00
 2109              	.LASF46:
 2110 00a5 74687265 		.ascii	"three\000"
 2110      6500
 2111              	.LASF64:
 2112 00ab 474E5520 		.ascii	"GNU C 4.9.3 20150303 (release) [ARM/embedded-4_9-br"
 2112      4320342E 
 2112      392E3320 
 2112      32303135 
 2112      30333033 
 2113 00de 616E6368 		.ascii	"anch revision 221220] -mcpu=cortex-m3 -mthumb -g -O"
 2113      20726576 
 2113      6973696F 
 2113      6E203232 
 2113      31323230 
 2114 0111 30202D66 		.ascii	"0 -ffunction-sections -ffat-lto-objects\000"
 2114      66756E63 
 2114      74696F6E 
 2114      2D736563 
 2114      74696F6E 
 2115              	.LASF18:
 2116 0139 73697A65 		.ascii	"sizetype\000"
 2116      74797065 
 2116      00
 2117              	.LASF10:
 2118 0142 696E7433 		.ascii	"int32_t\000"
 2118      325F7400 
 2119              	.LASF68:
 2120 014a 47657452 		.ascii	"GetRate\000"
 2120      61746500 
 2121              	.LASF65:
 2122 0152 2E5C432D 		.ascii	".\\C-CAN.c\000"
 2122      43414E2E 
 2122      6300
 2123              	.LASF67:
 2124 015c 436F6E66 		.ascii	"Config\000"
 2124      696700
 2125              	.LASF20:
 2126 0163 6E616D65 		.ascii	"name\000"
 2126      00
 2127              	.LASF29:
 2128 0168 53656E73 		.ascii	"Sensor\000"
 2128      6F7200
 2129              	.LASF36:
 2130 016f 47657452 		.ascii	"GetRPM\000"
 2130      504D00
 2131              	.LASF59:
 2132 0176 72696768 		.ascii	"right\000"
 2132      7400
 2133              	.LASF1:
 2134 017c 756E7369 		.ascii	"unsigned char\000"
 2134      676E6564 
 2134      20636861 
 2134      7200
 2135              	.LASF38:
 2136 018a 53656E73 		.ascii	"SensorSet\000"
ARM GAS  C:\Users\Patrick\AppData\Local\Temp\cc4ZZri1.s 			page 43


 2136      6F725365 
 2136      7400
 2137              	.LASF51:
 2138 0194 666C6167 		.ascii	"flag_set\000"
 2138      5F736574 
 2138      00
 2139              	.LASF34:
 2140 019d 456E636F 		.ascii	"Encoder\000"
 2140      64657200 
 2141              	.LASF7:
 2142 01a5 6C6F6E67 		.ascii	"long long unsigned int\000"
 2142      206C6F6E 
 2142      6720756E 
 2142      7369676E 
 2142      65642069 
 2143              	.LASF8:
 2144 01bc 756E7369 		.ascii	"unsigned int\000"
 2144      676E6564 
 2144      20696E74 
 2144      00
 2145              	.LASF40:
 2146 01c9 77696E64 		.ascii	"window_set\000"
 2146      6F775F73 
 2146      657400
 2147              	.LASF55:
 2148 01d4 456E6162 		.ascii	"EnableRestore\000"
 2148      6C655265 
 2148      73746F72 
 2148      6500
 2149              	.LASF25:
 2150 01e2 77696E64 		.ascii	"window\000"
 2150      6F7700
 2151              	.LASF43:
 2152 01e9 456E636F 		.ascii	"EncoderInit\000"
 2152      64657249 
 2152      6E697400 
 2153              	.LASF3:
 2154 01f5 73686F72 		.ascii	"short unsigned int\000"
 2154      7420756E 
 2154      7369676E 
 2154      65642069 
 2154      6E7400
 2155              	.LASF17:
 2156 0208 63686172 		.ascii	"char\000"
 2156      00
 2157              	.LASF4:
 2158 020d 6C6F6E67 		.ascii	"long int\000"
 2158      20696E74 
 2158      00
 2159              	.LASF58:
 2160 0216 6C656674 		.ascii	"left\000"
 2160      00
 2161              	.LASF53:
 2162 021b 656E6162 		.ascii	"enable_set\000"
 2162      6C655F73 
 2162      657400
 2163              	.LASF21:
ARM GAS  C:\Users\Patrick\AppData\Local\Temp\cc4ZZri1.s 			page 44


 2164 0226 64617461 		.ascii	"data\000"
 2164      00
 2165              	.LASF13:
 2166 022b 75696E74 		.ascii	"uint32\000"
 2166      333200
 2167              	.LASF5:
 2168 0232 6C6F6E67 		.ascii	"long unsigned int\000"
 2168      20756E73 
 2168      69676E65 
 2168      6420696E 
 2168      7400
 2169              	.LASF16:
 2170 0244 646F7562 		.ascii	"double\000"
 2170      6C6500
 2171              	.LASF54:
 2172 024b 456E6162 		.ascii	"EnableSave\000"
 2172      6C655361 
 2172      766500
 2173              	.LASF35:
 2174 0256 47657453 		.ascii	"GetSample\000"
 2174      616D706C 
 2174      6500
 2175              	.LASF49:
 2176 0260 73657665 		.ascii	"seven\000"
 2176      6E00
 2177              	.LASF9:
 2178 0266 5F5F696E 		.ascii	"__int32_t\000"
 2178      7433325F 
 2178      7400
 2179              	.LASF48:
 2180 0270 66697665 		.ascii	"five\000"
 2180      00
 2181              	.LASF41:
 2182 0275 72617465 		.ascii	"rate_set\000"
 2182      5F736574 
 2182      00
 2183              	.LASF28:
 2184 027e 72617465 		.ascii	"rate\000"
 2184      00
 2185              	.LASF56:
 2186 0283 74656D70 		.ascii	"temp_enable\000"
 2186      5F656E61 
 2186      626C6500 
 2187              	.LASF37:
 2188 028f 656E636F 		.ascii	"encoder\000"
 2188      64657200 
 2189              	.LASF66:
 2190 0297 433A5C55 		.ascii	"C:\\Users\\Patrick\\Documents\\GitHub\\PSoC 5LP FIl"
 2190      73657273 
 2190      5C506174 
 2190      7269636B 
 2190      5C446F63 
 2191 02c5 65735C43 		.ascii	"es\\C-CAN_PSoC_DevKit\\C-CAN.cydsn\000"
 2191      2D43414E 
 2191      5F50536F 
 2191      435F4465 
 2191      764B6974 
ARM GAS  C:\Users\Patrick\AppData\Local\Temp\cc4ZZri1.s 			page 45


 2192              	.LASF26:
 2193 02e6 666C6167 		.ascii	"flag\000"
 2193      00
 2194              	.LASF23:
 2195 02eb 6E756D62 		.ascii	"number\000"
 2195      657200
 2196              	.LASF57:
 2197 02f2 49544D5F 		.ascii	"ITM_RxBuffer\000"
 2197      52784275 
 2197      66666572 
 2197      00
 2198              	.LASF33:
 2199 02ff 456E636F 		.ascii	"Encoders\000"
 2199      64657273 
 2199      00
 2200              	.LASF47:
 2201 0308 666F7572 		.ascii	"four\000"
 2201      00
 2202              	.LASF42:
 2203 030d 506F7449 		.ascii	"PotInit\000"
 2203      6E697400 
 2204              	.LASF60:
 2205 0315 54784D65 		.ascii	"TxMessage1\000"
 2205      73736167 
 2205      653100
 2206              	.LASF45:
 2207 0320 7A65726F 		.ascii	"zero\000"
 2207      00
 2208              	.LASF31:
 2209 0325 506F7473 		.ascii	"Pots\000"
 2209      00
 2210              	.LASF50:
 2211 032a 53657446 		.ascii	"SetFlag\000"
 2211      6C616700 
 2212              		.ident	"GCC: (GNU Tools for ARM Embedded Processors) 4.9.3 20150303 (release) [ARM/embedded-4_9-br
