ARM GAS  C:\Users\Patrick\AppData\Local\Temp\ccLTG0Ox.s 			page 1


   1              		.syntax unified
   2              		.cpu cortex-m3
   3              		.fpu softvfp
   4              		.eabi_attribute 20, 1
   5              		.eabi_attribute 21, 1
   6              		.eabi_attribute 23, 3
   7              		.eabi_attribute 24, 1
   8              		.eabi_attribute 25, 1
   9              		.eabi_attribute 26, 1
  10              		.eabi_attribute 30, 6
  11              		.eabi_attribute 34, 1
  12              		.eabi_attribute 18, 4
  13              		.thumb
  14              		.file	"CAN_1_INT.c"
  15              		.text
  16              	.Ltext0:
  17              		.cfi_sections	.debug_frame
  18              		.section	.text.CAN_1_BusOffIsr,"ax",%progbits
  19              		.align	2
  20              		.global	CAN_1_BusOffIsr
  21              		.thumb
  22              		.thumb_func
  23              		.type	CAN_1_BusOffIsr, %function
  24              	CAN_1_BusOffIsr:
  25              	.LFB0:
  26              		.file 1 ".\\Generated_Source\\PSoC5\\CAN_1_INT.c"
   1:.\Generated_Source\PSoC5/CAN_1_INT.c **** /*******************************************************************************
   2:.\Generated_Source\PSoC5/CAN_1_INT.c **** * File Name: CAN_1_INT.c
   3:.\Generated_Source\PSoC5/CAN_1_INT.c **** * Version 3.0
   4:.\Generated_Source\PSoC5/CAN_1_INT.c **** *
   5:.\Generated_Source\PSoC5/CAN_1_INT.c **** * Description:
   6:.\Generated_Source\PSoC5/CAN_1_INT.c **** *  This file contains Interrupt Service Routine (ISR) for CAN Component.
   7:.\Generated_Source\PSoC5/CAN_1_INT.c **** *  The Interrupt handlers functions are generated accordingly to the PSoC
   8:.\Generated_Source\PSoC5/CAN_1_INT.c **** *  Creator Customizer inputs.
   9:.\Generated_Source\PSoC5/CAN_1_INT.c **** *
  10:.\Generated_Source\PSoC5/CAN_1_INT.c **** * Note:
  11:.\Generated_Source\PSoC5/CAN_1_INT.c **** *  None
  12:.\Generated_Source\PSoC5/CAN_1_INT.c **** *
  13:.\Generated_Source\PSoC5/CAN_1_INT.c **** ********************************************************************************
  14:.\Generated_Source\PSoC5/CAN_1_INT.c **** * Copyright 2008-2015, Cypress Semiconductor Corporation.  All rights reserved.
  15:.\Generated_Source\PSoC5/CAN_1_INT.c **** * You may use this file only in accordance with the license, terms, conditions,
  16:.\Generated_Source\PSoC5/CAN_1_INT.c **** * disclaimers, and limitations in the end user license agreement accompanying
  17:.\Generated_Source\PSoC5/CAN_1_INT.c **** * the software package with which this file was provided.
  18:.\Generated_Source\PSoC5/CAN_1_INT.c **** *******************************************************************************/
  19:.\Generated_Source\PSoC5/CAN_1_INT.c **** 
  20:.\Generated_Source\PSoC5/CAN_1_INT.c **** #include "CAN_1.h"
  21:.\Generated_Source\PSoC5/CAN_1_INT.c **** 
  22:.\Generated_Source\PSoC5/CAN_1_INT.c **** 
  23:.\Generated_Source\PSoC5/CAN_1_INT.c **** /* `#START CAN_INT_C_CODE_DEFINITION` */
  24:.\Generated_Source\PSoC5/CAN_1_INT.c **** 
  25:.\Generated_Source\PSoC5/CAN_1_INT.c **** /* `#END` */
  26:.\Generated_Source\PSoC5/CAN_1_INT.c **** 
  27:.\Generated_Source\PSoC5/CAN_1_INT.c **** #if (CAN_1_ARB_LOST)
  28:.\Generated_Source\PSoC5/CAN_1_INT.c ****     /*******************************************************************************
  29:.\Generated_Source\PSoC5/CAN_1_INT.c ****     * FUNCTION NAME:   CAN_1_ArbLostIsr
  30:.\Generated_Source\PSoC5/CAN_1_INT.c ****     ********************************************************************************
  31:.\Generated_Source\PSoC5/CAN_1_INT.c ****     *
ARM GAS  C:\Users\Patrick\AppData\Local\Temp\ccLTG0Ox.s 			page 2


  32:.\Generated_Source\PSoC5/CAN_1_INT.c ****     * Summary:
  33:.\Generated_Source\PSoC5/CAN_1_INT.c ****     *  This function is entry point to Arbitration Lost Interrupt. Clears
  34:.\Generated_Source\PSoC5/CAN_1_INT.c ****     *  Arbitration Lost interrupt flag. Only generated if Arbitration Lost
  35:.\Generated_Source\PSoC5/CAN_1_INT.c ****     *  Interrupt enable in Customizer.
  36:.\Generated_Source\PSoC5/CAN_1_INT.c ****     *
  37:.\Generated_Source\PSoC5/CAN_1_INT.c ****     * Parameters:
  38:.\Generated_Source\PSoC5/CAN_1_INT.c ****     *  None.
  39:.\Generated_Source\PSoC5/CAN_1_INT.c ****     *
  40:.\Generated_Source\PSoC5/CAN_1_INT.c ****     * Return:
  41:.\Generated_Source\PSoC5/CAN_1_INT.c ****     *  None.
  42:.\Generated_Source\PSoC5/CAN_1_INT.c ****     *
  43:.\Generated_Source\PSoC5/CAN_1_INT.c ****     * Reentrant:
  44:.\Generated_Source\PSoC5/CAN_1_INT.c ****     *  Depends on Customer code.
  45:.\Generated_Source\PSoC5/CAN_1_INT.c ****     *
  46:.\Generated_Source\PSoC5/CAN_1_INT.c ****     *******************************************************************************/
  47:.\Generated_Source\PSoC5/CAN_1_INT.c ****     void CAN_1_ArbLostIsr(void) 
  48:.\Generated_Source\PSoC5/CAN_1_INT.c ****     {
  49:.\Generated_Source\PSoC5/CAN_1_INT.c ****         /* Clear Arbitration Lost flag */
  50:.\Generated_Source\PSoC5/CAN_1_INT.c ****         CAN_1_INT_SR_REG.byte[0u] = CAN_1_ARBITRATION_LOST_MASK;
  51:.\Generated_Source\PSoC5/CAN_1_INT.c **** 
  52:.\Generated_Source\PSoC5/CAN_1_INT.c ****         /* `#START ARBITRATION_LOST_ISR` */
  53:.\Generated_Source\PSoC5/CAN_1_INT.c **** 
  54:.\Generated_Source\PSoC5/CAN_1_INT.c ****         /* `#END` */
  55:.\Generated_Source\PSoC5/CAN_1_INT.c **** 
  56:.\Generated_Source\PSoC5/CAN_1_INT.c ****         #ifdef CAN_1_ARB_LOST_ISR_CALLBACK
  57:.\Generated_Source\PSoC5/CAN_1_INT.c ****             CAN_1_ArbLostIsr_Callback();
  58:.\Generated_Source\PSoC5/CAN_1_INT.c ****         #endif /* CAN_1_ARB_LOST_ISR_CALLBACK */
  59:.\Generated_Source\PSoC5/CAN_1_INT.c ****     }
  60:.\Generated_Source\PSoC5/CAN_1_INT.c **** #endif /* CAN_1_ARB_LOST */
  61:.\Generated_Source\PSoC5/CAN_1_INT.c **** 
  62:.\Generated_Source\PSoC5/CAN_1_INT.c **** 
  63:.\Generated_Source\PSoC5/CAN_1_INT.c **** #if (CAN_1_OVERLOAD)
  64:.\Generated_Source\PSoC5/CAN_1_INT.c ****     /*******************************************************************************
  65:.\Generated_Source\PSoC5/CAN_1_INT.c ****     * FUNCTION NAME:   CAN_1_OvrLdErrorIsr
  66:.\Generated_Source\PSoC5/CAN_1_INT.c ****     ********************************************************************************
  67:.\Generated_Source\PSoC5/CAN_1_INT.c ****     *
  68:.\Generated_Source\PSoC5/CAN_1_INT.c ****     * Summary:
  69:.\Generated_Source\PSoC5/CAN_1_INT.c ****     *  This function is entry point to Overload Error Interrupt. Clears Overload
  70:.\Generated_Source\PSoC5/CAN_1_INT.c ****     *  Error interrupt flag. Only generated if Overload Error Interrupt enable
  71:.\Generated_Source\PSoC5/CAN_1_INT.c ****     *  in Customizer.
  72:.\Generated_Source\PSoC5/CAN_1_INT.c ****     *
  73:.\Generated_Source\PSoC5/CAN_1_INT.c ****     * Parameters:
  74:.\Generated_Source\PSoC5/CAN_1_INT.c ****     *  None.
  75:.\Generated_Source\PSoC5/CAN_1_INT.c ****     *
  76:.\Generated_Source\PSoC5/CAN_1_INT.c ****     * Return:
  77:.\Generated_Source\PSoC5/CAN_1_INT.c ****     *  None.
  78:.\Generated_Source\PSoC5/CAN_1_INT.c ****     *
  79:.\Generated_Source\PSoC5/CAN_1_INT.c ****     * Reentrant:
  80:.\Generated_Source\PSoC5/CAN_1_INT.c ****     *  Depends on Customer code.
  81:.\Generated_Source\PSoC5/CAN_1_INT.c ****     *
  82:.\Generated_Source\PSoC5/CAN_1_INT.c ****     *******************************************************************************/
  83:.\Generated_Source\PSoC5/CAN_1_INT.c ****     void CAN_1_OvrLdErrorIsr(void) 
  84:.\Generated_Source\PSoC5/CAN_1_INT.c ****     {
  85:.\Generated_Source\PSoC5/CAN_1_INT.c ****         /* Clear Overload Error flag */
  86:.\Generated_Source\PSoC5/CAN_1_INT.c ****         CAN_1_INT_SR_REG.byte[0u] = CAN_1_OVERLOAD_ERROR_MASK;
  87:.\Generated_Source\PSoC5/CAN_1_INT.c **** 
  88:.\Generated_Source\PSoC5/CAN_1_INT.c ****         /* `#START OVER_LOAD_ERROR_ISR` */
ARM GAS  C:\Users\Patrick\AppData\Local\Temp\ccLTG0Ox.s 			page 3


  89:.\Generated_Source\PSoC5/CAN_1_INT.c **** 
  90:.\Generated_Source\PSoC5/CAN_1_INT.c ****         /* `#END` */
  91:.\Generated_Source\PSoC5/CAN_1_INT.c **** 
  92:.\Generated_Source\PSoC5/CAN_1_INT.c ****         #ifdef CAN_1_OVR_LD_ERROR_ISR_CALLBACK
  93:.\Generated_Source\PSoC5/CAN_1_INT.c ****             CAN_1_OvrLdErrorIsr_Callback();
  94:.\Generated_Source\PSoC5/CAN_1_INT.c ****         #endif /* CAN_1_OVR_LD_ERROR_ISR_CALLBACK */
  95:.\Generated_Source\PSoC5/CAN_1_INT.c ****     }
  96:.\Generated_Source\PSoC5/CAN_1_INT.c **** #endif /* CAN_1_OVERLOAD */
  97:.\Generated_Source\PSoC5/CAN_1_INT.c **** 
  98:.\Generated_Source\PSoC5/CAN_1_INT.c **** 
  99:.\Generated_Source\PSoC5/CAN_1_INT.c **** #if (CAN_1_BIT_ERR)
 100:.\Generated_Source\PSoC5/CAN_1_INT.c ****     /*******************************************************************************
 101:.\Generated_Source\PSoC5/CAN_1_INT.c ****     * FUNCTION NAME:   CAN_1_BitErrorIsr
 102:.\Generated_Source\PSoC5/CAN_1_INT.c ****     ********************************************************************************
 103:.\Generated_Source\PSoC5/CAN_1_INT.c ****     *
 104:.\Generated_Source\PSoC5/CAN_1_INT.c ****     * Summary:
 105:.\Generated_Source\PSoC5/CAN_1_INT.c ****     *  This function is entry point to Bit Error Interrupt. Clears Bit Error
 106:.\Generated_Source\PSoC5/CAN_1_INT.c ****     *  interrupt flag. Only generated if Bit Error Interrupt enable in Customizer.
 107:.\Generated_Source\PSoC5/CAN_1_INT.c ****     *
 108:.\Generated_Source\PSoC5/CAN_1_INT.c ****     * Parameters:
 109:.\Generated_Source\PSoC5/CAN_1_INT.c ****     *  None.
 110:.\Generated_Source\PSoC5/CAN_1_INT.c ****     *
 111:.\Generated_Source\PSoC5/CAN_1_INT.c ****     * Return:
 112:.\Generated_Source\PSoC5/CAN_1_INT.c ****     *  None.
 113:.\Generated_Source\PSoC5/CAN_1_INT.c ****     *
 114:.\Generated_Source\PSoC5/CAN_1_INT.c ****     * Reentrant:
 115:.\Generated_Source\PSoC5/CAN_1_INT.c ****     *  Depends on Customer code.
 116:.\Generated_Source\PSoC5/CAN_1_INT.c ****     *
 117:.\Generated_Source\PSoC5/CAN_1_INT.c ****     *******************************************************************************/
 118:.\Generated_Source\PSoC5/CAN_1_INT.c ****     void CAN_1_BitErrorIsr(void) 
 119:.\Generated_Source\PSoC5/CAN_1_INT.c ****     {
 120:.\Generated_Source\PSoC5/CAN_1_INT.c ****         /* Clear Bit Error flag */
 121:.\Generated_Source\PSoC5/CAN_1_INT.c ****         CAN_1_INT_SR_REG.byte[0u] = CAN_1_BIT_ERROR_MASK;
 122:.\Generated_Source\PSoC5/CAN_1_INT.c **** 
 123:.\Generated_Source\PSoC5/CAN_1_INT.c ****         /* `#START BIT_ERROR_ISR` */
 124:.\Generated_Source\PSoC5/CAN_1_INT.c **** 
 125:.\Generated_Source\PSoC5/CAN_1_INT.c ****         /* `#END` */
 126:.\Generated_Source\PSoC5/CAN_1_INT.c **** 
 127:.\Generated_Source\PSoC5/CAN_1_INT.c ****         #ifdef CAN_1_BIT_ERROR_ISR_CALLBACK
 128:.\Generated_Source\PSoC5/CAN_1_INT.c ****             CAN_1_BitErrorIsr_Callback();
 129:.\Generated_Source\PSoC5/CAN_1_INT.c ****         #endif /* CAN_1_BIT_ERROR_ISR_CALLBACK */
 130:.\Generated_Source\PSoC5/CAN_1_INT.c ****     }
 131:.\Generated_Source\PSoC5/CAN_1_INT.c **** #endif /* CAN_1_BIT_ERR */
 132:.\Generated_Source\PSoC5/CAN_1_INT.c **** 
 133:.\Generated_Source\PSoC5/CAN_1_INT.c **** 
 134:.\Generated_Source\PSoC5/CAN_1_INT.c **** #if (CAN_1_STUFF_ERR)
 135:.\Generated_Source\PSoC5/CAN_1_INT.c ****     /*******************************************************************************
 136:.\Generated_Source\PSoC5/CAN_1_INT.c ****     * FUNCTION NAME:   CAN_1_BitStuffErrorIsr
 137:.\Generated_Source\PSoC5/CAN_1_INT.c ****     ********************************************************************************
 138:.\Generated_Source\PSoC5/CAN_1_INT.c ****     *
 139:.\Generated_Source\PSoC5/CAN_1_INT.c ****     * Summary:
 140:.\Generated_Source\PSoC5/CAN_1_INT.c ****     *  This function is entry point to Bit Stuff Error Interrupt. Clears Bit Stuff
 141:.\Generated_Source\PSoC5/CAN_1_INT.c ****     *  Error interrupt flag. Only generated if Bit Stuff Error Interrupt enable
 142:.\Generated_Source\PSoC5/CAN_1_INT.c ****     *  in Customizer.
 143:.\Generated_Source\PSoC5/CAN_1_INT.c ****     *
 144:.\Generated_Source\PSoC5/CAN_1_INT.c ****     * Parameters:
 145:.\Generated_Source\PSoC5/CAN_1_INT.c ****     *  None.
ARM GAS  C:\Users\Patrick\AppData\Local\Temp\ccLTG0Ox.s 			page 4


 146:.\Generated_Source\PSoC5/CAN_1_INT.c ****     *
 147:.\Generated_Source\PSoC5/CAN_1_INT.c ****     * Return:
 148:.\Generated_Source\PSoC5/CAN_1_INT.c ****     *  None.
 149:.\Generated_Source\PSoC5/CAN_1_INT.c ****     *
 150:.\Generated_Source\PSoC5/CAN_1_INT.c ****     * Reentrant:
 151:.\Generated_Source\PSoC5/CAN_1_INT.c ****     *  Depends on Customer code.
 152:.\Generated_Source\PSoC5/CAN_1_INT.c ****     *
 153:.\Generated_Source\PSoC5/CAN_1_INT.c ****     *******************************************************************************/
 154:.\Generated_Source\PSoC5/CAN_1_INT.c ****     void CAN_1_BitStuffErrorIsr(void) 
 155:.\Generated_Source\PSoC5/CAN_1_INT.c ****     {
 156:.\Generated_Source\PSoC5/CAN_1_INT.c ****         /* Clear Stuff Error flag */
 157:.\Generated_Source\PSoC5/CAN_1_INT.c ****         CAN_1_INT_SR_REG.byte[0u] = CAN_1_STUFF_ERROR_MASK;
 158:.\Generated_Source\PSoC5/CAN_1_INT.c **** 
 159:.\Generated_Source\PSoC5/CAN_1_INT.c ****         /* `#START BIT_STUFF_ERROR_ISR` */
 160:.\Generated_Source\PSoC5/CAN_1_INT.c **** 
 161:.\Generated_Source\PSoC5/CAN_1_INT.c ****         /* `#END` */
 162:.\Generated_Source\PSoC5/CAN_1_INT.c **** 
 163:.\Generated_Source\PSoC5/CAN_1_INT.c ****         #ifdef CAN_1_BIT_STUFF_ERROR_ISR_CALLBACK
 164:.\Generated_Source\PSoC5/CAN_1_INT.c ****             CAN_1_BitStuffErrorIsr_Callback();
 165:.\Generated_Source\PSoC5/CAN_1_INT.c ****         #endif /* CAN_1_BIT_STUFF_ERROR_ISR_CALLBACK */
 166:.\Generated_Source\PSoC5/CAN_1_INT.c ****     }
 167:.\Generated_Source\PSoC5/CAN_1_INT.c **** #endif /* CAN_1_STUFF_ERR */
 168:.\Generated_Source\PSoC5/CAN_1_INT.c **** 
 169:.\Generated_Source\PSoC5/CAN_1_INT.c **** 
 170:.\Generated_Source\PSoC5/CAN_1_INT.c **** #if (CAN_1_ACK_ERR)
 171:.\Generated_Source\PSoC5/CAN_1_INT.c ****     /*******************************************************************************
 172:.\Generated_Source\PSoC5/CAN_1_INT.c ****     * FUNCTION NAME:   CAN_1_AckErrorIsr
 173:.\Generated_Source\PSoC5/CAN_1_INT.c ****     ********************************************************************************
 174:.\Generated_Source\PSoC5/CAN_1_INT.c ****     *
 175:.\Generated_Source\PSoC5/CAN_1_INT.c ****     * Summary:
 176:.\Generated_Source\PSoC5/CAN_1_INT.c ****     *  This function is entry point to Acknowledge Error Interrupt. Clears
 177:.\Generated_Source\PSoC5/CAN_1_INT.c ****     *  Acknowledge Error interrupt flag. Only generated if Acknowledge Error
 178:.\Generated_Source\PSoC5/CAN_1_INT.c ****     *  Interrupt enable in Customizer.
 179:.\Generated_Source\PSoC5/CAN_1_INT.c ****     *
 180:.\Generated_Source\PSoC5/CAN_1_INT.c ****     * Parameters:
 181:.\Generated_Source\PSoC5/CAN_1_INT.c ****     *  None.
 182:.\Generated_Source\PSoC5/CAN_1_INT.c ****     *
 183:.\Generated_Source\PSoC5/CAN_1_INT.c ****     * Return:
 184:.\Generated_Source\PSoC5/CAN_1_INT.c ****     *  None.
 185:.\Generated_Source\PSoC5/CAN_1_INT.c ****     *
 186:.\Generated_Source\PSoC5/CAN_1_INT.c ****     * Reentrant:
 187:.\Generated_Source\PSoC5/CAN_1_INT.c ****     *  Depends on Customer code.
 188:.\Generated_Source\PSoC5/CAN_1_INT.c ****     *
 189:.\Generated_Source\PSoC5/CAN_1_INT.c ****     *******************************************************************************/
 190:.\Generated_Source\PSoC5/CAN_1_INT.c ****     void CAN_1_AckErrorIsr(void) 
 191:.\Generated_Source\PSoC5/CAN_1_INT.c ****     {
 192:.\Generated_Source\PSoC5/CAN_1_INT.c ****         /* Clear Acknoledge Error flag */
 193:.\Generated_Source\PSoC5/CAN_1_INT.c ****         CAN_1_INT_SR_REG.byte[0u] = CAN_1_ACK_ERROR_MASK;
 194:.\Generated_Source\PSoC5/CAN_1_INT.c **** 
 195:.\Generated_Source\PSoC5/CAN_1_INT.c ****         /* `#START ACKNOWLEDGE_ERROR_ISR` */
 196:.\Generated_Source\PSoC5/CAN_1_INT.c **** 
 197:.\Generated_Source\PSoC5/CAN_1_INT.c ****         /* `#END` */
 198:.\Generated_Source\PSoC5/CAN_1_INT.c **** 
 199:.\Generated_Source\PSoC5/CAN_1_INT.c ****         #ifdef CAN_1_ACK_ERROR_ISR_CALLBACK
 200:.\Generated_Source\PSoC5/CAN_1_INT.c ****             CAN_1_AckErrorIsr_Callback();
 201:.\Generated_Source\PSoC5/CAN_1_INT.c ****         #endif /* CAN_1_ACK_ERROR_ISR_CALLBACK */
 202:.\Generated_Source\PSoC5/CAN_1_INT.c ****     }
ARM GAS  C:\Users\Patrick\AppData\Local\Temp\ccLTG0Ox.s 			page 5


 203:.\Generated_Source\PSoC5/CAN_1_INT.c **** #endif /* CAN_1_ACK_ERR */
 204:.\Generated_Source\PSoC5/CAN_1_INT.c **** 
 205:.\Generated_Source\PSoC5/CAN_1_INT.c **** 
 206:.\Generated_Source\PSoC5/CAN_1_INT.c **** #if (CAN_1_FORM_ERR)
 207:.\Generated_Source\PSoC5/CAN_1_INT.c ****     /*******************************************************************************
 208:.\Generated_Source\PSoC5/CAN_1_INT.c ****     * FUNCTION NAME:   CAN_1_MsgErrorIsr
 209:.\Generated_Source\PSoC5/CAN_1_INT.c ****     ********************************************************************************
 210:.\Generated_Source\PSoC5/CAN_1_INT.c ****     *
 211:.\Generated_Source\PSoC5/CAN_1_INT.c ****     * Summary:
 212:.\Generated_Source\PSoC5/CAN_1_INT.c ****     *  This function is entry point to Form Error Interrupt. Clears Form Error
 213:.\Generated_Source\PSoC5/CAN_1_INT.c ****     *  interrupt flag. Only generated if Form Error Interrupt enable in Customizer.
 214:.\Generated_Source\PSoC5/CAN_1_INT.c ****     *
 215:.\Generated_Source\PSoC5/CAN_1_INT.c ****     * Parameters:
 216:.\Generated_Source\PSoC5/CAN_1_INT.c ****     *  None.
 217:.\Generated_Source\PSoC5/CAN_1_INT.c ****     *
 218:.\Generated_Source\PSoC5/CAN_1_INT.c ****     * Return:
 219:.\Generated_Source\PSoC5/CAN_1_INT.c ****     *  None.
 220:.\Generated_Source\PSoC5/CAN_1_INT.c ****     *
 221:.\Generated_Source\PSoC5/CAN_1_INT.c ****     * Reentrant:
 222:.\Generated_Source\PSoC5/CAN_1_INT.c ****     *  Depends on Customer code.
 223:.\Generated_Source\PSoC5/CAN_1_INT.c ****     *
 224:.\Generated_Source\PSoC5/CAN_1_INT.c ****     *******************************************************************************/
 225:.\Generated_Source\PSoC5/CAN_1_INT.c ****     void CAN_1_MsgErrorIsr(void) 
 226:.\Generated_Source\PSoC5/CAN_1_INT.c ****     {
 227:.\Generated_Source\PSoC5/CAN_1_INT.c ****         /* Clear Form Error flag */
 228:.\Generated_Source\PSoC5/CAN_1_INT.c ****         CAN_1_INT_SR_REG.byte[0u] = CAN_1_FORM_ERROR_MASK;
 229:.\Generated_Source\PSoC5/CAN_1_INT.c **** 
 230:.\Generated_Source\PSoC5/CAN_1_INT.c ****         /* `#START MESSAGE_ERROR_ISR` */
 231:.\Generated_Source\PSoC5/CAN_1_INT.c **** 
 232:.\Generated_Source\PSoC5/CAN_1_INT.c ****         /* `#END` */
 233:.\Generated_Source\PSoC5/CAN_1_INT.c **** 
 234:.\Generated_Source\PSoC5/CAN_1_INT.c ****         #ifdef CAN_1_MSG_ERROR_ISR_CALLBACK
 235:.\Generated_Source\PSoC5/CAN_1_INT.c ****             CAN_1_MsgErrorIsr_Callback();
 236:.\Generated_Source\PSoC5/CAN_1_INT.c ****         #endif /* CAN_1_MSG_ERROR_ISR_CALLBACK */
 237:.\Generated_Source\PSoC5/CAN_1_INT.c ****     }
 238:.\Generated_Source\PSoC5/CAN_1_INT.c **** #endif /* CAN_1_FORM_ERR */
 239:.\Generated_Source\PSoC5/CAN_1_INT.c **** 
 240:.\Generated_Source\PSoC5/CAN_1_INT.c **** 
 241:.\Generated_Source\PSoC5/CAN_1_INT.c **** #if (CAN_1_CRC_ERR)
 242:.\Generated_Source\PSoC5/CAN_1_INT.c ****     /*******************************************************************************
 243:.\Generated_Source\PSoC5/CAN_1_INT.c ****     * FUNCTION NAME:   CAN_1_CrcErrorIsr
 244:.\Generated_Source\PSoC5/CAN_1_INT.c ****     ********************************************************************************
 245:.\Generated_Source\PSoC5/CAN_1_INT.c ****     *
 246:.\Generated_Source\PSoC5/CAN_1_INT.c ****     * Summary:
 247:.\Generated_Source\PSoC5/CAN_1_INT.c ****     *  This function is entry point to CRC Error Interrupt. Clears CRC Error
 248:.\Generated_Source\PSoC5/CAN_1_INT.c ****     *  interrupt flag. Only generated if CRC Error Interrupt enable in Customizer.
 249:.\Generated_Source\PSoC5/CAN_1_INT.c ****     *
 250:.\Generated_Source\PSoC5/CAN_1_INT.c ****     * Parameters:
 251:.\Generated_Source\PSoC5/CAN_1_INT.c ****     *  None.
 252:.\Generated_Source\PSoC5/CAN_1_INT.c ****     *
 253:.\Generated_Source\PSoC5/CAN_1_INT.c ****     * Return:
 254:.\Generated_Source\PSoC5/CAN_1_INT.c ****     *  None.
 255:.\Generated_Source\PSoC5/CAN_1_INT.c ****     *
 256:.\Generated_Source\PSoC5/CAN_1_INT.c ****     * Reentrant:
 257:.\Generated_Source\PSoC5/CAN_1_INT.c ****     *  Depends on Customer code.
 258:.\Generated_Source\PSoC5/CAN_1_INT.c ****     *
 259:.\Generated_Source\PSoC5/CAN_1_INT.c ****     *******************************************************************************/
ARM GAS  C:\Users\Patrick\AppData\Local\Temp\ccLTG0Ox.s 			page 6


 260:.\Generated_Source\PSoC5/CAN_1_INT.c ****     void CAN_1_CrcErrorIsr(void) 
 261:.\Generated_Source\PSoC5/CAN_1_INT.c ****     {
 262:.\Generated_Source\PSoC5/CAN_1_INT.c ****         /* Clear CRC Error flag */
 263:.\Generated_Source\PSoC5/CAN_1_INT.c ****         CAN_1_INT_SR_REG.byte[1u] = CAN_1_CRC_ERROR_MASK;
 264:.\Generated_Source\PSoC5/CAN_1_INT.c **** 
 265:.\Generated_Source\PSoC5/CAN_1_INT.c ****         /* `#START CRC_ERROR_ISR` */
 266:.\Generated_Source\PSoC5/CAN_1_INT.c **** 
 267:.\Generated_Source\PSoC5/CAN_1_INT.c ****         /* `#END` */
 268:.\Generated_Source\PSoC5/CAN_1_INT.c **** 
 269:.\Generated_Source\PSoC5/CAN_1_INT.c ****         #ifdef CAN_1_CRC_ERROR_ISR_CALLBACK
 270:.\Generated_Source\PSoC5/CAN_1_INT.c ****             CAN_1_CrcErrorIsr_Callback();
 271:.\Generated_Source\PSoC5/CAN_1_INT.c ****         #endif /* CAN_1_CRC_ERROR_ISR_CALLBACK */
 272:.\Generated_Source\PSoC5/CAN_1_INT.c ****     }
 273:.\Generated_Source\PSoC5/CAN_1_INT.c **** #endif /* CAN_1_CRC_ERR */
 274:.\Generated_Source\PSoC5/CAN_1_INT.c **** 
 275:.\Generated_Source\PSoC5/CAN_1_INT.c **** 
 276:.\Generated_Source\PSoC5/CAN_1_INT.c **** #if (CAN_1_BUS_OFF)
 277:.\Generated_Source\PSoC5/CAN_1_INT.c ****     /*******************************************************************************
 278:.\Generated_Source\PSoC5/CAN_1_INT.c ****     * FUNCTION NAME:   CAN_1_BusOffIsr
 279:.\Generated_Source\PSoC5/CAN_1_INT.c ****     ********************************************************************************
 280:.\Generated_Source\PSoC5/CAN_1_INT.c ****     *
 281:.\Generated_Source\PSoC5/CAN_1_INT.c ****     * Summary:
 282:.\Generated_Source\PSoC5/CAN_1_INT.c ****     *  This function is entry point to Bus Off Interrupt. Places CAN Component
 283:.\Generated_Source\PSoC5/CAN_1_INT.c ****     *  to Stop mode. Only generated if Bus Off Interrupt enable in Customizer.
 284:.\Generated_Source\PSoC5/CAN_1_INT.c ****     *  Recommended setting to enable this interrupt.
 285:.\Generated_Source\PSoC5/CAN_1_INT.c ****     *
 286:.\Generated_Source\PSoC5/CAN_1_INT.c ****     * Parameters:
 287:.\Generated_Source\PSoC5/CAN_1_INT.c ****     *  None.
 288:.\Generated_Source\PSoC5/CAN_1_INT.c ****     *
 289:.\Generated_Source\PSoC5/CAN_1_INT.c ****     * Return:
 290:.\Generated_Source\PSoC5/CAN_1_INT.c ****     *  None.
 291:.\Generated_Source\PSoC5/CAN_1_INT.c ****     *
 292:.\Generated_Source\PSoC5/CAN_1_INT.c ****     * Side Effects:
 293:.\Generated_Source\PSoC5/CAN_1_INT.c ****     *  Stops CAN component operation.
 294:.\Generated_Source\PSoC5/CAN_1_INT.c ****     *
 295:.\Generated_Source\PSoC5/CAN_1_INT.c ****     *******************************************************************************/
 296:.\Generated_Source\PSoC5/CAN_1_INT.c ****     void CAN_1_BusOffIsr(void) 
 297:.\Generated_Source\PSoC5/CAN_1_INT.c ****     {
  27              		.loc 1 297 0
  28              		.cfi_startproc
  29              		@ args = 0, pretend = 0, frame = 0
  30              		@ frame_needed = 1, uses_anonymous_args = 0
  31 0000 80B5     		push	{r7, lr}
  32              		.cfi_def_cfa_offset 8
  33              		.cfi_offset 7, -8
  34              		.cfi_offset 14, -4
  35 0002 00AF     		add	r7, sp, #0
  36              		.cfi_def_cfa_register 7
 298:.\Generated_Source\PSoC5/CAN_1_INT.c ****         /* Clear Bus Off flag */
 299:.\Generated_Source\PSoC5/CAN_1_INT.c ****         CAN_1_INT_SR_REG.byte[1u] = CAN_1_BUS_OFF_MASK;
  37              		.loc 1 299 0
  38 0004 034B     		ldr	r3, .L2
  39 0006 0222     		movs	r2, #2
  40 0008 5A70     		strb	r2, [r3, #1]
 300:.\Generated_Source\PSoC5/CAN_1_INT.c ****         (void) CAN_1_GlobalIntDisable();
  41              		.loc 1 300 0
  42 000a FFF7FEFF 		bl	CAN_1_GlobalIntDisable
ARM GAS  C:\Users\Patrick\AppData\Local\Temp\ccLTG0Ox.s 			page 7


 301:.\Generated_Source\PSoC5/CAN_1_INT.c **** 
 302:.\Generated_Source\PSoC5/CAN_1_INT.c ****         /* `#START BUS_OFF_ISR` */
 303:.\Generated_Source\PSoC5/CAN_1_INT.c **** 
 304:.\Generated_Source\PSoC5/CAN_1_INT.c ****         /* `#END` */
 305:.\Generated_Source\PSoC5/CAN_1_INT.c **** 
 306:.\Generated_Source\PSoC5/CAN_1_INT.c ****         #ifdef CAN_1_BUS_OFF_ISR_CALLBACK
 307:.\Generated_Source\PSoC5/CAN_1_INT.c ****             CAN_1_BusOffIsr_Callback();
 308:.\Generated_Source\PSoC5/CAN_1_INT.c ****         #endif /* CAN_1_BUS_OFF_ISR_CALLBACK */
 309:.\Generated_Source\PSoC5/CAN_1_INT.c **** 
 310:.\Generated_Source\PSoC5/CAN_1_INT.c ****         (void) CAN_1_Stop();
  43              		.loc 1 310 0
  44 000e FFF7FEFF 		bl	CAN_1_Stop
 311:.\Generated_Source\PSoC5/CAN_1_INT.c ****     }
  45              		.loc 1 311 0
  46 0012 80BD     		pop	{r7, pc}
  47              	.L3:
  48              		.align	2
  49              	.L2:
  50 0014 00A00040 		.word	1073782784
  51              		.cfi_endproc
  52              	.LFE0:
  53              		.size	CAN_1_BusOffIsr, .-CAN_1_BusOffIsr
  54              		.section	.text.CAN_1_MsgRXIsr,"ax",%progbits
  55              		.align	2
  56              		.global	CAN_1_MsgRXIsr
  57              		.thumb
  58              		.thumb_func
  59              		.type	CAN_1_MsgRXIsr, %function
  60              	CAN_1_MsgRXIsr:
  61              	.LFB1:
 312:.\Generated_Source\PSoC5/CAN_1_INT.c **** #endif /* CAN_1_BUS_OFF */
 313:.\Generated_Source\PSoC5/CAN_1_INT.c **** 
 314:.\Generated_Source\PSoC5/CAN_1_INT.c **** 
 315:.\Generated_Source\PSoC5/CAN_1_INT.c **** #if (CAN_1_RX_MSG_LOST)
 316:.\Generated_Source\PSoC5/CAN_1_INT.c ****     /*******************************************************************************
 317:.\Generated_Source\PSoC5/CAN_1_INT.c ****     * FUNCTION NAME:   CAN_1_MsgLostIsr
 318:.\Generated_Source\PSoC5/CAN_1_INT.c ****     ********************************************************************************
 319:.\Generated_Source\PSoC5/CAN_1_INT.c ****     *
 320:.\Generated_Source\PSoC5/CAN_1_INT.c ****     * Summary:
 321:.\Generated_Source\PSoC5/CAN_1_INT.c ****     *  This function is entry point to Message Lost Interrupt. Clears Message Lost
 322:.\Generated_Source\PSoC5/CAN_1_INT.c ****     *  interrupt flag. Only generated if Message Lost Interrupt enable in Customizer
 323:.\Generated_Source\PSoC5/CAN_1_INT.c ****     *
 324:.\Generated_Source\PSoC5/CAN_1_INT.c ****     * Parameters:
 325:.\Generated_Source\PSoC5/CAN_1_INT.c ****     *  None.
 326:.\Generated_Source\PSoC5/CAN_1_INT.c ****     *
 327:.\Generated_Source\PSoC5/CAN_1_INT.c ****     * Return:
 328:.\Generated_Source\PSoC5/CAN_1_INT.c ****     *  None.
 329:.\Generated_Source\PSoC5/CAN_1_INT.c ****     *
 330:.\Generated_Source\PSoC5/CAN_1_INT.c ****     * Reentrant:
 331:.\Generated_Source\PSoC5/CAN_1_INT.c ****     *  Depends on Customer code.
 332:.\Generated_Source\PSoC5/CAN_1_INT.c ****     *
 333:.\Generated_Source\PSoC5/CAN_1_INT.c ****     *******************************************************************************/
 334:.\Generated_Source\PSoC5/CAN_1_INT.c ****     void CAN_1_MsgLostIsr(void) 
 335:.\Generated_Source\PSoC5/CAN_1_INT.c ****     {
 336:.\Generated_Source\PSoC5/CAN_1_INT.c ****         /* Clear Receive Message Lost flag */
 337:.\Generated_Source\PSoC5/CAN_1_INT.c ****         CAN_1_INT_SR_REG.byte[1u] = CAN_1_RX_MSG_LOST_MASK;
 338:.\Generated_Source\PSoC5/CAN_1_INT.c **** 
ARM GAS  C:\Users\Patrick\AppData\Local\Temp\ccLTG0Ox.s 			page 8


 339:.\Generated_Source\PSoC5/CAN_1_INT.c ****         /* `#START MESSAGE_LOST_ISR` */
 340:.\Generated_Source\PSoC5/CAN_1_INT.c **** 
 341:.\Generated_Source\PSoC5/CAN_1_INT.c ****         /* `#END` */
 342:.\Generated_Source\PSoC5/CAN_1_INT.c **** 
 343:.\Generated_Source\PSoC5/CAN_1_INT.c ****         #ifdef CAN_1_MSG_LOST_ISR_CALLBACK
 344:.\Generated_Source\PSoC5/CAN_1_INT.c ****             CAN_1_MsgLostIsr_Callback();
 345:.\Generated_Source\PSoC5/CAN_1_INT.c ****         #endif /* CAN_1_MSG_LOST_ISR_CALLBACK */
 346:.\Generated_Source\PSoC5/CAN_1_INT.c ****     }
 347:.\Generated_Source\PSoC5/CAN_1_INT.c **** #endif /* CAN_1_RX_MSG_LOST */
 348:.\Generated_Source\PSoC5/CAN_1_INT.c **** 
 349:.\Generated_Source\PSoC5/CAN_1_INT.c **** 
 350:.\Generated_Source\PSoC5/CAN_1_INT.c **** #if (CAN_1_TX_MESSAGE)
 351:.\Generated_Source\PSoC5/CAN_1_INT.c ****     /*******************************************************************************
 352:.\Generated_Source\PSoC5/CAN_1_INT.c ****     * FUNCTION NAME:   CAN_1_MsgTXIsr
 353:.\Generated_Source\PSoC5/CAN_1_INT.c ****     ********************************************************************************
 354:.\Generated_Source\PSoC5/CAN_1_INT.c ****     *
 355:.\Generated_Source\PSoC5/CAN_1_INT.c ****     * Summary:
 356:.\Generated_Source\PSoC5/CAN_1_INT.c ****     *  This function is entry point to Transmit Message Interrupt. Clears Transmit
 357:.\Generated_Source\PSoC5/CAN_1_INT.c ****     *  Message interrupt flag. Only generated if Transmit Message Interrupt enable
 358:.\Generated_Source\PSoC5/CAN_1_INT.c ****     *  in Customizer.
 359:.\Generated_Source\PSoC5/CAN_1_INT.c ****     *
 360:.\Generated_Source\PSoC5/CAN_1_INT.c ****     * Parameters:
 361:.\Generated_Source\PSoC5/CAN_1_INT.c ****     *  None.
 362:.\Generated_Source\PSoC5/CAN_1_INT.c ****     *
 363:.\Generated_Source\PSoC5/CAN_1_INT.c ****     * Return:
 364:.\Generated_Source\PSoC5/CAN_1_INT.c ****     *  None.
 365:.\Generated_Source\PSoC5/CAN_1_INT.c ****     *
 366:.\Generated_Source\PSoC5/CAN_1_INT.c ****     * Reentrant:
 367:.\Generated_Source\PSoC5/CAN_1_INT.c ****     *  Depends on Customer code.
 368:.\Generated_Source\PSoC5/CAN_1_INT.c ****     *
 369:.\Generated_Source\PSoC5/CAN_1_INT.c ****     *******************************************************************************/
 370:.\Generated_Source\PSoC5/CAN_1_INT.c ****     void CAN_1_MsgTXIsr(void) 
 371:.\Generated_Source\PSoC5/CAN_1_INT.c ****     {
 372:.\Generated_Source\PSoC5/CAN_1_INT.c ****         /* Clear Transmit Message flag */
 373:.\Generated_Source\PSoC5/CAN_1_INT.c ****         CAN_1_INT_SR_REG.byte[1u] = CAN_1_TX_MESSAGE_MASK;
 374:.\Generated_Source\PSoC5/CAN_1_INT.c **** 
 375:.\Generated_Source\PSoC5/CAN_1_INT.c ****         /* `#START MESSAGE_TRANSMITTED_ISR` */
 376:.\Generated_Source\PSoC5/CAN_1_INT.c **** 
 377:.\Generated_Source\PSoC5/CAN_1_INT.c ****         /* `#END` */
 378:.\Generated_Source\PSoC5/CAN_1_INT.c **** 
 379:.\Generated_Source\PSoC5/CAN_1_INT.c ****         #ifdef CAN_1_MSG_TX_ISR_CALLBACK
 380:.\Generated_Source\PSoC5/CAN_1_INT.c ****             CAN_1_MsgTXIsr_Callback();
 381:.\Generated_Source\PSoC5/CAN_1_INT.c ****         #endif /* CAN_1_MSG_TX_ISR_CALLBACK */
 382:.\Generated_Source\PSoC5/CAN_1_INT.c ****     }
 383:.\Generated_Source\PSoC5/CAN_1_INT.c **** #endif /* CAN_1_TX_MESSAGE */
 384:.\Generated_Source\PSoC5/CAN_1_INT.c **** 
 385:.\Generated_Source\PSoC5/CAN_1_INT.c **** 
 386:.\Generated_Source\PSoC5/CAN_1_INT.c **** #if (CAN_1_RX_MESSAGE)
 387:.\Generated_Source\PSoC5/CAN_1_INT.c ****     /*******************************************************************************
 388:.\Generated_Source\PSoC5/CAN_1_INT.c ****     * FUNCTION NAME:   CAN_1_MsgRXIsr
 389:.\Generated_Source\PSoC5/CAN_1_INT.c ****     ********************************************************************************
 390:.\Generated_Source\PSoC5/CAN_1_INT.c ****     *
 391:.\Generated_Source\PSoC5/CAN_1_INT.c ****     * Summary:
 392:.\Generated_Source\PSoC5/CAN_1_INT.c ****     *  This function is entry point to Receive Message Interrupt. Clears Receive
 393:.\Generated_Source\PSoC5/CAN_1_INT.c ****     *  Message interrupt flag and call appropriate handlers for Basic and Full
 394:.\Generated_Source\PSoC5/CAN_1_INT.c ****     *  interrupt based mailboxes. Only generated if Receive Message Interrupt
 395:.\Generated_Source\PSoC5/CAN_1_INT.c ****     *  enable in Customizer. Recommended setting to enable this interrupt.
ARM GAS  C:\Users\Patrick\AppData\Local\Temp\ccLTG0Ox.s 			page 9


 396:.\Generated_Source\PSoC5/CAN_1_INT.c ****     *
 397:.\Generated_Source\PSoC5/CAN_1_INT.c ****     * Parameters:
 398:.\Generated_Source\PSoC5/CAN_1_INT.c ****     *  None.
 399:.\Generated_Source\PSoC5/CAN_1_INT.c ****     *
 400:.\Generated_Source\PSoC5/CAN_1_INT.c ****     * Return:
 401:.\Generated_Source\PSoC5/CAN_1_INT.c ****     *  None.
 402:.\Generated_Source\PSoC5/CAN_1_INT.c ****     *
 403:.\Generated_Source\PSoC5/CAN_1_INT.c ****     *******************************************************************************/
 404:.\Generated_Source\PSoC5/CAN_1_INT.c ****     void CAN_1_MsgRXIsr(void) 
 405:.\Generated_Source\PSoC5/CAN_1_INT.c ****     {
  62              		.loc 1 405 0
  63              		.cfi_startproc
  64              		@ args = 0, pretend = 0, frame = 8
  65              		@ frame_needed = 1, uses_anonymous_args = 0
  66 0000 80B5     		push	{r7, lr}
  67              		.cfi_def_cfa_offset 8
  68              		.cfi_offset 7, -8
  69              		.cfi_offset 14, -4
  70 0002 82B0     		sub	sp, sp, #8
  71              		.cfi_def_cfa_offset 16
  72 0004 00AF     		add	r7, sp, #0
  73              		.cfi_def_cfa_register 7
 406:.\Generated_Source\PSoC5/CAN_1_INT.c ****         uint8 mailboxNumber;
 407:.\Generated_Source\PSoC5/CAN_1_INT.c ****         uint16 shift = 0x01u;
  74              		.loc 1 407 0
  75 0006 0123     		movs	r3, #1
  76 0008 BB80     		strh	r3, [r7, #4]	@ movhi
 408:.\Generated_Source\PSoC5/CAN_1_INT.c **** 
 409:.\Generated_Source\PSoC5/CAN_1_INT.c ****         /* Clear Receive Message flag */
 410:.\Generated_Source\PSoC5/CAN_1_INT.c ****         CAN_1_INT_SR_REG.byte[1u] = CAN_1_RX_MESSAGE_MASK;
  77              		.loc 1 410 0
  78 000a 144B     		ldr	r3, .L8
  79 000c 1022     		movs	r2, #16
  80 000e 5A70     		strb	r2, [r3, #1]
 411:.\Generated_Source\PSoC5/CAN_1_INT.c **** 
 412:.\Generated_Source\PSoC5/CAN_1_INT.c ****         /* `#START MESSAGE_RECEIVE_ISR` */
 413:.\Generated_Source\PSoC5/CAN_1_INT.c **** 
 414:.\Generated_Source\PSoC5/CAN_1_INT.c ****         /* `#END` */
 415:.\Generated_Source\PSoC5/CAN_1_INT.c **** 
 416:.\Generated_Source\PSoC5/CAN_1_INT.c ****         #ifdef CAN_1_MSG_RX_ISR_CALLBACK
 417:.\Generated_Source\PSoC5/CAN_1_INT.c ****             CAN_1_MsgRXIsr_Callback();
 418:.\Generated_Source\PSoC5/CAN_1_INT.c ****         #endif /* CAN_1_MSG_RX_ISR_CALLBACK */
 419:.\Generated_Source\PSoC5/CAN_1_INT.c **** 
 420:.\Generated_Source\PSoC5/CAN_1_INT.c ****         for (mailboxNumber = 0u; mailboxNumber < CAN_1_NUMBER_OF_RX_MAILBOXES; mailboxNumber++)
  81              		.loc 1 420 0
  82 0010 0023     		movs	r3, #0
  83 0012 FB71     		strb	r3, [r7, #7]
  84 0014 1BE0     		b	.L5
  85              	.L7:
 421:.\Generated_Source\PSoC5/CAN_1_INT.c ****         {
 422:.\Generated_Source\PSoC5/CAN_1_INT.c ****             if ((CY_GET_REG16((reg16 *) &CAN_1_BUF_SR_REG.byte[0u]) & shift) != 0u)
  86              		.loc 1 422 0
  87 0016 124B     		ldr	r3, .L8+4
  88 0018 1B88     		ldrh	r3, [r3]	@ movhi
  89 001a 9AB2     		uxth	r2, r3
  90 001c BB88     		ldrh	r3, [r7, #4]	@ movhi
  91 001e 1340     		ands	r3, r3, r2
ARM GAS  C:\Users\Patrick\AppData\Local\Temp\ccLTG0Ox.s 			page 10


  92 0020 9BB2     		uxth	r3, r3
  93 0022 002B     		cmp	r3, #0
  94 0024 0DD0     		beq	.L6
 423:.\Generated_Source\PSoC5/CAN_1_INT.c ****             {
 424:.\Generated_Source\PSoC5/CAN_1_INT.c ****                 if ((CAN_1_RX[mailboxNumber].rxcmd.byte[0u] & CAN_1_RX_INT_ENABLE_MASK) != 0u)
  95              		.loc 1 424 0
  96 0026 FB79     		ldrb	r3, [r7, #7]	@ zero_extendqisi2
  97 0028 5A01     		lsls	r2, r3, #5
  98 002a 0E4B     		ldr	r3, .L8+8
  99 002c 1344     		add	r3, r3, r2
 100 002e 1B78     		ldrb	r3, [r3]
 101 0030 DBB2     		uxtb	r3, r3
 102 0032 03F02003 		and	r3, r3, #32
 103 0036 002B     		cmp	r3, #0
 104 0038 03D0     		beq	.L6
 425:.\Generated_Source\PSoC5/CAN_1_INT.c ****                 {
 426:.\Generated_Source\PSoC5/CAN_1_INT.c ****                     if ((CAN_1_RX_MAILBOX_TYPE & shift) != 0u)
 427:.\Generated_Source\PSoC5/CAN_1_INT.c ****                     {
 428:.\Generated_Source\PSoC5/CAN_1_INT.c ****                         /* RX Full mailboxes handler */
 429:.\Generated_Source\PSoC5/CAN_1_INT.c ****                     }
 430:.\Generated_Source\PSoC5/CAN_1_INT.c ****                     else
 431:.\Generated_Source\PSoC5/CAN_1_INT.c ****                     {
 432:.\Generated_Source\PSoC5/CAN_1_INT.c ****                         /* RX Basic mailbox handler */
 433:.\Generated_Source\PSoC5/CAN_1_INT.c ****                         CAN_1_ReceiveMsg(mailboxNumber);
 105              		.loc 1 433 0
 106 003a FB79     		ldrb	r3, [r7, #7]	@ zero_extendqisi2
 107 003c 1846     		mov	r0, r3
 108 003e FFF7FEFF 		bl	CAN_1_ReceiveMsg
 109              	.L6:
 434:.\Generated_Source\PSoC5/CAN_1_INT.c ****                     }
 435:.\Generated_Source\PSoC5/CAN_1_INT.c ****                 }
 436:.\Generated_Source\PSoC5/CAN_1_INT.c ****             }
 437:.\Generated_Source\PSoC5/CAN_1_INT.c ****             shift <<= 1u;
 110              		.loc 1 437 0 discriminator 2
 111 0042 BB88     		ldrh	r3, [r7, #4]	@ movhi
 112 0044 5B00     		lsls	r3, r3, #1
 113 0046 BB80     		strh	r3, [r7, #4]	@ movhi
 420:.\Generated_Source\PSoC5/CAN_1_INT.c ****         {
 114              		.loc 1 420 0 discriminator 2
 115 0048 FB79     		ldrb	r3, [r7, #7]	@ zero_extendqisi2
 116 004a 0133     		adds	r3, r3, #1
 117 004c FB71     		strb	r3, [r7, #7]
 118              	.L5:
 420:.\Generated_Source\PSoC5/CAN_1_INT.c ****         {
 119              		.loc 1 420 0 is_stmt 0 discriminator 1
 120 004e FB79     		ldrb	r3, [r7, #7]	@ zero_extendqisi2
 121 0050 0F2B     		cmp	r3, #15
 122 0052 E0D9     		bls	.L7
 438:.\Generated_Source\PSoC5/CAN_1_INT.c ****         }
 439:.\Generated_Source\PSoC5/CAN_1_INT.c ****     }
 123              		.loc 1 439 0 is_stmt 1
 124 0054 0837     		adds	r7, r7, #8
 125              		.cfi_def_cfa_offset 8
 126 0056 BD46     		mov	sp, r7
 127              		.cfi_def_cfa_register 13
 128              		@ sp needed
 129 0058 80BD     		pop	{r7, pc}
ARM GAS  C:\Users\Patrick\AppData\Local\Temp\ccLTG0Ox.s 			page 11


 130              	.L9:
 131 005a 00BF     		.align	2
 132              	.L8:
 133 005c 00A00040 		.word	1073782784
 134 0060 08A00040 		.word	1073782792
 135 0064 A0A00040 		.word	1073782944
 136              		.cfi_endproc
 137              	.LFE1:
 138              		.size	CAN_1_MsgRXIsr, .-CAN_1_MsgRXIsr
 139              		.section	.text.CAN_1_ISR,"ax",%progbits
 140              		.align	2
 141              		.global	CAN_1_ISR
 142              		.thumb
 143              		.thumb_func
 144              		.type	CAN_1_ISR, %function
 145              	CAN_1_ISR:
 146              	.LFB2:
 440:.\Generated_Source\PSoC5/CAN_1_INT.c **** #endif /* CAN_1_RX_MESSAGE */
 441:.\Generated_Source\PSoC5/CAN_1_INT.c **** 
 442:.\Generated_Source\PSoC5/CAN_1_INT.c **** 
 443:.\Generated_Source\PSoC5/CAN_1_INT.c **** /*******************************************************************************
 444:.\Generated_Source\PSoC5/CAN_1_INT.c **** * Function Name: CAN_1_ISR
 445:.\Generated_Source\PSoC5/CAN_1_INT.c **** ********************************************************************************
 446:.\Generated_Source\PSoC5/CAN_1_INT.c **** *
 447:.\Generated_Source\PSoC5/CAN_1_INT.c **** * Summary:
 448:.\Generated_Source\PSoC5/CAN_1_INT.c **** *  This ISR is executed when CAN Core generates and interrupt on one of events:
 449:.\Generated_Source\PSoC5/CAN_1_INT.c **** *  Arb_lost, Overload, Bit_err, Stuff_err, Ack_err, Form_err, Crc_err,
 450:.\Generated_Source\PSoC5/CAN_1_INT.c **** *  Buss_off, Rx_msg_lost, Tx_msg or Rx_msg. The interrupt sources depends
 451:.\Generated_Source\PSoC5/CAN_1_INT.c **** *  on the Customizer inputs.
 452:.\Generated_Source\PSoC5/CAN_1_INT.c **** *
 453:.\Generated_Source\PSoC5/CAN_1_INT.c **** * Parameters:
 454:.\Generated_Source\PSoC5/CAN_1_INT.c **** *  None.
 455:.\Generated_Source\PSoC5/CAN_1_INT.c **** *
 456:.\Generated_Source\PSoC5/CAN_1_INT.c **** * Return:
 457:.\Generated_Source\PSoC5/CAN_1_INT.c **** *  None.
 458:.\Generated_Source\PSoC5/CAN_1_INT.c **** *
 459:.\Generated_Source\PSoC5/CAN_1_INT.c **** *******************************************************************************/
 460:.\Generated_Source\PSoC5/CAN_1_INT.c **** CY_ISR(CAN_1_ISR)
 461:.\Generated_Source\PSoC5/CAN_1_INT.c **** {
 147              		.loc 1 461 0
 148              		.cfi_startproc
 149              		@ args = 0, pretend = 0, frame = 0
 150              		@ frame_needed = 1, uses_anonymous_args = 0
 151 0000 80B5     		push	{r7, lr}
 152              		.cfi_def_cfa_offset 8
 153              		.cfi_offset 7, -8
 154              		.cfi_offset 14, -4
 155 0002 00AF     		add	r7, sp, #0
 156              		.cfi_def_cfa_register 7
 462:.\Generated_Source\PSoC5/CAN_1_INT.c ****     #ifdef CAN_1_ISR_INTERRUPT_CALLBACK
 463:.\Generated_Source\PSoC5/CAN_1_INT.c ****         CAN_1_ISR_InterruptCallback();
 464:.\Generated_Source\PSoC5/CAN_1_INT.c ****     #endif /* CAN_1_ISR_INTERRUPT_CALLBACK */
 465:.\Generated_Source\PSoC5/CAN_1_INT.c ****     
 466:.\Generated_Source\PSoC5/CAN_1_INT.c ****     /* Place your Interrupt code here. */
 467:.\Generated_Source\PSoC5/CAN_1_INT.c ****     /* `#START CAN_ISR` */
 468:.\Generated_Source\PSoC5/CAN_1_INT.c **** 
 469:.\Generated_Source\PSoC5/CAN_1_INT.c ****     /* `#END` */
ARM GAS  C:\Users\Patrick\AppData\Local\Temp\ccLTG0Ox.s 			page 12


 470:.\Generated_Source\PSoC5/CAN_1_INT.c ****     
 471:.\Generated_Source\PSoC5/CAN_1_INT.c ****     /* Arbitration */
 472:.\Generated_Source\PSoC5/CAN_1_INT.c ****     #if (CAN_1_ARB_LOST && (CAN_1_ARB_LOST_USE_HELPER || \
 473:.\Generated_Source\PSoC5/CAN_1_INT.c ****         (!CAN_1_ADVANCED_INTERRUPT_CFG)))
 474:.\Generated_Source\PSoC5/CAN_1_INT.c ****         if ((CAN_1_INT_SR_REG.byte[0u] & CAN_1_ARBITRATION_LOST_MASK) != 0u)
 475:.\Generated_Source\PSoC5/CAN_1_INT.c ****         {
 476:.\Generated_Source\PSoC5/CAN_1_INT.c ****             CAN_1_ArbLostIsr();
 477:.\Generated_Source\PSoC5/CAN_1_INT.c ****         }
 478:.\Generated_Source\PSoC5/CAN_1_INT.c ****     #endif /* CAN_1_ARB_LOST && CAN_1_ARB_LOST_USE_HELPER */
 479:.\Generated_Source\PSoC5/CAN_1_INT.c **** 
 480:.\Generated_Source\PSoC5/CAN_1_INT.c ****     /* Overload Error */
 481:.\Generated_Source\PSoC5/CAN_1_INT.c ****     #if (CAN_1_OVERLOAD && (CAN_1_OVERLOAD_USE_HELPER || \
 482:.\Generated_Source\PSoC5/CAN_1_INT.c ****         (!CAN_1_ADVANCED_INTERRUPT_CFG)))
 483:.\Generated_Source\PSoC5/CAN_1_INT.c ****         if ((CAN_1_INT_SR_REG.byte[0u] & CAN_1_OVERLOAD_ERROR_MASK) != 0u)
 484:.\Generated_Source\PSoC5/CAN_1_INT.c ****         {
 485:.\Generated_Source\PSoC5/CAN_1_INT.c ****             CAN_1_OvrLdErrorIsr();
 486:.\Generated_Source\PSoC5/CAN_1_INT.c ****         }
 487:.\Generated_Source\PSoC5/CAN_1_INT.c ****     #endif /* CAN_1_OVERLOAD && CAN_1_OVERLOAD_USE_HELPER */
 488:.\Generated_Source\PSoC5/CAN_1_INT.c **** 
 489:.\Generated_Source\PSoC5/CAN_1_INT.c ****     /* Bit Error */
 490:.\Generated_Source\PSoC5/CAN_1_INT.c ****     #if (CAN_1_BIT_ERR && (CAN_1_BIT_ERR_USE_HELPER || \
 491:.\Generated_Source\PSoC5/CAN_1_INT.c ****         (!CAN_1_ADVANCED_INTERRUPT_CFG)))
 492:.\Generated_Source\PSoC5/CAN_1_INT.c ****         if ((CAN_1_INT_SR_REG.byte[0u] & CAN_1_BIT_ERROR_MASK) != 0u)
 493:.\Generated_Source\PSoC5/CAN_1_INT.c ****         {
 494:.\Generated_Source\PSoC5/CAN_1_INT.c ****             CAN_1_BitErrorIsr();
 495:.\Generated_Source\PSoC5/CAN_1_INT.c ****         }
 496:.\Generated_Source\PSoC5/CAN_1_INT.c ****     #endif /* CAN_1_BIT_ERR && CAN_1_BIT_ERR_USE_HELPER */
 497:.\Generated_Source\PSoC5/CAN_1_INT.c **** 
 498:.\Generated_Source\PSoC5/CAN_1_INT.c ****     /* Bit Staff Error */
 499:.\Generated_Source\PSoC5/CAN_1_INT.c ****     #if (CAN_1_STUFF_ERR && (CAN_1_STUFF_ERR_USE_HELPER || \
 500:.\Generated_Source\PSoC5/CAN_1_INT.c ****         (!CAN_1_ADVANCED_INTERRUPT_CFG)))
 501:.\Generated_Source\PSoC5/CAN_1_INT.c ****         if ((CAN_1_INT_SR_REG.byte[0u] & CAN_1_STUFF_ERROR_MASK) != 0u)
 502:.\Generated_Source\PSoC5/CAN_1_INT.c ****         {
 503:.\Generated_Source\PSoC5/CAN_1_INT.c ****             CAN_1_BitStuffErrorIsr();
 504:.\Generated_Source\PSoC5/CAN_1_INT.c ****         }
 505:.\Generated_Source\PSoC5/CAN_1_INT.c ****     #endif /* CAN_1_STUFF_ERR && CAN_1_STUFF_ERR_USE_HELPER */
 506:.\Generated_Source\PSoC5/CAN_1_INT.c **** 
 507:.\Generated_Source\PSoC5/CAN_1_INT.c ****     /* ACK Error */
 508:.\Generated_Source\PSoC5/CAN_1_INT.c ****     #if (CAN_1_ACK_ERR && (CAN_1_ACK_ERR_USE_HELPER || \
 509:.\Generated_Source\PSoC5/CAN_1_INT.c ****         (!CAN_1_ADVANCED_INTERRUPT_CFG)))
 510:.\Generated_Source\PSoC5/CAN_1_INT.c ****         if ((CAN_1_INT_SR_REG.byte[0u] & CAN_1_ACK_ERROR_MASK) != 0u)
 511:.\Generated_Source\PSoC5/CAN_1_INT.c ****         {
 512:.\Generated_Source\PSoC5/CAN_1_INT.c ****             CAN_1_AckErrorIsr();
 513:.\Generated_Source\PSoC5/CAN_1_INT.c ****         }
 514:.\Generated_Source\PSoC5/CAN_1_INT.c ****     #endif /* CAN_1_ACK_ERR && CAN_1_ACK_ERR_USE_HELPER */
 515:.\Generated_Source\PSoC5/CAN_1_INT.c **** 
 516:.\Generated_Source\PSoC5/CAN_1_INT.c ****     /* Form(msg) Error */
 517:.\Generated_Source\PSoC5/CAN_1_INT.c ****     #if (CAN_1_FORM_ERR && (CAN_1_FORM_ERR_USE_HELPER || \
 518:.\Generated_Source\PSoC5/CAN_1_INT.c ****         (!CAN_1_ADVANCED_INTERRUPT_CFG)))
 519:.\Generated_Source\PSoC5/CAN_1_INT.c ****         if ((CAN_1_INT_SR_REG.byte[0u] & CAN_1_FORM_ERROR_MASK) != 0u)
 520:.\Generated_Source\PSoC5/CAN_1_INT.c ****         {
 521:.\Generated_Source\PSoC5/CAN_1_INT.c ****             CAN_1_MsgErrorIsr();
 522:.\Generated_Source\PSoC5/CAN_1_INT.c ****         }
 523:.\Generated_Source\PSoC5/CAN_1_INT.c ****     #endif /* CAN_1_FORM_ERR && CAN_1_FORM_ERR_USE_HELPER */
 524:.\Generated_Source\PSoC5/CAN_1_INT.c **** 
 525:.\Generated_Source\PSoC5/CAN_1_INT.c ****     /* CRC Error */
 526:.\Generated_Source\PSoC5/CAN_1_INT.c ****     #if (CAN_1_CRC_ERR && (CAN_1_CRC_ERR_USE_HELPER || \
ARM GAS  C:\Users\Patrick\AppData\Local\Temp\ccLTG0Ox.s 			page 13


 527:.\Generated_Source\PSoC5/CAN_1_INT.c ****         (!CAN_1_ADVANCED_INTERRUPT_CFG)))
 528:.\Generated_Source\PSoC5/CAN_1_INT.c ****         if ((CAN_1_INT_SR_REG.byte[1u] & CAN_1_CRC_ERROR_MASK) != 0u)
 529:.\Generated_Source\PSoC5/CAN_1_INT.c ****         {
 530:.\Generated_Source\PSoC5/CAN_1_INT.c ****             CAN_1_CrcErrorIsr();
 531:.\Generated_Source\PSoC5/CAN_1_INT.c ****         }
 532:.\Generated_Source\PSoC5/CAN_1_INT.c ****     #endif /* CAN_1_CRC_ERR && CAN_1_CRC_ERR_USE_HELPER */
 533:.\Generated_Source\PSoC5/CAN_1_INT.c **** 
 534:.\Generated_Source\PSoC5/CAN_1_INT.c ****     /* Bus Off state */
 535:.\Generated_Source\PSoC5/CAN_1_INT.c ****     #if (CAN_1_BUS_OFF && (CAN_1_BUS_OFF_USE_HELPER || \
 536:.\Generated_Source\PSoC5/CAN_1_INT.c ****         (!CAN_1_ADVANCED_INTERRUPT_CFG)))
 537:.\Generated_Source\PSoC5/CAN_1_INT.c ****         if ((CAN_1_INT_SR_REG.byte[1u] & CAN_1_BUS_OFF_MASK) != 0u)
 157              		.loc 1 537 0
 158 0004 094B     		ldr	r3, .L13
 159 0006 5B78     		ldrb	r3, [r3, #1]
 160 0008 DBB2     		uxtb	r3, r3
 161 000a 03F00203 		and	r3, r3, #2
 162 000e 002B     		cmp	r3, #0
 163 0010 01D0     		beq	.L11
 538:.\Generated_Source\PSoC5/CAN_1_INT.c ****         {
 539:.\Generated_Source\PSoC5/CAN_1_INT.c ****             CAN_1_BusOffIsr();
 164              		.loc 1 539 0
 165 0012 FFF7FEFF 		bl	CAN_1_BusOffIsr
 166              	.L11:
 540:.\Generated_Source\PSoC5/CAN_1_INT.c ****         }
 541:.\Generated_Source\PSoC5/CAN_1_INT.c ****     #endif /* CAN_1_BUS_OFF && CAN_1_BUS_OFF_USE_HELPER */
 542:.\Generated_Source\PSoC5/CAN_1_INT.c **** 
 543:.\Generated_Source\PSoC5/CAN_1_INT.c ****     /* Message Lost */
 544:.\Generated_Source\PSoC5/CAN_1_INT.c ****     #if (CAN_1_RX_MSG_LOST && (CAN_1_RX_MSG_LOST_USE_HELPER || \
 545:.\Generated_Source\PSoC5/CAN_1_INT.c ****         (!CAN_1_ADVANCED_INTERRUPT_CFG)))
 546:.\Generated_Source\PSoC5/CAN_1_INT.c ****         if ((CAN_1_INT_SR_REG.byte[1u] & CAN_1_RX_MSG_LOST_MASK) != 0u)
 547:.\Generated_Source\PSoC5/CAN_1_INT.c ****         {
 548:.\Generated_Source\PSoC5/CAN_1_INT.c ****             CAN_1_MsgLostIsr();
 549:.\Generated_Source\PSoC5/CAN_1_INT.c ****         }
 550:.\Generated_Source\PSoC5/CAN_1_INT.c ****     #endif /* CAN_1_RX_MSG_LOST && CAN_1_RX_MSG_LOST_USE_HELPER */
 551:.\Generated_Source\PSoC5/CAN_1_INT.c **** 
 552:.\Generated_Source\PSoC5/CAN_1_INT.c ****     /* TX Message Send */
 553:.\Generated_Source\PSoC5/CAN_1_INT.c ****     #if (CAN_1_TX_MESSAGE && (CAN_1_TX_MESSAGE_USE_HELPER || \
 554:.\Generated_Source\PSoC5/CAN_1_INT.c ****         (!CAN_1_ADVANCED_INTERRUPT_CFG)))
 555:.\Generated_Source\PSoC5/CAN_1_INT.c ****         if ((CAN_1_INT_SR_REG.byte[1u] & CAN_1_TX_MESSAGE_MASK) != 0u)
 556:.\Generated_Source\PSoC5/CAN_1_INT.c ****         {
 557:.\Generated_Source\PSoC5/CAN_1_INT.c ****             CAN_1_MsgTXIsr();
 558:.\Generated_Source\PSoC5/CAN_1_INT.c ****         }
 559:.\Generated_Source\PSoC5/CAN_1_INT.c ****     #endif /* CAN_1_TX_MESSAGE && CAN_1_TX_MESSAGE_USE_HELPER */
 560:.\Generated_Source\PSoC5/CAN_1_INT.c **** 
 561:.\Generated_Source\PSoC5/CAN_1_INT.c ****     /* RX Message Available */
 562:.\Generated_Source\PSoC5/CAN_1_INT.c ****     #if (CAN_1_RX_MESSAGE && (CAN_1_RX_MESSAGE_USE_HELPER || \
 563:.\Generated_Source\PSoC5/CAN_1_INT.c ****         (!CAN_1_ADVANCED_INTERRUPT_CFG)))
 564:.\Generated_Source\PSoC5/CAN_1_INT.c ****         if ((CAN_1_INT_SR_REG.byte[1u] & CAN_1_RX_MESSAGE_MASK) != 0u)
 167              		.loc 1 564 0
 168 0016 054B     		ldr	r3, .L13
 169 0018 5B78     		ldrb	r3, [r3, #1]
 170 001a DBB2     		uxtb	r3, r3
 171 001c 03F01003 		and	r3, r3, #16
 172 0020 002B     		cmp	r3, #0
 173 0022 01D0     		beq	.L10
 565:.\Generated_Source\PSoC5/CAN_1_INT.c ****         {
 566:.\Generated_Source\PSoC5/CAN_1_INT.c ****             CAN_1_MsgRXIsr();
ARM GAS  C:\Users\Patrick\AppData\Local\Temp\ccLTG0Ox.s 			page 14


 174              		.loc 1 566 0
 175 0024 FFF7FEFF 		bl	CAN_1_MsgRXIsr
 176              	.L10:
 567:.\Generated_Source\PSoC5/CAN_1_INT.c ****         }
 568:.\Generated_Source\PSoC5/CAN_1_INT.c ****     #endif /* CAN_1_RX_MESSAGE && CAN_1_RX_MESSAGE_USE_HELPER */
 569:.\Generated_Source\PSoC5/CAN_1_INT.c **** }
 177              		.loc 1 569 0
 178 0028 80BD     		pop	{r7, pc}
 179              	.L14:
 180 002a 00BF     		.align	2
 181              	.L13:
 182 002c 00A00040 		.word	1073782784
 183              		.cfi_endproc
 184              	.LFE2:
 185              		.size	CAN_1_ISR, .-CAN_1_ISR
 186              		.text
 187              	.Letext0:
 188              		.file 2 ".\\Generated_Source\\PSoC5\\cytypes.h"
 189              		.file 3 ".\\Generated_Source\\PSoC5\\CAN_1.h"
 190              		.section	.debug_info,"",%progbits
 191              	.Ldebug_info0:
 192 0000 E9010000 		.4byte	0x1e9
 193 0004 0400     		.2byte	0x4
 194 0006 00000000 		.4byte	.Ldebug_abbrev0
 195 000a 04       		.byte	0x4
 196 000b 01       		.uleb128 0x1
 197 000c F7000000 		.4byte	.LASF32
 198 0010 01       		.byte	0x1
 199 0011 8C010000 		.4byte	.LASF33
 200 0015 19000000 		.4byte	.LASF34
 201 0019 00000000 		.4byte	.Ldebug_ranges0+0
 202 001d 00000000 		.4byte	0
 203 0021 00000000 		.4byte	.Ldebug_line0
 204 0025 02       		.uleb128 0x2
 205 0026 01       		.byte	0x1
 206 0027 06       		.byte	0x6
 207 0028 49020000 		.4byte	.LASF0
 208 002c 02       		.uleb128 0x2
 209 002d 01       		.byte	0x1
 210 002e 08       		.byte	0x8
 211 002f BC000000 		.4byte	.LASF1
 212 0033 02       		.uleb128 0x2
 213 0034 02       		.byte	0x2
 214 0035 05       		.byte	0x5
 215 0036 1B020000 		.4byte	.LASF2
 216 003a 02       		.uleb128 0x2
 217 003b 02       		.byte	0x2
 218 003c 07       		.byte	0x7
 219 003d 7C000000 		.4byte	.LASF3
 220 0041 02       		.uleb128 0x2
 221 0042 04       		.byte	0x4
 222 0043 05       		.byte	0x5
 223 0044 3A020000 		.4byte	.LASF4
 224 0048 02       		.uleb128 0x2
 225 0049 04       		.byte	0x4
 226 004a 07       		.byte	0x7
 227 004b DF000000 		.4byte	.LASF5
ARM GAS  C:\Users\Patrick\AppData\Local\Temp\ccLTG0Ox.s 			page 15


 228 004f 02       		.uleb128 0x2
 229 0050 08       		.byte	0x8
 230 0051 05       		.byte	0x5
 231 0052 08020000 		.4byte	.LASF6
 232 0056 02       		.uleb128 0x2
 233 0057 08       		.byte	0x8
 234 0058 07       		.byte	0x7
 235 0059 D6010000 		.4byte	.LASF7
 236 005d 03       		.uleb128 0x3
 237 005e 04       		.byte	0x4
 238 005f 05       		.byte	0x5
 239 0060 696E7400 		.ascii	"int\000"
 240 0064 02       		.uleb128 0x2
 241 0065 04       		.byte	0x4
 242 0066 07       		.byte	0x7
 243 0067 C9010000 		.4byte	.LASF8
 244 006b 04       		.uleb128 0x4
 245 006c F1000000 		.4byte	.LASF9
 246 0070 02       		.byte	0x2
 247 0071 9201     		.2byte	0x192
 248 0073 2C000000 		.4byte	0x2c
 249 0077 04       		.uleb128 0x4
 250 0078 B1010000 		.4byte	.LASF10
 251 007c 02       		.byte	0x2
 252 007d 9301     		.2byte	0x193
 253 007f 3A000000 		.4byte	0x3a
 254 0083 02       		.uleb128 0x2
 255 0084 04       		.byte	0x4
 256 0085 04       		.byte	0x4
 257 0086 43020000 		.4byte	.LASF11
 258 008a 02       		.uleb128 0x2
 259 008b 08       		.byte	0x8
 260 008c 04       		.byte	0x4
 261 008d 85010000 		.4byte	.LASF12
 262 0091 02       		.uleb128 0x2
 263 0092 01       		.byte	0x1
 264 0093 08       		.byte	0x8
 265 0094 16020000 		.4byte	.LASF13
 266 0098 04       		.uleb128 0x4
 267 0099 F3010000 		.4byte	.LASF14
 268 009d 02       		.byte	0x2
 269 009e 3C02     		.2byte	0x23c
 270 00a0 A4000000 		.4byte	0xa4
 271 00a4 05       		.uleb128 0x5
 272 00a5 6B000000 		.4byte	0x6b
 273 00a9 04       		.uleb128 0x4
 274 00aa 00000000 		.4byte	.LASF15
 275 00ae 02       		.byte	0x2
 276 00af 3D02     		.2byte	0x23d
 277 00b1 B5000000 		.4byte	0xb5
 278 00b5 05       		.uleb128 0x5
 279 00b6 77000000 		.4byte	0x77
 280 00ba 02       		.uleb128 0x2
 281 00bb 04       		.byte	0x4
 282 00bc 07       		.byte	0x7
 283 00bd F8010000 		.4byte	.LASF16
 284 00c1 06       		.uleb128 0x6
ARM GAS  C:\Users\Patrick\AppData\Local\Temp\ccLTG0Ox.s 			page 16


 285 00c2 08       		.byte	0x8
 286 00c3 03       		.byte	0x3
 287 00c4 75       		.byte	0x75
 288 00c5 D6000000 		.4byte	0xd6
 289 00c9 07       		.uleb128 0x7
 290 00ca 8F000000 		.4byte	.LASF18
 291 00ce 03       		.byte	0x3
 292 00cf 77       		.byte	0x77
 293 00d0 E6000000 		.4byte	0xe6
 294 00d4 00       		.byte	0
 295 00d5 00       		.byte	0
 296 00d6 08       		.uleb128 0x8
 297 00d7 98000000 		.4byte	0x98
 298 00db E6000000 		.4byte	0xe6
 299 00df 09       		.uleb128 0x9
 300 00e0 BA000000 		.4byte	0xba
 301 00e4 07       		.byte	0x7
 302 00e5 00       		.byte	0
 303 00e6 05       		.uleb128 0x5
 304 00e7 D6000000 		.4byte	0xd6
 305 00eb 0A       		.uleb128 0xa
 306 00ec B8010000 		.4byte	.LASF17
 307 00f0 03       		.byte	0x3
 308 00f1 78       		.byte	0x78
 309 00f2 C1000000 		.4byte	0xc1
 310 00f6 06       		.uleb128 0x6
 311 00f7 04       		.byte	0x4
 312 00f8 03       		.byte	0x3
 313 00f9 7B       		.byte	0x7b
 314 00fa 0B010000 		.4byte	0x10b
 315 00fe 07       		.uleb128 0x7
 316 00ff 8F000000 		.4byte	.LASF18
 317 0103 03       		.byte	0x3
 318 0104 7D       		.byte	0x7d
 319 0105 1B010000 		.4byte	0x11b
 320 0109 00       		.byte	0
 321 010a 00       		.byte	0
 322 010b 08       		.uleb128 0x8
 323 010c 98000000 		.4byte	0x98
 324 0110 1B010000 		.4byte	0x11b
 325 0114 09       		.uleb128 0x9
 326 0115 BA000000 		.4byte	0xba
 327 0119 03       		.byte	0x3
 328 011a 00       		.byte	0
 329 011b 05       		.uleb128 0x5
 330 011c 0B010000 		.4byte	0x10b
 331 0120 0A       		.uleb128 0xa
 332 0121 06000000 		.4byte	.LASF19
 333 0125 03       		.byte	0x3
 334 0126 7E       		.byte	0x7e
 335 0127 F6000000 		.4byte	0xf6
 336 012b 06       		.uleb128 0x6
 337 012c 20       		.byte	0x20
 338 012d 03       		.byte	0x3
 339 012e A0       		.byte	0xa0
 340 012f 88010000 		.4byte	0x188
 341 0133 07       		.uleb128 0x7
ARM GAS  C:\Users\Patrick\AppData\Local\Temp\ccLTG0Ox.s 			page 17


 342 0134 ED010000 		.4byte	.LASF20
 343 0138 03       		.byte	0x3
 344 0139 A2       		.byte	0xa2
 345 013a 20010000 		.4byte	0x120
 346 013e 00       		.byte	0
 347 013f 07       		.uleb128 0x7
 348 0140 CA000000 		.4byte	.LASF21
 349 0144 03       		.byte	0x3
 350 0145 A3       		.byte	0xa3
 351 0146 20010000 		.4byte	0x120
 352 014a 04       		.byte	0x4
 353 014b 07       		.uleb128 0x7
 354 014c 94000000 		.4byte	.LASF22
 355 0150 03       		.byte	0x3
 356 0151 A4       		.byte	0xa4
 357 0152 EB000000 		.4byte	0xeb
 358 0156 08       		.byte	0x8
 359 0157 07       		.uleb128 0x7
 360 0158 68000000 		.4byte	.LASF23
 361 015c 03       		.byte	0x3
 362 015d A5       		.byte	0xa5
 363 015e 20010000 		.4byte	0x120
 364 0162 10       		.byte	0x10
 365 0163 07       		.uleb128 0x7
 366 0164 25020000 		.4byte	.LASF24
 367 0168 03       		.byte	0x3
 368 0169 A6       		.byte	0xa6
 369 016a 20010000 		.4byte	0x120
 370 016e 14       		.byte	0x14
 371 016f 07       		.uleb128 0x7
 372 0170 01020000 		.4byte	.LASF25
 373 0174 03       		.byte	0x3
 374 0175 A7       		.byte	0xa7
 375 0176 20010000 		.4byte	0x120
 376 017a 18       		.byte	0x18
 377 017b 07       		.uleb128 0x7
 378 017c 9B000000 		.4byte	.LASF26
 379 0180 03       		.byte	0x3
 380 0181 A8       		.byte	0xa8
 381 0182 20010000 		.4byte	0x120
 382 0186 1C       		.byte	0x1c
 383 0187 00       		.byte	0
 384 0188 0A       		.uleb128 0xa
 385 0189 CF000000 		.4byte	.LASF27
 386 018d 03       		.byte	0x3
 387 018e A9       		.byte	0xa9
 388 018f 2B010000 		.4byte	0x12b
 389 0193 0B       		.uleb128 0xb
 390 0194 AC000000 		.4byte	.LASF30
 391 0198 01       		.byte	0x1
 392 0199 2801     		.2byte	0x128
 393 019b 00000000 		.4byte	.LFB0
 394 019f 18000000 		.4byte	.LFE0-.LFB0
 395 01a3 01       		.uleb128 0x1
 396 01a4 9C       		.byte	0x9c
 397 01a5 0C       		.uleb128 0xc
 398 01a6 2B020000 		.4byte	.LASF35
ARM GAS  C:\Users\Patrick\AppData\Local\Temp\ccLTG0Ox.s 			page 18


 399 01aa 01       		.byte	0x1
 400 01ab 9401     		.2byte	0x194
 401 01ad 00000000 		.4byte	.LFB1
 402 01b1 68000000 		.4byte	.LFE1-.LFB1
 403 01b5 01       		.uleb128 0x1
 404 01b6 9C       		.byte	0x9c
 405 01b7 DA010000 		.4byte	0x1da
 406 01bb 0D       		.uleb128 0xd
 407 01bc 6E000000 		.4byte	.LASF28
 408 01c0 01       		.byte	0x1
 409 01c1 9601     		.2byte	0x196
 410 01c3 6B000000 		.4byte	0x6b
 411 01c7 02       		.uleb128 0x2
 412 01c8 91       		.byte	0x91
 413 01c9 77       		.sleb128 -9
 414 01ca 0D       		.uleb128 0xd
 415 01cb 13000000 		.4byte	.LASF29
 416 01cf 01       		.byte	0x1
 417 01d0 9701     		.2byte	0x197
 418 01d2 77000000 		.4byte	0x77
 419 01d6 02       		.uleb128 0x2
 420 01d7 91       		.byte	0x91
 421 01d8 74       		.sleb128 -12
 422 01d9 00       		.byte	0
 423 01da 0B       		.uleb128 0xb
 424 01db A2000000 		.4byte	.LASF31
 425 01df 01       		.byte	0x1
 426 01e0 CC01     		.2byte	0x1cc
 427 01e2 00000000 		.4byte	.LFB2
 428 01e6 30000000 		.4byte	.LFE2-.LFB2
 429 01ea 01       		.uleb128 0x1
 430 01eb 9C       		.byte	0x9c
 431 01ec 00       		.byte	0
 432              		.section	.debug_abbrev,"",%progbits
 433              	.Ldebug_abbrev0:
 434 0000 01       		.uleb128 0x1
 435 0001 11       		.uleb128 0x11
 436 0002 01       		.byte	0x1
 437 0003 25       		.uleb128 0x25
 438 0004 0E       		.uleb128 0xe
 439 0005 13       		.uleb128 0x13
 440 0006 0B       		.uleb128 0xb
 441 0007 03       		.uleb128 0x3
 442 0008 0E       		.uleb128 0xe
 443 0009 1B       		.uleb128 0x1b
 444 000a 0E       		.uleb128 0xe
 445 000b 55       		.uleb128 0x55
 446 000c 17       		.uleb128 0x17
 447 000d 11       		.uleb128 0x11
 448 000e 01       		.uleb128 0x1
 449 000f 10       		.uleb128 0x10
 450 0010 17       		.uleb128 0x17
 451 0011 00       		.byte	0
 452 0012 00       		.byte	0
 453 0013 02       		.uleb128 0x2
 454 0014 24       		.uleb128 0x24
 455 0015 00       		.byte	0
ARM GAS  C:\Users\Patrick\AppData\Local\Temp\ccLTG0Ox.s 			page 19


 456 0016 0B       		.uleb128 0xb
 457 0017 0B       		.uleb128 0xb
 458 0018 3E       		.uleb128 0x3e
 459 0019 0B       		.uleb128 0xb
 460 001a 03       		.uleb128 0x3
 461 001b 0E       		.uleb128 0xe
 462 001c 00       		.byte	0
 463 001d 00       		.byte	0
 464 001e 03       		.uleb128 0x3
 465 001f 24       		.uleb128 0x24
 466 0020 00       		.byte	0
 467 0021 0B       		.uleb128 0xb
 468 0022 0B       		.uleb128 0xb
 469 0023 3E       		.uleb128 0x3e
 470 0024 0B       		.uleb128 0xb
 471 0025 03       		.uleb128 0x3
 472 0026 08       		.uleb128 0x8
 473 0027 00       		.byte	0
 474 0028 00       		.byte	0
 475 0029 04       		.uleb128 0x4
 476 002a 16       		.uleb128 0x16
 477 002b 00       		.byte	0
 478 002c 03       		.uleb128 0x3
 479 002d 0E       		.uleb128 0xe
 480 002e 3A       		.uleb128 0x3a
 481 002f 0B       		.uleb128 0xb
 482 0030 3B       		.uleb128 0x3b
 483 0031 05       		.uleb128 0x5
 484 0032 49       		.uleb128 0x49
 485 0033 13       		.uleb128 0x13
 486 0034 00       		.byte	0
 487 0035 00       		.byte	0
 488 0036 05       		.uleb128 0x5
 489 0037 35       		.uleb128 0x35
 490 0038 00       		.byte	0
 491 0039 49       		.uleb128 0x49
 492 003a 13       		.uleb128 0x13
 493 003b 00       		.byte	0
 494 003c 00       		.byte	0
 495 003d 06       		.uleb128 0x6
 496 003e 13       		.uleb128 0x13
 497 003f 01       		.byte	0x1
 498 0040 0B       		.uleb128 0xb
 499 0041 0B       		.uleb128 0xb
 500 0042 3A       		.uleb128 0x3a
 501 0043 0B       		.uleb128 0xb
 502 0044 3B       		.uleb128 0x3b
 503 0045 0B       		.uleb128 0xb
 504 0046 01       		.uleb128 0x1
 505 0047 13       		.uleb128 0x13
 506 0048 00       		.byte	0
 507 0049 00       		.byte	0
 508 004a 07       		.uleb128 0x7
 509 004b 0D       		.uleb128 0xd
 510 004c 00       		.byte	0
 511 004d 03       		.uleb128 0x3
 512 004e 0E       		.uleb128 0xe
ARM GAS  C:\Users\Patrick\AppData\Local\Temp\ccLTG0Ox.s 			page 20


 513 004f 3A       		.uleb128 0x3a
 514 0050 0B       		.uleb128 0xb
 515 0051 3B       		.uleb128 0x3b
 516 0052 0B       		.uleb128 0xb
 517 0053 49       		.uleb128 0x49
 518 0054 13       		.uleb128 0x13
 519 0055 38       		.uleb128 0x38
 520 0056 0B       		.uleb128 0xb
 521 0057 00       		.byte	0
 522 0058 00       		.byte	0
 523 0059 08       		.uleb128 0x8
 524 005a 01       		.uleb128 0x1
 525 005b 01       		.byte	0x1
 526 005c 49       		.uleb128 0x49
 527 005d 13       		.uleb128 0x13
 528 005e 01       		.uleb128 0x1
 529 005f 13       		.uleb128 0x13
 530 0060 00       		.byte	0
 531 0061 00       		.byte	0
 532 0062 09       		.uleb128 0x9
 533 0063 21       		.uleb128 0x21
 534 0064 00       		.byte	0
 535 0065 49       		.uleb128 0x49
 536 0066 13       		.uleb128 0x13
 537 0067 2F       		.uleb128 0x2f
 538 0068 0B       		.uleb128 0xb
 539 0069 00       		.byte	0
 540 006a 00       		.byte	0
 541 006b 0A       		.uleb128 0xa
 542 006c 16       		.uleb128 0x16
 543 006d 00       		.byte	0
 544 006e 03       		.uleb128 0x3
 545 006f 0E       		.uleb128 0xe
 546 0070 3A       		.uleb128 0x3a
 547 0071 0B       		.uleb128 0xb
 548 0072 3B       		.uleb128 0x3b
 549 0073 0B       		.uleb128 0xb
 550 0074 49       		.uleb128 0x49
 551 0075 13       		.uleb128 0x13
 552 0076 00       		.byte	0
 553 0077 00       		.byte	0
 554 0078 0B       		.uleb128 0xb
 555 0079 2E       		.uleb128 0x2e
 556 007a 00       		.byte	0
 557 007b 3F       		.uleb128 0x3f
 558 007c 19       		.uleb128 0x19
 559 007d 03       		.uleb128 0x3
 560 007e 0E       		.uleb128 0xe
 561 007f 3A       		.uleb128 0x3a
 562 0080 0B       		.uleb128 0xb
 563 0081 3B       		.uleb128 0x3b
 564 0082 05       		.uleb128 0x5
 565 0083 27       		.uleb128 0x27
 566 0084 19       		.uleb128 0x19
 567 0085 11       		.uleb128 0x11
 568 0086 01       		.uleb128 0x1
 569 0087 12       		.uleb128 0x12
ARM GAS  C:\Users\Patrick\AppData\Local\Temp\ccLTG0Ox.s 			page 21


 570 0088 06       		.uleb128 0x6
 571 0089 40       		.uleb128 0x40
 572 008a 18       		.uleb128 0x18
 573 008b 9642     		.uleb128 0x2116
 574 008d 19       		.uleb128 0x19
 575 008e 00       		.byte	0
 576 008f 00       		.byte	0
 577 0090 0C       		.uleb128 0xc
 578 0091 2E       		.uleb128 0x2e
 579 0092 01       		.byte	0x1
 580 0093 3F       		.uleb128 0x3f
 581 0094 19       		.uleb128 0x19
 582 0095 03       		.uleb128 0x3
 583 0096 0E       		.uleb128 0xe
 584 0097 3A       		.uleb128 0x3a
 585 0098 0B       		.uleb128 0xb
 586 0099 3B       		.uleb128 0x3b
 587 009a 05       		.uleb128 0x5
 588 009b 27       		.uleb128 0x27
 589 009c 19       		.uleb128 0x19
 590 009d 11       		.uleb128 0x11
 591 009e 01       		.uleb128 0x1
 592 009f 12       		.uleb128 0x12
 593 00a0 06       		.uleb128 0x6
 594 00a1 40       		.uleb128 0x40
 595 00a2 18       		.uleb128 0x18
 596 00a3 9642     		.uleb128 0x2116
 597 00a5 19       		.uleb128 0x19
 598 00a6 01       		.uleb128 0x1
 599 00a7 13       		.uleb128 0x13
 600 00a8 00       		.byte	0
 601 00a9 00       		.byte	0
 602 00aa 0D       		.uleb128 0xd
 603 00ab 34       		.uleb128 0x34
 604 00ac 00       		.byte	0
 605 00ad 03       		.uleb128 0x3
 606 00ae 0E       		.uleb128 0xe
 607 00af 3A       		.uleb128 0x3a
 608 00b0 0B       		.uleb128 0xb
 609 00b1 3B       		.uleb128 0x3b
 610 00b2 05       		.uleb128 0x5
 611 00b3 49       		.uleb128 0x49
 612 00b4 13       		.uleb128 0x13
 613 00b5 02       		.uleb128 0x2
 614 00b6 18       		.uleb128 0x18
 615 00b7 00       		.byte	0
 616 00b8 00       		.byte	0
 617 00b9 00       		.byte	0
 618              		.section	.debug_aranges,"",%progbits
 619 0000 2C000000 		.4byte	0x2c
 620 0004 0200     		.2byte	0x2
 621 0006 00000000 		.4byte	.Ldebug_info0
 622 000a 04       		.byte	0x4
 623 000b 00       		.byte	0
 624 000c 0000     		.2byte	0
 625 000e 0000     		.2byte	0
 626 0010 00000000 		.4byte	.LFB0
ARM GAS  C:\Users\Patrick\AppData\Local\Temp\ccLTG0Ox.s 			page 22


 627 0014 18000000 		.4byte	.LFE0-.LFB0
 628 0018 00000000 		.4byte	.LFB1
 629 001c 68000000 		.4byte	.LFE1-.LFB1
 630 0020 00000000 		.4byte	.LFB2
 631 0024 30000000 		.4byte	.LFE2-.LFB2
 632 0028 00000000 		.4byte	0
 633 002c 00000000 		.4byte	0
 634              		.section	.debug_ranges,"",%progbits
 635              	.Ldebug_ranges0:
 636 0000 00000000 		.4byte	.LFB0
 637 0004 18000000 		.4byte	.LFE0
 638 0008 00000000 		.4byte	.LFB1
 639 000c 68000000 		.4byte	.LFE1
 640 0010 00000000 		.4byte	.LFB2
 641 0014 30000000 		.4byte	.LFE2
 642 0018 00000000 		.4byte	0
 643 001c 00000000 		.4byte	0
 644              		.section	.debug_line,"",%progbits
 645              	.Ldebug_line0:
 646 0000 B9000000 		.section	.debug_str,"MS",%progbits,1
 646      02005300 
 646      00000201 
 646      FB0E0D00 
 646      01010101 
 647              	.LASF15:
 648 0000 72656731 		.ascii	"reg16\000"
 648      3600
 649              	.LASF19:
 650 0006 43414E5F 		.ascii	"CAN_1_REG_32\000"
 650      315F5245 
 650      475F3332 
 650      00
 651              	.LASF29:
 652 0013 73686966 		.ascii	"shift\000"
 652      7400
 653              	.LASF34:
 654 0019 433A5C55 		.ascii	"C:\\Users\\Patrick\\Documents\\GitHub\\PSoC 5LP FIl"
 654      73657273 
 654      5C506174 
 654      7269636B 
 654      5C446F63 
 655 0047 65735C43 		.ascii	"es\\C-CAN_PSoC_DevKit\\C-CAN.cydsn\000"
 655      2D43414E 
 655      5F50536F 
 655      435F4465 
 655      764B6974 
 656              	.LASF23:
 657 0068 7278616D 		.ascii	"rxamr\000"
 657      7200
 658              	.LASF28:
 659 006e 6D61696C 		.ascii	"mailboxNumber\000"
 659      626F784E 
 659      756D6265 
 659      7200
 660              	.LASF3:
 661 007c 73686F72 		.ascii	"short unsigned int\000"
 661      7420756E 
ARM GAS  C:\Users\Patrick\AppData\Local\Temp\ccLTG0Ox.s 			page 23


 661      7369676E 
 661      65642069 
 661      6E7400
 662              	.LASF18:
 663 008f 62797465 		.ascii	"byte\000"
 663      00
 664              	.LASF22:
 665 0094 72786461 		.ascii	"rxdata\000"
 665      746100
 666              	.LASF26:
 667 009b 72786163 		.ascii	"rxacrd\000"
 667      726400
 668              	.LASF31:
 669 00a2 43414E5F 		.ascii	"CAN_1_ISR\000"
 669      315F4953 
 669      5200
 670              	.LASF30:
 671 00ac 43414E5F 		.ascii	"CAN_1_BusOffIsr\000"
 671      315F4275 
 671      734F6666 
 671      49737200 
 672              	.LASF1:
 673 00bc 756E7369 		.ascii	"unsigned char\000"
 673      676E6564 
 673      20636861 
 673      7200
 674              	.LASF21:
 675 00ca 72786964 		.ascii	"rxid\000"
 675      00
 676              	.LASF27:
 677 00cf 43414E5F 		.ascii	"CAN_1_RX_STRUCT\000"
 677      315F5258 
 677      5F535452 
 677      55435400 
 678              	.LASF5:
 679 00df 6C6F6E67 		.ascii	"long unsigned int\000"
 679      20756E73 
 679      69676E65 
 679      6420696E 
 679      7400
 680              	.LASF9:
 681 00f1 75696E74 		.ascii	"uint8\000"
 681      3800
 682              	.LASF32:
 683 00f7 474E5520 		.ascii	"GNU C 4.9.3 20150303 (release) [ARM/embedded-4_9-br"
 683      4320342E 
 683      392E3320 
 683      32303135 
 683      30333033 
 684 012a 616E6368 		.ascii	"anch revision 221220] -mcpu=cortex-m3 -mthumb -g -O"
 684      20726576 
 684      6973696F 
 684      6E203232 
 684      31323230 
 685 015d 30202D66 		.ascii	"0 -ffunction-sections -ffat-lto-objects\000"
 685      66756E63 
 685      74696F6E 
ARM GAS  C:\Users\Patrick\AppData\Local\Temp\ccLTG0Ox.s 			page 24


 685      2D736563 
 685      74696F6E 
 686              	.LASF12:
 687 0185 646F7562 		.ascii	"double\000"
 687      6C6500
 688              	.LASF33:
 689 018c 2E5C4765 		.ascii	".\\Generated_Source\\PSoC5\\CAN_1_INT.c\000"
 689      6E657261 
 689      7465645F 
 689      536F7572 
 689      63655C50 
 690              	.LASF10:
 691 01b1 75696E74 		.ascii	"uint16\000"
 691      313600
 692              	.LASF17:
 693 01b8 43414E5F 		.ascii	"CAN_1_DATA_BYTES\000"
 693      315F4441 
 693      54415F42 
 693      59544553 
 693      00
 694              	.LASF8:
 695 01c9 756E7369 		.ascii	"unsigned int\000"
 695      676E6564 
 695      20696E74 
 695      00
 696              	.LASF7:
 697 01d6 6C6F6E67 		.ascii	"long long unsigned int\000"
 697      206C6F6E 
 697      6720756E 
 697      7369676E 
 697      65642069 
 698              	.LASF20:
 699 01ed 7278636D 		.ascii	"rxcmd\000"
 699      6400
 700              	.LASF14:
 701 01f3 72656738 		.ascii	"reg8\000"
 701      00
 702              	.LASF16:
 703 01f8 73697A65 		.ascii	"sizetype\000"
 703      74797065 
 703      00
 704              	.LASF25:
 705 0201 7278616D 		.ascii	"rxamrd\000"
 705      726400
 706              	.LASF6:
 707 0208 6C6F6E67 		.ascii	"long long int\000"
 707      206C6F6E 
 707      6720696E 
 707      7400
 708              	.LASF13:
 709 0216 63686172 		.ascii	"char\000"
 709      00
 710              	.LASF2:
 711 021b 73686F72 		.ascii	"short int\000"
 711      7420696E 
 711      7400
 712              	.LASF24:
ARM GAS  C:\Users\Patrick\AppData\Local\Temp\ccLTG0Ox.s 			page 25


 713 0225 72786163 		.ascii	"rxacr\000"
 713      7200
 714              	.LASF35:
 715 022b 43414E5F 		.ascii	"CAN_1_MsgRXIsr\000"
 715      315F4D73 
 715      67525849 
 715      737200
 716              	.LASF4:
 717 023a 6C6F6E67 		.ascii	"long int\000"
 717      20696E74 
 717      00
 718              	.LASF11:
 719 0243 666C6F61 		.ascii	"float\000"
 719      7400
 720              	.LASF0:
 721 0249 7369676E 		.ascii	"signed char\000"
 721      65642063 
 721      68617200 
 722              		.ident	"GCC: (GNU Tools for ARM Embedded Processors) 4.9.3 20150303 (release) [ARM/embedded-4_9-br
