ARM GAS  C:\Users\Patrick\AppData\Local\Temp\ccOS0ljf.s 			page 1


   1              		.syntax unified
   2              		.cpu cortex-m3
   3              		.fpu softvfp
   4              		.eabi_attribute 20, 1
   5              		.eabi_attribute 21, 1
   6              		.eabi_attribute 23, 3
   7              		.eabi_attribute 24, 1
   8              		.eabi_attribute 25, 1
   9              		.eabi_attribute 26, 1
  10              		.eabi_attribute 30, 2
  11              		.eabi_attribute 34, 1
  12              		.eabi_attribute 18, 4
  13              		.thumb
  14              		.file	"CAN_ISR.c"
  15              		.text
  16              	.Ltext0:
  17              		.cfi_sections	.debug_frame
  18              		.section	.text.CAN_ISR_Interrupt,"ax",%progbits
  19              		.align	2
  20              		.global	CAN_ISR_Interrupt
  21              		.thumb
  22              		.thumb_func
  23              		.type	CAN_ISR_Interrupt, %function
  24              	CAN_ISR_Interrupt:
  25              	.LFB3:
  26              		.file 1 ".\\Generated_Source\\PSoC5\\CAN_ISR.c"
   1:.\Generated_Source\PSoC5/CAN_ISR.c **** /*******************************************************************************
   2:.\Generated_Source\PSoC5/CAN_ISR.c **** * File Name: CAN_ISR.c  
   3:.\Generated_Source\PSoC5/CAN_ISR.c **** * Version 1.70
   4:.\Generated_Source\PSoC5/CAN_ISR.c **** *
   5:.\Generated_Source\PSoC5/CAN_ISR.c **** *  Description:
   6:.\Generated_Source\PSoC5/CAN_ISR.c **** *   API for controlling the state of an interrupt.
   7:.\Generated_Source\PSoC5/CAN_ISR.c **** *
   8:.\Generated_Source\PSoC5/CAN_ISR.c **** *
   9:.\Generated_Source\PSoC5/CAN_ISR.c **** *  Note:
  10:.\Generated_Source\PSoC5/CAN_ISR.c **** *
  11:.\Generated_Source\PSoC5/CAN_ISR.c **** ********************************************************************************
  12:.\Generated_Source\PSoC5/CAN_ISR.c **** * Copyright 2008-2015, Cypress Semiconductor Corporation.  All rights reserved.
  13:.\Generated_Source\PSoC5/CAN_ISR.c **** * You may use this file only in accordance with the license, terms, conditions, 
  14:.\Generated_Source\PSoC5/CAN_ISR.c **** * disclaimers, and limitations in the end user license agreement accompanying 
  15:.\Generated_Source\PSoC5/CAN_ISR.c **** * the software package with which this file was provided.
  16:.\Generated_Source\PSoC5/CAN_ISR.c **** *******************************************************************************/
  17:.\Generated_Source\PSoC5/CAN_ISR.c **** 
  18:.\Generated_Source\PSoC5/CAN_ISR.c **** 
  19:.\Generated_Source\PSoC5/CAN_ISR.c **** #include <cydevice_trm.h>
  20:.\Generated_Source\PSoC5/CAN_ISR.c **** #include <CyLib.h>
  21:.\Generated_Source\PSoC5/CAN_ISR.c **** #include <CAN_ISR.h>
  22:.\Generated_Source\PSoC5/CAN_ISR.c **** 
  23:.\Generated_Source\PSoC5/CAN_ISR.c **** 
  24:.\Generated_Source\PSoC5/CAN_ISR.c **** #if !defined(CAN_ISR__REMOVED) /* Check for removal by optimization */
  25:.\Generated_Source\PSoC5/CAN_ISR.c **** 
  26:.\Generated_Source\PSoC5/CAN_ISR.c **** /*******************************************************************************
  27:.\Generated_Source\PSoC5/CAN_ISR.c **** *  Place your includes, defines and code here 
  28:.\Generated_Source\PSoC5/CAN_ISR.c **** ********************************************************************************/
  29:.\Generated_Source\PSoC5/CAN_ISR.c **** /* `#START CAN_ISR_intc` */
  30:.\Generated_Source\PSoC5/CAN_ISR.c **** #include "CAN_TIMER.h"
  31:.\Generated_Source\PSoC5/CAN_ISR.c **** #include "CAN_1.h"
ARM GAS  C:\Users\Patrick\AppData\Local\Temp\ccOS0ljf.s 			page 2


  32:.\Generated_Source\PSoC5/CAN_ISR.c **** #include "ISR_PIN.h"
  33:.\Generated_Source\PSoC5/CAN_ISR.c **** /* `#END` */
  34:.\Generated_Source\PSoC5/CAN_ISR.c **** 
  35:.\Generated_Source\PSoC5/CAN_ISR.c **** #ifndef CYINT_IRQ_BASE
  36:.\Generated_Source\PSoC5/CAN_ISR.c **** #define CYINT_IRQ_BASE      16
  37:.\Generated_Source\PSoC5/CAN_ISR.c **** #endif /* CYINT_IRQ_BASE */
  38:.\Generated_Source\PSoC5/CAN_ISR.c **** #ifndef CYINT_VECT_TABLE
  39:.\Generated_Source\PSoC5/CAN_ISR.c **** #define CYINT_VECT_TABLE    ((cyisraddress **) CYREG_NVIC_VECT_OFFSET)
  40:.\Generated_Source\PSoC5/CAN_ISR.c **** #endif /* CYINT_VECT_TABLE */
  41:.\Generated_Source\PSoC5/CAN_ISR.c **** 
  42:.\Generated_Source\PSoC5/CAN_ISR.c **** /* Declared in startup, used to set unused interrupts to. */
  43:.\Generated_Source\PSoC5/CAN_ISR.c **** CY_ISR_PROTO(IntDefaultHandler);
  44:.\Generated_Source\PSoC5/CAN_ISR.c **** 
  45:.\Generated_Source\PSoC5/CAN_ISR.c **** 
  46:.\Generated_Source\PSoC5/CAN_ISR.c **** /*******************************************************************************
  47:.\Generated_Source\PSoC5/CAN_ISR.c **** * Function Name: CAN_ISR_Start
  48:.\Generated_Source\PSoC5/CAN_ISR.c **** ********************************************************************************
  49:.\Generated_Source\PSoC5/CAN_ISR.c **** *
  50:.\Generated_Source\PSoC5/CAN_ISR.c **** * Summary:
  51:.\Generated_Source\PSoC5/CAN_ISR.c **** *  Set up the interrupt and enable it. This function disables the interrupt, 
  52:.\Generated_Source\PSoC5/CAN_ISR.c **** *  sets the default interrupt vector, sets the priority from the value in the
  53:.\Generated_Source\PSoC5/CAN_ISR.c **** *  Design Wide Resources Interrupt Editor, then enables the interrupt to the 
  54:.\Generated_Source\PSoC5/CAN_ISR.c **** *  interrupt controller.
  55:.\Generated_Source\PSoC5/CAN_ISR.c **** *
  56:.\Generated_Source\PSoC5/CAN_ISR.c **** * Parameters:  
  57:.\Generated_Source\PSoC5/CAN_ISR.c **** *   None
  58:.\Generated_Source\PSoC5/CAN_ISR.c **** *
  59:.\Generated_Source\PSoC5/CAN_ISR.c **** * Return:
  60:.\Generated_Source\PSoC5/CAN_ISR.c **** *   None
  61:.\Generated_Source\PSoC5/CAN_ISR.c **** *
  62:.\Generated_Source\PSoC5/CAN_ISR.c **** *******************************************************************************/
  63:.\Generated_Source\PSoC5/CAN_ISR.c **** void CAN_ISR_Start(void)
  64:.\Generated_Source\PSoC5/CAN_ISR.c **** {
  65:.\Generated_Source\PSoC5/CAN_ISR.c ****     /* For all we know the interrupt is active. */
  66:.\Generated_Source\PSoC5/CAN_ISR.c ****     CAN_ISR_Disable();
  67:.\Generated_Source\PSoC5/CAN_ISR.c **** 
  68:.\Generated_Source\PSoC5/CAN_ISR.c ****     /* Set the ISR to point to the CAN_ISR Interrupt. */
  69:.\Generated_Source\PSoC5/CAN_ISR.c ****     CAN_ISR_SetVector(&CAN_ISR_Interrupt);
  70:.\Generated_Source\PSoC5/CAN_ISR.c **** 
  71:.\Generated_Source\PSoC5/CAN_ISR.c ****     /* Set the priority. */
  72:.\Generated_Source\PSoC5/CAN_ISR.c ****     CAN_ISR_SetPriority((uint8)CAN_ISR_INTC_PRIOR_NUMBER);
  73:.\Generated_Source\PSoC5/CAN_ISR.c **** 
  74:.\Generated_Source\PSoC5/CAN_ISR.c ****     /* Enable it. */
  75:.\Generated_Source\PSoC5/CAN_ISR.c ****     CAN_ISR_Enable();
  76:.\Generated_Source\PSoC5/CAN_ISR.c **** }
  77:.\Generated_Source\PSoC5/CAN_ISR.c **** 
  78:.\Generated_Source\PSoC5/CAN_ISR.c **** 
  79:.\Generated_Source\PSoC5/CAN_ISR.c **** /*******************************************************************************
  80:.\Generated_Source\PSoC5/CAN_ISR.c **** * Function Name: CAN_ISR_StartEx
  81:.\Generated_Source\PSoC5/CAN_ISR.c **** ********************************************************************************
  82:.\Generated_Source\PSoC5/CAN_ISR.c **** *
  83:.\Generated_Source\PSoC5/CAN_ISR.c **** * Summary:
  84:.\Generated_Source\PSoC5/CAN_ISR.c **** *  Sets up the interrupt and enables it. This function disables the interrupt,
  85:.\Generated_Source\PSoC5/CAN_ISR.c **** *  sets the interrupt vector based on the address passed in, sets the priority 
  86:.\Generated_Source\PSoC5/CAN_ISR.c **** *  from the value in the Design Wide Resources Interrupt Editor, then enables 
  87:.\Generated_Source\PSoC5/CAN_ISR.c **** *  the interrupt to the interrupt controller.
  88:.\Generated_Source\PSoC5/CAN_ISR.c **** *  
ARM GAS  C:\Users\Patrick\AppData\Local\Temp\ccOS0ljf.s 			page 3


  89:.\Generated_Source\PSoC5/CAN_ISR.c **** *  When defining ISR functions, the CY_ISR and CY_ISR_PROTO macros should be 
  90:.\Generated_Source\PSoC5/CAN_ISR.c **** *  used to provide consistent definition across compilers:
  91:.\Generated_Source\PSoC5/CAN_ISR.c **** *  
  92:.\Generated_Source\PSoC5/CAN_ISR.c **** *  Function definition example:
  93:.\Generated_Source\PSoC5/CAN_ISR.c **** *   CY_ISR(MyISR)
  94:.\Generated_Source\PSoC5/CAN_ISR.c **** *   {
  95:.\Generated_Source\PSoC5/CAN_ISR.c **** *   }
  96:.\Generated_Source\PSoC5/CAN_ISR.c **** *   Function prototype example:
  97:.\Generated_Source\PSoC5/CAN_ISR.c **** *   CY_ISR_PROTO(MyISR);
  98:.\Generated_Source\PSoC5/CAN_ISR.c **** *
  99:.\Generated_Source\PSoC5/CAN_ISR.c **** * Parameters:  
 100:.\Generated_Source\PSoC5/CAN_ISR.c **** *   address: Address of the ISR to set in the interrupt vector table.
 101:.\Generated_Source\PSoC5/CAN_ISR.c **** *
 102:.\Generated_Source\PSoC5/CAN_ISR.c **** * Return:
 103:.\Generated_Source\PSoC5/CAN_ISR.c **** *   None
 104:.\Generated_Source\PSoC5/CAN_ISR.c **** *
 105:.\Generated_Source\PSoC5/CAN_ISR.c **** *******************************************************************************/
 106:.\Generated_Source\PSoC5/CAN_ISR.c **** void CAN_ISR_StartEx(cyisraddress address)
 107:.\Generated_Source\PSoC5/CAN_ISR.c **** {
 108:.\Generated_Source\PSoC5/CAN_ISR.c ****     /* For all we know the interrupt is active. */
 109:.\Generated_Source\PSoC5/CAN_ISR.c ****     CAN_ISR_Disable();
 110:.\Generated_Source\PSoC5/CAN_ISR.c **** 
 111:.\Generated_Source\PSoC5/CAN_ISR.c ****     /* Set the ISR to point to the CAN_ISR Interrupt. */
 112:.\Generated_Source\PSoC5/CAN_ISR.c ****     CAN_ISR_SetVector(address);
 113:.\Generated_Source\PSoC5/CAN_ISR.c **** 
 114:.\Generated_Source\PSoC5/CAN_ISR.c ****     /* Set the priority. */
 115:.\Generated_Source\PSoC5/CAN_ISR.c ****     CAN_ISR_SetPriority((uint8)CAN_ISR_INTC_PRIOR_NUMBER);
 116:.\Generated_Source\PSoC5/CAN_ISR.c **** 
 117:.\Generated_Source\PSoC5/CAN_ISR.c ****     /* Enable it. */
 118:.\Generated_Source\PSoC5/CAN_ISR.c ****     CAN_ISR_Enable();
 119:.\Generated_Source\PSoC5/CAN_ISR.c **** }
 120:.\Generated_Source\PSoC5/CAN_ISR.c **** 
 121:.\Generated_Source\PSoC5/CAN_ISR.c **** 
 122:.\Generated_Source\PSoC5/CAN_ISR.c **** /*******************************************************************************
 123:.\Generated_Source\PSoC5/CAN_ISR.c **** * Function Name: CAN_ISR_Stop
 124:.\Generated_Source\PSoC5/CAN_ISR.c **** ********************************************************************************
 125:.\Generated_Source\PSoC5/CAN_ISR.c **** *
 126:.\Generated_Source\PSoC5/CAN_ISR.c **** * Summary:
 127:.\Generated_Source\PSoC5/CAN_ISR.c **** *   Disables and removes the interrupt.
 128:.\Generated_Source\PSoC5/CAN_ISR.c **** *
 129:.\Generated_Source\PSoC5/CAN_ISR.c **** * Parameters:  
 130:.\Generated_Source\PSoC5/CAN_ISR.c **** *   None
 131:.\Generated_Source\PSoC5/CAN_ISR.c **** *
 132:.\Generated_Source\PSoC5/CAN_ISR.c **** * Return:
 133:.\Generated_Source\PSoC5/CAN_ISR.c **** *   None
 134:.\Generated_Source\PSoC5/CAN_ISR.c **** *
 135:.\Generated_Source\PSoC5/CAN_ISR.c **** *******************************************************************************/
 136:.\Generated_Source\PSoC5/CAN_ISR.c **** void CAN_ISR_Stop(void)
 137:.\Generated_Source\PSoC5/CAN_ISR.c **** {
 138:.\Generated_Source\PSoC5/CAN_ISR.c ****     /* Disable this interrupt. */
 139:.\Generated_Source\PSoC5/CAN_ISR.c ****     CAN_ISR_Disable();
 140:.\Generated_Source\PSoC5/CAN_ISR.c **** 
 141:.\Generated_Source\PSoC5/CAN_ISR.c ****     /* Set the ISR to point to the passive one. */
 142:.\Generated_Source\PSoC5/CAN_ISR.c ****     CAN_ISR_SetVector(&IntDefaultHandler);
 143:.\Generated_Source\PSoC5/CAN_ISR.c **** }
 144:.\Generated_Source\PSoC5/CAN_ISR.c **** 
 145:.\Generated_Source\PSoC5/CAN_ISR.c **** 
ARM GAS  C:\Users\Patrick\AppData\Local\Temp\ccOS0ljf.s 			page 4


 146:.\Generated_Source\PSoC5/CAN_ISR.c **** /*******************************************************************************
 147:.\Generated_Source\PSoC5/CAN_ISR.c **** * Function Name: CAN_ISR_Interrupt
 148:.\Generated_Source\PSoC5/CAN_ISR.c **** ********************************************************************************
 149:.\Generated_Source\PSoC5/CAN_ISR.c **** *
 150:.\Generated_Source\PSoC5/CAN_ISR.c **** * Summary:
 151:.\Generated_Source\PSoC5/CAN_ISR.c **** *   The default Interrupt Service Routine for CAN_ISR.
 152:.\Generated_Source\PSoC5/CAN_ISR.c **** *
 153:.\Generated_Source\PSoC5/CAN_ISR.c **** *   Add custom code between the coments to keep the next version of this file
 154:.\Generated_Source\PSoC5/CAN_ISR.c **** *   from over writting your code.
 155:.\Generated_Source\PSoC5/CAN_ISR.c **** *
 156:.\Generated_Source\PSoC5/CAN_ISR.c **** * Parameters:  
 157:.\Generated_Source\PSoC5/CAN_ISR.c **** *
 158:.\Generated_Source\PSoC5/CAN_ISR.c **** * Return:
 159:.\Generated_Source\PSoC5/CAN_ISR.c **** *   None
 160:.\Generated_Source\PSoC5/CAN_ISR.c **** *
 161:.\Generated_Source\PSoC5/CAN_ISR.c **** *******************************************************************************/
 162:.\Generated_Source\PSoC5/CAN_ISR.c **** CY_ISR(CAN_ISR_Interrupt)
 163:.\Generated_Source\PSoC5/CAN_ISR.c **** {
  27              		.loc 1 163 0
  28              		.cfi_startproc
  29              		@ args = 0, pretend = 0, frame = 0
  30              		@ frame_needed = 0, uses_anonymous_args = 0
  31 0000 08B5     		push	{r3, lr}
  32              		.cfi_def_cfa_offset 8
  33              		.cfi_offset 3, -8
  34              		.cfi_offset 14, -4
 164:.\Generated_Source\PSoC5/CAN_ISR.c ****     #ifdef CAN_ISR_INTERRUPT_INTERRUPT_CALLBACK
 165:.\Generated_Source\PSoC5/CAN_ISR.c ****         CAN_ISR_Interrupt_InterruptCallback();
 166:.\Generated_Source\PSoC5/CAN_ISR.c ****     #endif /* CAN_ISR_INTERRUPT_INTERRUPT_CALLBACK */ 
 167:.\Generated_Source\PSoC5/CAN_ISR.c **** 
 168:.\Generated_Source\PSoC5/CAN_ISR.c ****     /*  Place your Interrupt code here. */
 169:.\Generated_Source\PSoC5/CAN_ISR.c ****     /* `#START CAN_ISR_Interrupt` */
 170:.\Generated_Source\PSoC5/CAN_ISR.c ****     
 171:.\Generated_Source\PSoC5/CAN_ISR.c **** 	/* Read Status register in order to clear the sticky Terminal Count (TC) bit 
 172:.\Generated_Source\PSoC5/CAN_ISR.c **** 	 * in the status register. Note that the function is not called, but rather 
 173:.\Generated_Source\PSoC5/CAN_ISR.c **** 	 * the status is read directly.
 174:.\Generated_Source\PSoC5/CAN_ISR.c **** 	 */
 175:.\Generated_Source\PSoC5/CAN_ISR.c ****     
 176:.\Generated_Source\PSoC5/CAN_ISR.c ****     CAN_1_SendMsg0();	
  35              		.loc 1 176 0
  36 0002 FFF7FEFF 		bl	CAN_1_SendMsg0
  37              	.LVL0:
 177:.\Generated_Source\PSoC5/CAN_ISR.c ****     CAN_TIMER_STATUS;
  38              		.loc 1 177 0
  39 0006 014B     		ldr	r3, .L3
  40 0008 1B78     		ldrb	r3, [r3]	@ zero_extendqisi2
  41 000a 08BD     		pop	{r3, pc}
  42              	.L4:
  43              		.align	2
  44              	.L3:
  45 000c 63640040 		.word	1073767523
  46              		.cfi_endproc
  47              	.LFE3:
  48              		.size	CAN_ISR_Interrupt, .-CAN_ISR_Interrupt
  49              		.section	.text.CAN_ISR_Start,"ax",%progbits
  50              		.align	2
  51              		.global	CAN_ISR_Start
ARM GAS  C:\Users\Patrick\AppData\Local\Temp\ccOS0ljf.s 			page 5


  52              		.thumb
  53              		.thumb_func
  54              		.type	CAN_ISR_Start, %function
  55              	CAN_ISR_Start:
  56              	.LFB0:
  64:.\Generated_Source\PSoC5/CAN_ISR.c ****     /* For all we know the interrupt is active. */
  57              		.loc 1 64 0
  58              		.cfi_startproc
  59              		@ args = 0, pretend = 0, frame = 0
  60              		@ frame_needed = 0, uses_anonymous_args = 0
  61              		@ link register save eliminated.
  62 0000 70B4     		push	{r4, r5, r6}
  63              		.cfi_def_cfa_offset 12
  64              		.cfi_offset 4, -12
  65              		.cfi_offset 5, -8
  66              		.cfi_offset 6, -4
  67              	.LBB22:
  68              	.LBB23:
 178:.\Generated_Source\PSoC5/CAN_ISR.c **** 
 179:.\Generated_Source\PSoC5/CAN_ISR.c ****     /* `#END` */
 180:.\Generated_Source\PSoC5/CAN_ISR.c **** }
 181:.\Generated_Source\PSoC5/CAN_ISR.c **** 
 182:.\Generated_Source\PSoC5/CAN_ISR.c **** 
 183:.\Generated_Source\PSoC5/CAN_ISR.c **** /*******************************************************************************
 184:.\Generated_Source\PSoC5/CAN_ISR.c **** * Function Name: CAN_ISR_SetVector
 185:.\Generated_Source\PSoC5/CAN_ISR.c **** ********************************************************************************
 186:.\Generated_Source\PSoC5/CAN_ISR.c **** *
 187:.\Generated_Source\PSoC5/CAN_ISR.c **** * Summary:
 188:.\Generated_Source\PSoC5/CAN_ISR.c **** *   Change the ISR vector for the Interrupt. Note calling CAN_ISR_Start
 189:.\Generated_Source\PSoC5/CAN_ISR.c **** *   will override any effect this method would have had. To set the vector 
 190:.\Generated_Source\PSoC5/CAN_ISR.c **** *   before the component has been started use CAN_ISR_StartEx instead.
 191:.\Generated_Source\PSoC5/CAN_ISR.c **** * 
 192:.\Generated_Source\PSoC5/CAN_ISR.c **** *   When defining ISR functions, the CY_ISR and CY_ISR_PROTO macros should be 
 193:.\Generated_Source\PSoC5/CAN_ISR.c **** *   used to provide consistent definition across compilers:
 194:.\Generated_Source\PSoC5/CAN_ISR.c **** *
 195:.\Generated_Source\PSoC5/CAN_ISR.c **** *   Function definition example:
 196:.\Generated_Source\PSoC5/CAN_ISR.c **** *   CY_ISR(MyISR)
 197:.\Generated_Source\PSoC5/CAN_ISR.c **** *   {
 198:.\Generated_Source\PSoC5/CAN_ISR.c **** *   }
 199:.\Generated_Source\PSoC5/CAN_ISR.c **** *
 200:.\Generated_Source\PSoC5/CAN_ISR.c **** *   Function prototype example:
 201:.\Generated_Source\PSoC5/CAN_ISR.c **** *     CY_ISR_PROTO(MyISR);
 202:.\Generated_Source\PSoC5/CAN_ISR.c **** *
 203:.\Generated_Source\PSoC5/CAN_ISR.c **** * Parameters:
 204:.\Generated_Source\PSoC5/CAN_ISR.c **** *   address: Address of the ISR to set in the interrupt vector table.
 205:.\Generated_Source\PSoC5/CAN_ISR.c **** *
 206:.\Generated_Source\PSoC5/CAN_ISR.c **** * Return:
 207:.\Generated_Source\PSoC5/CAN_ISR.c **** *   None
 208:.\Generated_Source\PSoC5/CAN_ISR.c **** *
 209:.\Generated_Source\PSoC5/CAN_ISR.c **** *******************************************************************************/
 210:.\Generated_Source\PSoC5/CAN_ISR.c **** void CAN_ISR_SetVector(cyisraddress address)
 211:.\Generated_Source\PSoC5/CAN_ISR.c **** {
 212:.\Generated_Source\PSoC5/CAN_ISR.c ****     cyisraddress * ramVectorTable;
 213:.\Generated_Source\PSoC5/CAN_ISR.c **** 
 214:.\Generated_Source\PSoC5/CAN_ISR.c ****     ramVectorTable = (cyisraddress *) *CYINT_VECT_TABLE;
  69              		.loc 1 214 0
  70 0002 074B     		ldr	r3, .L7
ARM GAS  C:\Users\Patrick\AppData\Local\Temp\ccOS0ljf.s 			page 6


  71              	.LBE23:
  72              	.LBE22:
  73              	.LBB26:
  74              	.LBB27:
 215:.\Generated_Source\PSoC5/CAN_ISR.c **** 
 216:.\Generated_Source\PSoC5/CAN_ISR.c ****     ramVectorTable[CYINT_IRQ_BASE + (uint32)CAN_ISR__INTC_NUMBER] = address;
 217:.\Generated_Source\PSoC5/CAN_ISR.c **** }
 218:.\Generated_Source\PSoC5/CAN_ISR.c **** 
 219:.\Generated_Source\PSoC5/CAN_ISR.c **** 
 220:.\Generated_Source\PSoC5/CAN_ISR.c **** /*******************************************************************************
 221:.\Generated_Source\PSoC5/CAN_ISR.c **** * Function Name: CAN_ISR_GetVector
 222:.\Generated_Source\PSoC5/CAN_ISR.c **** ********************************************************************************
 223:.\Generated_Source\PSoC5/CAN_ISR.c **** *
 224:.\Generated_Source\PSoC5/CAN_ISR.c **** * Summary:
 225:.\Generated_Source\PSoC5/CAN_ISR.c **** *   Gets the "address" of the current ISR vector for the Interrupt.
 226:.\Generated_Source\PSoC5/CAN_ISR.c **** *
 227:.\Generated_Source\PSoC5/CAN_ISR.c **** * Parameters:
 228:.\Generated_Source\PSoC5/CAN_ISR.c **** *   None
 229:.\Generated_Source\PSoC5/CAN_ISR.c **** *
 230:.\Generated_Source\PSoC5/CAN_ISR.c **** * Return:
 231:.\Generated_Source\PSoC5/CAN_ISR.c **** *   Address of the ISR in the interrupt vector table.
 232:.\Generated_Source\PSoC5/CAN_ISR.c **** *
 233:.\Generated_Source\PSoC5/CAN_ISR.c **** *******************************************************************************/
 234:.\Generated_Source\PSoC5/CAN_ISR.c **** cyisraddress CAN_ISR_GetVector(void)
 235:.\Generated_Source\PSoC5/CAN_ISR.c **** {
 236:.\Generated_Source\PSoC5/CAN_ISR.c ****     cyisraddress * ramVectorTable;
 237:.\Generated_Source\PSoC5/CAN_ISR.c **** 
 238:.\Generated_Source\PSoC5/CAN_ISR.c ****     ramVectorTable = (cyisraddress *) *CYINT_VECT_TABLE;
 239:.\Generated_Source\PSoC5/CAN_ISR.c **** 
 240:.\Generated_Source\PSoC5/CAN_ISR.c ****     return ramVectorTable[CYINT_IRQ_BASE + (uint32)CAN_ISR__INTC_NUMBER];
 241:.\Generated_Source\PSoC5/CAN_ISR.c **** }
 242:.\Generated_Source\PSoC5/CAN_ISR.c **** 
 243:.\Generated_Source\PSoC5/CAN_ISR.c **** 
 244:.\Generated_Source\PSoC5/CAN_ISR.c **** /*******************************************************************************
 245:.\Generated_Source\PSoC5/CAN_ISR.c **** * Function Name: CAN_ISR_SetPriority
 246:.\Generated_Source\PSoC5/CAN_ISR.c **** ********************************************************************************
 247:.\Generated_Source\PSoC5/CAN_ISR.c **** *
 248:.\Generated_Source\PSoC5/CAN_ISR.c **** * Summary:
 249:.\Generated_Source\PSoC5/CAN_ISR.c **** *   Sets the Priority of the Interrupt. 
 250:.\Generated_Source\PSoC5/CAN_ISR.c **** *
 251:.\Generated_Source\PSoC5/CAN_ISR.c **** *   Note calling CAN_ISR_Start or CAN_ISR_StartEx will 
 252:.\Generated_Source\PSoC5/CAN_ISR.c **** *   override any effect this API would have had. This API should only be called
 253:.\Generated_Source\PSoC5/CAN_ISR.c **** *   after CAN_ISR_Start or CAN_ISR_StartEx has been called. 
 254:.\Generated_Source\PSoC5/CAN_ISR.c **** *   To set the initial priority for the component, use the Design-Wide Resources
 255:.\Generated_Source\PSoC5/CAN_ISR.c **** *   Interrupt Editor.
 256:.\Generated_Source\PSoC5/CAN_ISR.c **** *
 257:.\Generated_Source\PSoC5/CAN_ISR.c **** *   Note This API has no effect on Non-maskable interrupt NMI).
 258:.\Generated_Source\PSoC5/CAN_ISR.c **** *
 259:.\Generated_Source\PSoC5/CAN_ISR.c **** * Parameters:
 260:.\Generated_Source\PSoC5/CAN_ISR.c **** *   priority: Priority of the interrupt, 0 being the highest priority
 261:.\Generated_Source\PSoC5/CAN_ISR.c **** *             PSoC 3 and PSoC 5LP: Priority is from 0 to 7.
 262:.\Generated_Source\PSoC5/CAN_ISR.c **** *             PSoC 4: Priority is from 0 to 3.
 263:.\Generated_Source\PSoC5/CAN_ISR.c **** *
 264:.\Generated_Source\PSoC5/CAN_ISR.c **** * Return:
 265:.\Generated_Source\PSoC5/CAN_ISR.c **** *   None
 266:.\Generated_Source\PSoC5/CAN_ISR.c **** *
 267:.\Generated_Source\PSoC5/CAN_ISR.c **** *******************************************************************************/
ARM GAS  C:\Users\Patrick\AppData\Local\Temp\ccOS0ljf.s 			page 7


 268:.\Generated_Source\PSoC5/CAN_ISR.c **** void CAN_ISR_SetPriority(uint8 priority)
 269:.\Generated_Source\PSoC5/CAN_ISR.c **** {
 270:.\Generated_Source\PSoC5/CAN_ISR.c ****     *CAN_ISR_INTC_PRIOR = priority << 5;
 271:.\Generated_Source\PSoC5/CAN_ISR.c **** }
 272:.\Generated_Source\PSoC5/CAN_ISR.c **** 
 273:.\Generated_Source\PSoC5/CAN_ISR.c **** 
 274:.\Generated_Source\PSoC5/CAN_ISR.c **** /*******************************************************************************
 275:.\Generated_Source\PSoC5/CAN_ISR.c **** * Function Name: CAN_ISR_GetPriority
 276:.\Generated_Source\PSoC5/CAN_ISR.c **** ********************************************************************************
 277:.\Generated_Source\PSoC5/CAN_ISR.c **** *
 278:.\Generated_Source\PSoC5/CAN_ISR.c **** * Summary:
 279:.\Generated_Source\PSoC5/CAN_ISR.c **** *   Gets the Priority of the Interrupt.
 280:.\Generated_Source\PSoC5/CAN_ISR.c **** *
 281:.\Generated_Source\PSoC5/CAN_ISR.c **** * Parameters:
 282:.\Generated_Source\PSoC5/CAN_ISR.c **** *   None
 283:.\Generated_Source\PSoC5/CAN_ISR.c **** *
 284:.\Generated_Source\PSoC5/CAN_ISR.c **** * Return:
 285:.\Generated_Source\PSoC5/CAN_ISR.c **** *   Priority of the interrupt, 0 being the highest priority
 286:.\Generated_Source\PSoC5/CAN_ISR.c **** *    PSoC 3 and PSoC 5LP: Priority is from 0 to 7.
 287:.\Generated_Source\PSoC5/CAN_ISR.c **** *    PSoC 4: Priority is from 0 to 3.
 288:.\Generated_Source\PSoC5/CAN_ISR.c **** *
 289:.\Generated_Source\PSoC5/CAN_ISR.c **** *******************************************************************************/
 290:.\Generated_Source\PSoC5/CAN_ISR.c **** uint8 CAN_ISR_GetPriority(void)
 291:.\Generated_Source\PSoC5/CAN_ISR.c **** {
 292:.\Generated_Source\PSoC5/CAN_ISR.c ****     uint8 priority;
 293:.\Generated_Source\PSoC5/CAN_ISR.c **** 
 294:.\Generated_Source\PSoC5/CAN_ISR.c **** 
 295:.\Generated_Source\PSoC5/CAN_ISR.c ****     priority = *CAN_ISR_INTC_PRIOR >> 5;
 296:.\Generated_Source\PSoC5/CAN_ISR.c **** 
 297:.\Generated_Source\PSoC5/CAN_ISR.c ****     return priority;
 298:.\Generated_Source\PSoC5/CAN_ISR.c **** }
 299:.\Generated_Source\PSoC5/CAN_ISR.c **** 
 300:.\Generated_Source\PSoC5/CAN_ISR.c **** 
 301:.\Generated_Source\PSoC5/CAN_ISR.c **** /*******************************************************************************
 302:.\Generated_Source\PSoC5/CAN_ISR.c **** * Function Name: CAN_ISR_Enable
 303:.\Generated_Source\PSoC5/CAN_ISR.c **** ********************************************************************************
 304:.\Generated_Source\PSoC5/CAN_ISR.c **** *
 305:.\Generated_Source\PSoC5/CAN_ISR.c **** * Summary:
 306:.\Generated_Source\PSoC5/CAN_ISR.c **** *   Enables the interrupt to the interrupt controller. Do not call this function
 307:.\Generated_Source\PSoC5/CAN_ISR.c **** *   unless ISR_Start() has been called or the functionality of the ISR_Start() 
 308:.\Generated_Source\PSoC5/CAN_ISR.c **** *   function, which sets the vector and the priority, has been called.
 309:.\Generated_Source\PSoC5/CAN_ISR.c **** *
 310:.\Generated_Source\PSoC5/CAN_ISR.c **** * Parameters:
 311:.\Generated_Source\PSoC5/CAN_ISR.c **** *   None
 312:.\Generated_Source\PSoC5/CAN_ISR.c **** *
 313:.\Generated_Source\PSoC5/CAN_ISR.c **** * Return:
 314:.\Generated_Source\PSoC5/CAN_ISR.c **** *   None
 315:.\Generated_Source\PSoC5/CAN_ISR.c **** *
 316:.\Generated_Source\PSoC5/CAN_ISR.c **** *******************************************************************************/
 317:.\Generated_Source\PSoC5/CAN_ISR.c **** void CAN_ISR_Enable(void)
 318:.\Generated_Source\PSoC5/CAN_ISR.c **** {
 319:.\Generated_Source\PSoC5/CAN_ISR.c ****     /* Enable the general interrupt. */
 320:.\Generated_Source\PSoC5/CAN_ISR.c ****     *CAN_ISR_INTC_SET_EN = CAN_ISR__INTC_MASK;
 321:.\Generated_Source\PSoC5/CAN_ISR.c **** }
 322:.\Generated_Source\PSoC5/CAN_ISR.c **** 
 323:.\Generated_Source\PSoC5/CAN_ISR.c **** 
 324:.\Generated_Source\PSoC5/CAN_ISR.c **** /*******************************************************************************
ARM GAS  C:\Users\Patrick\AppData\Local\Temp\ccOS0ljf.s 			page 8


 325:.\Generated_Source\PSoC5/CAN_ISR.c **** * Function Name: CAN_ISR_GetState
 326:.\Generated_Source\PSoC5/CAN_ISR.c **** ********************************************************************************
 327:.\Generated_Source\PSoC5/CAN_ISR.c **** *
 328:.\Generated_Source\PSoC5/CAN_ISR.c **** * Summary:
 329:.\Generated_Source\PSoC5/CAN_ISR.c **** *   Gets the state (enabled, disabled) of the Interrupt.
 330:.\Generated_Source\PSoC5/CAN_ISR.c **** *
 331:.\Generated_Source\PSoC5/CAN_ISR.c **** * Parameters:
 332:.\Generated_Source\PSoC5/CAN_ISR.c **** *   None
 333:.\Generated_Source\PSoC5/CAN_ISR.c **** *
 334:.\Generated_Source\PSoC5/CAN_ISR.c **** * Return:
 335:.\Generated_Source\PSoC5/CAN_ISR.c **** *   1 if enabled, 0 if disabled.
 336:.\Generated_Source\PSoC5/CAN_ISR.c **** *
 337:.\Generated_Source\PSoC5/CAN_ISR.c **** *******************************************************************************/
 338:.\Generated_Source\PSoC5/CAN_ISR.c **** uint8 CAN_ISR_GetState(void)
 339:.\Generated_Source\PSoC5/CAN_ISR.c **** {
 340:.\Generated_Source\PSoC5/CAN_ISR.c ****     /* Get the state of the general interrupt. */
 341:.\Generated_Source\PSoC5/CAN_ISR.c ****     return ((*CAN_ISR_INTC_SET_EN & (uint32)CAN_ISR__INTC_MASK) != 0u) ? 1u:0u;
 342:.\Generated_Source\PSoC5/CAN_ISR.c **** }
 343:.\Generated_Source\PSoC5/CAN_ISR.c **** 
 344:.\Generated_Source\PSoC5/CAN_ISR.c **** 
 345:.\Generated_Source\PSoC5/CAN_ISR.c **** /*******************************************************************************
 346:.\Generated_Source\PSoC5/CAN_ISR.c **** * Function Name: CAN_ISR_Disable
 347:.\Generated_Source\PSoC5/CAN_ISR.c **** ********************************************************************************
 348:.\Generated_Source\PSoC5/CAN_ISR.c **** *
 349:.\Generated_Source\PSoC5/CAN_ISR.c **** * Summary:
 350:.\Generated_Source\PSoC5/CAN_ISR.c **** *   Disables the Interrupt in the interrupt controller.
 351:.\Generated_Source\PSoC5/CAN_ISR.c **** *
 352:.\Generated_Source\PSoC5/CAN_ISR.c **** * Parameters:
 353:.\Generated_Source\PSoC5/CAN_ISR.c **** *   None
 354:.\Generated_Source\PSoC5/CAN_ISR.c **** *
 355:.\Generated_Source\PSoC5/CAN_ISR.c **** * Return:
 356:.\Generated_Source\PSoC5/CAN_ISR.c **** *   None
 357:.\Generated_Source\PSoC5/CAN_ISR.c **** *
 358:.\Generated_Source\PSoC5/CAN_ISR.c **** *******************************************************************************/
 359:.\Generated_Source\PSoC5/CAN_ISR.c **** void CAN_ISR_Disable(void)
 360:.\Generated_Source\PSoC5/CAN_ISR.c **** {
 361:.\Generated_Source\PSoC5/CAN_ISR.c ****     /* Disable the general interrupt. */
 362:.\Generated_Source\PSoC5/CAN_ISR.c ****     *CAN_ISR_INTC_CLR_EN = CAN_ISR__INTC_MASK;
  75              		.loc 1 362 0
  76 0004 074E     		ldr	r6, .L7+4
  77              	.LBE27:
  78              	.LBE26:
  79              	.LBB30:
  80              	.LBB24:
 214:.\Generated_Source\PSoC5/CAN_ISR.c **** 
  81              		.loc 1 214 0
  82 0006 1C68     		ldr	r4, [r3]
 216:.\Generated_Source\PSoC5/CAN_ISR.c **** }
  83              		.loc 1 216 0
  84 0008 074D     		ldr	r5, .L7+8
  85              	.LBE24:
  86              	.LBE30:
  87              	.LBB31:
  88              	.LBB32:
 270:.\Generated_Source\PSoC5/CAN_ISR.c **** }
  89              		.loc 1 270 0
  90 000a 0849     		ldr	r1, .L7+12
ARM GAS  C:\Users\Patrick\AppData\Local\Temp\ccOS0ljf.s 			page 9


  91              	.LBE32:
  92              	.LBE31:
  93              	.LBB35:
  94              	.LBB28:
  95              		.loc 1 362 0
  96 000c 0123     		movs	r3, #1
  97              	.LBE28:
  98              	.LBE35:
  99              	.LBB36:
 100              	.LBB37:
 320:.\Generated_Source\PSoC5/CAN_ISR.c **** }
 101              		.loc 1 320 0
 102 000e 084A     		ldr	r2, .L7+16
 103              	.LBE37:
 104              	.LBE36:
 105              	.LBB39:
 106              	.LBB33:
 270:.\Generated_Source\PSoC5/CAN_ISR.c **** }
 107              		.loc 1 270 0
 108 0010 E020     		movs	r0, #224
 109              	.LBE33:
 110              	.LBE39:
 111              	.LBB40:
 112              	.LBB29:
 113              		.loc 1 362 0
 114 0012 3360     		str	r3, [r6]
 115              	.LVL1:
 116              	.LBE29:
 117              	.LBE40:
 118              	.LBB41:
 119              	.LBB25:
 216:.\Generated_Source\PSoC5/CAN_ISR.c **** }
 120              		.loc 1 216 0
 121 0014 2564     		str	r5, [r4, #64]
 122              	.LVL2:
 123              	.LBE25:
 124              	.LBE41:
 125              	.LBB42:
 126              	.LBB34:
 270:.\Generated_Source\PSoC5/CAN_ISR.c **** }
 127              		.loc 1 270 0
 128 0016 0870     		strb	r0, [r1]
 129              	.LBE34:
 130              	.LBE42:
  76:.\Generated_Source\PSoC5/CAN_ISR.c **** 
 131              		.loc 1 76 0
 132 0018 70BC     		pop	{r4, r5, r6}
 133              		.cfi_restore 6
 134              		.cfi_restore 5
 135              		.cfi_restore 4
 136              		.cfi_def_cfa_offset 0
 137              	.LVL3:
 138              	.LBB43:
 139              	.LBB38:
 320:.\Generated_Source\PSoC5/CAN_ISR.c **** }
 140              		.loc 1 320 0
 141 001a 1360     		str	r3, [r2]
ARM GAS  C:\Users\Patrick\AppData\Local\Temp\ccOS0ljf.s 			page 10


 142              	.LBE38:
 143              	.LBE43:
  76:.\Generated_Source\PSoC5/CAN_ISR.c **** 
 144              		.loc 1 76 0
 145 001c 7047     		bx	lr
 146              	.L8:
 147 001e 00BF     		.align	2
 148              	.L7:
 149 0020 08ED00E0 		.word	-536810232
 150 0024 80E100E0 		.word	-536813184
 151 0028 00000000 		.word	CAN_ISR_Interrupt
 152 002c 00E400E0 		.word	-536812544
 153 0030 00E100E0 		.word	-536813312
 154              		.cfi_endproc
 155              	.LFE0:
 156              		.size	CAN_ISR_Start, .-CAN_ISR_Start
 157              		.section	.text.CAN_ISR_StartEx,"ax",%progbits
 158              		.align	2
 159              		.global	CAN_ISR_StartEx
 160              		.thumb
 161              		.thumb_func
 162              		.type	CAN_ISR_StartEx, %function
 163              	CAN_ISR_StartEx:
 164              	.LFB1:
 107:.\Generated_Source\PSoC5/CAN_ISR.c ****     /* For all we know the interrupt is active. */
 165              		.loc 1 107 0
 166              		.cfi_startproc
 167              		@ args = 0, pretend = 0, frame = 0
 168              		@ frame_needed = 0, uses_anonymous_args = 0
 169              		@ link register save eliminated.
 170              	.LVL4:
 171 0000 70B4     		push	{r4, r5, r6}
 172              		.cfi_def_cfa_offset 12
 173              		.cfi_offset 4, -12
 174              		.cfi_offset 5, -8
 175              		.cfi_offset 6, -4
 176              	.LBB44:
 177              	.LBB45:
 214:.\Generated_Source\PSoC5/CAN_ISR.c **** 
 178              		.loc 1 214 0
 179 0002 064B     		ldr	r3, .L11
 180              	.LBE45:
 181              	.LBE44:
 182              	.LBB48:
 183              	.LBB49:
 184              		.loc 1 362 0
 185 0004 064E     		ldr	r6, .L11+4
 186              	.LBE49:
 187              	.LBE48:
 188              	.LBB52:
 189              	.LBB46:
 214:.\Generated_Source\PSoC5/CAN_ISR.c **** 
 190              		.loc 1 214 0
 191 0006 1D68     		ldr	r5, [r3]
 192              	.LBE46:
 193              	.LBE52:
 194              	.LBB53:
ARM GAS  C:\Users\Patrick\AppData\Local\Temp\ccOS0ljf.s 			page 11


 195              	.LBB54:
 270:.\Generated_Source\PSoC5/CAN_ISR.c **** }
 196              		.loc 1 270 0
 197 0008 0649     		ldr	r1, .L11+8
 198              	.LBE54:
 199              	.LBE53:
 200              	.LBB57:
 201              	.LBB50:
 202              		.loc 1 362 0
 203 000a 0123     		movs	r3, #1
 204              	.LBE50:
 205              	.LBE57:
 206              	.LBB58:
 207              	.LBB55:
 270:.\Generated_Source\PSoC5/CAN_ISR.c **** }
 208              		.loc 1 270 0
 209 000c E024     		movs	r4, #224
 210              	.LBE55:
 211              	.LBE58:
 212              	.LBB59:
 213              	.LBB60:
 320:.\Generated_Source\PSoC5/CAN_ISR.c **** }
 214              		.loc 1 320 0
 215 000e 064A     		ldr	r2, .L11+12
 216              	.LBE60:
 217              	.LBE59:
 218              	.LBB62:
 219              	.LBB51:
 220              		.loc 1 362 0
 221 0010 3360     		str	r3, [r6]
 222              	.LVL5:
 223              	.LBE51:
 224              	.LBE62:
 225              	.LBB63:
 226              	.LBB47:
 216:.\Generated_Source\PSoC5/CAN_ISR.c **** }
 227              		.loc 1 216 0
 228 0012 2864     		str	r0, [r5, #64]
 229              	.LVL6:
 230              	.LBE47:
 231              	.LBE63:
 232              	.LBB64:
 233              	.LBB56:
 270:.\Generated_Source\PSoC5/CAN_ISR.c **** }
 234              		.loc 1 270 0
 235 0014 0C70     		strb	r4, [r1]
 236              	.LBE56:
 237              	.LBE64:
 119:.\Generated_Source\PSoC5/CAN_ISR.c **** 
 238              		.loc 1 119 0
 239 0016 70BC     		pop	{r4, r5, r6}
 240              		.cfi_restore 6
 241              		.cfi_restore 5
 242              		.cfi_restore 4
 243              		.cfi_def_cfa_offset 0
 244              	.LVL7:
 245              	.LBB65:
ARM GAS  C:\Users\Patrick\AppData\Local\Temp\ccOS0ljf.s 			page 12


 246              	.LBB61:
 320:.\Generated_Source\PSoC5/CAN_ISR.c **** }
 247              		.loc 1 320 0
 248 0018 1360     		str	r3, [r2]
 249              	.LBE61:
 250              	.LBE65:
 119:.\Generated_Source\PSoC5/CAN_ISR.c **** 
 251              		.loc 1 119 0
 252 001a 7047     		bx	lr
 253              	.L12:
 254              		.align	2
 255              	.L11:
 256 001c 08ED00E0 		.word	-536810232
 257 0020 80E100E0 		.word	-536813184
 258 0024 00E400E0 		.word	-536812544
 259 0028 00E100E0 		.word	-536813312
 260              		.cfi_endproc
 261              	.LFE1:
 262              		.size	CAN_ISR_StartEx, .-CAN_ISR_StartEx
 263              		.section	.text.CAN_ISR_Stop,"ax",%progbits
 264              		.align	2
 265              		.global	CAN_ISR_Stop
 266              		.thumb
 267              		.thumb_func
 268              		.type	CAN_ISR_Stop, %function
 269              	CAN_ISR_Stop:
 270              	.LFB2:
 137:.\Generated_Source\PSoC5/CAN_ISR.c ****     /* Disable this interrupt. */
 271              		.loc 1 137 0
 272              		.cfi_startproc
 273              		@ args = 0, pretend = 0, frame = 0
 274              		@ frame_needed = 0, uses_anonymous_args = 0
 275              		@ link register save eliminated.
 276              	.LBB66:
 277              	.LBB67:
 214:.\Generated_Source\PSoC5/CAN_ISR.c **** 
 278              		.loc 1 214 0
 279 0000 034B     		ldr	r3, .L14
 280              	.LBE67:
 281              	.LBE66:
 282              	.LBB70:
 283              	.LBB71:
 284              		.loc 1 362 0
 285 0002 0449     		ldr	r1, .L14+4
 286              	.LBE71:
 287              	.LBE70:
 288              	.LBB73:
 289              	.LBB68:
 214:.\Generated_Source\PSoC5/CAN_ISR.c **** 
 290              		.loc 1 214 0
 291 0004 1B68     		ldr	r3, [r3]
 216:.\Generated_Source\PSoC5/CAN_ISR.c **** }
 292              		.loc 1 216 0
 293 0006 044A     		ldr	r2, .L14+8
 294              	.LBE68:
 295              	.LBE73:
 296              	.LBB74:
ARM GAS  C:\Users\Patrick\AppData\Local\Temp\ccOS0ljf.s 			page 13


 297              	.LBB72:
 298              		.loc 1 362 0
 299 0008 0120     		movs	r0, #1
 300 000a 0860     		str	r0, [r1]
 301              	.LVL8:
 302              	.LBE72:
 303              	.LBE74:
 304              	.LBB75:
 305              	.LBB69:
 216:.\Generated_Source\PSoC5/CAN_ISR.c **** }
 306              		.loc 1 216 0
 307 000c 1A64     		str	r2, [r3, #64]
 308 000e 7047     		bx	lr
 309              	.L15:
 310              		.align	2
 311              	.L14:
 312 0010 08ED00E0 		.word	-536810232
 313 0014 80E100E0 		.word	-536813184
 314 0018 00000000 		.word	IntDefaultHandler
 315              	.LBE69:
 316              	.LBE75:
 317              		.cfi_endproc
 318              	.LFE2:
 319              		.size	CAN_ISR_Stop, .-CAN_ISR_Stop
 320              		.section	.text.CAN_ISR_SetVector,"ax",%progbits
 321              		.align	2
 322              		.global	CAN_ISR_SetVector
 323              		.thumb
 324              		.thumb_func
 325              		.type	CAN_ISR_SetVector, %function
 326              	CAN_ISR_SetVector:
 327              	.LFB4:
 211:.\Generated_Source\PSoC5/CAN_ISR.c ****     cyisraddress * ramVectorTable;
 328              		.loc 1 211 0
 329              		.cfi_startproc
 330              		@ args = 0, pretend = 0, frame = 0
 331              		@ frame_needed = 0, uses_anonymous_args = 0
 332              		@ link register save eliminated.
 333              	.LVL9:
 214:.\Generated_Source\PSoC5/CAN_ISR.c **** 
 334              		.loc 1 214 0
 335 0000 014B     		ldr	r3, .L17
 336 0002 1B68     		ldr	r3, [r3]
 337              	.LVL10:
 216:.\Generated_Source\PSoC5/CAN_ISR.c **** }
 338              		.loc 1 216 0
 339 0004 1864     		str	r0, [r3, #64]
 340 0006 7047     		bx	lr
 341              	.L18:
 342              		.align	2
 343              	.L17:
 344 0008 08ED00E0 		.word	-536810232
 345              		.cfi_endproc
 346              	.LFE4:
 347              		.size	CAN_ISR_SetVector, .-CAN_ISR_SetVector
 348              		.section	.text.CAN_ISR_GetVector,"ax",%progbits
 349              		.align	2
ARM GAS  C:\Users\Patrick\AppData\Local\Temp\ccOS0ljf.s 			page 14


 350              		.global	CAN_ISR_GetVector
 351              		.thumb
 352              		.thumb_func
 353              		.type	CAN_ISR_GetVector, %function
 354              	CAN_ISR_GetVector:
 355              	.LFB5:
 235:.\Generated_Source\PSoC5/CAN_ISR.c ****     cyisraddress * ramVectorTable;
 356              		.loc 1 235 0
 357              		.cfi_startproc
 358              		@ args = 0, pretend = 0, frame = 0
 359              		@ frame_needed = 0, uses_anonymous_args = 0
 360              		@ link register save eliminated.
 361              	.LVL11:
 238:.\Generated_Source\PSoC5/CAN_ISR.c **** 
 362              		.loc 1 238 0
 363 0000 014B     		ldr	r3, .L20
 364              	.LVL12:
 240:.\Generated_Source\PSoC5/CAN_ISR.c **** }
 365              		.loc 1 240 0
 366 0002 1B68     		ldr	r3, [r3]
 367              	.LVL13:
 241:.\Generated_Source\PSoC5/CAN_ISR.c **** 
 368              		.loc 1 241 0
 369 0004 186C     		ldr	r0, [r3, #64]
 370 0006 7047     		bx	lr
 371              	.L21:
 372              		.align	2
 373              	.L20:
 374 0008 08ED00E0 		.word	-536810232
 375              		.cfi_endproc
 376              	.LFE5:
 377              		.size	CAN_ISR_GetVector, .-CAN_ISR_GetVector
 378              		.section	.text.CAN_ISR_SetPriority,"ax",%progbits
 379              		.align	2
 380              		.global	CAN_ISR_SetPriority
 381              		.thumb
 382              		.thumb_func
 383              		.type	CAN_ISR_SetPriority, %function
 384              	CAN_ISR_SetPriority:
 385              	.LFB6:
 269:.\Generated_Source\PSoC5/CAN_ISR.c ****     *CAN_ISR_INTC_PRIOR = priority << 5;
 386              		.loc 1 269 0
 387              		.cfi_startproc
 388              		@ args = 0, pretend = 0, frame = 0
 389              		@ frame_needed = 0, uses_anonymous_args = 0
 390              		@ link register save eliminated.
 391              	.LVL14:
 270:.\Generated_Source\PSoC5/CAN_ISR.c **** }
 392              		.loc 1 270 0
 393 0000 4001     		lsls	r0, r0, #5
 394              	.LVL15:
 395 0002 024B     		ldr	r3, .L23
 396 0004 C0B2     		uxtb	r0, r0
 397 0006 1870     		strb	r0, [r3]
 398 0008 7047     		bx	lr
 399              	.L24:
 400 000a 00BF     		.align	2
ARM GAS  C:\Users\Patrick\AppData\Local\Temp\ccOS0ljf.s 			page 15


 401              	.L23:
 402 000c 00E400E0 		.word	-536812544
 403              		.cfi_endproc
 404              	.LFE6:
 405              		.size	CAN_ISR_SetPriority, .-CAN_ISR_SetPriority
 406              		.section	.text.CAN_ISR_GetPriority,"ax",%progbits
 407              		.align	2
 408              		.global	CAN_ISR_GetPriority
 409              		.thumb
 410              		.thumb_func
 411              		.type	CAN_ISR_GetPriority, %function
 412              	CAN_ISR_GetPriority:
 413              	.LFB7:
 291:.\Generated_Source\PSoC5/CAN_ISR.c ****     uint8 priority;
 414              		.loc 1 291 0
 415              		.cfi_startproc
 416              		@ args = 0, pretend = 0, frame = 0
 417              		@ frame_needed = 0, uses_anonymous_args = 0
 418              		@ link register save eliminated.
 295:.\Generated_Source\PSoC5/CAN_ISR.c **** 
 419              		.loc 1 295 0
 420 0000 014B     		ldr	r3, .L26
 421 0002 1878     		ldrb	r0, [r3]	@ zero_extendqisi2
 422              	.LVL16:
 298:.\Generated_Source\PSoC5/CAN_ISR.c **** 
 423              		.loc 1 298 0
 424 0004 4009     		lsrs	r0, r0, #5
 425              	.LVL17:
 426 0006 7047     		bx	lr
 427              	.L27:
 428              		.align	2
 429              	.L26:
 430 0008 00E400E0 		.word	-536812544
 431              		.cfi_endproc
 432              	.LFE7:
 433              		.size	CAN_ISR_GetPriority, .-CAN_ISR_GetPriority
 434              		.section	.text.CAN_ISR_Enable,"ax",%progbits
 435              		.align	2
 436              		.global	CAN_ISR_Enable
 437              		.thumb
 438              		.thumb_func
 439              		.type	CAN_ISR_Enable, %function
 440              	CAN_ISR_Enable:
 441              	.LFB8:
 318:.\Generated_Source\PSoC5/CAN_ISR.c ****     /* Enable the general interrupt. */
 442              		.loc 1 318 0
 443              		.cfi_startproc
 444              		@ args = 0, pretend = 0, frame = 0
 445              		@ frame_needed = 0, uses_anonymous_args = 0
 446              		@ link register save eliminated.
 320:.\Generated_Source\PSoC5/CAN_ISR.c **** }
 447              		.loc 1 320 0
 448 0000 014B     		ldr	r3, .L29
 449 0002 0122     		movs	r2, #1
 450 0004 1A60     		str	r2, [r3]
 451 0006 7047     		bx	lr
 452              	.L30:
ARM GAS  C:\Users\Patrick\AppData\Local\Temp\ccOS0ljf.s 			page 16


 453              		.align	2
 454              	.L29:
 455 0008 00E100E0 		.word	-536813312
 456              		.cfi_endproc
 457              	.LFE8:
 458              		.size	CAN_ISR_Enable, .-CAN_ISR_Enable
 459              		.section	.text.CAN_ISR_GetState,"ax",%progbits
 460              		.align	2
 461              		.global	CAN_ISR_GetState
 462              		.thumb
 463              		.thumb_func
 464              		.type	CAN_ISR_GetState, %function
 465              	CAN_ISR_GetState:
 466              	.LFB9:
 339:.\Generated_Source\PSoC5/CAN_ISR.c ****     /* Get the state of the general interrupt. */
 467              		.loc 1 339 0
 468              		.cfi_startproc
 469              		@ args = 0, pretend = 0, frame = 0
 470              		@ frame_needed = 0, uses_anonymous_args = 0
 471              		@ link register save eliminated.
 341:.\Generated_Source\PSoC5/CAN_ISR.c **** }
 472              		.loc 1 341 0
 473 0000 024B     		ldr	r3, .L32
 474 0002 1868     		ldr	r0, [r3]
 342:.\Generated_Source\PSoC5/CAN_ISR.c **** 
 475              		.loc 1 342 0
 476 0004 00F00100 		and	r0, r0, #1
 477 0008 7047     		bx	lr
 478              	.L33:
 479 000a 00BF     		.align	2
 480              	.L32:
 481 000c 00E100E0 		.word	-536813312
 482              		.cfi_endproc
 483              	.LFE9:
 484              		.size	CAN_ISR_GetState, .-CAN_ISR_GetState
 485              		.section	.text.CAN_ISR_Disable,"ax",%progbits
 486              		.align	2
 487              		.global	CAN_ISR_Disable
 488              		.thumb
 489              		.thumb_func
 490              		.type	CAN_ISR_Disable, %function
 491              	CAN_ISR_Disable:
 492              	.LFB10:
 360:.\Generated_Source\PSoC5/CAN_ISR.c ****     /* Disable the general interrupt. */
 493              		.loc 1 360 0
 494              		.cfi_startproc
 495              		@ args = 0, pretend = 0, frame = 0
 496              		@ frame_needed = 0, uses_anonymous_args = 0
 497              		@ link register save eliminated.
 498              		.loc 1 362 0
 499 0000 014B     		ldr	r3, .L35
 500 0002 0122     		movs	r2, #1
 501 0004 1A60     		str	r2, [r3]
 502 0006 7047     		bx	lr
 503              	.L36:
 504              		.align	2
 505              	.L35:
ARM GAS  C:\Users\Patrick\AppData\Local\Temp\ccOS0ljf.s 			page 17


 506 0008 80E100E0 		.word	-536813184
 507              		.cfi_endproc
 508              	.LFE10:
 509              		.size	CAN_ISR_Disable, .-CAN_ISR_Disable
 510              		.section	.text.CAN_ISR_SetPending,"ax",%progbits
 511              		.align	2
 512              		.global	CAN_ISR_SetPending
 513              		.thumb
 514              		.thumb_func
 515              		.type	CAN_ISR_SetPending, %function
 516              	CAN_ISR_SetPending:
 517              	.LFB11:
 363:.\Generated_Source\PSoC5/CAN_ISR.c **** }
 364:.\Generated_Source\PSoC5/CAN_ISR.c **** 
 365:.\Generated_Source\PSoC5/CAN_ISR.c **** 
 366:.\Generated_Source\PSoC5/CAN_ISR.c **** /*******************************************************************************
 367:.\Generated_Source\PSoC5/CAN_ISR.c **** * Function Name: CAN_ISR_SetPending
 368:.\Generated_Source\PSoC5/CAN_ISR.c **** ********************************************************************************
 369:.\Generated_Source\PSoC5/CAN_ISR.c **** *
 370:.\Generated_Source\PSoC5/CAN_ISR.c **** * Summary:
 371:.\Generated_Source\PSoC5/CAN_ISR.c **** *   Causes the Interrupt to enter the pending state, a software method of
 372:.\Generated_Source\PSoC5/CAN_ISR.c **** *   generating the interrupt.
 373:.\Generated_Source\PSoC5/CAN_ISR.c **** *
 374:.\Generated_Source\PSoC5/CAN_ISR.c **** * Parameters:
 375:.\Generated_Source\PSoC5/CAN_ISR.c **** *   None
 376:.\Generated_Source\PSoC5/CAN_ISR.c **** *
 377:.\Generated_Source\PSoC5/CAN_ISR.c **** * Return:
 378:.\Generated_Source\PSoC5/CAN_ISR.c **** *   None
 379:.\Generated_Source\PSoC5/CAN_ISR.c **** *
 380:.\Generated_Source\PSoC5/CAN_ISR.c **** * Side Effects:
 381:.\Generated_Source\PSoC5/CAN_ISR.c **** *   If interrupts are enabled and the interrupt is set up properly, the ISR is
 382:.\Generated_Source\PSoC5/CAN_ISR.c **** *   entered (depending on the priority of this interrupt and other pending 
 383:.\Generated_Source\PSoC5/CAN_ISR.c **** *   interrupts).
 384:.\Generated_Source\PSoC5/CAN_ISR.c **** *
 385:.\Generated_Source\PSoC5/CAN_ISR.c **** *******************************************************************************/
 386:.\Generated_Source\PSoC5/CAN_ISR.c **** void CAN_ISR_SetPending(void)
 387:.\Generated_Source\PSoC5/CAN_ISR.c **** {
 518              		.loc 1 387 0
 519              		.cfi_startproc
 520              		@ args = 0, pretend = 0, frame = 0
 521              		@ frame_needed = 0, uses_anonymous_args = 0
 522              		@ link register save eliminated.
 388:.\Generated_Source\PSoC5/CAN_ISR.c ****     *CAN_ISR_INTC_SET_PD = CAN_ISR__INTC_MASK;
 523              		.loc 1 388 0
 524 0000 014B     		ldr	r3, .L38
 525 0002 0122     		movs	r2, #1
 526 0004 1A60     		str	r2, [r3]
 527 0006 7047     		bx	lr
 528              	.L39:
 529              		.align	2
 530              	.L38:
 531 0008 00E200E0 		.word	-536813056
 532              		.cfi_endproc
 533              	.LFE11:
 534              		.size	CAN_ISR_SetPending, .-CAN_ISR_SetPending
 535              		.section	.text.CAN_ISR_ClearPending,"ax",%progbits
 536              		.align	2
ARM GAS  C:\Users\Patrick\AppData\Local\Temp\ccOS0ljf.s 			page 18


 537              		.global	CAN_ISR_ClearPending
 538              		.thumb
 539              		.thumb_func
 540              		.type	CAN_ISR_ClearPending, %function
 541              	CAN_ISR_ClearPending:
 542              	.LFB12:
 389:.\Generated_Source\PSoC5/CAN_ISR.c **** }
 390:.\Generated_Source\PSoC5/CAN_ISR.c **** 
 391:.\Generated_Source\PSoC5/CAN_ISR.c **** 
 392:.\Generated_Source\PSoC5/CAN_ISR.c **** /*******************************************************************************
 393:.\Generated_Source\PSoC5/CAN_ISR.c **** * Function Name: CAN_ISR_ClearPending
 394:.\Generated_Source\PSoC5/CAN_ISR.c **** ********************************************************************************
 395:.\Generated_Source\PSoC5/CAN_ISR.c **** *
 396:.\Generated_Source\PSoC5/CAN_ISR.c **** * Summary:
 397:.\Generated_Source\PSoC5/CAN_ISR.c **** *   Clears a pending interrupt in the interrupt controller.
 398:.\Generated_Source\PSoC5/CAN_ISR.c **** *
 399:.\Generated_Source\PSoC5/CAN_ISR.c **** *   Note Some interrupt sources are clear-on-read and require the block 
 400:.\Generated_Source\PSoC5/CAN_ISR.c **** *   interrupt/status register to be read/cleared with the appropriate block API 
 401:.\Generated_Source\PSoC5/CAN_ISR.c **** *   (GPIO, UART, and so on). Otherwise the ISR will continue to remain in 
 402:.\Generated_Source\PSoC5/CAN_ISR.c **** *   pending state even though the interrupt itself is cleared using this API.
 403:.\Generated_Source\PSoC5/CAN_ISR.c **** *
 404:.\Generated_Source\PSoC5/CAN_ISR.c **** * Parameters:
 405:.\Generated_Source\PSoC5/CAN_ISR.c **** *   None
 406:.\Generated_Source\PSoC5/CAN_ISR.c **** *
 407:.\Generated_Source\PSoC5/CAN_ISR.c **** * Return:
 408:.\Generated_Source\PSoC5/CAN_ISR.c **** *   None
 409:.\Generated_Source\PSoC5/CAN_ISR.c **** *
 410:.\Generated_Source\PSoC5/CAN_ISR.c **** *******************************************************************************/
 411:.\Generated_Source\PSoC5/CAN_ISR.c **** void CAN_ISR_ClearPending(void)
 412:.\Generated_Source\PSoC5/CAN_ISR.c **** {
 543              		.loc 1 412 0
 544              		.cfi_startproc
 545              		@ args = 0, pretend = 0, frame = 0
 546              		@ frame_needed = 0, uses_anonymous_args = 0
 547              		@ link register save eliminated.
 413:.\Generated_Source\PSoC5/CAN_ISR.c ****     *CAN_ISR_INTC_CLR_PD = CAN_ISR__INTC_MASK;
 548              		.loc 1 413 0
 549 0000 014B     		ldr	r3, .L41
 550 0002 0122     		movs	r2, #1
 551 0004 1A60     		str	r2, [r3]
 552 0006 7047     		bx	lr
 553              	.L42:
 554              		.align	2
 555              	.L41:
 556 0008 80E200E0 		.word	-536812928
 557              		.cfi_endproc
 558              	.LFE12:
 559              		.size	CAN_ISR_ClearPending, .-CAN_ISR_ClearPending
 560              		.text
 561              	.Letext0:
 562              		.file 2 "Generated_Source\\PSoC5/cytypes.h"
 563              		.file 3 ".\\Generated_Source\\PSoC5\\CAN_1.h"
 564              		.section	.debug_info,"",%progbits
 565              	.Ldebug_info0:
 566 0000 89030000 		.4byte	0x389
 567 0004 0400     		.2byte	0x4
 568 0006 00000000 		.4byte	.Ldebug_abbrev0
ARM GAS  C:\Users\Patrick\AppData\Local\Temp\ccOS0ljf.s 			page 19


 569 000a 04       		.byte	0x4
 570 000b 01       		.uleb128 0x1
 571 000c CF000000 		.4byte	.LASF33
 572 0010 01       		.byte	0x1
 573 0011 0F020000 		.4byte	.LASF34
 574 0015 25000000 		.4byte	.LASF35
 575 0019 28010000 		.4byte	.Ldebug_ranges0+0x128
 576 001d 00000000 		.4byte	0
 577 0021 00000000 		.4byte	.Ldebug_line0
 578 0025 02       		.uleb128 0x2
 579 0026 04       		.byte	0x4
 580 0027 05       		.byte	0x5
 581 0028 696E7400 		.ascii	"int\000"
 582 002c 03       		.uleb128 0x3
 583 002d 04       		.byte	0x4
 584 002e 07       		.byte	0x7
 585 002f C9010000 		.4byte	.LASF0
 586 0033 03       		.uleb128 0x3
 587 0034 01       		.byte	0x1
 588 0035 06       		.byte	0x6
 589 0036 A5020000 		.4byte	.LASF1
 590 003a 03       		.uleb128 0x3
 591 003b 01       		.byte	0x1
 592 003c 08       		.byte	0x8
 593 003d C1000000 		.4byte	.LASF2
 594 0041 03       		.uleb128 0x3
 595 0042 02       		.byte	0x2
 596 0043 05       		.byte	0x5
 597 0044 92020000 		.4byte	.LASF3
 598 0048 03       		.uleb128 0x3
 599 0049 02       		.byte	0x2
 600 004a 07       		.byte	0x7
 601 004b B1020000 		.4byte	.LASF4
 602 004f 03       		.uleb128 0x3
 603 0050 04       		.byte	0x4
 604 0051 05       		.byte	0x5
 605 0052 9C020000 		.4byte	.LASF5
 606 0056 03       		.uleb128 0x3
 607 0057 04       		.byte	0x4
 608 0058 07       		.byte	0x7
 609 0059 62010000 		.4byte	.LASF6
 610 005d 03       		.uleb128 0x3
 611 005e 08       		.byte	0x8
 612 005f 05       		.byte	0x5
 613 0060 4B020000 		.4byte	.LASF7
 614 0064 03       		.uleb128 0x3
 615 0065 08       		.byte	0x8
 616 0066 07       		.byte	0x7
 617 0067 DE010000 		.4byte	.LASF8
 618 006b 03       		.uleb128 0x3
 619 006c 04       		.byte	0x4
 620 006d 07       		.byte	0x7
 621 006e 32020000 		.4byte	.LASF9
 622 0072 04       		.uleb128 0x4
 623 0073 04       		.byte	0x4
 624 0074 78000000 		.4byte	0x78
 625 0078 05       		.uleb128 0x5
ARM GAS  C:\Users\Patrick\AppData\Local\Temp\ccOS0ljf.s 			page 20


 626 0079 03       		.uleb128 0x3
 627 007a 01       		.byte	0x1
 628 007b 08       		.byte	0x8
 629 007c 59020000 		.4byte	.LASF10
 630 0080 06       		.uleb128 0x6
 631 0081 74010000 		.4byte	.LASF11
 632 0085 02       		.byte	0x2
 633 0086 9201     		.2byte	0x192
 634 0088 3A000000 		.4byte	0x3a
 635 008c 06       		.uleb128 0x6
 636 008d C2010000 		.4byte	.LASF12
 637 0091 02       		.byte	0x2
 638 0092 9401     		.2byte	0x194
 639 0094 56000000 		.4byte	0x56
 640 0098 03       		.uleb128 0x3
 641 0099 04       		.byte	0x4
 642 009a 04       		.byte	0x4
 643 009b BB000000 		.4byte	.LASF13
 644 009f 03       		.uleb128 0x3
 645 00a0 08       		.byte	0x8
 646 00a1 04       		.byte	0x4
 647 00a2 97010000 		.4byte	.LASF14
 648 00a6 06       		.uleb128 0x6
 649 00a7 5D010000 		.4byte	.LASF15
 650 00ab 02       		.byte	0x2
 651 00ac 3C02     		.2byte	0x23c
 652 00ae B2000000 		.4byte	0xb2
 653 00b2 07       		.uleb128 0x7
 654 00b3 80000000 		.4byte	0x80
 655 00b7 06       		.uleb128 0x6
 656 00b8 0E000000 		.4byte	.LASF16
 657 00bc 02       		.byte	0x2
 658 00bd 3E02     		.2byte	0x23e
 659 00bf C3000000 		.4byte	0xc3
 660 00c3 07       		.uleb128 0x7
 661 00c4 8C000000 		.4byte	0x8c
 662 00c8 06       		.uleb128 0x6
 663 00c9 F5010000 		.4byte	.LASF17
 664 00cd 02       		.byte	0x2
 665 00ce 4E02     		.2byte	0x24e
 666 00d0 72000000 		.4byte	0x72
 667 00d4 08       		.uleb128 0x8
 668 00d5 C4020000 		.4byte	.LASF22
 669 00d9 01       		.byte	0x1
 670 00da 6701     		.2byte	0x167
 671 00dc 01       		.byte	0x1
 672 00dd 09       		.uleb128 0x9
 673 00de 80020000 		.4byte	.LASF18
 674 00e2 01       		.byte	0x1
 675 00e3 D2       		.byte	0xd2
 676 00e4 01       		.byte	0x1
 677 00e5 00010000 		.4byte	0x100
 678 00e9 0A       		.uleb128 0xa
 679 00ea D6010000 		.4byte	.LASF20
 680 00ee 01       		.byte	0x1
 681 00ef D2       		.byte	0xd2
 682 00f0 C8000000 		.4byte	0xc8
ARM GAS  C:\Users\Patrick\AppData\Local\Temp\ccOS0ljf.s 			page 21


 683 00f4 0B       		.uleb128 0xb
 684 00f5 5E020000 		.4byte	.LASF30
 685 00f9 01       		.byte	0x1
 686 00fa D4       		.byte	0xd4
 687 00fb 00010000 		.4byte	0x100
 688 00ff 00       		.byte	0
 689 0100 04       		.uleb128 0x4
 690 0101 04       		.byte	0x4
 691 0102 C8000000 		.4byte	0xc8
 692 0106 0C       		.uleb128 0xc
 693 0107 83010000 		.4byte	.LASF19
 694 010b 01       		.byte	0x1
 695 010c 0C01     		.2byte	0x10c
 696 010e 01       		.byte	0x1
 697 010f 20010000 		.4byte	0x120
 698 0113 0D       		.uleb128 0xd
 699 0114 7A010000 		.4byte	.LASF21
 700 0118 01       		.byte	0x1
 701 0119 0C01     		.2byte	0x10c
 702 011b 80000000 		.4byte	0x80
 703 011f 00       		.byte	0
 704 0120 08       		.uleb128 0x8
 705 0121 86000000 		.4byte	.LASF23
 706 0125 01       		.byte	0x1
 707 0126 3D01     		.2byte	0x13d
 708 0128 01       		.byte	0x1
 709 0129 0E       		.uleb128 0xe
 710 012a 95000000 		.4byte	.LASF24
 711 012e 01       		.byte	0x1
 712 012f A2       		.byte	0xa2
 713 0130 00000000 		.4byte	.LFB3
 714 0134 10000000 		.4byte	.LFE3-.LFB3
 715 0138 01       		.uleb128 0x1
 716 0139 9C       		.byte	0x9c
 717 013a 48010000 		.4byte	0x148
 718 013e 0F       		.uleb128 0xf
 719 013f 06000000 		.4byte	.LVL0
 720 0143 80030000 		.4byte	0x380
 721 0147 00       		.byte	0
 722 0148 0E       		.uleb128 0xe
 723 0149 00000000 		.4byte	.LASF25
 724 014d 01       		.byte	0x1
 725 014e 3F       		.byte	0x3f
 726 014f 00000000 		.4byte	.LFB0
 727 0153 34000000 		.4byte	.LFE0-.LFB0
 728 0157 01       		.uleb128 0x1
 729 0158 9C       		.byte	0x9c
 730 0159 C5010000 		.4byte	0x1c5
 731 015d 10       		.uleb128 0x10
 732 015e DD000000 		.4byte	0xdd
 733 0162 02000000 		.4byte	.LBB22
 734 0166 00000000 		.4byte	.Ldebug_ranges0+0
 735 016a 01       		.byte	0x1
 736 016b 45       		.byte	0x45
 737 016c 8C010000 		.4byte	0x18c
 738 0170 11       		.uleb128 0x11
 739 0171 E9000000 		.4byte	0xe9
ARM GAS  C:\Users\Patrick\AppData\Local\Temp\ccOS0ljf.s 			page 22


 740 0175 06       		.uleb128 0x6
 741 0176 03       		.byte	0x3
 742 0177 00000000 		.4byte	CAN_ISR_Interrupt
 743 017b 9F       		.byte	0x9f
 744 017c 12       		.uleb128 0x12
 745 017d 00000000 		.4byte	.Ldebug_ranges0+0
 746 0181 13       		.uleb128 0x13
 747 0182 F4000000 		.4byte	0xf4
 748 0186 00000000 		.4byte	.LLST0
 749 018a 00       		.byte	0
 750 018b 00       		.byte	0
 751 018c 14       		.uleb128 0x14
 752 018d D4000000 		.4byte	0xd4
 753 0191 04000000 		.4byte	.LBB26
 754 0195 20000000 		.4byte	.Ldebug_ranges0+0x20
 755 0199 01       		.byte	0x1
 756 019a 42       		.byte	0x42
 757 019b 10       		.uleb128 0x10
 758 019c 06010000 		.4byte	0x106
 759 01a0 0A000000 		.4byte	.LBB31
 760 01a4 40000000 		.4byte	.Ldebug_ranges0+0x40
 761 01a8 01       		.byte	0x1
 762 01a9 48       		.byte	0x48
 763 01aa B5010000 		.4byte	0x1b5
 764 01ae 15       		.uleb128 0x15
 765 01af 13010000 		.4byte	0x113
 766 01b3 07       		.byte	0x7
 767 01b4 00       		.byte	0
 768 01b5 14       		.uleb128 0x14
 769 01b6 20010000 		.4byte	0x120
 770 01ba 0E000000 		.4byte	.LBB36
 771 01be 60000000 		.4byte	.Ldebug_ranges0+0x60
 772 01c2 01       		.byte	0x1
 773 01c3 4B       		.byte	0x4b
 774 01c4 00       		.byte	0
 775 01c5 0E       		.uleb128 0xe
 776 01c6 3B020000 		.4byte	.LASF26
 777 01ca 01       		.byte	0x1
 778 01cb 6A       		.byte	0x6a
 779 01cc 00000000 		.4byte	.LFB1
 780 01d0 2C000000 		.4byte	.LFE1-.LFB1
 781 01d4 01       		.uleb128 0x1
 782 01d5 9C       		.byte	0x9c
 783 01d6 4A020000 		.4byte	0x24a
 784 01da 16       		.uleb128 0x16
 785 01db D6010000 		.4byte	.LASF20
 786 01df 01       		.byte	0x1
 787 01e0 6A       		.byte	0x6a
 788 01e1 C8000000 		.4byte	0xc8
 789 01e5 01       		.uleb128 0x1
 790 01e6 50       		.byte	0x50
 791 01e7 10       		.uleb128 0x10
 792 01e8 DD000000 		.4byte	0xdd
 793 01ec 02000000 		.4byte	.LBB44
 794 01f0 78000000 		.4byte	.Ldebug_ranges0+0x78
 795 01f4 01       		.byte	0x1
 796 01f5 70       		.byte	0x70
ARM GAS  C:\Users\Patrick\AppData\Local\Temp\ccOS0ljf.s 			page 23


 797 01f6 11020000 		.4byte	0x211
 798 01fa 11       		.uleb128 0x11
 799 01fb E9000000 		.4byte	0xe9
 800 01ff 01       		.uleb128 0x1
 801 0200 50       		.byte	0x50
 802 0201 12       		.uleb128 0x12
 803 0202 78000000 		.4byte	.Ldebug_ranges0+0x78
 804 0206 13       		.uleb128 0x13
 805 0207 F4000000 		.4byte	0xf4
 806 020b 13000000 		.4byte	.LLST1
 807 020f 00       		.byte	0
 808 0210 00       		.byte	0
 809 0211 14       		.uleb128 0x14
 810 0212 D4000000 		.4byte	0xd4
 811 0216 04000000 		.4byte	.LBB48
 812 021a 98000000 		.4byte	.Ldebug_ranges0+0x98
 813 021e 01       		.byte	0x1
 814 021f 6D       		.byte	0x6d
 815 0220 10       		.uleb128 0x10
 816 0221 06010000 		.4byte	0x106
 817 0225 08000000 		.4byte	.LBB53
 818 0229 B8000000 		.4byte	.Ldebug_ranges0+0xb8
 819 022d 01       		.byte	0x1
 820 022e 73       		.byte	0x73
 821 022f 3A020000 		.4byte	0x23a
 822 0233 15       		.uleb128 0x15
 823 0234 13010000 		.4byte	0x113
 824 0238 07       		.byte	0x7
 825 0239 00       		.byte	0
 826 023a 14       		.uleb128 0x14
 827 023b 20010000 		.4byte	0x120
 828 023f 0E000000 		.4byte	.LBB59
 829 0243 D8000000 		.4byte	.Ldebug_ranges0+0xd8
 830 0247 01       		.byte	0x1
 831 0248 76       		.byte	0x76
 832 0249 00       		.byte	0
 833 024a 0E       		.uleb128 0xe
 834 024b 02020000 		.4byte	.LASF27
 835 024f 01       		.byte	0x1
 836 0250 88       		.byte	0x88
 837 0251 00000000 		.4byte	.LFB2
 838 0255 1C000000 		.4byte	.LFE2-.LFB2
 839 0259 01       		.uleb128 0x1
 840 025a 9C       		.byte	0x9c
 841 025b 95020000 		.4byte	0x295
 842 025f 10       		.uleb128 0x10
 843 0260 DD000000 		.4byte	0xdd
 844 0264 00000000 		.4byte	.LBB66
 845 0268 F0000000 		.4byte	.Ldebug_ranges0+0xf0
 846 026c 01       		.byte	0x1
 847 026d 8E       		.byte	0x8e
 848 026e 85020000 		.4byte	0x285
 849 0272 17       		.uleb128 0x17
 850 0273 E9000000 		.4byte	0xe9
 851 0277 12       		.uleb128 0x12
 852 0278 F0000000 		.4byte	.Ldebug_ranges0+0xf0
 853 027c 18       		.uleb128 0x18
ARM GAS  C:\Users\Patrick\AppData\Local\Temp\ccOS0ljf.s 			page 24


 854 027d F4000000 		.4byte	0xf4
 855 0281 01       		.uleb128 0x1
 856 0282 53       		.byte	0x53
 857 0283 00       		.byte	0
 858 0284 00       		.byte	0
 859 0285 14       		.uleb128 0x14
 860 0286 D4000000 		.4byte	0xd4
 861 028a 02000000 		.4byte	.LBB70
 862 028e 10010000 		.4byte	.Ldebug_ranges0+0x110
 863 0292 01       		.byte	0x1
 864 0293 8B       		.byte	0x8b
 865 0294 00       		.byte	0
 866 0295 19       		.uleb128 0x19
 867 0296 DD000000 		.4byte	0xdd
 868 029a 00000000 		.4byte	.LFB4
 869 029e 0C000000 		.4byte	.LFE4-.LFB4
 870 02a2 01       		.uleb128 0x1
 871 02a3 9C       		.byte	0x9c
 872 02a4 B7020000 		.4byte	0x2b7
 873 02a8 11       		.uleb128 0x11
 874 02a9 E9000000 		.4byte	0xe9
 875 02ad 01       		.uleb128 0x1
 876 02ae 50       		.byte	0x50
 877 02af 18       		.uleb128 0x18
 878 02b0 F4000000 		.4byte	0xf4
 879 02b4 01       		.uleb128 0x1
 880 02b5 53       		.byte	0x53
 881 02b6 00       		.byte	0
 882 02b7 1A       		.uleb128 0x1a
 883 02b8 74000000 		.4byte	.LASF28
 884 02bc 01       		.byte	0x1
 885 02bd EA       		.byte	0xea
 886 02be C8000000 		.4byte	0xc8
 887 02c2 00000000 		.4byte	.LFB5
 888 02c6 0C000000 		.4byte	.LFE5-.LFB5
 889 02ca 01       		.uleb128 0x1
 890 02cb 9C       		.byte	0x9c
 891 02cc E0020000 		.4byte	0x2e0
 892 02d0 1B       		.uleb128 0x1b
 893 02d1 5E020000 		.4byte	.LASF30
 894 02d5 01       		.byte	0x1
 895 02d6 EC       		.byte	0xec
 896 02d7 00010000 		.4byte	0x100
 897 02db 26000000 		.4byte	.LLST2
 898 02df 00       		.byte	0
 899 02e0 19       		.uleb128 0x19
 900 02e1 06010000 		.4byte	0x106
 901 02e5 00000000 		.4byte	.LFB6
 902 02e9 10000000 		.4byte	.LFE6-.LFB6
 903 02ed 01       		.uleb128 0x1
 904 02ee 9C       		.byte	0x9c
 905 02ef FD020000 		.4byte	0x2fd
 906 02f3 1C       		.uleb128 0x1c
 907 02f4 13010000 		.4byte	0x113
 908 02f8 55000000 		.4byte	.LLST3
 909 02fc 00       		.byte	0
 910 02fd 1D       		.uleb128 0x1d
ARM GAS  C:\Users\Patrick\AppData\Local\Temp\ccOS0ljf.s 			page 25


 911 02fe A7000000 		.4byte	.LASF29
 912 0302 01       		.byte	0x1
 913 0303 2201     		.2byte	0x122
 914 0305 80000000 		.4byte	0x80
 915 0309 00000000 		.4byte	.LFB7
 916 030d 0C000000 		.4byte	.LFE7-.LFB7
 917 0311 01       		.uleb128 0x1
 918 0312 9C       		.byte	0x9c
 919 0313 28030000 		.4byte	0x328
 920 0317 1E       		.uleb128 0x1e
 921 0318 7A010000 		.4byte	.LASF21
 922 031c 01       		.byte	0x1
 923 031d 2401     		.2byte	0x124
 924 031f 80000000 		.4byte	0x80
 925 0323 76000000 		.4byte	.LLST4
 926 0327 00       		.byte	0
 927 0328 1F       		.uleb128 0x1f
 928 0329 20010000 		.4byte	0x120
 929 032d 00000000 		.4byte	.LFB8
 930 0331 0C000000 		.4byte	.LFE8-.LFB8
 931 0335 01       		.uleb128 0x1
 932 0336 9C       		.byte	0x9c
 933 0337 20       		.uleb128 0x20
 934 0338 14000000 		.4byte	.LASF36
 935 033c 01       		.byte	0x1
 936 033d 5201     		.2byte	0x152
 937 033f 80000000 		.4byte	0x80
 938 0343 00000000 		.4byte	.LFB9
 939 0347 10000000 		.4byte	.LFE9-.LFB9
 940 034b 01       		.uleb128 0x1
 941 034c 9C       		.byte	0x9c
 942 034d 1F       		.uleb128 0x1f
 943 034e D4000000 		.4byte	0xd4
 944 0352 00000000 		.4byte	.LFB10
 945 0356 0C000000 		.4byte	.LFE10-.LFB10
 946 035a 01       		.uleb128 0x1
 947 035b 9C       		.byte	0x9c
 948 035c 21       		.uleb128 0x21
 949 035d 6D020000 		.4byte	.LASF31
 950 0361 01       		.byte	0x1
 951 0362 8201     		.2byte	0x182
 952 0364 00000000 		.4byte	.LFB11
 953 0368 0C000000 		.4byte	.LFE11-.LFB11
 954 036c 01       		.uleb128 0x1
 955 036d 9C       		.byte	0x9c
 956 036e 21       		.uleb128 0x21
 957 036f AD010000 		.4byte	.LASF32
 958 0373 01       		.byte	0x1
 959 0374 9B01     		.2byte	0x19b
 960 0376 00000000 		.4byte	.LFB12
 961 037a 0C000000 		.4byte	.LFE12-.LFB12
 962 037e 01       		.uleb128 0x1
 963 037f 9C       		.byte	0x9c
 964 0380 22       		.uleb128 0x22
 965 0381 9E010000 		.4byte	.LASF37
 966 0385 03       		.byte	0x3
 967 0386 1D01     		.2byte	0x11d
ARM GAS  C:\Users\Patrick\AppData\Local\Temp\ccOS0ljf.s 			page 26


 968 0388 80000000 		.4byte	0x80
 969 038c 00       		.byte	0
 970              		.section	.debug_abbrev,"",%progbits
 971              	.Ldebug_abbrev0:
 972 0000 01       		.uleb128 0x1
 973 0001 11       		.uleb128 0x11
 974 0002 01       		.byte	0x1
 975 0003 25       		.uleb128 0x25
 976 0004 0E       		.uleb128 0xe
 977 0005 13       		.uleb128 0x13
 978 0006 0B       		.uleb128 0xb
 979 0007 03       		.uleb128 0x3
 980 0008 0E       		.uleb128 0xe
 981 0009 1B       		.uleb128 0x1b
 982 000a 0E       		.uleb128 0xe
 983 000b 55       		.uleb128 0x55
 984 000c 17       		.uleb128 0x17
 985 000d 11       		.uleb128 0x11
 986 000e 01       		.uleb128 0x1
 987 000f 10       		.uleb128 0x10
 988 0010 17       		.uleb128 0x17
 989 0011 00       		.byte	0
 990 0012 00       		.byte	0
 991 0013 02       		.uleb128 0x2
 992 0014 24       		.uleb128 0x24
 993 0015 00       		.byte	0
 994 0016 0B       		.uleb128 0xb
 995 0017 0B       		.uleb128 0xb
 996 0018 3E       		.uleb128 0x3e
 997 0019 0B       		.uleb128 0xb
 998 001a 03       		.uleb128 0x3
 999 001b 08       		.uleb128 0x8
 1000 001c 00       		.byte	0
 1001 001d 00       		.byte	0
 1002 001e 03       		.uleb128 0x3
 1003 001f 24       		.uleb128 0x24
 1004 0020 00       		.byte	0
 1005 0021 0B       		.uleb128 0xb
 1006 0022 0B       		.uleb128 0xb
 1007 0023 3E       		.uleb128 0x3e
 1008 0024 0B       		.uleb128 0xb
 1009 0025 03       		.uleb128 0x3
 1010 0026 0E       		.uleb128 0xe
 1011 0027 00       		.byte	0
 1012 0028 00       		.byte	0
 1013 0029 04       		.uleb128 0x4
 1014 002a 0F       		.uleb128 0xf
 1015 002b 00       		.byte	0
 1016 002c 0B       		.uleb128 0xb
 1017 002d 0B       		.uleb128 0xb
 1018 002e 49       		.uleb128 0x49
 1019 002f 13       		.uleb128 0x13
 1020 0030 00       		.byte	0
 1021 0031 00       		.byte	0
 1022 0032 05       		.uleb128 0x5
 1023 0033 15       		.uleb128 0x15
 1024 0034 00       		.byte	0
ARM GAS  C:\Users\Patrick\AppData\Local\Temp\ccOS0ljf.s 			page 27


 1025 0035 27       		.uleb128 0x27
 1026 0036 19       		.uleb128 0x19
 1027 0037 00       		.byte	0
 1028 0038 00       		.byte	0
 1029 0039 06       		.uleb128 0x6
 1030 003a 16       		.uleb128 0x16
 1031 003b 00       		.byte	0
 1032 003c 03       		.uleb128 0x3
 1033 003d 0E       		.uleb128 0xe
 1034 003e 3A       		.uleb128 0x3a
 1035 003f 0B       		.uleb128 0xb
 1036 0040 3B       		.uleb128 0x3b
 1037 0041 05       		.uleb128 0x5
 1038 0042 49       		.uleb128 0x49
 1039 0043 13       		.uleb128 0x13
 1040 0044 00       		.byte	0
 1041 0045 00       		.byte	0
 1042 0046 07       		.uleb128 0x7
 1043 0047 35       		.uleb128 0x35
 1044 0048 00       		.byte	0
 1045 0049 49       		.uleb128 0x49
 1046 004a 13       		.uleb128 0x13
 1047 004b 00       		.byte	0
 1048 004c 00       		.byte	0
 1049 004d 08       		.uleb128 0x8
 1050 004e 2E       		.uleb128 0x2e
 1051 004f 00       		.byte	0
 1052 0050 3F       		.uleb128 0x3f
 1053 0051 19       		.uleb128 0x19
 1054 0052 03       		.uleb128 0x3
 1055 0053 0E       		.uleb128 0xe
 1056 0054 3A       		.uleb128 0x3a
 1057 0055 0B       		.uleb128 0xb
 1058 0056 3B       		.uleb128 0x3b
 1059 0057 05       		.uleb128 0x5
 1060 0058 27       		.uleb128 0x27
 1061 0059 19       		.uleb128 0x19
 1062 005a 20       		.uleb128 0x20
 1063 005b 0B       		.uleb128 0xb
 1064 005c 00       		.byte	0
 1065 005d 00       		.byte	0
 1066 005e 09       		.uleb128 0x9
 1067 005f 2E       		.uleb128 0x2e
 1068 0060 01       		.byte	0x1
 1069 0061 3F       		.uleb128 0x3f
 1070 0062 19       		.uleb128 0x19
 1071 0063 03       		.uleb128 0x3
 1072 0064 0E       		.uleb128 0xe
 1073 0065 3A       		.uleb128 0x3a
 1074 0066 0B       		.uleb128 0xb
 1075 0067 3B       		.uleb128 0x3b
 1076 0068 0B       		.uleb128 0xb
 1077 0069 27       		.uleb128 0x27
 1078 006a 19       		.uleb128 0x19
 1079 006b 20       		.uleb128 0x20
 1080 006c 0B       		.uleb128 0xb
 1081 006d 01       		.uleb128 0x1
ARM GAS  C:\Users\Patrick\AppData\Local\Temp\ccOS0ljf.s 			page 28


 1082 006e 13       		.uleb128 0x13
 1083 006f 00       		.byte	0
 1084 0070 00       		.byte	0
 1085 0071 0A       		.uleb128 0xa
 1086 0072 05       		.uleb128 0x5
 1087 0073 00       		.byte	0
 1088 0074 03       		.uleb128 0x3
 1089 0075 0E       		.uleb128 0xe
 1090 0076 3A       		.uleb128 0x3a
 1091 0077 0B       		.uleb128 0xb
 1092 0078 3B       		.uleb128 0x3b
 1093 0079 0B       		.uleb128 0xb
 1094 007a 49       		.uleb128 0x49
 1095 007b 13       		.uleb128 0x13
 1096 007c 00       		.byte	0
 1097 007d 00       		.byte	0
 1098 007e 0B       		.uleb128 0xb
 1099 007f 34       		.uleb128 0x34
 1100 0080 00       		.byte	0
 1101 0081 03       		.uleb128 0x3
 1102 0082 0E       		.uleb128 0xe
 1103 0083 3A       		.uleb128 0x3a
 1104 0084 0B       		.uleb128 0xb
 1105 0085 3B       		.uleb128 0x3b
 1106 0086 0B       		.uleb128 0xb
 1107 0087 49       		.uleb128 0x49
 1108 0088 13       		.uleb128 0x13
 1109 0089 00       		.byte	0
 1110 008a 00       		.byte	0
 1111 008b 0C       		.uleb128 0xc
 1112 008c 2E       		.uleb128 0x2e
 1113 008d 01       		.byte	0x1
 1114 008e 3F       		.uleb128 0x3f
 1115 008f 19       		.uleb128 0x19
 1116 0090 03       		.uleb128 0x3
 1117 0091 0E       		.uleb128 0xe
 1118 0092 3A       		.uleb128 0x3a
 1119 0093 0B       		.uleb128 0xb
 1120 0094 3B       		.uleb128 0x3b
 1121 0095 05       		.uleb128 0x5
 1122 0096 27       		.uleb128 0x27
 1123 0097 19       		.uleb128 0x19
 1124 0098 20       		.uleb128 0x20
 1125 0099 0B       		.uleb128 0xb
 1126 009a 01       		.uleb128 0x1
 1127 009b 13       		.uleb128 0x13
 1128 009c 00       		.byte	0
 1129 009d 00       		.byte	0
 1130 009e 0D       		.uleb128 0xd
 1131 009f 05       		.uleb128 0x5
 1132 00a0 00       		.byte	0
 1133 00a1 03       		.uleb128 0x3
 1134 00a2 0E       		.uleb128 0xe
 1135 00a3 3A       		.uleb128 0x3a
 1136 00a4 0B       		.uleb128 0xb
 1137 00a5 3B       		.uleb128 0x3b
 1138 00a6 05       		.uleb128 0x5
ARM GAS  C:\Users\Patrick\AppData\Local\Temp\ccOS0ljf.s 			page 29


 1139 00a7 49       		.uleb128 0x49
 1140 00a8 13       		.uleb128 0x13
 1141 00a9 00       		.byte	0
 1142 00aa 00       		.byte	0
 1143 00ab 0E       		.uleb128 0xe
 1144 00ac 2E       		.uleb128 0x2e
 1145 00ad 01       		.byte	0x1
 1146 00ae 3F       		.uleb128 0x3f
 1147 00af 19       		.uleb128 0x19
 1148 00b0 03       		.uleb128 0x3
 1149 00b1 0E       		.uleb128 0xe
 1150 00b2 3A       		.uleb128 0x3a
 1151 00b3 0B       		.uleb128 0xb
 1152 00b4 3B       		.uleb128 0x3b
 1153 00b5 0B       		.uleb128 0xb
 1154 00b6 27       		.uleb128 0x27
 1155 00b7 19       		.uleb128 0x19
 1156 00b8 11       		.uleb128 0x11
 1157 00b9 01       		.uleb128 0x1
 1158 00ba 12       		.uleb128 0x12
 1159 00bb 06       		.uleb128 0x6
 1160 00bc 40       		.uleb128 0x40
 1161 00bd 18       		.uleb128 0x18
 1162 00be 9742     		.uleb128 0x2117
 1163 00c0 19       		.uleb128 0x19
 1164 00c1 01       		.uleb128 0x1
 1165 00c2 13       		.uleb128 0x13
 1166 00c3 00       		.byte	0
 1167 00c4 00       		.byte	0
 1168 00c5 0F       		.uleb128 0xf
 1169 00c6 898201   		.uleb128 0x4109
 1170 00c9 00       		.byte	0
 1171 00ca 11       		.uleb128 0x11
 1172 00cb 01       		.uleb128 0x1
 1173 00cc 31       		.uleb128 0x31
 1174 00cd 13       		.uleb128 0x13
 1175 00ce 00       		.byte	0
 1176 00cf 00       		.byte	0
 1177 00d0 10       		.uleb128 0x10
 1178 00d1 1D       		.uleb128 0x1d
 1179 00d2 01       		.byte	0x1
 1180 00d3 31       		.uleb128 0x31
 1181 00d4 13       		.uleb128 0x13
 1182 00d5 52       		.uleb128 0x52
 1183 00d6 01       		.uleb128 0x1
 1184 00d7 55       		.uleb128 0x55
 1185 00d8 17       		.uleb128 0x17
 1186 00d9 58       		.uleb128 0x58
 1187 00da 0B       		.uleb128 0xb
 1188 00db 59       		.uleb128 0x59
 1189 00dc 0B       		.uleb128 0xb
 1190 00dd 01       		.uleb128 0x1
 1191 00de 13       		.uleb128 0x13
 1192 00df 00       		.byte	0
 1193 00e0 00       		.byte	0
 1194 00e1 11       		.uleb128 0x11
 1195 00e2 05       		.uleb128 0x5
ARM GAS  C:\Users\Patrick\AppData\Local\Temp\ccOS0ljf.s 			page 30


 1196 00e3 00       		.byte	0
 1197 00e4 31       		.uleb128 0x31
 1198 00e5 13       		.uleb128 0x13
 1199 00e6 02       		.uleb128 0x2
 1200 00e7 18       		.uleb128 0x18
 1201 00e8 00       		.byte	0
 1202 00e9 00       		.byte	0
 1203 00ea 12       		.uleb128 0x12
 1204 00eb 0B       		.uleb128 0xb
 1205 00ec 01       		.byte	0x1
 1206 00ed 55       		.uleb128 0x55
 1207 00ee 17       		.uleb128 0x17
 1208 00ef 00       		.byte	0
 1209 00f0 00       		.byte	0
 1210 00f1 13       		.uleb128 0x13
 1211 00f2 34       		.uleb128 0x34
 1212 00f3 00       		.byte	0
 1213 00f4 31       		.uleb128 0x31
 1214 00f5 13       		.uleb128 0x13
 1215 00f6 02       		.uleb128 0x2
 1216 00f7 17       		.uleb128 0x17
 1217 00f8 00       		.byte	0
 1218 00f9 00       		.byte	0
 1219 00fa 14       		.uleb128 0x14
 1220 00fb 1D       		.uleb128 0x1d
 1221 00fc 00       		.byte	0
 1222 00fd 31       		.uleb128 0x31
 1223 00fe 13       		.uleb128 0x13
 1224 00ff 52       		.uleb128 0x52
 1225 0100 01       		.uleb128 0x1
 1226 0101 55       		.uleb128 0x55
 1227 0102 17       		.uleb128 0x17
 1228 0103 58       		.uleb128 0x58
 1229 0104 0B       		.uleb128 0xb
 1230 0105 59       		.uleb128 0x59
 1231 0106 0B       		.uleb128 0xb
 1232 0107 00       		.byte	0
 1233 0108 00       		.byte	0
 1234 0109 15       		.uleb128 0x15
 1235 010a 05       		.uleb128 0x5
 1236 010b 00       		.byte	0
 1237 010c 31       		.uleb128 0x31
 1238 010d 13       		.uleb128 0x13
 1239 010e 1C       		.uleb128 0x1c
 1240 010f 0B       		.uleb128 0xb
 1241 0110 00       		.byte	0
 1242 0111 00       		.byte	0
 1243 0112 16       		.uleb128 0x16
 1244 0113 05       		.uleb128 0x5
 1245 0114 00       		.byte	0
 1246 0115 03       		.uleb128 0x3
 1247 0116 0E       		.uleb128 0xe
 1248 0117 3A       		.uleb128 0x3a
 1249 0118 0B       		.uleb128 0xb
 1250 0119 3B       		.uleb128 0x3b
 1251 011a 0B       		.uleb128 0xb
 1252 011b 49       		.uleb128 0x49
ARM GAS  C:\Users\Patrick\AppData\Local\Temp\ccOS0ljf.s 			page 31


 1253 011c 13       		.uleb128 0x13
 1254 011d 02       		.uleb128 0x2
 1255 011e 18       		.uleb128 0x18
 1256 011f 00       		.byte	0
 1257 0120 00       		.byte	0
 1258 0121 17       		.uleb128 0x17
 1259 0122 05       		.uleb128 0x5
 1260 0123 00       		.byte	0
 1261 0124 31       		.uleb128 0x31
 1262 0125 13       		.uleb128 0x13
 1263 0126 00       		.byte	0
 1264 0127 00       		.byte	0
 1265 0128 18       		.uleb128 0x18
 1266 0129 34       		.uleb128 0x34
 1267 012a 00       		.byte	0
 1268 012b 31       		.uleb128 0x31
 1269 012c 13       		.uleb128 0x13
 1270 012d 02       		.uleb128 0x2
 1271 012e 18       		.uleb128 0x18
 1272 012f 00       		.byte	0
 1273 0130 00       		.byte	0
 1274 0131 19       		.uleb128 0x19
 1275 0132 2E       		.uleb128 0x2e
 1276 0133 01       		.byte	0x1
 1277 0134 31       		.uleb128 0x31
 1278 0135 13       		.uleb128 0x13
 1279 0136 11       		.uleb128 0x11
 1280 0137 01       		.uleb128 0x1
 1281 0138 12       		.uleb128 0x12
 1282 0139 06       		.uleb128 0x6
 1283 013a 40       		.uleb128 0x40
 1284 013b 18       		.uleb128 0x18
 1285 013c 9742     		.uleb128 0x2117
 1286 013e 19       		.uleb128 0x19
 1287 013f 01       		.uleb128 0x1
 1288 0140 13       		.uleb128 0x13
 1289 0141 00       		.byte	0
 1290 0142 00       		.byte	0
 1291 0143 1A       		.uleb128 0x1a
 1292 0144 2E       		.uleb128 0x2e
 1293 0145 01       		.byte	0x1
 1294 0146 3F       		.uleb128 0x3f
 1295 0147 19       		.uleb128 0x19
 1296 0148 03       		.uleb128 0x3
 1297 0149 0E       		.uleb128 0xe
 1298 014a 3A       		.uleb128 0x3a
 1299 014b 0B       		.uleb128 0xb
 1300 014c 3B       		.uleb128 0x3b
 1301 014d 0B       		.uleb128 0xb
 1302 014e 27       		.uleb128 0x27
 1303 014f 19       		.uleb128 0x19
 1304 0150 49       		.uleb128 0x49
 1305 0151 13       		.uleb128 0x13
 1306 0152 11       		.uleb128 0x11
 1307 0153 01       		.uleb128 0x1
 1308 0154 12       		.uleb128 0x12
 1309 0155 06       		.uleb128 0x6
ARM GAS  C:\Users\Patrick\AppData\Local\Temp\ccOS0ljf.s 			page 32


 1310 0156 40       		.uleb128 0x40
 1311 0157 18       		.uleb128 0x18
 1312 0158 9742     		.uleb128 0x2117
 1313 015a 19       		.uleb128 0x19
 1314 015b 01       		.uleb128 0x1
 1315 015c 13       		.uleb128 0x13
 1316 015d 00       		.byte	0
 1317 015e 00       		.byte	0
 1318 015f 1B       		.uleb128 0x1b
 1319 0160 34       		.uleb128 0x34
 1320 0161 00       		.byte	0
 1321 0162 03       		.uleb128 0x3
 1322 0163 0E       		.uleb128 0xe
 1323 0164 3A       		.uleb128 0x3a
 1324 0165 0B       		.uleb128 0xb
 1325 0166 3B       		.uleb128 0x3b
 1326 0167 0B       		.uleb128 0xb
 1327 0168 49       		.uleb128 0x49
 1328 0169 13       		.uleb128 0x13
 1329 016a 02       		.uleb128 0x2
 1330 016b 17       		.uleb128 0x17
 1331 016c 00       		.byte	0
 1332 016d 00       		.byte	0
 1333 016e 1C       		.uleb128 0x1c
 1334 016f 05       		.uleb128 0x5
 1335 0170 00       		.byte	0
 1336 0171 31       		.uleb128 0x31
 1337 0172 13       		.uleb128 0x13
 1338 0173 02       		.uleb128 0x2
 1339 0174 17       		.uleb128 0x17
 1340 0175 00       		.byte	0
 1341 0176 00       		.byte	0
 1342 0177 1D       		.uleb128 0x1d
 1343 0178 2E       		.uleb128 0x2e
 1344 0179 01       		.byte	0x1
 1345 017a 3F       		.uleb128 0x3f
 1346 017b 19       		.uleb128 0x19
 1347 017c 03       		.uleb128 0x3
 1348 017d 0E       		.uleb128 0xe
 1349 017e 3A       		.uleb128 0x3a
 1350 017f 0B       		.uleb128 0xb
 1351 0180 3B       		.uleb128 0x3b
 1352 0181 05       		.uleb128 0x5
 1353 0182 27       		.uleb128 0x27
 1354 0183 19       		.uleb128 0x19
 1355 0184 49       		.uleb128 0x49
 1356 0185 13       		.uleb128 0x13
 1357 0186 11       		.uleb128 0x11
 1358 0187 01       		.uleb128 0x1
 1359 0188 12       		.uleb128 0x12
 1360 0189 06       		.uleb128 0x6
 1361 018a 40       		.uleb128 0x40
 1362 018b 18       		.uleb128 0x18
 1363 018c 9742     		.uleb128 0x2117
 1364 018e 19       		.uleb128 0x19
 1365 018f 01       		.uleb128 0x1
 1366 0190 13       		.uleb128 0x13
ARM GAS  C:\Users\Patrick\AppData\Local\Temp\ccOS0ljf.s 			page 33


 1367 0191 00       		.byte	0
 1368 0192 00       		.byte	0
 1369 0193 1E       		.uleb128 0x1e
 1370 0194 34       		.uleb128 0x34
 1371 0195 00       		.byte	0
 1372 0196 03       		.uleb128 0x3
 1373 0197 0E       		.uleb128 0xe
 1374 0198 3A       		.uleb128 0x3a
 1375 0199 0B       		.uleb128 0xb
 1376 019a 3B       		.uleb128 0x3b
 1377 019b 05       		.uleb128 0x5
 1378 019c 49       		.uleb128 0x49
 1379 019d 13       		.uleb128 0x13
 1380 019e 02       		.uleb128 0x2
 1381 019f 17       		.uleb128 0x17
 1382 01a0 00       		.byte	0
 1383 01a1 00       		.byte	0
 1384 01a2 1F       		.uleb128 0x1f
 1385 01a3 2E       		.uleb128 0x2e
 1386 01a4 00       		.byte	0
 1387 01a5 31       		.uleb128 0x31
 1388 01a6 13       		.uleb128 0x13
 1389 01a7 11       		.uleb128 0x11
 1390 01a8 01       		.uleb128 0x1
 1391 01a9 12       		.uleb128 0x12
 1392 01aa 06       		.uleb128 0x6
 1393 01ab 40       		.uleb128 0x40
 1394 01ac 18       		.uleb128 0x18
 1395 01ad 9742     		.uleb128 0x2117
 1396 01af 19       		.uleb128 0x19
 1397 01b0 00       		.byte	0
 1398 01b1 00       		.byte	0
 1399 01b2 20       		.uleb128 0x20
 1400 01b3 2E       		.uleb128 0x2e
 1401 01b4 00       		.byte	0
 1402 01b5 3F       		.uleb128 0x3f
 1403 01b6 19       		.uleb128 0x19
 1404 01b7 03       		.uleb128 0x3
 1405 01b8 0E       		.uleb128 0xe
 1406 01b9 3A       		.uleb128 0x3a
 1407 01ba 0B       		.uleb128 0xb
 1408 01bb 3B       		.uleb128 0x3b
 1409 01bc 05       		.uleb128 0x5
 1410 01bd 27       		.uleb128 0x27
 1411 01be 19       		.uleb128 0x19
 1412 01bf 49       		.uleb128 0x49
 1413 01c0 13       		.uleb128 0x13
 1414 01c1 11       		.uleb128 0x11
 1415 01c2 01       		.uleb128 0x1
 1416 01c3 12       		.uleb128 0x12
 1417 01c4 06       		.uleb128 0x6
 1418 01c5 40       		.uleb128 0x40
 1419 01c6 18       		.uleb128 0x18
 1420 01c7 9742     		.uleb128 0x2117
 1421 01c9 19       		.uleb128 0x19
 1422 01ca 00       		.byte	0
 1423 01cb 00       		.byte	0
ARM GAS  C:\Users\Patrick\AppData\Local\Temp\ccOS0ljf.s 			page 34


 1424 01cc 21       		.uleb128 0x21
 1425 01cd 2E       		.uleb128 0x2e
 1426 01ce 00       		.byte	0
 1427 01cf 3F       		.uleb128 0x3f
 1428 01d0 19       		.uleb128 0x19
 1429 01d1 03       		.uleb128 0x3
 1430 01d2 0E       		.uleb128 0xe
 1431 01d3 3A       		.uleb128 0x3a
 1432 01d4 0B       		.uleb128 0xb
 1433 01d5 3B       		.uleb128 0x3b
 1434 01d6 05       		.uleb128 0x5
 1435 01d7 27       		.uleb128 0x27
 1436 01d8 19       		.uleb128 0x19
 1437 01d9 11       		.uleb128 0x11
 1438 01da 01       		.uleb128 0x1
 1439 01db 12       		.uleb128 0x12
 1440 01dc 06       		.uleb128 0x6
 1441 01dd 40       		.uleb128 0x40
 1442 01de 18       		.uleb128 0x18
 1443 01df 9742     		.uleb128 0x2117
 1444 01e1 19       		.uleb128 0x19
 1445 01e2 00       		.byte	0
 1446 01e3 00       		.byte	0
 1447 01e4 22       		.uleb128 0x22
 1448 01e5 2E       		.uleb128 0x2e
 1449 01e6 00       		.byte	0
 1450 01e7 3F       		.uleb128 0x3f
 1451 01e8 19       		.uleb128 0x19
 1452 01e9 03       		.uleb128 0x3
 1453 01ea 0E       		.uleb128 0xe
 1454 01eb 3A       		.uleb128 0x3a
 1455 01ec 0B       		.uleb128 0xb
 1456 01ed 3B       		.uleb128 0x3b
 1457 01ee 05       		.uleb128 0x5
 1458 01ef 27       		.uleb128 0x27
 1459 01f0 19       		.uleb128 0x19
 1460 01f1 49       		.uleb128 0x49
 1461 01f2 13       		.uleb128 0x13
 1462 01f3 3C       		.uleb128 0x3c
 1463 01f4 19       		.uleb128 0x19
 1464 01f5 00       		.byte	0
 1465 01f6 00       		.byte	0
 1466 01f7 00       		.byte	0
 1467              		.section	.debug_loc,"",%progbits
 1468              	.Ldebug_loc0:
 1469              	.LLST0:
 1470 0000 14000000 		.4byte	.LVL1
 1471 0004 1A000000 		.4byte	.LVL3
 1472 0008 0100     		.2byte	0x1
 1473 000a 54       		.byte	0x54
 1474 000b 00000000 		.4byte	0
 1475 000f 00000000 		.4byte	0
 1476              	.LLST1:
 1477 0013 12000000 		.4byte	.LVL5
 1478 0017 18000000 		.4byte	.LVL7
 1479 001b 0100     		.2byte	0x1
 1480 001d 55       		.byte	0x55
ARM GAS  C:\Users\Patrick\AppData\Local\Temp\ccOS0ljf.s 			page 35


 1481 001e 00000000 		.4byte	0
 1482 0022 00000000 		.4byte	0
 1483              	.LLST2:
 1484 0026 00000000 		.4byte	.LVL11
 1485 002a 02000000 		.4byte	.LVL12
 1486 002e 0600     		.2byte	0x6
 1487 0030 11       		.byte	0x11
 1488 0031 88DA8380 		.sleb128 -536810232
 1488      7E
 1489 0036 02000000 		.4byte	.LVL12
 1490 003a 04000000 		.4byte	.LVL13
 1491 003e 0200     		.2byte	0x2
 1492 0040 73       		.byte	0x73
 1493 0041 00       		.sleb128 0
 1494 0042 04000000 		.4byte	.LVL13
 1495 0046 0C000000 		.4byte	.LFE5
 1496 004a 0100     		.2byte	0x1
 1497 004c 53       		.byte	0x53
 1498 004d 00000000 		.4byte	0
 1499 0051 00000000 		.4byte	0
 1500              	.LLST3:
 1501 0055 00000000 		.4byte	.LVL14
 1502 0059 02000000 		.4byte	.LVL15
 1503 005d 0100     		.2byte	0x1
 1504 005f 50       		.byte	0x50
 1505 0060 02000000 		.4byte	.LVL15
 1506 0064 10000000 		.4byte	.LFE6
 1507 0068 0400     		.2byte	0x4
 1508 006a F3       		.byte	0xf3
 1509 006b 01       		.uleb128 0x1
 1510 006c 50       		.byte	0x50
 1511 006d 9F       		.byte	0x9f
 1512 006e 00000000 		.4byte	0
 1513 0072 00000000 		.4byte	0
 1514              	.LLST4:
 1515 0076 04000000 		.4byte	.LVL16
 1516 007a 06000000 		.4byte	.LVL17
 1517 007e 0500     		.2byte	0x5
 1518 0080 70       		.byte	0x70
 1519 0081 00       		.sleb128 0
 1520 0082 35       		.byte	0x35
 1521 0083 25       		.byte	0x25
 1522 0084 9F       		.byte	0x9f
 1523 0085 00000000 		.4byte	0
 1524 0089 00000000 		.4byte	0
 1525              		.section	.debug_aranges,"",%progbits
 1526 0000 7C000000 		.4byte	0x7c
 1527 0004 0200     		.2byte	0x2
 1528 0006 00000000 		.4byte	.Ldebug_info0
 1529 000a 04       		.byte	0x4
 1530 000b 00       		.byte	0
 1531 000c 0000     		.2byte	0
 1532 000e 0000     		.2byte	0
 1533 0010 00000000 		.4byte	.LFB3
 1534 0014 10000000 		.4byte	.LFE3-.LFB3
 1535 0018 00000000 		.4byte	.LFB0
 1536 001c 34000000 		.4byte	.LFE0-.LFB0
ARM GAS  C:\Users\Patrick\AppData\Local\Temp\ccOS0ljf.s 			page 36


 1537 0020 00000000 		.4byte	.LFB1
 1538 0024 2C000000 		.4byte	.LFE1-.LFB1
 1539 0028 00000000 		.4byte	.LFB2
 1540 002c 1C000000 		.4byte	.LFE2-.LFB2
 1541 0030 00000000 		.4byte	.LFB4
 1542 0034 0C000000 		.4byte	.LFE4-.LFB4
 1543 0038 00000000 		.4byte	.LFB5
 1544 003c 0C000000 		.4byte	.LFE5-.LFB5
 1545 0040 00000000 		.4byte	.LFB6
 1546 0044 10000000 		.4byte	.LFE6-.LFB6
 1547 0048 00000000 		.4byte	.LFB7
 1548 004c 0C000000 		.4byte	.LFE7-.LFB7
 1549 0050 00000000 		.4byte	.LFB8
 1550 0054 0C000000 		.4byte	.LFE8-.LFB8
 1551 0058 00000000 		.4byte	.LFB9
 1552 005c 10000000 		.4byte	.LFE9-.LFB9
 1553 0060 00000000 		.4byte	.LFB10
 1554 0064 0C000000 		.4byte	.LFE10-.LFB10
 1555 0068 00000000 		.4byte	.LFB11
 1556 006c 0C000000 		.4byte	.LFE11-.LFB11
 1557 0070 00000000 		.4byte	.LFB12
 1558 0074 0C000000 		.4byte	.LFE12-.LFB12
 1559 0078 00000000 		.4byte	0
 1560 007c 00000000 		.4byte	0
 1561              		.section	.debug_ranges,"",%progbits
 1562              	.Ldebug_ranges0:
 1563 0000 02000000 		.4byte	.LBB22
 1564 0004 04000000 		.4byte	.LBE22
 1565 0008 06000000 		.4byte	.LBB30
 1566 000c 0A000000 		.4byte	.LBE30
 1567 0010 14000000 		.4byte	.LBB41
 1568 0014 16000000 		.4byte	.LBE41
 1569 0018 00000000 		.4byte	0
 1570 001c 00000000 		.4byte	0
 1571 0020 04000000 		.4byte	.LBB26
 1572 0024 06000000 		.4byte	.LBE26
 1573 0028 0C000000 		.4byte	.LBB35
 1574 002c 0E000000 		.4byte	.LBE35
 1575 0030 12000000 		.4byte	.LBB40
 1576 0034 14000000 		.4byte	.LBE40
 1577 0038 00000000 		.4byte	0
 1578 003c 00000000 		.4byte	0
 1579 0040 0A000000 		.4byte	.LBB31
 1580 0044 0C000000 		.4byte	.LBE31
 1581 0048 10000000 		.4byte	.LBB39
 1582 004c 12000000 		.4byte	.LBE39
 1583 0050 16000000 		.4byte	.LBB42
 1584 0054 18000000 		.4byte	.LBE42
 1585 0058 00000000 		.4byte	0
 1586 005c 00000000 		.4byte	0
 1587 0060 0E000000 		.4byte	.LBB36
 1588 0064 10000000 		.4byte	.LBE36
 1589 0068 1A000000 		.4byte	.LBB43
 1590 006c 1C000000 		.4byte	.LBE43
 1591 0070 00000000 		.4byte	0
 1592 0074 00000000 		.4byte	0
 1593 0078 02000000 		.4byte	.LBB44
ARM GAS  C:\Users\Patrick\AppData\Local\Temp\ccOS0ljf.s 			page 37


 1594 007c 04000000 		.4byte	.LBE44
 1595 0080 06000000 		.4byte	.LBB52
 1596 0084 08000000 		.4byte	.LBE52
 1597 0088 12000000 		.4byte	.LBB63
 1598 008c 14000000 		.4byte	.LBE63
 1599 0090 00000000 		.4byte	0
 1600 0094 00000000 		.4byte	0
 1601 0098 04000000 		.4byte	.LBB48
 1602 009c 06000000 		.4byte	.LBE48
 1603 00a0 0A000000 		.4byte	.LBB57
 1604 00a4 0C000000 		.4byte	.LBE57
 1605 00a8 10000000 		.4byte	.LBB62
 1606 00ac 12000000 		.4byte	.LBE62
 1607 00b0 00000000 		.4byte	0
 1608 00b4 00000000 		.4byte	0
 1609 00b8 08000000 		.4byte	.LBB53
 1610 00bc 0A000000 		.4byte	.LBE53
 1611 00c0 0C000000 		.4byte	.LBB58
 1612 00c4 0E000000 		.4byte	.LBE58
 1613 00c8 14000000 		.4byte	.LBB64
 1614 00cc 16000000 		.4byte	.LBE64
 1615 00d0 00000000 		.4byte	0
 1616 00d4 00000000 		.4byte	0
 1617 00d8 0E000000 		.4byte	.LBB59
 1618 00dc 10000000 		.4byte	.LBE59
 1619 00e0 18000000 		.4byte	.LBB65
 1620 00e4 1A000000 		.4byte	.LBE65
 1621 00e8 00000000 		.4byte	0
 1622 00ec 00000000 		.4byte	0
 1623 00f0 00000000 		.4byte	.LBB66
 1624 00f4 02000000 		.4byte	.LBE66
 1625 00f8 04000000 		.4byte	.LBB73
 1626 00fc 08000000 		.4byte	.LBE73
 1627 0100 0C000000 		.4byte	.LBB75
 1628 0104 1C000000 		.4byte	.LBE75
 1629 0108 00000000 		.4byte	0
 1630 010c 00000000 		.4byte	0
 1631 0110 02000000 		.4byte	.LBB70
 1632 0114 04000000 		.4byte	.LBE70
 1633 0118 08000000 		.4byte	.LBB74
 1634 011c 0C000000 		.4byte	.LBE74
 1635 0120 00000000 		.4byte	0
 1636 0124 00000000 		.4byte	0
 1637 0128 00000000 		.4byte	.LFB3
 1638 012c 10000000 		.4byte	.LFE3
 1639 0130 00000000 		.4byte	.LFB0
 1640 0134 34000000 		.4byte	.LFE0
 1641 0138 00000000 		.4byte	.LFB1
 1642 013c 2C000000 		.4byte	.LFE1
 1643 0140 00000000 		.4byte	.LFB2
 1644 0144 1C000000 		.4byte	.LFE2
 1645 0148 00000000 		.4byte	.LFB4
 1646 014c 0C000000 		.4byte	.LFE4
 1647 0150 00000000 		.4byte	.LFB5
 1648 0154 0C000000 		.4byte	.LFE5
 1649 0158 00000000 		.4byte	.LFB6
 1650 015c 10000000 		.4byte	.LFE6
ARM GAS  C:\Users\Patrick\AppData\Local\Temp\ccOS0ljf.s 			page 38


 1651 0160 00000000 		.4byte	.LFB7
 1652 0164 0C000000 		.4byte	.LFE7
 1653 0168 00000000 		.4byte	.LFB8
 1654 016c 0C000000 		.4byte	.LFE8
 1655 0170 00000000 		.4byte	.LFB9
 1656 0174 10000000 		.4byte	.LFE9
 1657 0178 00000000 		.4byte	.LFB10
 1658 017c 0C000000 		.4byte	.LFE10
 1659 0180 00000000 		.4byte	.LFB11
 1660 0184 0C000000 		.4byte	.LFE11
 1661 0188 00000000 		.4byte	.LFB12
 1662 018c 0C000000 		.4byte	.LFE12
 1663 0190 00000000 		.4byte	0
 1664 0194 00000000 		.4byte	0
 1665              		.section	.debug_line,"",%progbits
 1666              	.Ldebug_line0:
 1667 0000 C5010000 		.section	.debug_str,"MS",%progbits,1
 1667      02006800 
 1667      00000201 
 1667      FB0E0D00 
 1667      01010101 
 1668              	.LASF25:
 1669 0000 43414E5F 		.ascii	"CAN_ISR_Start\000"
 1669      4953525F 
 1669      53746172 
 1669      7400
 1670              	.LASF16:
 1671 000e 72656733 		.ascii	"reg32\000"
 1671      3200
 1672              	.LASF36:
 1673 0014 43414E5F 		.ascii	"CAN_ISR_GetState\000"
 1673      4953525F 
 1673      47657453 
 1673      74617465 
 1673      00
 1674              	.LASF35:
 1675 0025 433A5C55 		.ascii	"C:\\Users\\Patrick\\Documents\\GitHub\\PSoC 5LP FIl"
 1675      73657273 
 1675      5C506174 
 1675      7269636B 
 1675      5C446F63 
 1676 0053 65735C43 		.ascii	"es\\C-CAN_PSoC_DevKit\\C-CAN.cydsn\000"
 1676      2D43414E 
 1676      5F50536F 
 1676      435F4465 
 1676      764B6974 
 1677              	.LASF28:
 1678 0074 43414E5F 		.ascii	"CAN_ISR_GetVector\000"
 1678      4953525F 
 1678      47657456 
 1678      6563746F 
 1678      7200
 1679              	.LASF23:
 1680 0086 43414E5F 		.ascii	"CAN_ISR_Enable\000"
 1680      4953525F 
 1680      456E6162 
 1680      6C6500
ARM GAS  C:\Users\Patrick\AppData\Local\Temp\ccOS0ljf.s 			page 39


 1681              	.LASF24:
 1682 0095 43414E5F 		.ascii	"CAN_ISR_Interrupt\000"
 1682      4953525F 
 1682      496E7465 
 1682      72727570 
 1682      7400
 1683              	.LASF29:
 1684 00a7 43414E5F 		.ascii	"CAN_ISR_GetPriority\000"
 1684      4953525F 
 1684      47657450 
 1684      72696F72 
 1684      69747900 
 1685              	.LASF13:
 1686 00bb 666C6F61 		.ascii	"float\000"
 1686      7400
 1687              	.LASF2:
 1688 00c1 756E7369 		.ascii	"unsigned char\000"
 1688      676E6564 
 1688      20636861 
 1688      7200
 1689              	.LASF33:
 1690 00cf 474E5520 		.ascii	"GNU C 4.9.3 20150303 (release) [ARM/embedded-4_9-br"
 1690      4320342E 
 1690      392E3320 
 1690      32303135 
 1690      30333033 
 1691 0102 616E6368 		.ascii	"anch revision 221220] -mcpu=cortex-m3 -mthumb -g -O"
 1691      20726576 
 1691      6973696F 
 1691      6E203232 
 1691      31323230 
 1692 0135 33202D66 		.ascii	"3 -ffunction-sections -ffat-lto-objects\000"
 1692      66756E63 
 1692      74696F6E 
 1692      2D736563 
 1692      74696F6E 
 1693              	.LASF15:
 1694 015d 72656738 		.ascii	"reg8\000"
 1694      00
 1695              	.LASF6:
 1696 0162 6C6F6E67 		.ascii	"long unsigned int\000"
 1696      20756E73 
 1696      69676E65 
 1696      6420696E 
 1696      7400
 1697              	.LASF11:
 1698 0174 75696E74 		.ascii	"uint8\000"
 1698      3800
 1699              	.LASF21:
 1700 017a 7072696F 		.ascii	"priority\000"
 1700      72697479 
 1700      00
 1701              	.LASF19:
 1702 0183 43414E5F 		.ascii	"CAN_ISR_SetPriority\000"
 1702      4953525F 
 1702      53657450 
 1702      72696F72 
ARM GAS  C:\Users\Patrick\AppData\Local\Temp\ccOS0ljf.s 			page 40


 1702      69747900 
 1703              	.LASF14:
 1704 0197 646F7562 		.ascii	"double\000"
 1704      6C6500
 1705              	.LASF37:
 1706 019e 43414E5F 		.ascii	"CAN_1_SendMsg0\000"
 1706      315F5365 
 1706      6E644D73 
 1706      673000
 1707              	.LASF32:
 1708 01ad 43414E5F 		.ascii	"CAN_ISR_ClearPending\000"
 1708      4953525F 
 1708      436C6561 
 1708      7250656E 
 1708      64696E67 
 1709              	.LASF12:
 1710 01c2 75696E74 		.ascii	"uint32\000"
 1710      333200
 1711              	.LASF0:
 1712 01c9 756E7369 		.ascii	"unsigned int\000"
 1712      676E6564 
 1712      20696E74 
 1712      00
 1713              	.LASF20:
 1714 01d6 61646472 		.ascii	"address\000"
 1714      65737300 
 1715              	.LASF8:
 1716 01de 6C6F6E67 		.ascii	"long long unsigned int\000"
 1716      206C6F6E 
 1716      6720756E 
 1716      7369676E 
 1716      65642069 
 1717              	.LASF17:
 1718 01f5 63796973 		.ascii	"cyisraddress\000"
 1718      72616464 
 1718      72657373 
 1718      00
 1719              	.LASF27:
 1720 0202 43414E5F 		.ascii	"CAN_ISR_Stop\000"
 1720      4953525F 
 1720      53746F70 
 1720      00
 1721              	.LASF34:
 1722 020f 2E5C4765 		.ascii	".\\Generated_Source\\PSoC5\\CAN_ISR.c\000"
 1722      6E657261 
 1722      7465645F 
 1722      536F7572 
 1722      63655C50 
 1723              	.LASF9:
 1724 0232 73697A65 		.ascii	"sizetype\000"
 1724      74797065 
 1724      00
 1725              	.LASF26:
 1726 023b 43414E5F 		.ascii	"CAN_ISR_StartEx\000"
 1726      4953525F 
 1726      53746172 
 1726      74457800 
ARM GAS  C:\Users\Patrick\AppData\Local\Temp\ccOS0ljf.s 			page 41


 1727              	.LASF7:
 1728 024b 6C6F6E67 		.ascii	"long long int\000"
 1728      206C6F6E 
 1728      6720696E 
 1728      7400
 1729              	.LASF10:
 1730 0259 63686172 		.ascii	"char\000"
 1730      00
 1731              	.LASF30:
 1732 025e 72616D56 		.ascii	"ramVectorTable\000"
 1732      6563746F 
 1732      72546162 
 1732      6C6500
 1733              	.LASF31:
 1734 026d 43414E5F 		.ascii	"CAN_ISR_SetPending\000"
 1734      4953525F 
 1734      53657450 
 1734      656E6469 
 1734      6E6700
 1735              	.LASF18:
 1736 0280 43414E5F 		.ascii	"CAN_ISR_SetVector\000"
 1736      4953525F 
 1736      53657456 
 1736      6563746F 
 1736      7200
 1737              	.LASF3:
 1738 0292 73686F72 		.ascii	"short int\000"
 1738      7420696E 
 1738      7400
 1739              	.LASF5:
 1740 029c 6C6F6E67 		.ascii	"long int\000"
 1740      20696E74 
 1740      00
 1741              	.LASF1:
 1742 02a5 7369676E 		.ascii	"signed char\000"
 1742      65642063 
 1742      68617200 
 1743              	.LASF4:
 1744 02b1 73686F72 		.ascii	"short unsigned int\000"
 1744      7420756E 
 1744      7369676E 
 1744      65642069 
 1744      6E7400
 1745              	.LASF22:
 1746 02c4 43414E5F 		.ascii	"CAN_ISR_Disable\000"
 1746      4953525F 
 1746      44697361 
 1746      626C6500 
 1747              		.ident	"GCC: (GNU Tools for ARM Embedded Processors) 4.9.3 20150303 (release) [ARM/embedded-4_9-br
