--------------- Clean Started: 08/31/2016 23:11:37 Project: C-CAN, Configuration: ARM GCC 4.9-2015-q1-update Debug ---------------
Deleting file ".\ARM_GCC_493\Debug\main.o"
Deleting file ".\ARM_GCC_493\Debug\cyfitter_cfg.o"
Deleting file ".\ARM_GCC_493\Debug\cymetadata.o"
Deleting file ".\ARM_GCC_493\Debug\UART_1.o"
Deleting file ".\ARM_GCC_493\Debug\UART_1_PM.o"
Deleting file ".\ARM_GCC_493\Debug\UART_1_INT.o"
Deleting file ".\ARM_GCC_493\Debug\UART_1_BOOT.o"
Deleting file ".\ARM_GCC_493\Debug\UART_1_IntClock.o"
Deleting file ".\ARM_GCC_493\Debug\Cm3Start.o"
Deleting file ".\ARM_GCC_493\Debug\CyBootAsmGnu.o"
Deleting file ".\ARM_GCC_493\Debug\CyDmac.o"
Deleting file ".\ARM_GCC_493\Debug\CyFlash.o"
Deleting file ".\ARM_GCC_493\Debug\CyLib.o"
Deleting file ".\ARM_GCC_493\Debug\cyPm.o"
Deleting file ".\ARM_GCC_493\Debug\CySpc.o"
Deleting file ".\ARM_GCC_493\Debug\cyutils.o"
Deleting file ".\ARM_GCC_493\Debug\Clock_1.o"
Deleting file ".\ARM_GCC_493\Debug\ADC_SAR_1.o"
Deleting file ".\ARM_GCC_493\Debug\ADC_SAR_1_INT.o"
Deleting file ".\ARM_GCC_493\Debug\ADC_SAR_1_PM.o"
Deleting file ".\ARM_GCC_493\Debug\ADC_SAR_1_IRQ.o"
Deleting file ".\ARM_GCC_493\Debug\ADC_SAR_1_theACLK.o"
Deleting file ".\ARM_GCC_493\Debug\ADC_SAR_1_Bypass.o"
Deleting file ".\ARM_GCC_493\Debug\AMux_1.o"
Deleting file ".\ARM_GCC_493\Debug\Vin_180.o"
Deleting file ".\ARM_GCC_493\Debug\Vin_90.o"
Deleting file ".\ARM_GCC_493\Debug\Vin_Pot.o"
Deleting file ".\ARM_GCC_493\Debug\mcp2515_clk.o"
Deleting file ".\ARM_GCC_493\Debug\RX_2.o"
Deleting file ".\ARM_GCC_493\Debug\TX_2.o"
Deleting file ".\ARM_GCC_493\Debug\CAN_1.o"
Deleting file ".\ARM_GCC_493\Debug\CAN_1_INT.o"
Deleting file ".\ARM_GCC_493\Debug\CAN_1_PM.o"
Deleting file ".\ARM_GCC_493\Debug\CAN_1_TX_RX_func.o"
Deleting file ".\ARM_GCC_493\Debug\Clock_2.o"
Deleting file ".\ARM_GCC_493\Debug\Clock_3.o"
Deleting file ".\ARM_GCC_493\Debug\CAN_TIMER.o"
Deleting file ".\ARM_GCC_493\Debug\CAN_TIMER_PM.o"
Deleting file ".\ARM_GCC_493\Debug\CAN_ISR.o"
Deleting file ".\ARM_GCC_493\Debug\Test_Pin.o"
Deleting file ".\ARM_GCC_493\Debug\ISR_PIN.o"
Deleting file ".\ARM_GCC_493\Debug\Encoder_Left.o"
Deleting file ".\ARM_GCC_493\Debug\Encoder_Left_PM.o"
Deleting file ".\ARM_GCC_493\Debug\Enc_L.o"
Deleting file ".\ARM_GCC_493\Debug\Encoder_Right.o"
Deleting file ".\ARM_GCC_493\Debug\Encoder_Right_PM.o"
Deleting file ".\ARM_GCC_493\Debug\Enc_R.o"
Deleting file ".\ARM_GCC_493\Debug\leftEncTimer.o"
Deleting file ".\ARM_GCC_493\Debug\leftEncTimer_PM.o"
Deleting file ".\ARM_GCC_493\Debug\rightEncTimer.o"
Deleting file ".\ARM_GCC_493\Debug\rightEncTimer_PM.o"
Deleting file ".\ARM_GCC_493\Debug\cybootloader.o"
Deleting file ".\ARM_GCC_493\Debug\Bootloadable_1.o"
Deleting file ".\ARM_GCC_493\Debug\C-CAN.hex"
Deleting file ".\ARM_GCC_493\Debug\C-CAN.elf"
Deleting file ".\ARM_GCC_493\Debug\C-CAN.map"
Deleting file ".\ARM_GCC_493\Debug\C-CAN.cyacd"
Deleting file ".\C-CAN.cycdx"
Deleting file ".\C-CAN.svd"
Deleting file ".\C-CAN.rpt"
Deleting file ".\C-CAN_timing.html"
Deleting file ".\ARM_GCC_493\Debug\.deps\C_FILE.P"
Deleting file ".\ARM_GCC_493\Debug\.deps\ARM_C_FILE.P"
Deleting file ".\ARM_GCC_493\Debug\.deps\GNU_ARM_ASM_FILE.P"
--------------- Clean Succeeded: 08/31/2016 23:11:37 ---------------
