ARM GAS  C:\Users\Patrick\AppData\Local\Temp\ccCFoTHC.s 			page 1


   1              		.syntax unified
   2              		.cpu cortex-m3
   3              		.fpu softvfp
   4              		.eabi_attribute 20, 1
   5              		.eabi_attribute 21, 1
   6              		.eabi_attribute 23, 3
   7              		.eabi_attribute 24, 1
   8              		.eabi_attribute 25, 1
   9              		.eabi_attribute 26, 1
  10              		.eabi_attribute 30, 2
  11              		.eabi_attribute 34, 1
  12              		.eabi_attribute 18, 4
  13              		.thumb
  14              		.file	"cymetadata.c"
  15              		.text
  16              	.Ltext0:
  17              		.cfi_sections	.debug_frame
  18              		.global	cy_metadata
  19              		.global	cy_meta_flashprotect
  20              		.global	cy_meta_wonvl
  21              		.global	cy_meta_custnvl
  22              		.global	cy_meta_configecc
  23              		.section	.cyconfigecc,"a",%progbits
  24              		.align	2
  25              		.type	cy_meta_configecc, %object
  26              		.size	cy_meta_configecc, 2212
  27              	cy_meta_configecc:
  28 0000 05       		.byte	5
  29 0001 52       		.byte	82
  30 0002 00       		.byte	0
  31 0003 40       		.byte	64
  32 0004 01       		.byte	1
  33 0005 5B       		.byte	91
  34 0006 00       		.byte	0
  35 0007 40       		.byte	64
  36 0008 06       		.byte	6
  37 0009 64       		.byte	100
  38 000a 00       		.byte	0
  39 000b 40       		.byte	64
  40 000c 02       		.byte	2
  41 000d 65       		.byte	101
  42 000e 00       		.byte	0
  43 000f 40       		.byte	64
  44 0010 3F       		.byte	63
  45 0011 00       		.byte	0
  46 0012 01       		.byte	1
  47 0013 40       		.byte	64
  48 0014 1A       		.byte	26
  49 0015 01       		.byte	1
  50 0016 01       		.byte	1
  51 0017 40       		.byte	64
  52 0018 3C       		.byte	60
  53 0019 02       		.byte	2
  54 001a 01       		.byte	1
  55 001b 40       		.byte	64
  56 001c 27       		.byte	39
  57 001d 03       		.byte	3
ARM GAS  C:\Users\Patrick\AppData\Local\Temp\ccCFoTHC.s 			page 2


  58 001e 01       		.byte	1
  59 001f 40       		.byte	64
  60 0020 48       		.byte	72
  61 0021 04       		.byte	4
  62 0022 01       		.byte	1
  63 0023 40       		.byte	64
  64 0024 24       		.byte	36
  65 0025 05       		.byte	5
  66 0026 01       		.byte	1
  67 0027 40       		.byte	64
  68 0028 04       		.byte	4
  69 0029 07       		.byte	7
  70 002a 01       		.byte	1
  71 002b 40       		.byte	64
  72 002c 6F       		.byte	111
  73 002d 08       		.byte	8
  74 002e 01       		.byte	1
  75 002f 40       		.byte	64
  76 0030 43       		.byte	67
  77 0031 09       		.byte	9
  78 0032 01       		.byte	1
  79 0033 40       		.byte	64
  80 0034 60       		.byte	96
  81 0035 0A       		.byte	10
  82 0036 01       		.byte	1
  83 0037 40       		.byte	64
  84 0038 2D       		.byte	45
  85 0039 0B       		.byte	11
  86 003a 01       		.byte	1
  87 003b 40       		.byte	64
  88 003c 01       		.byte	1
  89 003d 0D       		.byte	13
  90 003e 01       		.byte	1
  91 003f 40       		.byte	64
  92 0040 04       		.byte	4
  93 0041 16       		.byte	22
  94 0042 01       		.byte	1
  95 0043 40       		.byte	64
  96 0044 05       		.byte	5
  97 0045 17       		.byte	23
  98 0046 01       		.byte	1
  99 0047 40       		.byte	64
 100 0048 16       		.byte	22
 101 0049 18       		.byte	24
 102 004a 01       		.byte	1
 103 004b 40       		.byte	64
 104 004c 49       		.byte	73
 105 004d 19       		.byte	25
 106 004e 01       		.byte	1
 107 004f 40       		.byte	64
 108 0050 47       		.byte	71
 109 0051 1A       		.byte	26
 110 0052 01       		.byte	1
 111 0053 40       		.byte	64
 112 0054 45       		.byte	69
 113 0055 1B       		.byte	27
 114 0056 01       		.byte	1
ARM GAS  C:\Users\Patrick\AppData\Local\Temp\ccCFoTHC.s 			page 3


 115 0057 40       		.byte	64
 116 0058 03       		.byte	3
 117 0059 40       		.byte	64
 118 005a 01       		.byte	1
 119 005b 40       		.byte	64
 120 005c 07       		.byte	7
 121 005d 41       		.byte	65
 122 005e 01       		.byte	1
 123 005f 40       		.byte	64
 124 0060 02       		.byte	2
 125 0061 42       		.byte	66
 126 0062 01       		.byte	1
 127 0063 40       		.byte	64
 128 0064 05       		.byte	5
 129 0065 43       		.byte	67
 130 0066 01       		.byte	1
 131 0067 40       		.byte	64
 132 0068 04       		.byte	4
 133 0069 45       		.byte	69
 134 006a 01       		.byte	1
 135 006b 40       		.byte	64
 136 006c 02       		.byte	2
 137 006d 46       		.byte	70
 138 006e 01       		.byte	1
 139 006f 40       		.byte	64
 140 0070 03       		.byte	3
 141 0071 47       		.byte	71
 142 0072 01       		.byte	1
 143 0073 40       		.byte	64
 144 0074 07       		.byte	7
 145 0075 48       		.byte	72
 146 0076 01       		.byte	1
 147 0077 40       		.byte	64
 148 0078 03       		.byte	3
 149 0079 49       		.byte	73
 150 007a 01       		.byte	1
 151 007b 40       		.byte	64
 152 007c 0A       		.byte	10
 153 007d 4C       		.byte	76
 154 007e 01       		.byte	1
 155 007f 40       		.byte	64
 156 0080 10       		.byte	16
 157 0081 4D       		.byte	77
 158 0082 01       		.byte	1
 159 0083 40       		.byte	64
 160 0084 0A       		.byte	10
 161 0085 50       		.byte	80
 162 0086 01       		.byte	1
 163 0087 40       		.byte	64
 164 0088 01       		.byte	1
 165 0089 51       		.byte	81
 166 008a 01       		.byte	1
 167 008b 40       		.byte	64
 168 008c 00       		.byte	0
 169 008d 01       		.byte	1
 170 008e 01       		.byte	1
 171 008f 01       		.byte	1
ARM GAS  C:\Users\Patrick\AppData\Local\Temp\ccCFoTHC.s 			page 4


 172 0090 10       		.byte	16
 173 0091 02       		.byte	2
 174 0092 11       		.byte	17
 175 0093 02       		.byte	2
 176 0094 61       		.byte	97
 177 0095 80       		.byte	-128
 178 0096 27       		.byte	39
 179 0097 84       		.byte	-124
 180 0098 81       		.byte	-127
 181 0099 67       		.byte	103
 182 009a 83       		.byte	-125
 183 009b 0D       		.byte	13
 184 009c 85       		.byte	-123
 185 009d 67       		.byte	103
 186 009e 88       		.byte	-120
 187 009f 0F       		.byte	15
 188 00a0 8A       		.byte	-118
 189 00a1 67       		.byte	103
 190 00a2 8B       		.byte	-117
 191 00a3 67       		.byte	103
 192 00a4 89       		.byte	-119
 193 00a5 38       		.byte	56
 194 00a6 8A       		.byte	-118
 195 00a7 72       		.byte	114
 196 00a8 40       		.byte	64
 197 00a9 30       		.byte	48
 198 00aa 41       		.byte	65
 199 00ab 01       		.byte	1
 200 00ac 49       		.byte	73
 201 00ad FF       		.byte	-1
 202 00ae 4A       		.byte	74
 203 00af FF       		.byte	-1
 204 00b0 4B       		.byte	75
 205 00b1 FF       		.byte	-1
 206 00b2 4D       		.byte	77
 207 00b3 A0       		.byte	-96
 208 00b4 4F       		.byte	79
 209 00b5 01       		.byte	1
 210 00b6 50       		.byte	80
 211 00b7 18       		.byte	24
 212 00b8 5A       		.byte	90
 213 00b9 04       		.byte	4
 214 00ba 5F       		.byte	95
 215 00bb 01       		.byte	1
 216 00bc 60       		.byte	96
 217 00bd 40       		.byte	64
 218 00be 62       		.byte	98
 219 00bf 80       		.byte	-128
 220 00c0 64       		.byte	100
 221 00c1 40       		.byte	64
 222 00c2 65       		.byte	101
 223 00c3 40       		.byte	64
 224 00c4 66       		.byte	102
 225 00c5 80       		.byte	-128
 226 00c6 68       		.byte	104
 227 00c7 40       		.byte	64
 228 00c8 6A       		.byte	106
ARM GAS  C:\Users\Patrick\AppData\Local\Temp\ccCFoTHC.s 			page 5


 229 00c9 50       		.byte	80
 230 00ca 6B       		.byte	107
 231 00cb A8       		.byte	-88
 232 00cc 6C       		.byte	108
 233 00cd 40       		.byte	64
 234 00ce 6D       		.byte	109
 235 00cf 20       		.byte	32
 236 00d0 6E       		.byte	110
 237 00d1 50       		.byte	80
 238 00d2 6F       		.byte	111
 239 00d3 A8       		.byte	-88
 240 00d4 83       		.byte	-125
 241 00d5 01       		.byte	1
 242 00d6 94       		.byte	-108
 243 00d7 02       		.byte	2
 244 00d8 9E       		.byte	-98
 245 00d9 04       		.byte	4
 246 00da A2       		.byte	-94
 247 00db 03       		.byte	3
 248 00dc A8       		.byte	-88
 249 00dd 04       		.byte	4
 250 00de B2       		.byte	-78
 251 00df 01       		.byte	1
 252 00e0 B3       		.byte	-77
 253 00e1 01       		.byte	1
 254 00e2 B4       		.byte	-76
 255 00e3 02       		.byte	2
 256 00e4 B6       		.byte	-74
 257 00e5 04       		.byte	4
 258 00e6 BE       		.byte	-66
 259 00e7 50       		.byte	80
 260 00e8 C0       		.byte	-64
 261 00e9 30       		.byte	48
 262 00ea C1       		.byte	-63
 263 00eb 01       		.byte	1
 264 00ec C5       		.byte	-59
 265 00ed 5C       		.byte	92
 266 00ee C6       		.byte	-58
 267 00ef 20       		.byte	32
 268 00f0 C7       		.byte	-57
 269 00f1 0E       		.byte	14
 270 00f2 C8       		.byte	-56
 271 00f3 1F       		.byte	31
 272 00f4 C9       		.byte	-55
 273 00f5 FF       		.byte	-1
 274 00f6 CA       		.byte	-54
 275 00f7 FF       		.byte	-1
 276 00f8 CB       		.byte	-53
 277 00f9 FF       		.byte	-1
 278 00fa CD       		.byte	-51
 279 00fb AF       		.byte	-81
 280 00fc CE       		.byte	-50
 281 00fd 07       		.byte	7
 282 00fe CF       		.byte	-49
 283 00ff 01       		.byte	1
 284 0100 D0       		.byte	-48
 285 0101 18       		.byte	24
ARM GAS  C:\Users\Patrick\AppData\Local\Temp\ccCFoTHC.s 			page 6


 286 0102 D4       		.byte	-44
 287 0103 07       		.byte	7
 288 0104 D8       		.byte	-40
 289 0105 04       		.byte	4
 290 0106 D9       		.byte	-39
 291 0107 04       		.byte	4
 292 0108 DA       		.byte	-38
 293 0109 04       		.byte	4
 294 010a DB       		.byte	-37
 295 010b 04       		.byte	4
 296 010c DF       		.byte	-33
 297 010d 01       		.byte	1
 298 010e E0       		.byte	-32
 299 010f 40       		.byte	64
 300 0110 E2       		.byte	-30
 301 0111 80       		.byte	-128
 302 0112 E4       		.byte	-28
 303 0113 40       		.byte	64
 304 0114 E5       		.byte	-27
 305 0115 40       		.byte	64
 306 0116 E6       		.byte	-26
 307 0117 80       		.byte	-128
 308 0118 E8       		.byte	-24
 309 0119 40       		.byte	64
 310 011a EA       		.byte	-22
 311 011b 50       		.byte	80
 312 011c EB       		.byte	-21
 313 011d A8       		.byte	-88
 314 011e EC       		.byte	-20
 315 011f 40       		.byte	64
 316 0120 ED       		.byte	-19
 317 0121 20       		.byte	32
 318 0122 EE       		.byte	-18
 319 0123 50       		.byte	80
 320 0124 EF       		.byte	-17
 321 0125 A8       		.byte	-88
 322 0126 0E       		.byte	14
 323 0127 20       		.byte	32
 324 0128 0F       		.byte	15
 325 0129 02       		.byte	2
 326 012a 16       		.byte	22
 327 012b 80       		.byte	-128
 328 012c 17       		.byte	23
 329 012d 20       		.byte	32
 330 012e 1E       		.byte	30
 331 012f 28       		.byte	40
 332 0130 1F       		.byte	31
 333 0131 40       		.byte	64
 334 0132 27       		.byte	39
 335 0133 20       		.byte	32
 336 0134 3E       		.byte	62
 337 0135 20       		.byte	32
 338 0136 3F       		.byte	63
 339 0137 12       		.byte	18
 340 0138 41       		.byte	65
 341 0139 08       		.byte	8
 342 013a 42       		.byte	66
ARM GAS  C:\Users\Patrick\AppData\Local\Temp\ccCFoTHC.s 			page 7


 343 013b 02       		.byte	2
 344 013c 45       		.byte	69
 345 013d 08       		.byte	8
 346 013e 46       		.byte	70
 347 013f 02       		.byte	2
 348 0140 4B       		.byte	75
 349 0141 C0       		.byte	-64
 350 0142 4F       		.byte	79
 351 0143 06       		.byte	6
 352 0144 56       		.byte	86
 353 0145 A8       		.byte	-88
 354 0146 5E       		.byte	94
 355 0147 08       		.byte	8
 356 0148 5F       		.byte	95
 357 0149 50       		.byte	80
 358 014a 66       		.byte	102
 359 014b 08       		.byte	8
 360 014c 67       		.byte	103
 361 014d 04       		.byte	4
 362 014e C2       		.byte	-62
 363 014f A0       		.byte	-96
 364 0150 C4       		.byte	-60
 365 0151 50       		.byte	80
 366 0152 CE       		.byte	-50
 367 0153 80       		.byte	-128
 368 0154 D0       		.byte	-48
 369 0155 5A       		.byte	90
 370 0156 D6       		.byte	-42
 371 0157 70       		.byte	112
 372 0158 D8       		.byte	-40
 373 0159 60       		.byte	96
 374 015a 02       		.byte	2
 375 015b 01       		.byte	1
 376 015c 1C       		.byte	28
 377 015d 01       		.byte	1
 378 015e 22       		.byte	34
 379 015f 01       		.byte	1
 380 0160 32       		.byte	50
 381 0161 01       		.byte	1
 382 0162 3E       		.byte	62
 383 0163 04       		.byte	4
 384 0164 40       		.byte	64
 385 0165 14       		.byte	20
 386 0166 49       		.byte	73
 387 0167 FF       		.byte	-1
 388 0168 4A       		.byte	74
 389 0169 FF       		.byte	-1
 390 016a 4B       		.byte	75
 391 016b FF       		.byte	-1
 392 016c 4F       		.byte	79
 393 016d 01       		.byte	1
 394 016e 50       		.byte	80
 395 016f 18       		.byte	24
 396 0170 52       		.byte	82
 397 0171 80       		.byte	-128
 398 0172 58       		.byte	88
 399 0173 04       		.byte	4
ARM GAS  C:\Users\Patrick\AppData\Local\Temp\ccCFoTHC.s 			page 8


 400 0174 5A       		.byte	90
 401 0175 0B       		.byte	11
 402 0176 5B       		.byte	91
 403 0177 04       		.byte	4
 404 0178 5F       		.byte	95
 405 0179 01       		.byte	1
 406 017a 60       		.byte	96
 407 017b 40       		.byte	64
 408 017c 62       		.byte	98
 409 017d 40       		.byte	64
 410 017e 64       		.byte	100
 411 017f 40       		.byte	64
 412 0180 65       		.byte	101
 413 0181 40       		.byte	64
 414 0182 66       		.byte	102
 415 0183 80       		.byte	-128
 416 0184 68       		.byte	104
 417 0185 80       		.byte	-128
 418 0186 6A       		.byte	106
 419 0187 80       		.byte	-128
 420 0188 6C       		.byte	108
 421 0189 80       		.byte	-128
 422 018a 6E       		.byte	110
 423 018b 80       		.byte	-128
 424 018c 82       		.byte	-126
 425 018d 01       		.byte	1
 426 018e 8F       		.byte	-113
 427 018f 01       		.byte	1
 428 0190 93       		.byte	-109
 429 0191 01       		.byte	1
 430 0192 B2       		.byte	-78
 431 0193 01       		.byte	1
 432 0194 B6       		.byte	-74
 433 0195 01       		.byte	1
 434 0196 B7       		.byte	-73
 435 0197 01       		.byte	1
 436 0198 BF       		.byte	-65
 437 0199 40       		.byte	64
 438 019a C0       		.byte	-64
 439 019b 54       		.byte	84
 440 019c C5       		.byte	-59
 441 019d EC       		.byte	-20
 442 019e C7       		.byte	-57
 443 019f 20       		.byte	32
 444 01a0 C8       		.byte	-56
 445 01a1 23       		.byte	35
 446 01a2 C9       		.byte	-55
 447 01a3 FF       		.byte	-1
 448 01a4 CA       		.byte	-54
 449 01a5 FF       		.byte	-1
 450 01a6 CB       		.byte	-53
 451 01a7 FF       		.byte	-1
 452 01a8 CD       		.byte	-51
 453 01a9 83       		.byte	-125
 454 01aa CE       		.byte	-50
 455 01ab 03       		.byte	3
 456 01ac CF       		.byte	-49
ARM GAS  C:\Users\Patrick\AppData\Local\Temp\ccCFoTHC.s 			page 9


 457 01ad 01       		.byte	1
 458 01ae D0       		.byte	-48
 459 01af 18       		.byte	24
 460 01b0 D2       		.byte	-46
 461 01b1 80       		.byte	-128
 462 01b2 D4       		.byte	-44
 463 01b3 01       		.byte	1
 464 01b4 D6       		.byte	-42
 465 01b5 04       		.byte	4
 466 01b6 D8       		.byte	-40
 467 01b7 04       		.byte	4
 468 01b8 D9       		.byte	-39
 469 01b9 04       		.byte	4
 470 01ba DA       		.byte	-38
 471 01bb 0B       		.byte	11
 472 01bc DB       		.byte	-37
 473 01bd 0B       		.byte	11
 474 01be DF       		.byte	-33
 475 01bf 01       		.byte	1
 476 01c0 E0       		.byte	-32
 477 01c1 40       		.byte	64
 478 01c2 E2       		.byte	-30
 479 01c3 40       		.byte	64
 480 01c4 E4       		.byte	-28
 481 01c5 40       		.byte	64
 482 01c6 E5       		.byte	-27
 483 01c7 40       		.byte	64
 484 01c8 E6       		.byte	-26
 485 01c9 80       		.byte	-128
 486 01ca E8       		.byte	-24
 487 01cb 80       		.byte	-128
 488 01cc EA       		.byte	-22
 489 01cd 80       		.byte	-128
 490 01ce EC       		.byte	-20
 491 01cf 80       		.byte	-128
 492 01d0 EE       		.byte	-18
 493 01d1 80       		.byte	-128
 494 01d2 02       		.byte	2
 495 01d3 40       		.byte	64
 496 01d4 03       		.byte	3
 497 01d5 80       		.byte	-128
 498 01d6 06       		.byte	6
 499 01d7 40       		.byte	64
 500 01d8 0E       		.byte	14
 501 01d9 01       		.byte	1
 502 01da 16       		.byte	22
 503 01db 80       		.byte	-128
 504 01dc 18       		.byte	24
 505 01dd 10       		.byte	16
 506 01de 1A       		.byte	26
 507 01df 01       		.byte	1
 508 01e0 1D       		.byte	29
 509 01e1 08       		.byte	8
 510 01e2 22       		.byte	34
 511 01e3 40       		.byte	64
 512 01e4 31       		.byte	49
 513 01e5 02       		.byte	2
ARM GAS  C:\Users\Patrick\AppData\Local\Temp\ccCFoTHC.s 			page 10


 514 01e6 3B       		.byte	59
 515 01e7 40       		.byte	64
 516 01e8 41       		.byte	65
 517 01e9 02       		.byte	2
 518 01ea 45       		.byte	69
 519 01eb 02       		.byte	2
 520 01ec 47       		.byte	71
 521 01ed 80       		.byte	-128
 522 01ee 49       		.byte	73
 523 01ef 05       		.byte	5
 524 01f0 4B       		.byte	75
 525 01f1 40       		.byte	64
 526 01f2 51       		.byte	81
 527 01f3 02       		.byte	2
 528 01f4 59       		.byte	89
 529 01f5 05       		.byte	5
 530 01f6 5A       		.byte	90
 531 01f7 80       		.byte	-128
 532 01f8 60       		.byte	96
 533 01f9 40       		.byte	64
 534 01fa 63       		.byte	99
 535 01fb 80       		.byte	-128
 536 01fc 73       		.byte	115
 537 01fd C0       		.byte	-64
 538 01fe 76       		.byte	118
 539 01ff 80       		.byte	-128
 540 0200 7B       		.byte	123
 541 0201 80       		.byte	-128
 542 0202 7F       		.byte	127
 543 0203 80       		.byte	-128
 544 0204 83       		.byte	-125
 545 0205 40       		.byte	64
 546 0206 8C       		.byte	-116
 547 0207 40       		.byte	64
 548 0208 9E       		.byte	-98
 549 0209 02       		.byte	2
 550 020a A5       		.byte	-91
 551 020b 08       		.byte	8
 552 020c C0       		.byte	-64
 553 020d 18       		.byte	24
 554 020e C2       		.byte	-62
 555 020f 80       		.byte	-128
 556 0210 C4       		.byte	-60
 557 0211 10       		.byte	16
 558 0212 CC       		.byte	-52
 559 0213 01       		.byte	1
 560 0214 CE       		.byte	-50
 561 0215 08       		.byte	8
 562 0216 D0       		.byte	-48
 563 0217 91       		.byte	-111
 564 0218 D2       		.byte	-46
 565 0219 08       		.byte	8
 566 021a D6       		.byte	-42
 567 021b 0B       		.byte	11
 568 021c D8       		.byte	-40
 569 021d 01       		.byte	1
 570 021e DE       		.byte	-34
ARM GAS  C:\Users\Patrick\AppData\Local\Temp\ccCFoTHC.s 			page 11


 571 021f 81       		.byte	-127
 572 0220 08       		.byte	8
 573 0221 01       		.byte	1
 574 0222 22       		.byte	34
 575 0223 01       		.byte	1
 576 0224 2E       		.byte	46
 577 0225 01       		.byte	1
 578 0226 34       		.byte	52
 579 0227 01       		.byte	1
 580 0228 3E       		.byte	62
 581 0229 10       		.byte	16
 582 022a 40       		.byte	64
 583 022b 20       		.byte	32
 584 022c 41       		.byte	65
 585 022d 01       		.byte	1
 586 022e 49       		.byte	73
 587 022f FF       		.byte	-1
 588 0230 4A       		.byte	74
 589 0231 FF       		.byte	-1
 590 0232 4B       		.byte	75
 591 0233 FF       		.byte	-1
 592 0234 4D       		.byte	77
 593 0235 A0       		.byte	-96
 594 0236 4F       		.byte	79
 595 0237 01       		.byte	1
 596 0238 50       		.byte	80
 597 0239 18       		.byte	24
 598 023a 52       		.byte	82
 599 023b 80       		.byte	-128
 600 023c 56       		.byte	86
 601 023d 08       		.byte	8
 602 023e 58       		.byte	88
 603 023f 04       		.byte	4
 604 0240 5A       		.byte	90
 605 0241 04       		.byte	4
 606 0242 5B       		.byte	91
 607 0243 04       		.byte	4
 608 0244 5F       		.byte	95
 609 0245 01       		.byte	1
 610 0246 60       		.byte	96
 611 0247 40       		.byte	64
 612 0248 62       		.byte	98
 613 0249 80       		.byte	-128
 614 024a 64       		.byte	100
 615 024b 40       		.byte	64
 616 024c 65       		.byte	101
 617 024d 40       		.byte	64
 618 024e 66       		.byte	102
 619 024f 80       		.byte	-128
 620 0250 68       		.byte	104
 621 0251 40       		.byte	64
 622 0252 6A       		.byte	106
 623 0253 50       		.byte	80
 624 0254 6B       		.byte	107
 625 0255 A8       		.byte	-88
 626 0256 6C       		.byte	108
 627 0257 40       		.byte	64
ARM GAS  C:\Users\Patrick\AppData\Local\Temp\ccCFoTHC.s 			page 12


 628 0258 6D       		.byte	109
 629 0259 20       		.byte	32
 630 025a 6E       		.byte	110
 631 025b 50       		.byte	80
 632 025c 6F       		.byte	111
 633 025d A8       		.byte	-88
 634 025e 83       		.byte	-125
 635 025f 01       		.byte	1
 636 0260 94       		.byte	-108
 637 0261 02       		.byte	2
 638 0262 9E       		.byte	-98
 639 0263 01       		.byte	1
 640 0264 A2       		.byte	-94
 641 0265 06       		.byte	6
 642 0266 AC       		.byte	-84
 643 0267 01       		.byte	1
 644 0268 B1       		.byte	-79
 645 0269 01       		.byte	1
 646 026a B2       		.byte	-78
 647 026b 04       		.byte	4
 648 026c B4       		.byte	-76
 649 026d 02       		.byte	2
 650 026e B6       		.byte	-74
 651 026f 01       		.byte	1
 652 0270 BE       		.byte	-66
 653 0271 50       		.byte	80
 654 0272 C0       		.byte	-64
 655 0273 20       		.byte	32
 656 0274 C1       		.byte	-63
 657 0275 01       		.byte	1
 658 0276 C5       		.byte	-59
 659 0277 5C       		.byte	92
 660 0278 C6       		.byte	-58
 661 0279 20       		.byte	32
 662 027a C7       		.byte	-57
 663 027b 0E       		.byte	14
 664 027c C8       		.byte	-56
 665 027d 1F       		.byte	31
 666 027e C9       		.byte	-55
 667 027f FF       		.byte	-1
 668 0280 CA       		.byte	-54
 669 0281 FF       		.byte	-1
 670 0282 CB       		.byte	-53
 671 0283 FF       		.byte	-1
 672 0284 CD       		.byte	-51
 673 0285 AF       		.byte	-81
 674 0286 CE       		.byte	-50
 675 0287 07       		.byte	7
 676 0288 CF       		.byte	-49
 677 0289 01       		.byte	1
 678 028a D0       		.byte	-48
 679 028b 18       		.byte	24
 680 028c D4       		.byte	-44
 681 028d 07       		.byte	7
 682 028e D8       		.byte	-40
 683 028f 04       		.byte	4
 684 0290 D9       		.byte	-39
ARM GAS  C:\Users\Patrick\AppData\Local\Temp\ccCFoTHC.s 			page 13


 685 0291 04       		.byte	4
 686 0292 DA       		.byte	-38
 687 0293 04       		.byte	4
 688 0294 DB       		.byte	-37
 689 0295 04       		.byte	4
 690 0296 DF       		.byte	-33
 691 0297 01       		.byte	1
 692 0298 E0       		.byte	-32
 693 0299 40       		.byte	64
 694 029a E2       		.byte	-30
 695 029b 80       		.byte	-128
 696 029c E4       		.byte	-28
 697 029d 40       		.byte	64
 698 029e E5       		.byte	-27
 699 029f 40       		.byte	64
 700 02a0 E6       		.byte	-26
 701 02a1 80       		.byte	-128
 702 02a2 E8       		.byte	-24
 703 02a3 40       		.byte	64
 704 02a4 EA       		.byte	-22
 705 02a5 50       		.byte	80
 706 02a6 EB       		.byte	-21
 707 02a7 A8       		.byte	-88
 708 02a8 EC       		.byte	-20
 709 02a9 40       		.byte	64
 710 02aa ED       		.byte	-19
 711 02ab 20       		.byte	32
 712 02ac EE       		.byte	-18
 713 02ad 50       		.byte	80
 714 02ae EF       		.byte	-17
 715 02af A8       		.byte	-88
 716 02b0 00       		.byte	0
 717 02b1 10       		.byte	16
 718 02b2 0E       		.byte	14
 719 02b3 20       		.byte	32
 720 02b4 0F       		.byte	15
 721 02b5 02       		.byte	2
 722 02b6 10       		.byte	16
 723 02b7 02       		.byte	2
 724 02b8 12       		.byte	18
 725 02b9 40       		.byte	64
 726 02ba 16       		.byte	22
 727 02bb 80       		.byte	-128
 728 02bc 17       		.byte	23
 729 02bd 80       		.byte	-128
 730 02be 18       		.byte	24
 731 02bf 04       		.byte	4
 732 02c0 1E       		.byte	30
 733 02c1 28       		.byte	40
 734 02c2 1F       		.byte	31
 735 02c3 40       		.byte	64
 736 02c4 27       		.byte	39
 737 02c5 80       		.byte	-128
 738 02c6 3F       		.byte	63
 739 02c7 02       		.byte	2
 740 02c8 40       		.byte	64
 741 02c9 04       		.byte	4
ARM GAS  C:\Users\Patrick\AppData\Local\Temp\ccCFoTHC.s 			page 14


 742 02ca 42       		.byte	66
 743 02cb 32       		.byte	50
 744 02cc 43       		.byte	67
 745 02cd 10       		.byte	16
 746 02ce 46       		.byte	70
 747 02cf 02       		.byte	2
 748 02d0 47       		.byte	71
 749 02d1 10       		.byte	16
 750 02d2 4B       		.byte	75
 751 02d3 C0       		.byte	-64
 752 02d4 4F       		.byte	79
 753 02d5 06       		.byte	6
 754 02d6 56       		.byte	86
 755 02d7 A8       		.byte	-88
 756 02d8 59       		.byte	89
 757 02d9 80       		.byte	-128
 758 02da 5E       		.byte	94
 759 02db 18       		.byte	24
 760 02dc 5F       		.byte	95
 761 02dd 40       		.byte	64
 762 02de 62       		.byte	98
 763 02df 40       		.byte	64
 764 02e0 66       		.byte	102
 765 02e1 08       		.byte	8
 766 02e2 67       		.byte	103
 767 02e3 04       		.byte	4
 768 02e4 70       		.byte	112
 769 02e5 02       		.byte	2
 770 02e6 90       		.byte	-112
 771 02e7 10       		.byte	16
 772 02e8 9E       		.byte	-98
 773 02e9 42       		.byte	66
 774 02ea C0       		.byte	-64
 775 02eb 02       		.byte	2
 776 02ec C2       		.byte	-62
 777 02ed A0       		.byte	-96
 778 02ee C4       		.byte	-60
 779 02ef 99       		.byte	-103
 780 02f0 CE       		.byte	-50
 781 02f1 80       		.byte	-128
 782 02f2 D0       		.byte	-48
 783 02f3 3C       		.byte	60
 784 02f4 D6       		.byte	-42
 785 02f5 78       		.byte	120
 786 02f6 D8       		.byte	-40
 787 02f7 68       		.byte	104
 788 02f8 81       		.byte	-127
 789 02f9 80       		.byte	-128
 790 02fa 9D       		.byte	-99
 791 02fb 80       		.byte	-128
 792 02fc 9E       		.byte	-98
 793 02fd 02       		.byte	2
 794 02fe EE       		.byte	-18
 795 02ff 01       		.byte	1
 796 0300 02       		.byte	2
 797 0301 08       		.byte	8
 798 0302 03       		.byte	3
ARM GAS  C:\Users\Patrick\AppData\Local\Temp\ccCFoTHC.s 			page 15


 799 0303 08       		.byte	8
 800 0304 08       		.byte	8
 801 0305 10       		.byte	16
 802 0306 09       		.byte	9
 803 0307 02       		.byte	2
 804 0308 0B       		.byte	11
 805 0309 08       		.byte	8
 806 030a 0C       		.byte	12
 807 030b 03       		.byte	3
 808 030c 0D       		.byte	13
 809 030d 09       		.byte	9
 810 030e 0E       		.byte	14
 811 030f 04       		.byte	4
 812 0310 13       		.byte	19
 813 0311 09       		.byte	9
 814 0312 17       		.byte	23
 815 0313 04       		.byte	4
 816 0314 1C       		.byte	28
 817 0315 03       		.byte	3
 818 0316 1E       		.byte	30
 819 0317 04       		.byte	4
 820 0318 1F       		.byte	31
 821 0319 04       		.byte	4
 822 031a 20       		.byte	32
 823 031b 0A       		.byte	10
 824 031c 21       		.byte	33
 825 031d 09       		.byte	9
 826 031e 22       		.byte	34
 827 031f 04       		.byte	4
 828 0320 26       		.byte	38
 829 0321 05       		.byte	5
 830 0322 29       		.byte	41
 831 0323 04       		.byte	4
 832 0324 2C       		.byte	44
 833 0325 03       		.byte	3
 834 0326 2E       		.byte	46
 835 0327 0C       		.byte	12
 836 0328 33       		.byte	51
 837 0329 04       		.byte	4
 838 032a 34       		.byte	52
 839 032b 10       		.byte	16
 840 032c 35       		.byte	53
 841 032d 08       		.byte	8
 842 032e 36       		.byte	54
 843 032f 0F       		.byte	15
 844 0330 37       		.byte	55
 845 0331 03       		.byte	3
 846 0332 39       		.byte	57
 847 0333 80       		.byte	-128
 848 0334 3A       		.byte	58
 849 0335 80       		.byte	-128
 850 0336 3E       		.byte	62
 851 0337 10       		.byte	16
 852 0338 3F       		.byte	63
 853 0339 14       		.byte	20
 854 033a 40       		.byte	64
 855 033b 30       		.byte	48
ARM GAS  C:\Users\Patrick\AppData\Local\Temp\ccCFoTHC.s 			page 16


 856 033c 41       		.byte	65
 857 033d 02       		.byte	2
 858 033e 49       		.byte	73
 859 033f FF       		.byte	-1
 860 0340 4A       		.byte	74
 861 0341 FF       		.byte	-1
 862 0342 4B       		.byte	75
 863 0343 FF       		.byte	-1
 864 0344 4D       		.byte	77
 865 0345 A0       		.byte	-96
 866 0346 4F       		.byte	79
 867 0347 01       		.byte	1
 868 0348 50       		.byte	80
 869 0349 18       		.byte	24
 870 034a 54       		.byte	84
 871 034b 01       		.byte	1
 872 034c 58       		.byte	88
 873 034d 04       		.byte	4
 874 034e 59       		.byte	89
 875 034f 04       		.byte	4
 876 0350 5A       		.byte	90
 877 0351 04       		.byte	4
 878 0352 5B       		.byte	91
 879 0353 04       		.byte	4
 880 0354 5C       		.byte	92
 881 0355 44       		.byte	68
 882 0356 5D       		.byte	93
 883 0357 40       		.byte	64
 884 0358 5F       		.byte	95
 885 0359 01       		.byte	1
 886 035a 60       		.byte	96
 887 035b 40       		.byte	64
 888 035c 62       		.byte	98
 889 035d 80       		.byte	-128
 890 035e 64       		.byte	100
 891 035f 40       		.byte	64
 892 0360 65       		.byte	101
 893 0361 40       		.byte	64
 894 0362 66       		.byte	102
 895 0363 80       		.byte	-128
 896 0364 68       		.byte	104
 897 0365 40       		.byte	64
 898 0366 6A       		.byte	106
 899 0367 50       		.byte	80
 900 0368 6B       		.byte	107
 901 0369 A8       		.byte	-88
 902 036a 6C       		.byte	108
 903 036b 40       		.byte	64
 904 036c 6D       		.byte	109
 905 036d 20       		.byte	32
 906 036e 6E       		.byte	110
 907 036f 50       		.byte	80
 908 0370 6F       		.byte	111
 909 0371 A8       		.byte	-88
 910 0372 89       		.byte	-119
 911 0373 10       		.byte	16
 912 0374 8A       		.byte	-118
ARM GAS  C:\Users\Patrick\AppData\Local\Temp\ccCFoTHC.s 			page 17


 913 0375 01       		.byte	1
 914 0376 8D       		.byte	-115
 915 0377 10       		.byte	16
 916 0378 8E       		.byte	-114
 917 0379 03       		.byte	3
 918 037a 8F       		.byte	-113
 919 037b 0C       		.byte	12
 920 037c 91       		.byte	-111
 921 037d 1C       		.byte	28
 922 037e 92       		.byte	-110
 923 037f 05       		.byte	5
 924 0380 93       		.byte	-109
 925 0381 02       		.byte	2
 926 0382 97       		.byte	-105
 927 0383 03       		.byte	3
 928 0384 9D       		.byte	-99
 929 0385 09       		.byte	9
 930 0386 9F       		.byte	-97
 931 0387 10       		.byte	16
 932 0388 A1       		.byte	-95
 933 0389 0C       		.byte	12
 934 038a A2       		.byte	-94
 935 038b 06       		.byte	6
 936 038c A3       		.byte	-93
 937 038d 11       		.byte	17
 938 038e A6       		.byte	-90
 939 038f 02       		.byte	2
 940 0390 A9       		.byte	-87
 941 0391 14       		.byte	20
 942 0392 AC       		.byte	-84
 943 0393 06       		.byte	6
 944 0394 AE       		.byte	-82
 945 0395 01       		.byte	1
 946 0396 B0       		.byte	-80
 947 0397 07       		.byte	7
 948 0398 B3       		.byte	-77
 949 0399 1F       		.byte	31
 950 039a BA       		.byte	-70
 951 039b 22       		.byte	34
 952 039c C0       		.byte	-64
 953 039d 30       		.byte	48
 954 039e C1       		.byte	-63
 955 039f 02       		.byte	2
 956 03a0 C5       		.byte	-59
 957 03a1 0E       		.byte	14
 958 03a2 C6       		.byte	-58
 959 03a3 C5       		.byte	-59
 960 03a4 C7       		.byte	-57
 961 03a5 02       		.byte	2
 962 03a6 C8       		.byte	-56
 963 03a7 3D       		.byte	61
 964 03a8 C9       		.byte	-55
 965 03a9 FF       		.byte	-1
 966 03aa CA       		.byte	-54
 967 03ab FF       		.byte	-1
 968 03ac CB       		.byte	-53
 969 03ad FF       		.byte	-1
ARM GAS  C:\Users\Patrick\AppData\Local\Temp\ccCFoTHC.s 			page 18


 970 03ae CD       		.byte	-51
 971 03af AF       		.byte	-81
 972 03b0 CE       		.byte	-50
 973 03b1 07       		.byte	7
 974 03b2 CF       		.byte	-49
 975 03b3 01       		.byte	1
 976 03b4 D0       		.byte	-48
 977 03b5 18       		.byte	24
 978 03b6 D6       		.byte	-42
 979 03b7 08       		.byte	8
 980 03b8 D8       		.byte	-40
 981 03b9 04       		.byte	4
 982 03ba D9       		.byte	-39
 983 03bb 04       		.byte	4
 984 03bc DA       		.byte	-38
 985 03bd 04       		.byte	4
 986 03be DB       		.byte	-37
 987 03bf 04       		.byte	4
 988 03c0 DC       		.byte	-36
 989 03c1 44       		.byte	68
 990 03c2 DD       		.byte	-35
 991 03c3 90       		.byte	-112
 992 03c4 DF       		.byte	-33
 993 03c5 01       		.byte	1
 994 03c6 E0       		.byte	-32
 995 03c7 40       		.byte	64
 996 03c8 E2       		.byte	-30
 997 03c9 80       		.byte	-128
 998 03ca E4       		.byte	-28
 999 03cb 40       		.byte	64
 1000 03cc E5       		.byte	-27
 1001 03cd 40       		.byte	64
 1002 03ce E6       		.byte	-26
 1003 03cf 80       		.byte	-128
 1004 03d0 E8       		.byte	-24
 1005 03d1 40       		.byte	64
 1006 03d2 EA       		.byte	-22
 1007 03d3 50       		.byte	80
 1008 03d4 EB       		.byte	-21
 1009 03d5 A8       		.byte	-88
 1010 03d6 EC       		.byte	-20
 1011 03d7 40       		.byte	64
 1012 03d8 ED       		.byte	-19
 1013 03d9 20       		.byte	32
 1014 03da EE       		.byte	-18
 1015 03db 50       		.byte	80
 1016 03dc EF       		.byte	-17
 1017 03dd A8       		.byte	-88
 1018 03de 00       		.byte	0
 1019 03df 60       		.byte	96
 1020 03e0 04       		.byte	4
 1021 03e1 62       		.byte	98
 1022 03e2 06       		.byte	6
 1023 03e3 04       		.byte	4
 1024 03e4 0B       		.byte	11
 1025 03e5 80       		.byte	-128
 1026 03e6 0F       		.byte	15
ARM GAS  C:\Users\Patrick\AppData\Local\Temp\ccCFoTHC.s 			page 19


 1027 03e7 02       		.byte	2
 1028 03e8 12       		.byte	18
 1029 03e9 92       		.byte	-110
 1030 03ea 16       		.byte	22
 1031 03eb 22       		.byte	34
 1032 03ec 17       		.byte	23
 1033 03ed 01       		.byte	1
 1034 03ee 18       		.byte	24
 1035 03ef 40       		.byte	64
 1036 03f0 19       		.byte	25
 1037 03f1 20       		.byte	32
 1038 03f2 1A       		.byte	26
 1039 03f3 04       		.byte	4
 1040 03f4 1B       		.byte	27
 1041 03f5 20       		.byte	32
 1042 03f6 1E       		.byte	30
 1043 03f7 08       		.byte	8
 1044 03f8 1F       		.byte	31
 1045 03f9 40       		.byte	64
 1046 03fa 22       		.byte	34
 1047 03fb 04       		.byte	4
 1048 03fc 24       		.byte	36
 1049 03fd 16       		.byte	22
 1050 03fe 25       		.byte	37
 1051 03ff 04       		.byte	4
 1052 0400 26       		.byte	38
 1053 0401 80       		.byte	-128
 1054 0402 2B       		.byte	43
 1055 0403 44       		.byte	68
 1056 0404 2E       		.byte	46
 1057 0405 02       		.byte	2
 1058 0406 2F       		.byte	47
 1059 0407 48       		.byte	72
 1060 0408 32       		.byte	50
 1061 0409 86       		.byte	-122
 1062 040a 33       		.byte	51
 1063 040b 01       		.byte	1
 1064 040c 36       		.byte	54
 1065 040d 02       		.byte	2
 1066 040e 37       		.byte	55
 1067 040f 48       		.byte	72
 1068 0410 39       		.byte	57
 1069 0411 20       		.byte	32
 1070 0412 3A       		.byte	58
 1071 0413 10       		.byte	16
 1072 0414 3B       		.byte	59
 1073 0415 80       		.byte	-128
 1074 0416 3C       		.byte	60
 1075 0417 60       		.byte	96
 1076 0418 3F       		.byte	63
 1077 0419 82       		.byte	-126
 1078 041a 40       		.byte	64
 1079 041b 08       		.byte	8
 1080 041c 41       		.byte	65
 1081 041d 08       		.byte	8
 1082 041e 44       		.byte	68
 1083 041f 08       		.byte	8
ARM GAS  C:\Users\Patrick\AppData\Local\Temp\ccCFoTHC.s 			page 20


 1084 0420 45       		.byte	69
 1085 0421 08       		.byte	8
 1086 0422 48       		.byte	72
 1087 0423 08       		.byte	8
 1088 0424 49       		.byte	73
 1089 0425 14       		.byte	20
 1090 0426 50       		.byte	80
 1091 0427 88       		.byte	-120
 1092 0428 51       		.byte	81
 1093 0429 01       		.byte	1
 1094 042a 52       		.byte	82
 1095 042b 20       		.byte	32
 1096 042c 58       		.byte	88
 1097 042d 80       		.byte	-128
 1098 042e 5D       		.byte	93
 1099 042f 10       		.byte	16
 1100 0430 5E       		.byte	94
 1101 0431 48       		.byte	72
 1102 0432 5F       		.byte	95
 1103 0433 01       		.byte	1
 1104 0434 60       		.byte	96
 1105 0435 01       		.byte	1
 1106 0436 61       		.byte	97
 1107 0437 80       		.byte	-128
 1108 0438 92       		.byte	-110
 1109 0439 10       		.byte	16
 1110 043a 94       		.byte	-108
 1111 043b 50       		.byte	80
 1112 043c 95       		.byte	-107
 1113 043d 22       		.byte	34
 1114 043e 97       		.byte	-105
 1115 043f 80       		.byte	-128
 1116 0440 9C       		.byte	-100
 1117 0441 08       		.byte	8
 1118 0442 9D       		.byte	-99
 1119 0443 14       		.byte	20
 1120 0444 A2       		.byte	-94
 1121 0445 02       		.byte	2
 1122 0446 A4       		.byte	-92
 1123 0447 90       		.byte	-112
 1124 0448 A5       		.byte	-91
 1125 0449 04       		.byte	4
 1126 044a A6       		.byte	-90
 1127 044b A0       		.byte	-96
 1128 044c B1       		.byte	-79
 1129 044d 04       		.byte	4
 1130 044e B3       		.byte	-77
 1131 044f 40       		.byte	64
 1132 0450 C0       		.byte	-64
 1133 0451 D3       		.byte	-45
 1134 0452 C2       		.byte	-62
 1135 0453 88       		.byte	-120
 1136 0454 C4       		.byte	-60
 1137 0455 BD       		.byte	-67
 1138 0456 CA       		.byte	-54
 1139 0457 A5       		.byte	-91
 1140 0458 CC       		.byte	-52
ARM GAS  C:\Users\Patrick\AppData\Local\Temp\ccCFoTHC.s 			page 21


 1141 0459 DB       		.byte	-37
 1142 045a CE       		.byte	-50
 1143 045b BC       		.byte	-68
 1144 045c D0       		.byte	-48
 1145 045d 66       		.byte	102
 1146 045e D6       		.byte	-42
 1147 045f F8       		.byte	-8
 1148 0460 D8       		.byte	-40
 1149 0461 08       		.byte	8
 1150 0462 EE       		.byte	-18
 1151 0463 01       		.byte	1
 1152 0464 03       		.byte	3
 1153 0465 10       		.byte	16
 1154 0466 04       		.byte	4
 1155 0467 04       		.byte	4
 1156 0468 05       		.byte	5
 1157 0469 01       		.byte	1
 1158 046a 07       		.byte	7
 1159 046b 06       		.byte	6
 1160 046c 0A       		.byte	10
 1161 046d 01       		.byte	1
 1162 046e 0B       		.byte	11
 1163 046f 08       		.byte	8
 1164 0470 0C       		.byte	12
 1165 0471 03       		.byte	3
 1166 0472 0D       		.byte	13
 1167 0473 01       		.byte	1
 1168 0474 0F       		.byte	15
 1169 0475 0E       		.byte	14
 1170 0476 10       		.byte	16
 1171 0477 03       		.byte	3
 1172 0478 1E       		.byte	30
 1173 0479 10       		.byte	16
 1174 047a 1F       		.byte	31
 1175 047b 0C       		.byte	12
 1176 047c 21       		.byte	33
 1177 047d 10       		.byte	16
 1178 047e 22       		.byte	34
 1179 047f 0C       		.byte	12
 1180 0480 2B       		.byte	43
 1181 0481 03       		.byte	3
 1182 0482 2C       		.byte	44
 1183 0483 02       		.byte	2
 1184 0484 2D       		.byte	45
 1185 0485 0C       		.byte	12
 1186 0486 2F       		.byte	47
 1187 0487 03       		.byte	3
 1188 0488 30       		.byte	48
 1189 0489 10       		.byte	16
 1190 048a 31       		.byte	49
 1191 048b 0F       		.byte	15
 1192 048c 32       		.byte	50
 1193 048d 03       		.byte	3
 1194 048e 33       		.byte	51
 1195 048f 10       		.byte	16
 1196 0490 34       		.byte	52
 1197 0491 08       		.byte	8
ARM GAS  C:\Users\Patrick\AppData\Local\Temp\ccCFoTHC.s 			page 22


 1198 0492 36       		.byte	54
 1199 0493 04       		.byte	4
 1200 0494 38       		.byte	56
 1201 0495 08       		.byte	8
 1202 0496 3B       		.byte	59
 1203 0497 02       		.byte	2
 1204 0498 3E       		.byte	62
 1205 0499 44       		.byte	68
 1206 049a 3F       		.byte	63
 1207 049b 04       		.byte	4
 1208 049c 40       		.byte	64
 1209 049d 30       		.byte	48
 1210 049e 41       		.byte	65
 1211 049f 02       		.byte	2
 1212 04a0 49       		.byte	73
 1213 04a1 FF       		.byte	-1
 1214 04a2 4A       		.byte	74
 1215 04a3 FF       		.byte	-1
 1216 04a4 4B       		.byte	75
 1217 04a5 FF       		.byte	-1
 1218 04a6 4D       		.byte	77
 1219 04a7 A0       		.byte	-96
 1220 04a8 4F       		.byte	79
 1221 04a9 01       		.byte	1
 1222 04aa 50       		.byte	80
 1223 04ab 18       		.byte	24
 1224 04ac 54       		.byte	84
 1225 04ad 07       		.byte	7
 1226 04ae 58       		.byte	88
 1227 04af 04       		.byte	4
 1228 04b0 59       		.byte	89
 1229 04b1 04       		.byte	4
 1230 04b2 5A       		.byte	90
 1231 04b3 04       		.byte	4
 1232 04b4 5B       		.byte	91
 1233 04b5 04       		.byte	4
 1234 04b6 5C       		.byte	92
 1235 04b7 40       		.byte	64
 1236 04b8 5F       		.byte	95
 1237 04b9 01       		.byte	1
 1238 04ba 60       		.byte	96
 1239 04bb 40       		.byte	64
 1240 04bc 62       		.byte	98
 1241 04bd 80       		.byte	-128
 1242 04be 64       		.byte	100
 1243 04bf 40       		.byte	64
 1244 04c0 65       		.byte	101
 1245 04c1 40       		.byte	64
 1246 04c2 66       		.byte	102
 1247 04c3 80       		.byte	-128
 1248 04c4 68       		.byte	104
 1249 04c5 40       		.byte	64
 1250 04c6 6A       		.byte	106
 1251 04c7 50       		.byte	80
 1252 04c8 6B       		.byte	107
 1253 04c9 A8       		.byte	-88
 1254 04ca 6C       		.byte	108
ARM GAS  C:\Users\Patrick\AppData\Local\Temp\ccCFoTHC.s 			page 23


 1255 04cb 40       		.byte	64
 1256 04cc 6D       		.byte	109
 1257 04cd 20       		.byte	32
 1258 04ce 6E       		.byte	110
 1259 04cf 50       		.byte	80
 1260 04d0 6F       		.byte	111
 1261 04d1 A8       		.byte	-88
 1262 04d2 83       		.byte	-125
 1263 04d3 05       		.byte	5
 1264 04d4 99       		.byte	-103
 1265 04d5 01       		.byte	1
 1266 04d6 A1       		.byte	-95
 1267 04d7 02       		.byte	2
 1268 04d8 AE       		.byte	-82
 1269 04d9 01       		.byte	1
 1270 04da AF       		.byte	-81
 1271 04db 02       		.byte	2
 1272 04dc B3       		.byte	-77
 1273 04dd 04       		.byte	4
 1274 04de B5       		.byte	-75
 1275 04df 02       		.byte	2
 1276 04e0 B6       		.byte	-74
 1277 04e1 01       		.byte	1
 1278 04e2 B7       		.byte	-73
 1279 04e3 01       		.byte	1
 1280 04e4 BF       		.byte	-65
 1281 04e5 50       		.byte	80
 1282 04e6 C0       		.byte	-64
 1283 04e7 30       		.byte	48
 1284 04e8 C1       		.byte	-63
 1285 04e9 02       		.byte	2
 1286 04ea C5       		.byte	-59
 1287 04eb 5C       		.byte	92
 1288 04ec C6       		.byte	-58
 1289 04ed 20       		.byte	32
 1290 04ee C7       		.byte	-57
 1291 04ef 0E       		.byte	14
 1292 04f0 C8       		.byte	-56
 1293 04f1 3B       		.byte	59
 1294 04f2 C9       		.byte	-55
 1295 04f3 FF       		.byte	-1
 1296 04f4 CA       		.byte	-54
 1297 04f5 FF       		.byte	-1
 1298 04f6 CB       		.byte	-53
 1299 04f7 FF       		.byte	-1
 1300 04f8 CD       		.byte	-51
 1301 04f9 AF       		.byte	-81
 1302 04fa CE       		.byte	-50
 1303 04fb 07       		.byte	7
 1304 04fc CF       		.byte	-49
 1305 04fd 01       		.byte	1
 1306 04fe D0       		.byte	-48
 1307 04ff 18       		.byte	24
 1308 0500 D4       		.byte	-44
 1309 0501 07       		.byte	7
 1310 0502 D8       		.byte	-40
 1311 0503 04       		.byte	4
ARM GAS  C:\Users\Patrick\AppData\Local\Temp\ccCFoTHC.s 			page 24


 1312 0504 D9       		.byte	-39
 1313 0505 04       		.byte	4
 1314 0506 DA       		.byte	-38
 1315 0507 04       		.byte	4
 1316 0508 DB       		.byte	-37
 1317 0509 04       		.byte	4
 1318 050a DF       		.byte	-33
 1319 050b 01       		.byte	1
 1320 050c E0       		.byte	-32
 1321 050d 40       		.byte	64
 1322 050e E2       		.byte	-30
 1323 050f 80       		.byte	-128
 1324 0510 E4       		.byte	-28
 1325 0511 40       		.byte	64
 1326 0512 E5       		.byte	-27
 1327 0513 40       		.byte	64
 1328 0514 E6       		.byte	-26
 1329 0515 80       		.byte	-128
 1330 0516 E8       		.byte	-24
 1331 0517 40       		.byte	64
 1332 0518 EA       		.byte	-22
 1333 0519 50       		.byte	80
 1334 051a EB       		.byte	-21
 1335 051b A8       		.byte	-88
 1336 051c EC       		.byte	-20
 1337 051d 40       		.byte	64
 1338 051e ED       		.byte	-19
 1339 051f 20       		.byte	32
 1340 0520 EE       		.byte	-18
 1341 0521 50       		.byte	80
 1342 0522 EF       		.byte	-17
 1343 0523 A8       		.byte	-88
 1344 0524 00       		.byte	0
 1345 0525 64       		.byte	100
 1346 0526 01       		.byte	1
 1347 0527 20       		.byte	32
 1348 0528 0B       		.byte	11
 1349 0529 82       		.byte	-126
 1350 052a 10       		.byte	16
 1351 052b 81       		.byte	-127
 1352 052c 12       		.byte	18
 1353 052d 02       		.byte	2
 1354 052e 16       		.byte	22
 1355 052f 02       		.byte	2
 1356 0530 18       		.byte	24
 1357 0531 04       		.byte	4
 1358 0532 19       		.byte	25
 1359 0533 81       		.byte	-127
 1360 0534 1A       		.byte	26
 1361 0535 10       		.byte	16
 1362 0536 1F       		.byte	31
 1363 0537 80       		.byte	-128
 1364 0538 22       		.byte	34
 1365 0539 06       		.byte	6
 1366 053a 26       		.byte	38
 1367 053b 40       		.byte	64
 1368 053c 27       		.byte	39
ARM GAS  C:\Users\Patrick\AppData\Local\Temp\ccCFoTHC.s 			page 25


 1369 053d 18       		.byte	24
 1370 053e 28       		.byte	40
 1371 053f 01       		.byte	1
 1372 0540 29       		.byte	41
 1373 0541 21       		.byte	33
 1374 0542 2F       		.byte	47
 1375 0543 82       		.byte	-126
 1376 0544 32       		.byte	50
 1377 0545 80       		.byte	-128
 1378 0546 37       		.byte	55
 1379 0547 10       		.byte	16
 1380 0548 38       		.byte	56
 1381 0549 40       		.byte	64
 1382 054a 39       		.byte	57
 1383 054b 2A       		.byte	42
 1384 054c 3B       		.byte	59
 1385 054d 02       		.byte	2
 1386 054e 3F       		.byte	63
 1387 054f 02       		.byte	2
 1388 0550 40       		.byte	64
 1389 0551 18       		.byte	24
 1390 0552 44       		.byte	68
 1391 0553 08       		.byte	8
 1392 0554 45       		.byte	69
 1393 0555 04       		.byte	4
 1394 0556 4F       		.byte	79
 1395 0557 36       		.byte	54
 1396 0558 56       		.byte	86
 1397 0559 0A       		.byte	10
 1398 055a 57       		.byte	87
 1399 055b 12       		.byte	18
 1400 055c 59       		.byte	89
 1401 055d 90       		.byte	-112
 1402 055e 5A       		.byte	90
 1403 055f 08       		.byte	8
 1404 0560 5E       		.byte	94
 1405 0561 80       		.byte	-128
 1406 0562 5F       		.byte	95
 1407 0563 18       		.byte	24
 1408 0564 61       		.byte	97
 1409 0565 04       		.byte	4
 1410 0566 62       		.byte	98
 1411 0567 20       		.byte	32
 1412 0568 66       		.byte	102
 1413 0569 08       		.byte	8
 1414 056a 67       		.byte	103
 1415 056b 04       		.byte	4
 1416 056c C0       		.byte	-64
 1417 056d 07       		.byte	7
 1418 056e C2       		.byte	-62
 1419 056f 09       		.byte	9
 1420 0570 C4       		.byte	-60
 1421 0571 89       		.byte	-119
 1422 0572 CA       		.byte	-54
 1423 0573 9D       		.byte	-99
 1424 0574 CC       		.byte	-52
 1425 0575 28       		.byte	40
ARM GAS  C:\Users\Patrick\AppData\Local\Temp\ccCFoTHC.s 			page 26


 1426 0576 CE       		.byte	-50
 1427 0577 8F       		.byte	-113
 1428 0578 D0       		.byte	-48
 1429 0579 66       		.byte	102
 1430 057a D6       		.byte	-42
 1431 057b 7E       		.byte	126
 1432 057c D8       		.byte	-40
 1433 057d 66       		.byte	102
 1434 057e E0       		.byte	-32
 1435 057f 40       		.byte	64
 1436 0580 B8       		.byte	-72
 1437 0581 08       		.byte	8
 1438 0582 BE       		.byte	-66
 1439 0583 04       		.byte	4
 1440 0584 D8       		.byte	-40
 1441 0585 04       		.byte	4
 1442 0586 DF       		.byte	-33
 1443 0587 01       		.byte	1
 1444 0588 19       		.byte	25
 1445 0589 08       		.byte	8
 1446 058a 9D       		.byte	-99
 1447 058b 08       		.byte	8
 1448 058c B5       		.byte	-75
 1449 058d 08       		.byte	8
 1450 058e B6       		.byte	-74
 1451 058f 02       		.byte	2
 1452 0590 E0       		.byte	-32
 1453 0591 01       		.byte	1
 1454 0592 26       		.byte	38
 1455 0593 01       		.byte	1
 1456 0594 32       		.byte	50
 1457 0595 01       		.byte	1
 1458 0596 40       		.byte	64
 1459 0597 13       		.byte	19
 1460 0598 41       		.byte	65
 1461 0599 05       		.byte	5
 1462 059a 45       		.byte	69
 1463 059b 0E       		.byte	14
 1464 059c 47       		.byte	71
 1465 059d CB       		.byte	-53
 1466 059e 48       		.byte	72
 1467 059f 31       		.byte	49
 1468 05a0 49       		.byte	73
 1469 05a1 FF       		.byte	-1
 1470 05a2 4A       		.byte	74
 1471 05a3 FF       		.byte	-1
 1472 05a4 4B       		.byte	75
 1473 05a5 FF       		.byte	-1
 1474 05a6 4E       		.byte	78
 1475 05a7 F0       		.byte	-16
 1476 05a8 4F       		.byte	79
 1477 05a9 44       		.byte	68
 1478 05aa 50       		.byte	80
 1479 05ab 0C       		.byte	12
 1480 05ac 52       		.byte	82
 1481 05ad 80       		.byte	-128
 1482 05ae 58       		.byte	88
ARM GAS  C:\Users\Patrick\AppData\Local\Temp\ccCFoTHC.s 			page 27


 1483 05af 04       		.byte	4
 1484 05b0 5A       		.byte	90
 1485 05b1 04       		.byte	4
 1486 05b2 5B       		.byte	91
 1487 05b3 04       		.byte	4
 1488 05b4 5D       		.byte	93
 1489 05b5 04       		.byte	4
 1490 05b6 5F       		.byte	95
 1491 05b7 01       		.byte	1
 1492 05b8 66       		.byte	102
 1493 05b9 C0       		.byte	-64
 1494 05ba 6A       		.byte	106
 1495 05bb 40       		.byte	64
 1496 05bc 6B       		.byte	107
 1497 05bd 02       		.byte	2
 1498 05be 00       		.byte	0
 1499 05bf 51       		.byte	81
 1500 05c0 03       		.byte	3
 1501 05c1 10       		.byte	16
 1502 05c2 08       		.byte	8
 1503 05c3 40       		.byte	64
 1504 05c4 0A       		.byte	10
 1505 05c5 A5       		.byte	-91
 1506 05c6 10       		.byte	16
 1507 05c7 80       		.byte	-128
 1508 05c8 11       		.byte	17
 1509 05c9 10       		.byte	16
 1510 05ca 12       		.byte	18
 1511 05cb 11       		.byte	17
 1512 05cc 17       		.byte	23
 1513 05cd 08       		.byte	8
 1514 05ce 18       		.byte	24
 1515 05cf 18       		.byte	24
 1516 05d0 19       		.byte	25
 1517 05d1 40       		.byte	64
 1518 05d2 1A       		.byte	26
 1519 05d3 80       		.byte	-128
 1520 05d4 1F       		.byte	31
 1521 05d5 08       		.byte	8
 1522 05d6 20       		.byte	32
 1523 05d7 06       		.byte	6
 1524 05d8 22       		.byte	34
 1525 05d9 09       		.byte	9
 1526 05da 28       		.byte	40
 1527 05db 40       		.byte	64
 1528 05dc 29       		.byte	41
 1529 05dd 10       		.byte	16
 1530 05de 2A       		.byte	42
 1531 05df 10       		.byte	16
 1532 05e0 2B       		.byte	43
 1533 05e1 20       		.byte	32
 1534 05e2 32       		.byte	50
 1535 05e3 4A       		.byte	74
 1536 05e4 33       		.byte	51
 1537 05e5 10       		.byte	16
 1538 05e6 38       		.byte	56
 1539 05e7 49       		.byte	73
ARM GAS  C:\Users\Patrick\AppData\Local\Temp\ccCFoTHC.s 			page 28


 1540 05e8 39       		.byte	57
 1541 05e9 10       		.byte	16
 1542 05ea 3B       		.byte	59
 1543 05eb 04       		.byte	4
 1544 05ec 3C       		.byte	60
 1545 05ed 20       		.byte	32
 1546 05ee 3E       		.byte	62
 1547 05ef 20       		.byte	32
 1548 05f0 40       		.byte	64
 1549 05f1 64       		.byte	100
 1550 05f2 46       		.byte	70
 1551 05f3 22       		.byte	34
 1552 05f4 49       		.byte	73
 1553 05f5 20       		.byte	32
 1554 05f6 4A       		.byte	74
 1555 05f7 02       		.byte	2
 1556 05f8 4C       		.byte	76
 1557 05f9 10       		.byte	16
 1558 05fa 4F       		.byte	79
 1559 05fb 80       		.byte	-128
 1560 05fc 50       		.byte	80
 1561 05fd 80       		.byte	-128
 1562 05fe 52       		.byte	82
 1563 05ff 01       		.byte	1
 1564 0600 57       		.byte	87
 1565 0601 05       		.byte	5
 1566 0602 58       		.byte	88
 1567 0603 20       		.byte	32
 1568 0604 5A       		.byte	90
 1569 0605 22       		.byte	34
 1570 0606 61       		.byte	97
 1571 0607 40       		.byte	64
 1572 0608 63       		.byte	99
 1573 0609 04       		.byte	4
 1574 060a 77       		.byte	119
 1575 060b 40       		.byte	64
 1576 060c 90       		.byte	-112
 1577 060d 01       		.byte	1
 1578 060e 92       		.byte	-110
 1579 060f 1C       		.byte	28
 1580 0610 94       		.byte	-108
 1581 0611 20       		.byte	32
 1582 0612 95       		.byte	-107
 1583 0613 20       		.byte	32
 1584 0614 99       		.byte	-103
 1585 0615 20       		.byte	32
 1586 0616 9A       		.byte	-102
 1587 0617 02       		.byte	2
 1588 0618 9B       		.byte	-101
 1589 0619 08       		.byte	8
 1590 061a 9C       		.byte	-100
 1591 061b 80       		.byte	-128
 1592 061c 9E       		.byte	-98
 1593 061d 20       		.byte	32
 1594 061e 9F       		.byte	-97
 1595 061f 40       		.byte	64
 1596 0620 A1       		.byte	-95
ARM GAS  C:\Users\Patrick\AppData\Local\Temp\ccCFoTHC.s 			page 29


 1597 0621 80       		.byte	-128
 1598 0622 A3       		.byte	-93
 1599 0623 60       		.byte	96
 1600 0624 A4       		.byte	-92
 1601 0625 10       		.byte	16
 1602 0626 A5       		.byte	-91
 1603 0627 08       		.byte	8
 1604 0628 A7       		.byte	-89
 1605 0629 0D       		.byte	13
 1606 062a AA       		.byte	-86
 1607 062b 04       		.byte	4
 1608 062c AB       		.byte	-85
 1609 062d 09       		.byte	9
 1610 062e B1       		.byte	-79
 1611 062f 10       		.byte	16
 1612 0630 B3       		.byte	-77
 1613 0631 01       		.byte	1
 1614 0632 B4       		.byte	-76
 1615 0633 0C       		.byte	12
 1616 0634 B6       		.byte	-74
 1617 0635 40       		.byte	64
 1618 0636 C0       		.byte	-64
 1619 0637 0F       		.byte	15
 1620 0638 C2       		.byte	-62
 1621 0639 0F       		.byte	15
 1622 063a C4       		.byte	-60
 1623 063b 2F       		.byte	47
 1624 063c CA       		.byte	-54
 1625 063d 07       		.byte	7
 1626 063e CC       		.byte	-52
 1627 063f 0F       		.byte	15
 1628 0640 CE       		.byte	-50
 1629 0641 0D       		.byte	13
 1630 0642 D0       		.byte	-48
 1631 0643 57       		.byte	87
 1632 0644 D2       		.byte	-46
 1633 0645 1C       		.byte	28
 1634 0646 D6       		.byte	-42
 1635 0647 01       		.byte	1
 1636 0648 D8       		.byte	-40
 1637 0649 0C       		.byte	12
 1638 064a E0       		.byte	-32
 1639 064b 01       		.byte	1
 1640 064c E8       		.byte	-24
 1641 064d 40       		.byte	64
 1642 064e EA       		.byte	-22
 1643 064f 04       		.byte	4
 1644 0650 00       		.byte	0
 1645 0651 4F       		.byte	79
 1646 0652 01       		.byte	1
 1647 0653 08       		.byte	8
 1648 0654 02       		.byte	2
 1649 0655 90       		.byte	-112
 1650 0656 04       		.byte	4
 1651 0657 FF       		.byte	-1
 1652 0658 05       		.byte	5
 1653 0659 18       		.byte	24
ARM GAS  C:\Users\Patrick\AppData\Local\Temp\ccCFoTHC.s 			page 30


 1654 065a 08       		.byte	8
 1655 065b 03       		.byte	3
 1656 065c 09       		.byte	9
 1657 065d 01       		.byte	1
 1658 065e 0C       		.byte	12
 1659 065f F3       		.byte	-13
 1660 0660 0E       		.byte	14
 1661 0661 0C       		.byte	12
 1662 0662 0F       		.byte	15
 1663 0663 04       		.byte	4
 1664 0664 10       		.byte	16
 1665 0665 01       		.byte	1
 1666 0666 11       		.byte	17
 1667 0667 01       		.byte	1
 1668 0668 14       		.byte	20
 1669 0669 4C       		.byte	76
 1670 066a 15       		.byte	21
 1671 066b 02       		.byte	2
 1672 066c 16       		.byte	22
 1673 066d A3       		.byte	-93
 1674 066e 19       		.byte	25
 1675 066f 01       		.byte	1
 1676 0670 1A       		.byte	26
 1677 0671 40       		.byte	64
 1678 0672 1C       		.byte	28
 1679 0673 42       		.byte	66
 1680 0674 1D       		.byte	29
 1681 0675 10       		.byte	16
 1682 0676 20       		.byte	32
 1683 0677 08       		.byte	8
 1684 0678 21       		.byte	33
 1685 0679 24       		.byte	36
 1686 067a 23       		.byte	35
 1687 067b 18       		.byte	24
 1688 067c 24       		.byte	36
 1689 067d 04       		.byte	4
 1690 067e 25       		.byte	37
 1691 067f 3C       		.byte	60
 1692 0680 28       		.byte	40
 1693 0681 0C       		.byte	12
 1694 0682 29       		.byte	41
 1695 0683 3C       		.byte	60
 1696 0684 2D       		.byte	45
 1697 0685 38       		.byte	56
 1698 0686 2E       		.byte	46
 1699 0687 B3       		.byte	-77
 1700 0688 2F       		.byte	47
 1701 0689 04       		.byte	4
 1702 068a 30       		.byte	48
 1703 068b 0F       		.byte	15
 1704 068c 31       		.byte	49
 1705 068d 01       		.byte	1
 1706 068e 33       		.byte	51
 1707 068f 20       		.byte	32
 1708 0690 34       		.byte	52
 1709 0691 7C       		.byte	124
 1710 0692 35       		.byte	53
ARM GAS  C:\Users\Patrick\AppData\Local\Temp\ccCFoTHC.s 			page 31


 1711 0693 1C       		.byte	28
 1712 0694 36       		.byte	54
 1713 0695 8C       		.byte	-116
 1714 0696 37       		.byte	55
 1715 0697 02       		.byte	2
 1716 0698 3A       		.byte	58
 1717 0699 A2       		.byte	-94
 1718 069a 3F       		.byte	63
 1719 069b 44       		.byte	68
 1720 069c 40       		.byte	64
 1721 069d 03       		.byte	3
 1722 069e 46       		.byte	70
 1723 069f 40       		.byte	64
 1724 06a0 49       		.byte	73
 1725 06a1 FF       		.byte	-1
 1726 06a2 4A       		.byte	74
 1727 06a3 07       		.byte	7
 1728 06a4 4B       		.byte	75
 1729 06a5 FF       		.byte	-1
 1730 06a6 4C       		.byte	76
 1731 06a7 40       		.byte	64
 1732 06a8 4D       		.byte	77
 1733 06a9 20       		.byte	32
 1734 06aa 4E       		.byte	78
 1735 06ab F0       		.byte	-16
 1736 06ac 4F       		.byte	79
 1737 06ad 05       		.byte	5
 1738 06ae 50       		.byte	80
 1739 06af 08       		.byte	8
 1740 06b0 56       		.byte	86
 1741 06b1 02       		.byte	2
 1742 06b2 57       		.byte	87
 1743 06b3 11       		.byte	17
 1744 06b4 58       		.byte	88
 1745 06b5 04       		.byte	4
 1746 06b6 59       		.byte	89
 1747 06b7 04       		.byte	4
 1748 06b8 5A       		.byte	90
 1749 06b9 04       		.byte	4
 1750 06ba 5B       		.byte	91
 1751 06bb 04       		.byte	4
 1752 06bc 5C       		.byte	92
 1753 06bd 44       		.byte	68
 1754 06be 5D       		.byte	93
 1755 06bf 44       		.byte	68
 1756 06c0 5F       		.byte	95
 1757 06c1 01       		.byte	1
 1758 06c2 60       		.byte	96
 1759 06c3 40       		.byte	64
 1760 06c4 61       		.byte	97
 1761 06c5 A8       		.byte	-88
 1762 06c6 62       		.byte	98
 1763 06c7 40       		.byte	64
 1764 06c8 63       		.byte	99
 1765 06c9 20       		.byte	32
 1766 06ca 90       		.byte	-112
 1767 06cb 01       		.byte	1
ARM GAS  C:\Users\Patrick\AppData\Local\Temp\ccCFoTHC.s 			page 32


 1768 06cc 9A       		.byte	-102
 1769 06cd 03       		.byte	3
 1770 06ce AE       		.byte	-82
 1771 06cf 01       		.byte	1
 1772 06d0 B0       		.byte	-80
 1773 06d1 02       		.byte	2
 1774 06d2 B2       		.byte	-78
 1775 06d3 01       		.byte	1
 1776 06d4 BE       		.byte	-66
 1777 06d5 04       		.byte	4
 1778 06d6 D2       		.byte	-46
 1779 06d7 80       		.byte	-128
 1780 06d8 D8       		.byte	-40
 1781 06d9 04       		.byte	4
 1782 06da DB       		.byte	-37
 1783 06db 04       		.byte	4
 1784 06dc DF       		.byte	-33
 1785 06dd 01       		.byte	1
 1786 06de 00       		.byte	0
 1787 06df 40       		.byte	64
 1788 06e0 02       		.byte	2
 1789 06e1 08       		.byte	8
 1790 06e2 03       		.byte	3
 1791 06e3 A0       		.byte	-96
 1792 06e4 08       		.byte	8
 1793 06e5 08       		.byte	8
 1794 06e6 09       		.byte	9
 1795 06e7 80       		.byte	-128
 1796 06e8 0A       		.byte	10
 1797 06e9 80       		.byte	-128
 1798 06ea 0B       		.byte	11
 1799 06eb 08       		.byte	8
 1800 06ec 0E       		.byte	14
 1801 06ed 84       		.byte	-124
 1802 06ee 10       		.byte	16
 1803 06ef 88       		.byte	-120
 1804 06f0 12       		.byte	18
 1805 06f1 02       		.byte	2
 1806 06f2 13       		.byte	19
 1807 06f3 08       		.byte	8
 1808 06f4 17       		.byte	23
 1809 06f5 80       		.byte	-128
 1810 06f6 18       		.byte	24
 1811 06f7 40       		.byte	64
 1812 06f8 19       		.byte	25
 1813 06f9 91       		.byte	-111
 1814 06fa 1A       		.byte	26
 1815 06fb 01       		.byte	1
 1816 06fc 1B       		.byte	27
 1817 06fd 80       		.byte	-128
 1818 06fe 1D       		.byte	29
 1819 06ff 08       		.byte	8
 1820 0700 1E       		.byte	30
 1821 0701 80       		.byte	-128
 1822 0702 22       		.byte	34
 1823 0703 92       		.byte	-110
 1824 0704 23       		.byte	35
ARM GAS  C:\Users\Patrick\AppData\Local\Temp\ccCFoTHC.s 			page 33


 1825 0705 60       		.byte	96
 1826 0706 28       		.byte	40
 1827 0707 08       		.byte	8
 1828 0708 29       		.byte	41
 1829 0709 91       		.byte	-111
 1830 070a 2B       		.byte	43
 1831 070b 20       		.byte	32
 1832 070c 30       		.byte	48
 1833 070d 80       		.byte	-128
 1834 070e 32       		.byte	50
 1835 070f 04       		.byte	4
 1836 0710 33       		.byte	51
 1837 0711 11       		.byte	17
 1838 0712 38       		.byte	56
 1839 0713 08       		.byte	8
 1840 0714 39       		.byte	57
 1841 0715 10       		.byte	16
 1842 0716 3A       		.byte	58
 1843 0717 01       		.byte	1
 1844 0718 3B       		.byte	59
 1845 0719 40       		.byte	64
 1846 071a 42       		.byte	66
 1847 071b 10       		.byte	16
 1848 071c 48       		.byte	72
 1849 071d 10       		.byte	16
 1850 071e 51       		.byte	81
 1851 071f 10       		.byte	16
 1852 0720 5B       		.byte	91
 1853 0721 20       		.byte	32
 1854 0722 69       		.byte	105
 1855 0723 10       		.byte	16
 1856 0724 6B       		.byte	107
 1857 0725 11       		.byte	17
 1858 0726 70       		.byte	112
 1859 0727 8C       		.byte	-116
 1860 0728 73       		.byte	115
 1861 0729 08       		.byte	8
 1862 072a 77       		.byte	119
 1863 072b 80       		.byte	-128
 1864 072c 82       		.byte	-126
 1865 072d 80       		.byte	-128
 1866 072e 88       		.byte	-120
 1867 072f 80       		.byte	-128
 1868 0730 8A       		.byte	-118
 1869 0731 04       		.byte	4
 1870 0732 8E       		.byte	-114
 1871 0733 01       		.byte	1
 1872 0734 8F       		.byte	-113
 1873 0735 08       		.byte	8
 1874 0736 92       		.byte	-110
 1875 0737 98       		.byte	-104
 1876 0738 93       		.byte	-109
 1877 0739 08       		.byte	8
 1878 073a 94       		.byte	-108
 1879 073b 40       		.byte	64
 1880 073c 95       		.byte	-107
 1881 073d 30       		.byte	48
ARM GAS  C:\Users\Patrick\AppData\Local\Temp\ccCFoTHC.s 			page 34


 1882 073e 96       		.byte	-106
 1883 073f 21       		.byte	33
 1884 0740 9C       		.byte	-100
 1885 0741 80       		.byte	-128
 1886 0742 9D       		.byte	-99
 1887 0743 10       		.byte	16
 1888 0744 9F       		.byte	-97
 1889 0745 10       		.byte	16
 1890 0746 A1       		.byte	-95
 1891 0747 80       		.byte	-128
 1892 0748 A2       		.byte	-94
 1893 0749 08       		.byte	8
 1894 074a A3       		.byte	-93
 1895 074b 20       		.byte	32
 1896 074c A4       		.byte	-92
 1897 074d 10       		.byte	16
 1898 074e A5       		.byte	-91
 1899 074f 08       		.byte	8
 1900 0750 A6       		.byte	-90
 1901 0751 02       		.byte	2
 1902 0752 B0       		.byte	-80
 1903 0753 01       		.byte	1
 1904 0754 B3       		.byte	-77
 1905 0755 04       		.byte	4
 1906 0756 C0       		.byte	-64
 1907 0757 0F       		.byte	15
 1908 0758 C2       		.byte	-62
 1909 0759 5F       		.byte	95
 1910 075a C4       		.byte	-60
 1911 075b 8F       		.byte	-113
 1912 075c CA       		.byte	-54
 1913 075d 0F       		.byte	15
 1914 075e CC       		.byte	-52
 1915 075f 0F       		.byte	15
 1916 0760 CE       		.byte	-50
 1917 0761 0F       		.byte	15
 1918 0762 D0       		.byte	-48
 1919 0763 02       		.byte	2
 1920 0764 D6       		.byte	-42
 1921 0765 04       		.byte	4
 1922 0766 E4       		.byte	-28
 1923 0767 04       		.byte	4
 1924 0768 33       		.byte	51
 1925 0769 10       		.byte	16
 1926 076a 37       		.byte	55
 1927 076b 40       		.byte	64
 1928 076c CC       		.byte	-52
 1929 076d 30       		.byte	48
 1930 076e 52       		.byte	82
 1931 076f 08       		.byte	8
 1932 0770 57       		.byte	87
 1933 0771 02       		.byte	2
 1934 0772 83       		.byte	-125
 1935 0773 12       		.byte	18
 1936 0774 9F       		.byte	-97
 1937 0775 50       		.byte	80
 1938 0776 D4       		.byte	-44
ARM GAS  C:\Users\Patrick\AppData\Local\Temp\ccCFoTHC.s 			page 35


 1939 0777 20       		.byte	32
 1940 0778 D6       		.byte	-42
 1941 0779 20       		.byte	32
 1942 077a E2       		.byte	-30
 1943 077b 20       		.byte	32
 1944 077c 9F       		.byte	-97
 1945 077d 40       		.byte	64
 1946 077e A6       		.byte	-90
 1947 077f 08       		.byte	8
 1948 0780 80       		.byte	-128
 1949 0781 04       		.byte	4
 1950 0782 A6       		.byte	-90
 1951 0783 08       		.byte	8
 1952 0784 AB       		.byte	-85
 1953 0785 40       		.byte	64
 1954 0786 E0       		.byte	-32
 1955 0787 20       		.byte	32
 1956 0788 EE       		.byte	-18
 1957 0789 80       		.byte	-128
 1958 078a 5C       		.byte	92
 1959 078b 40       		.byte	64
 1960 078c 8C       		.byte	-116
 1961 078d 40       		.byte	64
 1962 078e D6       		.byte	-42
 1963 078f 04       		.byte	4
 1964 0790 E0       		.byte	-32
 1965 0791 02       		.byte	2
 1966 0792 1A       		.byte	26
 1967 0793 80       		.byte	-128
 1968 0794 C6       		.byte	-58
 1969 0795 08       		.byte	8
 1970 0796 47       		.byte	71
 1971 0797 80       		.byte	-128
 1972 0798 AA       		.byte	-86
 1973 0799 40       		.byte	64
 1974 079a D0       		.byte	-48
 1975 079b 04       		.byte	4
 1976 079c 23       		.byte	35
 1977 079d 20       		.byte	32
 1978 079e 26       		.byte	38
 1979 079f 08       		.byte	8
 1980 07a0 83       		.byte	-125
 1981 07a1 20       		.byte	32
 1982 07a2 94       		.byte	-108
 1983 07a3 04       		.byte	4
 1984 07a4 A6       		.byte	-90
 1985 07a5 08       		.byte	8
 1986 07a6 C8       		.byte	-56
 1987 07a7 C0       		.byte	-64
 1988 07a8 E0       		.byte	-32
 1989 07a9 80       		.byte	-128
 1990 07aa 18       		.byte	24
 1991 07ab 04       		.byte	4
 1992 07ac 94       		.byte	-108
 1993 07ad 04       		.byte	4
 1994 07ae C6       		.byte	-58
 1995 07af 40       		.byte	64
ARM GAS  C:\Users\Patrick\AppData\Local\Temp\ccCFoTHC.s 			page 36


 1996 07b0 08       		.byte	8
 1997 07b1 04       		.byte	4
 1998 07b2 09       		.byte	9
 1999 07b3 40       		.byte	64
 2000 07b4 0C       		.byte	12
 2001 07b5 80       		.byte	-128
 2002 07b6 59       		.byte	89
 2003 07b7 01       		.byte	1
 2004 07b8 83       		.byte	-125
 2005 07b9 80       		.byte	-128
 2006 07ba 9F       		.byte	-97
 2007 07bb 80       		.byte	-128
 2008 07bc A4       		.byte	-92
 2009 07bd 80       		.byte	-128
 2010 07be A8       		.byte	-88
 2011 07bf 80       		.byte	-128
 2012 07c0 C2       		.byte	-62
 2013 07c1 0B       		.byte	11
 2014 07c2 D6       		.byte	-42
 2015 07c3 02       		.byte	2
 2016 07c4 10       		.byte	16
 2017 07c5 10       		.byte	16
 2018 07c6 19       		.byte	25
 2019 07c7 01       		.byte	1
 2020 07c8 70       		.byte	112
 2021 07c9 01       		.byte	1
 2022 07ca 78       		.byte	120
 2023 07cb 04       		.byte	4
 2024 07cc 80       		.byte	-128
 2025 07cd 01       		.byte	1
 2026 07ce 88       		.byte	-120
 2027 07cf 10       		.byte	16
 2028 07d0 89       		.byte	-119
 2029 07d1 40       		.byte	64
 2030 07d2 98       		.byte	-104
 2031 07d3 04       		.byte	4
 2032 07d4 9D       		.byte	-99
 2033 07d5 01       		.byte	1
 2034 07d6 A1       		.byte	-95
 2035 07d7 40       		.byte	64
 2036 07d8 C4       		.byte	-60
 2037 07d9 08       		.byte	8
 2038 07da C6       		.byte	-58
 2039 07db 08       		.byte	8
 2040 07dc DC       		.byte	-36
 2041 07dd 01       		.byte	1
 2042 07de DE       		.byte	-34
 2043 07df 02       		.byte	2
 2044 07e0 E2       		.byte	-30
 2045 07e1 04       		.byte	4
 2046 07e2 E6       		.byte	-26
 2047 07e3 04       		.byte	4
 2048 07e4 00       		.byte	0
 2049 07e5 11       		.byte	17
 2050 07e6 01       		.byte	1
 2051 07e7 01       		.byte	1
 2052 07e8 02       		.byte	2
ARM GAS  C:\Users\Patrick\AppData\Local\Temp\ccCFoTHC.s 			page 37


 2053 07e9 14       		.byte	20
 2054 07ea 08       		.byte	8
 2055 07eb 01       		.byte	1
 2056 07ec 0A       		.byte	10
 2057 07ed 01       		.byte	1
 2058 07ee 0C       		.byte	12
 2059 07ef 11       		.byte	17
 2060 07f0 0D       		.byte	13
 2061 07f1 01       		.byte	1
 2062 07f2 10       		.byte	16
 2063 07f3 11       		.byte	17
 2064 07f4 12       		.byte	18
 2065 07f5 14       		.byte	20
 2066 07f6 1C       		.byte	28
 2067 07f7 11       		.byte	17
 2068 07f8 00       		.byte	0
 2069 07f9 0E       		.byte	14
 2070 07fa 00       		.byte	0
 2071 07fb 00       		.byte	0
 2072 07fc 08       		.byte	8
 2073 07fd 84       		.byte	-124
 2074 07fe 04       		.byte	4
 2075 07ff 31       		.byte	49
 2076 0800 0C       		.byte	12
 2077 0801 00       		.byte	0
 2078 0802 00       		.byte	0
 2079 0803 00       		.byte	0
 2080 0804 00       		.byte	0
 2081 0805 07       		.byte	7
 2082 0806 01       		.byte	1
 2083 0807 00       		.byte	0
 2084 0808 02       		.byte	2
 2085 0809 C0       		.byte	-64
 2086 080a 00       		.byte	0
 2087 080b 00       		.byte	0
 2088 080c 04       		.byte	4
 2089 080d 00       		.byte	0
 2090 080e 08       		.byte	8
 2091 080f C0       		.byte	-64
 2092 0810 00       		.byte	0
 2093 0811 C1       		.byte	-63
 2094 0812 10       		.byte	16
 2095 0813 0E       		.byte	14
 2096 0814 02       		.byte	2
 2097 0815 07       		.byte	7
 2098 0816 00       		.byte	0
 2099 0817 00       		.byte	0
 2100 0818 00       		.byte	0
 2101 0819 42       		.byte	66
 2102 081a 02       		.byte	2
 2103 081b 11       		.byte	17
 2104 081c 00       		.byte	0
 2105 081d 00       		.byte	0
 2106 081e 10       		.byte	16
 2107 081f C0       		.byte	-64
 2108 0820 00       		.byte	0
 2109 0821 C0       		.byte	-64
ARM GAS  C:\Users\Patrick\AppData\Local\Temp\ccCFoTHC.s 			page 38


 2110 0822 02       		.byte	2
 2111 0823 00       		.byte	0
 2112 0824 0C       		.byte	12
 2113 0825 00       		.byte	0
 2114 0826 00       		.byte	0
 2115 0827 C0       		.byte	-64
 2116 0828 00       		.byte	0
 2117 0829 00       		.byte	0
 2118 082a 01       		.byte	1
 2119 082b 00       		.byte	0
 2120 082c 0C       		.byte	12
 2121 082d C0       		.byte	-64
 2122 082e 02       		.byte	2
 2123 082f 07       		.byte	7
 2124 0830 01       		.byte	1
 2125 0831 18       		.byte	24
 2126 0832 10       		.byte	16
 2127 0833 20       		.byte	32
 2128 0834 08       		.byte	8
 2129 0835 00       		.byte	0
 2130 0836 00       		.byte	0
 2131 0837 00       		.byte	0
 2132 0838 00       		.byte	0
 2133 0839 00       		.byte	0
 2134 083a 50       		.byte	80
 2135 083b 10       		.byte	16
 2136 083c 45       		.byte	69
 2137 083d 06       		.byte	6
 2138 083e 03       		.byte	3
 2139 083f 00       		.byte	0
 2140 0840 02       		.byte	2
 2141 0841 00       		.byte	0
 2142 0842 0C       		.byte	12
 2143 0843 E0       		.byte	-32
 2144 0844 24       		.byte	36
 2145 0845 FF       		.byte	-1
 2146 0846 FF       		.byte	-1
 2147 0847 FF       		.byte	-1
 2148 0848 62       		.byte	98
 2149 0849 A0       		.byte	-96
 2150 084a F0       		.byte	-16
 2151 084b 41       		.byte	65
 2152 084c 0C       		.byte	12
 2153 084d 00       		.byte	0
 2154 084e 00       		.byte	0
 2155 084f 00       		.byte	0
 2156 0850 18       		.byte	24
 2157 0851 00       		.byte	0
 2158 0852 00       		.byte	0
 2159 0853 00       		.byte	0
 2160 0854 04       		.byte	4
 2161 0855 04       		.byte	4
 2162 0856 04       		.byte	4
 2163 0857 04       		.byte	4
 2164 0858 44       		.byte	68
 2165 0859 44       		.byte	68
 2166 085a 00       		.byte	0
ARM GAS  C:\Users\Patrick\AppData\Local\Temp\ccCFoTHC.s 			page 39


 2167 085b 01       		.byte	1
 2168 085c 00       		.byte	0
 2169 085d 00       		.byte	0
 2170 085e 00       		.byte	0
 2171 085f 00       		.byte	0
 2172 0860 00       		.byte	0
 2173 0861 00       		.byte	0
 2174 0862 40       		.byte	64
 2175 0863 02       		.byte	2
 2176 0864 00       		.byte	0
 2177 0865 10       		.byte	16
 2178 0866 30       		.byte	48
 2179 0867 10       		.byte	16
 2180 0868 00       		.byte	0
 2181 0869 10       		.byte	16
 2182 086a 10       		.byte	16
 2183 086b 12       		.byte	18
 2184 086c 00       		.byte	0
 2185 086d 00       		.byte	0
 2186 086e 00       		.byte	0
 2187 086f 00       		.byte	0
 2188 0870 00       		.byte	0
 2189 0871 00       		.byte	0
 2190 0872 00       		.byte	0
 2191 0873 00       		.byte	0
 2192 0874 00       		.byte	0
 2193 0875 00       		.byte	0
 2194 0876 00       		.byte	0
 2195 0877 00       		.byte	0
 2196 0878 00       		.byte	0
 2197 0879 00       		.byte	0
 2198 087a 00       		.byte	0
 2199 087b 00       		.byte	0
 2200 087c 00       		.byte	0
 2201 087d 03       		.byte	3
 2202 087e 03       		.byte	3
 2203 087f 00       		.byte	0
 2204 0880 03       		.byte	3
 2205 0881 00       		.byte	0
 2206 0882 74       		.byte	116
 2207 0883 00       		.byte	0
 2208 0884 80       		.byte	-128
 2209 0885 00       		.byte	0
 2210 0886 40       		.byte	64
 2211 0887 80       		.byte	-128
 2212 0888 80       		.byte	-128
 2213 0889 00       		.byte	0
 2214 088a 80       		.byte	-128
 2215 088b 00       		.byte	0
 2216 088c 00       		.byte	0
 2217 088d 00       		.byte	0
 2218 088e 00       		.byte	0
 2219 088f 00       		.byte	0
 2220 0890 C0       		.byte	-64
 2221 0891 00       		.byte	0
 2222 0892 10       		.byte	16
 2223 0893 E0       		.byte	-32
ARM GAS  C:\Users\Patrick\AppData\Local\Temp\ccCFoTHC.s 			page 40


 2224 0894 20       		.byte	32
 2225 0895 00       		.byte	0
 2226 0896 20       		.byte	32
 2227 0897 00       		.byte	0
 2228 0898 00       		.byte	0
 2229 0899 00       		.byte	0
 2230 089a 00       		.byte	0
 2231 089b 00       		.byte	0
 2232 089c 00       		.byte	0
 2233 089d 02       		.byte	2
 2234 089e 02       		.byte	2
 2235 089f 00       		.byte	0
 2236 08a0 02       		.byte	2
 2237 08a1 00       		.byte	0
 2238 08a2 00       		.byte	0
 2239 08a3 00       		.byte	0
 2240              		.section	.cywolatch,"a",%progbits
 2241              		.align	2
 2242              		.type	cy_meta_wonvl, %object
 2243              		.size	cy_meta_wonvl, 4
 2244              	cy_meta_wonvl:
 2245 0000 BC       		.byte	-68
 2246 0001 90       		.byte	-112
 2247 0002 AC       		.byte	-84
 2248 0003 AF       		.byte	-81
 2249              		.section	.cycustnvl,"a",%progbits
 2250              		.align	2
 2251              		.type	cy_meta_custnvl, %object
 2252              		.size	cy_meta_custnvl, 4
 2253              	cy_meta_custnvl:
 2254 0000 00       		.byte	0
 2255 0001 00       		.byte	0
 2256 0002 40       		.byte	64
 2257 0003 05       		.byte	5
 2258              		.section	.cymeta,"a",%progbits
 2259              		.align	2
 2260              		.type	cy_metadata, %object
 2261              		.size	cy_metadata, 12
 2262              	cy_metadata:
 2263 0000 00       		.byte	0
 2264 0001 01       		.byte	1
 2265 0002 2E       		.byte	46
 2266 0003 16       		.byte	22
 2267 0004 10       		.byte	16
 2268 0005 69       		.byte	105
 2269 0006 00       		.byte	0
 2270 0007 01       		.byte	1
 2271 0008 00       		.byte	0
 2272 0009 00       		.byte	0
 2273 000a 00       		.byte	0
 2274 000b 00       		.byte	0
 2275              		.section	.cyflashprotect,"a",%progbits
 2276              		.align	2
 2277              		.type	cy_meta_flashprotect, %object
 2278              		.size	cy_meta_flashprotect, 256
 2279              	cy_meta_flashprotect:
 2280 0000 00000000 		.space	256
ARM GAS  C:\Users\Patrick\AppData\Local\Temp\ccCFoTHC.s 			page 41


 2280      00000000 
 2280      00000000 
 2280      00000000 
 2280      00000000 
 2281              		.text
 2282              	.Letext0:
 2283              		.file 1 ".\\Generated_Source\\PSoC5\\cymetadata.c"
 2284              		.file 2 ".\\Generated_Source\\PSoC5\\cytypes.h"
 2285              		.section	.debug_info,"",%progbits
 2286              	.Ldebug_info0:
 2287 0000 3B010000 		.4byte	0x13b
 2288 0004 0400     		.2byte	0x4
 2289 0006 00000000 		.4byte	.Ldebug_abbrev0
 2290 000a 04       		.byte	0x4
 2291 000b 01       		.uleb128 0x1
 2292 000c 95000000 		.4byte	.LASF18
 2293 0010 01       		.byte	0x1
 2294 0011 4F000000 		.4byte	.LASF19
 2295 0015 00000000 		.4byte	.LASF20
 2296 0019 00000000 		.4byte	.Ldebug_line0
 2297 001d 02       		.uleb128 0x2
 2298 001e 01       		.byte	0x1
 2299 001f 06       		.byte	0x6
 2300 0020 ED010000 		.4byte	.LASF0
 2301 0024 02       		.uleb128 0x2
 2302 0025 01       		.byte	0x1
 2303 0026 08       		.byte	0x8
 2304 0027 87000000 		.4byte	.LASF1
 2305 002b 02       		.uleb128 0x2
 2306 002c 02       		.byte	0x2
 2307 002d 05       		.byte	0x5
 2308 002e D4010000 		.4byte	.LASF2
 2309 0032 02       		.uleb128 0x2
 2310 0033 02       		.byte	0x2
 2311 0034 07       		.byte	0x7
 2312 0035 35010000 		.4byte	.LASF3
 2313 0039 02       		.uleb128 0x2
 2314 003a 04       		.byte	0x4
 2315 003b 05       		.byte	0x5
 2316 003c E4010000 		.4byte	.LASF4
 2317 0040 02       		.uleb128 0x2
 2318 0041 04       		.byte	0x4
 2319 0042 07       		.byte	0x7
 2320 0043 23010000 		.4byte	.LASF5
 2321 0047 02       		.uleb128 0x2
 2322 0048 08       		.byte	0x8
 2323 0049 05       		.byte	0x5
 2324 004a C1010000 		.4byte	.LASF6
 2325 004e 02       		.uleb128 0x2
 2326 004f 08       		.byte	0x8
 2327 0050 07       		.byte	0x7
 2328 0051 7E010000 		.4byte	.LASF7
 2329 0055 03       		.uleb128 0x3
 2330 0056 04       		.byte	0x4
 2331 0057 05       		.byte	0x5
 2332 0058 696E7400 		.ascii	"int\000"
 2333 005c 02       		.uleb128 0x2
ARM GAS  C:\Users\Patrick\AppData\Local\Temp\ccCFoTHC.s 			page 42


 2334 005d 04       		.byte	0x4
 2335 005e 07       		.byte	0x7
 2336 005f 71010000 		.4byte	.LASF8
 2337 0063 04       		.uleb128 0x4
 2338 0064 DE010000 		.4byte	.LASF21
 2339 0068 02       		.byte	0x2
 2340 0069 9201     		.2byte	0x192
 2341 006b 24000000 		.4byte	0x24
 2342 006f 02       		.uleb128 0x2
 2343 0070 04       		.byte	0x4
 2344 0071 04       		.byte	0x4
 2345 0072 81000000 		.4byte	.LASF9
 2346 0076 02       		.uleb128 0x2
 2347 0077 08       		.byte	0x8
 2348 0078 04       		.byte	0x4
 2349 0079 48010000 		.4byte	.LASF10
 2350 007d 02       		.uleb128 0x2
 2351 007e 01       		.byte	0x1
 2352 007f 08       		.byte	0x8
 2353 0080 CF010000 		.4byte	.LASF11
 2354 0084 05       		.uleb128 0x5
 2355 0085 63000000 		.4byte	0x63
 2356 0089 95000000 		.4byte	0x95
 2357 008d 06       		.uleb128 0x6
 2358 008e 95000000 		.4byte	0x95
 2359 0092 A308     		.2byte	0x8a3
 2360 0094 00       		.byte	0
 2361 0095 02       		.uleb128 0x2
 2362 0096 04       		.byte	0x4
 2363 0097 07       		.byte	0x7
 2364 0098 B8010000 		.4byte	.LASF12
 2365 009c 07       		.uleb128 0x7
 2366 009d 5F010000 		.4byte	.LASF13
 2367 00a1 01       		.byte	0x1
 2368 00a2 1F       		.byte	0x1f
 2369 00a3 AD000000 		.4byte	0xad
 2370 00a7 05       		.uleb128 0x5
 2371 00a8 03       		.byte	0x3
 2372 00a9 00000000 		.4byte	cy_meta_configecc
 2373 00ad 08       		.uleb128 0x8
 2374 00ae 84000000 		.4byte	0x84
 2375 00b2 05       		.uleb128 0x5
 2376 00b3 63000000 		.4byte	0x63
 2377 00b7 C2000000 		.4byte	0xc2
 2378 00bb 09       		.uleb128 0x9
 2379 00bc 95000000 		.4byte	0x95
 2380 00c0 03       		.byte	0x3
 2381 00c1 00       		.byte	0
 2382 00c2 0A       		.uleb128 0xa
 2383 00c3 4F010000 		.4byte	.LASF14
 2384 00c7 01       		.byte	0x1
 2385 00c8 4101     		.2byte	0x141
 2386 00ca D4000000 		.4byte	0xd4
 2387 00ce 05       		.uleb128 0x5
 2388 00cf 03       		.byte	0x3
 2389 00d0 00000000 		.4byte	cy_meta_custnvl
 2390 00d4 08       		.uleb128 0x8
ARM GAS  C:\Users\Patrick\AppData\Local\Temp\ccCFoTHC.s 			page 43


 2391 00d5 B2000000 		.4byte	0xb2
 2392 00d9 0A       		.uleb128 0xa
 2393 00da AA010000 		.4byte	.LASF15
 2394 00de 01       		.byte	0x1
 2395 00df 4F01     		.2byte	0x14f
 2396 00e1 EB000000 		.4byte	0xeb
 2397 00e5 05       		.uleb128 0x5
 2398 00e6 03       		.byte	0x3
 2399 00e7 00000000 		.4byte	cy_meta_wonvl
 2400 00eb 08       		.uleb128 0x8
 2401 00ec B2000000 		.4byte	0xb2
 2402 00f0 05       		.uleb128 0x5
 2403 00f1 63000000 		.4byte	0x63
 2404 00f5 00010000 		.4byte	0x100
 2405 00f9 09       		.uleb128 0x9
 2406 00fa 95000000 		.4byte	0x95
 2407 00fe FF       		.byte	0xff
 2408 00ff 00       		.byte	0
 2409 0100 0A       		.uleb128 0xa
 2410 0101 95010000 		.4byte	.LASF16
 2411 0105 01       		.byte	0x1
 2412 0106 5D01     		.2byte	0x15d
 2413 0108 12010000 		.4byte	0x112
 2414 010c 05       		.uleb128 0x5
 2415 010d 03       		.byte	0x3
 2416 010e 00000000 		.4byte	cy_meta_flashprotect
 2417 0112 08       		.uleb128 0x8
 2418 0113 F0000000 		.4byte	0xf0
 2419 0117 05       		.uleb128 0x5
 2420 0118 63000000 		.4byte	0x63
 2421 011c 27010000 		.4byte	0x127
 2422 0120 09       		.uleb128 0x9
 2423 0121 95000000 		.4byte	0x95
 2424 0125 0B       		.byte	0xb
 2425 0126 00       		.byte	0
 2426 0127 0A       		.uleb128 0xa
 2427 0128 75000000 		.4byte	.LASF17
 2428 012c 01       		.byte	0x1
 2429 012d 8A01     		.2byte	0x18a
 2430 012f 39010000 		.4byte	0x139
 2431 0133 05       		.uleb128 0x5
 2432 0134 03       		.byte	0x3
 2433 0135 00000000 		.4byte	cy_metadata
 2434 0139 08       		.uleb128 0x8
 2435 013a 17010000 		.4byte	0x117
 2436 013e 00       		.byte	0
 2437              		.section	.debug_abbrev,"",%progbits
 2438              	.Ldebug_abbrev0:
 2439 0000 01       		.uleb128 0x1
 2440 0001 11       		.uleb128 0x11
 2441 0002 01       		.byte	0x1
 2442 0003 25       		.uleb128 0x25
 2443 0004 0E       		.uleb128 0xe
 2444 0005 13       		.uleb128 0x13
 2445 0006 0B       		.uleb128 0xb
 2446 0007 03       		.uleb128 0x3
 2447 0008 0E       		.uleb128 0xe
ARM GAS  C:\Users\Patrick\AppData\Local\Temp\ccCFoTHC.s 			page 44


 2448 0009 1B       		.uleb128 0x1b
 2449 000a 0E       		.uleb128 0xe
 2450 000b 10       		.uleb128 0x10
 2451 000c 17       		.uleb128 0x17
 2452 000d 00       		.byte	0
 2453 000e 00       		.byte	0
 2454 000f 02       		.uleb128 0x2
 2455 0010 24       		.uleb128 0x24
 2456 0011 00       		.byte	0
 2457 0012 0B       		.uleb128 0xb
 2458 0013 0B       		.uleb128 0xb
 2459 0014 3E       		.uleb128 0x3e
 2460 0015 0B       		.uleb128 0xb
 2461 0016 03       		.uleb128 0x3
 2462 0017 0E       		.uleb128 0xe
 2463 0018 00       		.byte	0
 2464 0019 00       		.byte	0
 2465 001a 03       		.uleb128 0x3
 2466 001b 24       		.uleb128 0x24
 2467 001c 00       		.byte	0
 2468 001d 0B       		.uleb128 0xb
 2469 001e 0B       		.uleb128 0xb
 2470 001f 3E       		.uleb128 0x3e
 2471 0020 0B       		.uleb128 0xb
 2472 0021 03       		.uleb128 0x3
 2473 0022 08       		.uleb128 0x8
 2474 0023 00       		.byte	0
 2475 0024 00       		.byte	0
 2476 0025 04       		.uleb128 0x4
 2477 0026 16       		.uleb128 0x16
 2478 0027 00       		.byte	0
 2479 0028 03       		.uleb128 0x3
 2480 0029 0E       		.uleb128 0xe
 2481 002a 3A       		.uleb128 0x3a
 2482 002b 0B       		.uleb128 0xb
 2483 002c 3B       		.uleb128 0x3b
 2484 002d 05       		.uleb128 0x5
 2485 002e 49       		.uleb128 0x49
 2486 002f 13       		.uleb128 0x13
 2487 0030 00       		.byte	0
 2488 0031 00       		.byte	0
 2489 0032 05       		.uleb128 0x5
 2490 0033 01       		.uleb128 0x1
 2491 0034 01       		.byte	0x1
 2492 0035 49       		.uleb128 0x49
 2493 0036 13       		.uleb128 0x13
 2494 0037 01       		.uleb128 0x1
 2495 0038 13       		.uleb128 0x13
 2496 0039 00       		.byte	0
 2497 003a 00       		.byte	0
 2498 003b 06       		.uleb128 0x6
 2499 003c 21       		.uleb128 0x21
 2500 003d 00       		.byte	0
 2501 003e 49       		.uleb128 0x49
 2502 003f 13       		.uleb128 0x13
 2503 0040 2F       		.uleb128 0x2f
 2504 0041 05       		.uleb128 0x5
ARM GAS  C:\Users\Patrick\AppData\Local\Temp\ccCFoTHC.s 			page 45


 2505 0042 00       		.byte	0
 2506 0043 00       		.byte	0
 2507 0044 07       		.uleb128 0x7
 2508 0045 34       		.uleb128 0x34
 2509 0046 00       		.byte	0
 2510 0047 03       		.uleb128 0x3
 2511 0048 0E       		.uleb128 0xe
 2512 0049 3A       		.uleb128 0x3a
 2513 004a 0B       		.uleb128 0xb
 2514 004b 3B       		.uleb128 0x3b
 2515 004c 0B       		.uleb128 0xb
 2516 004d 49       		.uleb128 0x49
 2517 004e 13       		.uleb128 0x13
 2518 004f 3F       		.uleb128 0x3f
 2519 0050 19       		.uleb128 0x19
 2520 0051 02       		.uleb128 0x2
 2521 0052 18       		.uleb128 0x18
 2522 0053 00       		.byte	0
 2523 0054 00       		.byte	0
 2524 0055 08       		.uleb128 0x8
 2525 0056 26       		.uleb128 0x26
 2526 0057 00       		.byte	0
 2527 0058 49       		.uleb128 0x49
 2528 0059 13       		.uleb128 0x13
 2529 005a 00       		.byte	0
 2530 005b 00       		.byte	0
 2531 005c 09       		.uleb128 0x9
 2532 005d 21       		.uleb128 0x21
 2533 005e 00       		.byte	0
 2534 005f 49       		.uleb128 0x49
 2535 0060 13       		.uleb128 0x13
 2536 0061 2F       		.uleb128 0x2f
 2537 0062 0B       		.uleb128 0xb
 2538 0063 00       		.byte	0
 2539 0064 00       		.byte	0
 2540 0065 0A       		.uleb128 0xa
 2541 0066 34       		.uleb128 0x34
 2542 0067 00       		.byte	0
 2543 0068 03       		.uleb128 0x3
 2544 0069 0E       		.uleb128 0xe
 2545 006a 3A       		.uleb128 0x3a
 2546 006b 0B       		.uleb128 0xb
 2547 006c 3B       		.uleb128 0x3b
 2548 006d 05       		.uleb128 0x5
 2549 006e 49       		.uleb128 0x49
 2550 006f 13       		.uleb128 0x13
 2551 0070 3F       		.uleb128 0x3f
 2552 0071 19       		.uleb128 0x19
 2553 0072 02       		.uleb128 0x2
 2554 0073 18       		.uleb128 0x18
 2555 0074 00       		.byte	0
 2556 0075 00       		.byte	0
 2557 0076 00       		.byte	0
 2558              		.section	.debug_aranges,"",%progbits
 2559 0000 14000000 		.4byte	0x14
 2560 0004 0200     		.2byte	0x2
 2561 0006 00000000 		.4byte	.Ldebug_info0
ARM GAS  C:\Users\Patrick\AppData\Local\Temp\ccCFoTHC.s 			page 46


 2562 000a 04       		.byte	0x4
 2563 000b 00       		.byte	0
 2564 000c 0000     		.2byte	0
 2565 000e 0000     		.2byte	0
 2566 0010 00000000 		.4byte	0
 2567 0014 00000000 		.4byte	0
 2568              		.section	.debug_line,"",%progbits
 2569              	.Ldebug_line0:
 2570 0000 4F000000 		.section	.debug_str,"MS",%progbits,1
 2570      02004900 
 2570      00000201 
 2570      FB0E0D00 
 2570      01010101 
 2571              	.LASF20:
 2572 0000 433A5C55 		.ascii	"C:\\Users\\Patrick\\Documents\\GitHub\\PSoC 5LP FIl"
 2572      73657273 
 2572      5C506174 
 2572      7269636B 
 2572      5C446F63 
 2573 002e 65735C43 		.ascii	"es\\C-CAN_PSoC_DevKit\\C-CAN.cydsn\000"
 2573      2D43414E 
 2573      5F50536F 
 2573      435F4465 
 2573      764B6974 
 2574              	.LASF19:
 2575 004f 2E5C4765 		.ascii	".\\Generated_Source\\PSoC5\\cymetadata.c\000"
 2575      6E657261 
 2575      7465645F 
 2575      536F7572 
 2575      63655C50 
 2576              	.LASF17:
 2577 0075 63795F6D 		.ascii	"cy_metadata\000"
 2577      65746164 
 2577      61746100 
 2578              	.LASF9:
 2579 0081 666C6F61 		.ascii	"float\000"
 2579      7400
 2580              	.LASF1:
 2581 0087 756E7369 		.ascii	"unsigned char\000"
 2581      676E6564 
 2581      20636861 
 2581      7200
 2582              	.LASF18:
 2583 0095 474E5520 		.ascii	"GNU C 4.9.3 20150303 (release) [ARM/embedded-4_9-br"
 2583      4320342E 
 2583      392E3320 
 2583      32303135 
 2583      30333033 
 2584 00c8 616E6368 		.ascii	"anch revision 221220] -mcpu=cortex-m3 -mthumb -g -O"
 2584      20726576 
 2584      6973696F 
 2584      6E203232 
 2584      31323230 
 2585 00fb 33202D66 		.ascii	"3 -ffunction-sections -ffat-lto-objects\000"
 2585      66756E63 
 2585      74696F6E 
 2585      2D736563 
ARM GAS  C:\Users\Patrick\AppData\Local\Temp\ccCFoTHC.s 			page 47


 2585      74696F6E 
 2586              	.LASF5:
 2587 0123 6C6F6E67 		.ascii	"long unsigned int\000"
 2587      20756E73 
 2587      69676E65 
 2587      6420696E 
 2587      7400
 2588              	.LASF3:
 2589 0135 73686F72 		.ascii	"short unsigned int\000"
 2589      7420756E 
 2589      7369676E 
 2589      65642069 
 2589      6E7400
 2590              	.LASF10:
 2591 0148 646F7562 		.ascii	"double\000"
 2591      6C6500
 2592              	.LASF14:
 2593 014f 63795F6D 		.ascii	"cy_meta_custnvl\000"
 2593      6574615F 
 2593      63757374 
 2593      6E766C00 
 2594              	.LASF13:
 2595 015f 63795F6D 		.ascii	"cy_meta_configecc\000"
 2595      6574615F 
 2595      636F6E66 
 2595      69676563 
 2595      6300
 2596              	.LASF8:
 2597 0171 756E7369 		.ascii	"unsigned int\000"
 2597      676E6564 
 2597      20696E74 
 2597      00
 2598              	.LASF7:
 2599 017e 6C6F6E67 		.ascii	"long long unsigned int\000"
 2599      206C6F6E 
 2599      6720756E 
 2599      7369676E 
 2599      65642069 
 2600              	.LASF16:
 2601 0195 63795F6D 		.ascii	"cy_meta_flashprotect\000"
 2601      6574615F 
 2601      666C6173 
 2601      6870726F 
 2601      74656374 
 2602              	.LASF15:
 2603 01aa 63795F6D 		.ascii	"cy_meta_wonvl\000"
 2603      6574615F 
 2603      776F6E76 
 2603      6C00
 2604              	.LASF12:
 2605 01b8 73697A65 		.ascii	"sizetype\000"
 2605      74797065 
 2605      00
 2606              	.LASF6:
 2607 01c1 6C6F6E67 		.ascii	"long long int\000"
 2607      206C6F6E 
 2607      6720696E 
ARM GAS  C:\Users\Patrick\AppData\Local\Temp\ccCFoTHC.s 			page 48


 2607      7400
 2608              	.LASF11:
 2609 01cf 63686172 		.ascii	"char\000"
 2609      00
 2610              	.LASF2:
 2611 01d4 73686F72 		.ascii	"short int\000"
 2611      7420696E 
 2611      7400
 2612              	.LASF21:
 2613 01de 75696E74 		.ascii	"uint8\000"
 2613      3800
 2614              	.LASF4:
 2615 01e4 6C6F6E67 		.ascii	"long int\000"
 2615      20696E74 
 2615      00
 2616              	.LASF0:
 2617 01ed 7369676E 		.ascii	"signed char\000"
 2617      65642063 
 2617      68617200 
 2618              		.ident	"GCC: (GNU Tools for ARM Embedded Processors) 4.9.3 20150303 (release) [ARM/embedded-4_9-br
