ARM GAS  C:\Users\Patrick\AppData\Local\Temp\ccpJwC4q.s 			page 1


   1              		.syntax unified
   2              		.cpu cortex-m3
   3              		.fpu softvfp
   4              		.eabi_attribute 20, 1
   5              		.eabi_attribute 21, 1
   6              		.eabi_attribute 23, 3
   7              		.eabi_attribute 24, 1
   8              		.eabi_attribute 25, 1
   9              		.eabi_attribute 26, 1
  10              		.eabi_attribute 30, 2
  11              		.eabi_attribute 34, 1
  12              		.eabi_attribute 18, 4
  13              		.thumb
  14              		.file	"cyutils.c"
  15              		.text
  16              	.Ltext0:
  17              		.cfi_sections	.debug_frame
  18              		.section	.text.CySetReg24,"ax",%progbits
  19              		.align	2
  20              		.global	CySetReg24
  21              		.thumb
  22              		.thumb_func
  23              		.type	CySetReg24, %function
  24              	CySetReg24:
  25              	.LFB0:
  26              		.file 1 ".\\Generated_Source\\PSoC5\\cyutils.c"
   1:.\Generated_Source\PSoC5/cyutils.c **** /***************************************************************************//**
   2:.\Generated_Source\PSoC5/cyutils.c **** * \file cyutils.c
   3:.\Generated_Source\PSoC5/cyutils.c **** * \version 5.40
   4:.\Generated_Source\PSoC5/cyutils.c **** *
   5:.\Generated_Source\PSoC5/cyutils.c **** * \brief Provides a function to handle 24-bit value writes.
   6:.\Generated_Source\PSoC5/cyutils.c **** *
   7:.\Generated_Source\PSoC5/cyutils.c **** ********************************************************************************
   8:.\Generated_Source\PSoC5/cyutils.c **** * \copyright
   9:.\Generated_Source\PSoC5/cyutils.c **** * Copyright 2008-2016, Cypress Semiconductor Corporation.  All rights reserved.
  10:.\Generated_Source\PSoC5/cyutils.c **** * You may use this file only in accordance with the license, terms, conditions,
  11:.\Generated_Source\PSoC5/cyutils.c **** * disclaimers, and limitations in the end user license agreement accompanying
  12:.\Generated_Source\PSoC5/cyutils.c **** * the software package with which this file was provided.
  13:.\Generated_Source\PSoC5/cyutils.c **** *******************************************************************************/
  14:.\Generated_Source\PSoC5/cyutils.c **** 
  15:.\Generated_Source\PSoC5/cyutils.c **** #include "cytypes.h"
  16:.\Generated_Source\PSoC5/cyutils.c **** 
  17:.\Generated_Source\PSoC5/cyutils.c **** #if (!CY_PSOC3)
  18:.\Generated_Source\PSoC5/cyutils.c **** 
  19:.\Generated_Source\PSoC5/cyutils.c ****     /***************************************************************************
  20:.\Generated_Source\PSoC5/cyutils.c ****     * Function Name: CySetReg24
  21:.\Generated_Source\PSoC5/cyutils.c ****     ************************************************************************//**
  22:.\Generated_Source\PSoC5/cyutils.c ****     *
  23:.\Generated_Source\PSoC5/cyutils.c ****     * Writes a 24-bit value to the specified register.
  24:.\Generated_Source\PSoC5/cyutils.c ****     *
  25:.\Generated_Source\PSoC5/cyutils.c ****     * \param add The address where data must be written.
  26:.\Generated_Source\PSoC5/cyutils.c ****     * \param value The data that must be written.
  27:.\Generated_Source\PSoC5/cyutils.c ****     *
  28:.\Generated_Source\PSoC5/cyutils.c ****     * Reentrant:
  29:.\Generated_Source\PSoC5/cyutils.c ****     *  No
  30:.\Generated_Source\PSoC5/cyutils.c ****     *
  31:.\Generated_Source\PSoC5/cyutils.c ****     ***************************************************************************/
ARM GAS  C:\Users\Patrick\AppData\Local\Temp\ccpJwC4q.s 			page 2


  32:.\Generated_Source\PSoC5/cyutils.c ****     void CySetReg24(uint32 volatile * addr, uint32 value)
  33:.\Generated_Source\PSoC5/cyutils.c ****     {
  27              		.loc 1 33 0
  28              		.cfi_startproc
  29              		@ args = 0, pretend = 0, frame = 0
  30              		@ frame_needed = 0, uses_anonymous_args = 0
  31              		@ link register save eliminated.
  32              	.LVL0:
  34:.\Generated_Source\PSoC5/cyutils.c ****         uint8 volatile *tmpAddr;
  35:.\Generated_Source\PSoC5/cyutils.c **** 
  36:.\Generated_Source\PSoC5/cyutils.c ****         tmpAddr = (uint8 volatile *) addr;
  37:.\Generated_Source\PSoC5/cyutils.c **** 
  38:.\Generated_Source\PSoC5/cyutils.c ****         tmpAddr[0u] = (uint8) value;
  33              		.loc 1 38 0
  34 0000 CAB2     		uxtb	r2, r1
  39:.\Generated_Source\PSoC5/cyutils.c ****         tmpAddr[1u] = (uint8) (value >> 8u);
  35              		.loc 1 39 0
  36 0002 C1F30723 		ubfx	r3, r1, #8, #8
  40:.\Generated_Source\PSoC5/cyutils.c ****         tmpAddr[2u] = (uint8) (value >> 16u);
  37              		.loc 1 40 0
  38 0006 C1F30741 		ubfx	r1, r1, #16, #8
  39              	.LVL1:
  38:.\Generated_Source\PSoC5/cyutils.c ****         tmpAddr[1u] = (uint8) (value >> 8u);
  40              		.loc 1 38 0
  41 000a 0270     		strb	r2, [r0]
  39:.\Generated_Source\PSoC5/cyutils.c ****         tmpAddr[1u] = (uint8) (value >> 8u);
  42              		.loc 1 39 0
  43 000c 4370     		strb	r3, [r0, #1]
  44              		.loc 1 40 0
  45 000e 8170     		strb	r1, [r0, #2]
  46 0010 7047     		bx	lr
  47              		.cfi_endproc
  48              	.LFE0:
  49              		.size	CySetReg24, .-CySetReg24
  50 0012 00BF     		.text
  51              	.Letext0:
  52              		.file 2 ".\\Generated_Source\\PSoC5\\cytypes.h"
  53              		.section	.debug_info,"",%progbits
  54              	.Ldebug_info0:
  55 0000 EA000000 		.4byte	0xea
  56 0004 0400     		.2byte	0x4
  57 0006 00000000 		.4byte	.Ldebug_abbrev0
  58 000a 04       		.byte	0x4
  59 000b 01       		.uleb128 0x1
  60 000c 9C000000 		.4byte	.LASF16
  61 0010 01       		.byte	0x1
  62 0011 55000000 		.4byte	.LASF17
  63 0015 00000000 		.4byte	.LASF18
  64 0019 00000000 		.4byte	.Ldebug_ranges0+0
  65 001d 00000000 		.4byte	0
  66 0021 00000000 		.4byte	.Ldebug_line0
  67 0025 02       		.uleb128 0x2
  68 0026 01       		.byte	0x1
  69 0027 06       		.byte	0x6
  70 0028 B5010000 		.4byte	.LASF0
  71 002c 02       		.uleb128 0x2
  72 002d 01       		.byte	0x1
ARM GAS  C:\Users\Patrick\AppData\Local\Temp\ccpJwC4q.s 			page 3


  73 002e 08       		.byte	0x8
  74 002f 8E000000 		.4byte	.LASF1
  75 0033 02       		.uleb128 0x2
  76 0034 02       		.byte	0x2
  77 0035 05       		.byte	0x5
  78 0036 9C010000 		.4byte	.LASF2
  79 003a 02       		.uleb128 0x2
  80 003b 02       		.byte	0x2
  81 003c 07       		.byte	0x7
  82 003d 3C010000 		.4byte	.LASF3
  83 0041 02       		.uleb128 0x2
  84 0042 04       		.byte	0x4
  85 0043 05       		.byte	0x5
  86 0044 AC010000 		.4byte	.LASF4
  87 0048 02       		.uleb128 0x2
  88 0049 04       		.byte	0x4
  89 004a 07       		.byte	0x7
  90 004b 2A010000 		.4byte	.LASF5
  91 004f 02       		.uleb128 0x2
  92 0050 08       		.byte	0x8
  93 0051 05       		.byte	0x5
  94 0052 81010000 		.4byte	.LASF6
  95 0056 02       		.uleb128 0x2
  96 0057 08       		.byte	0x8
  97 0058 07       		.byte	0x7
  98 0059 6A010000 		.4byte	.LASF7
  99 005d 03       		.uleb128 0x3
 100 005e 04       		.byte	0x4
 101 005f 05       		.byte	0x5
 102 0060 696E7400 		.ascii	"int\000"
 103 0064 02       		.uleb128 0x2
 104 0065 04       		.byte	0x4
 105 0066 07       		.byte	0x7
 106 0067 5D010000 		.4byte	.LASF8
 107 006b 04       		.uleb128 0x4
 108 006c A6010000 		.4byte	.LASF9
 109 0070 02       		.byte	0x2
 110 0071 9201     		.2byte	0x192
 111 0073 2C000000 		.4byte	0x2c
 112 0077 04       		.uleb128 0x4
 113 0078 56010000 		.4byte	.LASF10
 114 007c 02       		.byte	0x2
 115 007d 9401     		.2byte	0x194
 116 007f 48000000 		.4byte	0x48
 117 0083 02       		.uleb128 0x2
 118 0084 04       		.byte	0x4
 119 0085 04       		.byte	0x4
 120 0086 88000000 		.4byte	.LASF11
 121 008a 02       		.uleb128 0x2
 122 008b 08       		.byte	0x8
 123 008c 04       		.byte	0x4
 124 008d 4F010000 		.4byte	.LASF12
 125 0091 02       		.uleb128 0x2
 126 0092 01       		.byte	0x1
 127 0093 08       		.byte	0x8
 128 0094 97010000 		.4byte	.LASF13
 129 0098 05       		.uleb128 0x5
ARM GAS  C:\Users\Patrick\AppData\Local\Temp\ccpJwC4q.s 			page 4


 130 0099 6B000000 		.4byte	0x6b
 131 009d 05       		.uleb128 0x5
 132 009e 77000000 		.4byte	0x77
 133 00a2 06       		.uleb128 0x6
 134 00a3 78000000 		.4byte	.LASF19
 135 00a7 01       		.byte	0x1
 136 00a8 20       		.byte	0x20
 137 00a9 00000000 		.4byte	.LFB0
 138 00ad 12000000 		.4byte	.LFE0-.LFB0
 139 00b1 01       		.uleb128 0x1
 140 00b2 9C       		.byte	0x9c
 141 00b3 E1000000 		.4byte	0xe1
 142 00b7 07       		.uleb128 0x7
 143 00b8 83000000 		.4byte	.LASF14
 144 00bc 01       		.byte	0x1
 145 00bd 20       		.byte	0x20
 146 00be E1000000 		.4byte	0xe1
 147 00c2 01       		.uleb128 0x1
 148 00c3 50       		.byte	0x50
 149 00c4 08       		.uleb128 0x8
 150 00c5 4F000000 		.4byte	.LASF15
 151 00c9 01       		.byte	0x1
 152 00ca 20       		.byte	0x20
 153 00cb 77000000 		.4byte	0x77
 154 00cf 00000000 		.4byte	.LLST0
 155 00d3 09       		.uleb128 0x9
 156 00d4 8F010000 		.4byte	.LASF20
 157 00d8 01       		.byte	0x1
 158 00d9 22       		.byte	0x22
 159 00da E7000000 		.4byte	0xe7
 160 00de 01       		.uleb128 0x1
 161 00df 50       		.byte	0x50
 162 00e0 00       		.byte	0
 163 00e1 0A       		.uleb128 0xa
 164 00e2 04       		.byte	0x4
 165 00e3 9D000000 		.4byte	0x9d
 166 00e7 0A       		.uleb128 0xa
 167 00e8 04       		.byte	0x4
 168 00e9 98000000 		.4byte	0x98
 169 00ed 00       		.byte	0
 170              		.section	.debug_abbrev,"",%progbits
 171              	.Ldebug_abbrev0:
 172 0000 01       		.uleb128 0x1
 173 0001 11       		.uleb128 0x11
 174 0002 01       		.byte	0x1
 175 0003 25       		.uleb128 0x25
 176 0004 0E       		.uleb128 0xe
 177 0005 13       		.uleb128 0x13
 178 0006 0B       		.uleb128 0xb
 179 0007 03       		.uleb128 0x3
 180 0008 0E       		.uleb128 0xe
 181 0009 1B       		.uleb128 0x1b
 182 000a 0E       		.uleb128 0xe
 183 000b 55       		.uleb128 0x55
 184 000c 17       		.uleb128 0x17
 185 000d 11       		.uleb128 0x11
 186 000e 01       		.uleb128 0x1
ARM GAS  C:\Users\Patrick\AppData\Local\Temp\ccpJwC4q.s 			page 5


 187 000f 10       		.uleb128 0x10
 188 0010 17       		.uleb128 0x17
 189 0011 00       		.byte	0
 190 0012 00       		.byte	0
 191 0013 02       		.uleb128 0x2
 192 0014 24       		.uleb128 0x24
 193 0015 00       		.byte	0
 194 0016 0B       		.uleb128 0xb
 195 0017 0B       		.uleb128 0xb
 196 0018 3E       		.uleb128 0x3e
 197 0019 0B       		.uleb128 0xb
 198 001a 03       		.uleb128 0x3
 199 001b 0E       		.uleb128 0xe
 200 001c 00       		.byte	0
 201 001d 00       		.byte	0
 202 001e 03       		.uleb128 0x3
 203 001f 24       		.uleb128 0x24
 204 0020 00       		.byte	0
 205 0021 0B       		.uleb128 0xb
 206 0022 0B       		.uleb128 0xb
 207 0023 3E       		.uleb128 0x3e
 208 0024 0B       		.uleb128 0xb
 209 0025 03       		.uleb128 0x3
 210 0026 08       		.uleb128 0x8
 211 0027 00       		.byte	0
 212 0028 00       		.byte	0
 213 0029 04       		.uleb128 0x4
 214 002a 16       		.uleb128 0x16
 215 002b 00       		.byte	0
 216 002c 03       		.uleb128 0x3
 217 002d 0E       		.uleb128 0xe
 218 002e 3A       		.uleb128 0x3a
 219 002f 0B       		.uleb128 0xb
 220 0030 3B       		.uleb128 0x3b
 221 0031 05       		.uleb128 0x5
 222 0032 49       		.uleb128 0x49
 223 0033 13       		.uleb128 0x13
 224 0034 00       		.byte	0
 225 0035 00       		.byte	0
 226 0036 05       		.uleb128 0x5
 227 0037 35       		.uleb128 0x35
 228 0038 00       		.byte	0
 229 0039 49       		.uleb128 0x49
 230 003a 13       		.uleb128 0x13
 231 003b 00       		.byte	0
 232 003c 00       		.byte	0
 233 003d 06       		.uleb128 0x6
 234 003e 2E       		.uleb128 0x2e
 235 003f 01       		.byte	0x1
 236 0040 3F       		.uleb128 0x3f
 237 0041 19       		.uleb128 0x19
 238 0042 03       		.uleb128 0x3
 239 0043 0E       		.uleb128 0xe
 240 0044 3A       		.uleb128 0x3a
 241 0045 0B       		.uleb128 0xb
 242 0046 3B       		.uleb128 0x3b
 243 0047 0B       		.uleb128 0xb
ARM GAS  C:\Users\Patrick\AppData\Local\Temp\ccpJwC4q.s 			page 6


 244 0048 27       		.uleb128 0x27
 245 0049 19       		.uleb128 0x19
 246 004a 11       		.uleb128 0x11
 247 004b 01       		.uleb128 0x1
 248 004c 12       		.uleb128 0x12
 249 004d 06       		.uleb128 0x6
 250 004e 40       		.uleb128 0x40
 251 004f 18       		.uleb128 0x18
 252 0050 9742     		.uleb128 0x2117
 253 0052 19       		.uleb128 0x19
 254 0053 01       		.uleb128 0x1
 255 0054 13       		.uleb128 0x13
 256 0055 00       		.byte	0
 257 0056 00       		.byte	0
 258 0057 07       		.uleb128 0x7
 259 0058 05       		.uleb128 0x5
 260 0059 00       		.byte	0
 261 005a 03       		.uleb128 0x3
 262 005b 0E       		.uleb128 0xe
 263 005c 3A       		.uleb128 0x3a
 264 005d 0B       		.uleb128 0xb
 265 005e 3B       		.uleb128 0x3b
 266 005f 0B       		.uleb128 0xb
 267 0060 49       		.uleb128 0x49
 268 0061 13       		.uleb128 0x13
 269 0062 02       		.uleb128 0x2
 270 0063 18       		.uleb128 0x18
 271 0064 00       		.byte	0
 272 0065 00       		.byte	0
 273 0066 08       		.uleb128 0x8
 274 0067 05       		.uleb128 0x5
 275 0068 00       		.byte	0
 276 0069 03       		.uleb128 0x3
 277 006a 0E       		.uleb128 0xe
 278 006b 3A       		.uleb128 0x3a
 279 006c 0B       		.uleb128 0xb
 280 006d 3B       		.uleb128 0x3b
 281 006e 0B       		.uleb128 0xb
 282 006f 49       		.uleb128 0x49
 283 0070 13       		.uleb128 0x13
 284 0071 02       		.uleb128 0x2
 285 0072 17       		.uleb128 0x17
 286 0073 00       		.byte	0
 287 0074 00       		.byte	0
 288 0075 09       		.uleb128 0x9
 289 0076 34       		.uleb128 0x34
 290 0077 00       		.byte	0
 291 0078 03       		.uleb128 0x3
 292 0079 0E       		.uleb128 0xe
 293 007a 3A       		.uleb128 0x3a
 294 007b 0B       		.uleb128 0xb
 295 007c 3B       		.uleb128 0x3b
 296 007d 0B       		.uleb128 0xb
 297 007e 49       		.uleb128 0x49
 298 007f 13       		.uleb128 0x13
 299 0080 02       		.uleb128 0x2
 300 0081 18       		.uleb128 0x18
ARM GAS  C:\Users\Patrick\AppData\Local\Temp\ccpJwC4q.s 			page 7


 301 0082 00       		.byte	0
 302 0083 00       		.byte	0
 303 0084 0A       		.uleb128 0xa
 304 0085 0F       		.uleb128 0xf
 305 0086 00       		.byte	0
 306 0087 0B       		.uleb128 0xb
 307 0088 0B       		.uleb128 0xb
 308 0089 49       		.uleb128 0x49
 309 008a 13       		.uleb128 0x13
 310 008b 00       		.byte	0
 311 008c 00       		.byte	0
 312 008d 00       		.byte	0
 313              		.section	.debug_loc,"",%progbits
 314              	.Ldebug_loc0:
 315              	.LLST0:
 316 0000 00000000 		.4byte	.LVL0
 317 0004 0A000000 		.4byte	.LVL1
 318 0008 0100     		.2byte	0x1
 319 000a 51       		.byte	0x51
 320 000b 0A000000 		.4byte	.LVL1
 321 000f 12000000 		.4byte	.LFE0
 322 0013 0400     		.2byte	0x4
 323 0015 F3       		.byte	0xf3
 324 0016 01       		.uleb128 0x1
 325 0017 51       		.byte	0x51
 326 0018 9F       		.byte	0x9f
 327 0019 00000000 		.4byte	0
 328 001d 00000000 		.4byte	0
 329              		.section	.debug_aranges,"",%progbits
 330 0000 1C000000 		.4byte	0x1c
 331 0004 0200     		.2byte	0x2
 332 0006 00000000 		.4byte	.Ldebug_info0
 333 000a 04       		.byte	0x4
 334 000b 00       		.byte	0
 335 000c 0000     		.2byte	0
 336 000e 0000     		.2byte	0
 337 0010 00000000 		.4byte	.LFB0
 338 0014 12000000 		.4byte	.LFE0-.LFB0
 339 0018 00000000 		.4byte	0
 340 001c 00000000 		.4byte	0
 341              		.section	.debug_ranges,"",%progbits
 342              	.Ldebug_ranges0:
 343 0000 00000000 		.4byte	.LFB0
 344 0004 12000000 		.4byte	.LFE0
 345 0008 00000000 		.4byte	0
 346 000c 00000000 		.4byte	0
 347              		.section	.debug_line,"",%progbits
 348              	.Ldebug_line0:
 349 0000 61000000 		.section	.debug_str,"MS",%progbits,1
 349      02004600 
 349      00000201 
 349      FB0E0D00 
 349      01010101 
 350              	.LASF18:
 351 0000 433A5C55 		.ascii	"C:\\Users\\Patrick\\Documents\\GitHub\\PSoC 5LP FIl"
 351      73657273 
 351      5C506174 
ARM GAS  C:\Users\Patrick\AppData\Local\Temp\ccpJwC4q.s 			page 8


 351      7269636B 
 351      5C446F63 
 352 002e 65735C43 		.ascii	"es\\C-CAN_PSoC_DevKit\\C-CAN.cydsn\000"
 352      2D43414E 
 352      5F50536F 
 352      435F4465 
 352      764B6974 
 353              	.LASF15:
 354 004f 76616C75 		.ascii	"value\000"
 354      6500
 355              	.LASF17:
 356 0055 2E5C4765 		.ascii	".\\Generated_Source\\PSoC5\\cyutils.c\000"
 356      6E657261 
 356      7465645F 
 356      536F7572 
 356      63655C50 
 357              	.LASF19:
 358 0078 43795365 		.ascii	"CySetReg24\000"
 358      74526567 
 358      323400
 359              	.LASF14:
 360 0083 61646472 		.ascii	"addr\000"
 360      00
 361              	.LASF11:
 362 0088 666C6F61 		.ascii	"float\000"
 362      7400
 363              	.LASF1:
 364 008e 756E7369 		.ascii	"unsigned char\000"
 364      676E6564 
 364      20636861 
 364      7200
 365              	.LASF16:
 366 009c 474E5520 		.ascii	"GNU C 4.9.3 20150303 (release) [ARM/embedded-4_9-br"
 366      4320342E 
 366      392E3320 
 366      32303135 
 366      30333033 
 367 00cf 616E6368 		.ascii	"anch revision 221220] -mcpu=cortex-m3 -mthumb -g -O"
 367      20726576 
 367      6973696F 
 367      6E203232 
 367      31323230 
 368 0102 33202D66 		.ascii	"3 -ffunction-sections -ffat-lto-objects\000"
 368      66756E63 
 368      74696F6E 
 368      2D736563 
 368      74696F6E 
 369              	.LASF5:
 370 012a 6C6F6E67 		.ascii	"long unsigned int\000"
 370      20756E73 
 370      69676E65 
 370      6420696E 
 370      7400
 371              	.LASF3:
 372 013c 73686F72 		.ascii	"short unsigned int\000"
 372      7420756E 
 372      7369676E 
ARM GAS  C:\Users\Patrick\AppData\Local\Temp\ccpJwC4q.s 			page 9


 372      65642069 
 372      6E7400
 373              	.LASF12:
 374 014f 646F7562 		.ascii	"double\000"
 374      6C6500
 375              	.LASF10:
 376 0156 75696E74 		.ascii	"uint32\000"
 376      333200
 377              	.LASF8:
 378 015d 756E7369 		.ascii	"unsigned int\000"
 378      676E6564 
 378      20696E74 
 378      00
 379              	.LASF7:
 380 016a 6C6F6E67 		.ascii	"long long unsigned int\000"
 380      206C6F6E 
 380      6720756E 
 380      7369676E 
 380      65642069 
 381              	.LASF6:
 382 0181 6C6F6E67 		.ascii	"long long int\000"
 382      206C6F6E 
 382      6720696E 
 382      7400
 383              	.LASF20:
 384 018f 746D7041 		.ascii	"tmpAddr\000"
 384      64647200 
 385              	.LASF13:
 386 0197 63686172 		.ascii	"char\000"
 386      00
 387              	.LASF2:
 388 019c 73686F72 		.ascii	"short int\000"
 388      7420696E 
 388      7400
 389              	.LASF9:
 390 01a6 75696E74 		.ascii	"uint8\000"
 390      3800
 391              	.LASF4:
 392 01ac 6C6F6E67 		.ascii	"long int\000"
 392      20696E74 
 392      00
 393              	.LASF0:
 394 01b5 7369676E 		.ascii	"signed char\000"
 394      65642063 
 394      68617200 
 395              		.ident	"GCC: (GNU Tools for ARM Embedded Processors) 4.9.3 20150303 (release) [ARM/embedded-4_9-br
