ARM GAS  C:\Users\Patrick\AppData\Local\Temp\ccLfYs7G.s 			page 1


   1              		.syntax unified
   2              		.cpu cortex-m3
   3              		.fpu softvfp
   4              		.eabi_attribute 20, 1
   5              		.eabi_attribute 21, 1
   6              		.eabi_attribute 23, 3
   7              		.eabi_attribute 24, 1
   8              		.eabi_attribute 25, 1
   9              		.eabi_attribute 26, 1
  10              		.eabi_attribute 30, 2
  11              		.eabi_attribute 34, 1
  12              		.eabi_attribute 18, 4
  13              		.thumb
  14              		.file	"SystemTick_PM.c"
  15              		.text
  16              	.Ltext0:
  17              		.cfi_sections	.debug_frame
  18              		.section	.text.SystemTick_SaveConfig,"ax",%progbits
  19              		.align	2
  20              		.global	SystemTick_SaveConfig
  21              		.thumb
  22              		.thumb_func
  23              		.type	SystemTick_SaveConfig, %function
  24              	SystemTick_SaveConfig:
  25              	.LFB0:
  26              		.file 1 ".\\Generated_Source\\PSoC5\\SystemTick_PM.c"
   1:.\Generated_Source\PSoC5/SystemTick_PM.c **** /*******************************************************************************
   2:.\Generated_Source\PSoC5/SystemTick_PM.c **** * File Name: SystemTick_PM.c
   3:.\Generated_Source\PSoC5/SystemTick_PM.c **** * Version 2.70
   4:.\Generated_Source\PSoC5/SystemTick_PM.c **** *
   5:.\Generated_Source\PSoC5/SystemTick_PM.c **** *  Description:
   6:.\Generated_Source\PSoC5/SystemTick_PM.c **** *     This file provides the power management source code to API for the
   7:.\Generated_Source\PSoC5/SystemTick_PM.c **** *     Timer.
   8:.\Generated_Source\PSoC5/SystemTick_PM.c **** *
   9:.\Generated_Source\PSoC5/SystemTick_PM.c **** *   Note:
  10:.\Generated_Source\PSoC5/SystemTick_PM.c **** *     None
  11:.\Generated_Source\PSoC5/SystemTick_PM.c **** *
  12:.\Generated_Source\PSoC5/SystemTick_PM.c **** *******************************************************************************
  13:.\Generated_Source\PSoC5/SystemTick_PM.c **** * Copyright 2008-2014, Cypress Semiconductor Corporation.  All rights reserved.
  14:.\Generated_Source\PSoC5/SystemTick_PM.c **** * You may use this file only in accordance with the license, terms, conditions,
  15:.\Generated_Source\PSoC5/SystemTick_PM.c **** * disclaimers, and limitations in the end user license agreement accompanying
  16:.\Generated_Source\PSoC5/SystemTick_PM.c **** * the software package with which this file was provided.
  17:.\Generated_Source\PSoC5/SystemTick_PM.c **** ********************************************************************************/
  18:.\Generated_Source\PSoC5/SystemTick_PM.c **** 
  19:.\Generated_Source\PSoC5/SystemTick_PM.c **** #include "SystemTick.h"
  20:.\Generated_Source\PSoC5/SystemTick_PM.c **** 
  21:.\Generated_Source\PSoC5/SystemTick_PM.c **** static SystemTick_backupStruct SystemTick_backup;
  22:.\Generated_Source\PSoC5/SystemTick_PM.c **** 
  23:.\Generated_Source\PSoC5/SystemTick_PM.c **** 
  24:.\Generated_Source\PSoC5/SystemTick_PM.c **** /*******************************************************************************
  25:.\Generated_Source\PSoC5/SystemTick_PM.c **** * Function Name: SystemTick_SaveConfig
  26:.\Generated_Source\PSoC5/SystemTick_PM.c **** ********************************************************************************
  27:.\Generated_Source\PSoC5/SystemTick_PM.c **** *
  28:.\Generated_Source\PSoC5/SystemTick_PM.c **** * Summary:
  29:.\Generated_Source\PSoC5/SystemTick_PM.c **** *     Save the current user configuration
  30:.\Generated_Source\PSoC5/SystemTick_PM.c **** *
  31:.\Generated_Source\PSoC5/SystemTick_PM.c **** * Parameters:
ARM GAS  C:\Users\Patrick\AppData\Local\Temp\ccLfYs7G.s 			page 2


  32:.\Generated_Source\PSoC5/SystemTick_PM.c **** *  void
  33:.\Generated_Source\PSoC5/SystemTick_PM.c **** *
  34:.\Generated_Source\PSoC5/SystemTick_PM.c **** * Return:
  35:.\Generated_Source\PSoC5/SystemTick_PM.c **** *  void
  36:.\Generated_Source\PSoC5/SystemTick_PM.c **** *
  37:.\Generated_Source\PSoC5/SystemTick_PM.c **** * Global variables:
  38:.\Generated_Source\PSoC5/SystemTick_PM.c **** *  SystemTick_backup:  Variables of this global structure are modified to
  39:.\Generated_Source\PSoC5/SystemTick_PM.c **** *  store the values of non retention configuration registers when Sleep() API is
  40:.\Generated_Source\PSoC5/SystemTick_PM.c **** *  called.
  41:.\Generated_Source\PSoC5/SystemTick_PM.c **** *
  42:.\Generated_Source\PSoC5/SystemTick_PM.c **** *******************************************************************************/
  43:.\Generated_Source\PSoC5/SystemTick_PM.c **** void SystemTick_SaveConfig(void) 
  44:.\Generated_Source\PSoC5/SystemTick_PM.c **** {
  27              		.loc 1 44 0
  28              		.cfi_startproc
  29              		@ args = 0, pretend = 0, frame = 0
  30              		@ frame_needed = 0, uses_anonymous_args = 0
  31              		@ link register save eliminated.
  32 0000 7047     		bx	lr
  33              		.cfi_endproc
  34              	.LFE0:
  35              		.size	SystemTick_SaveConfig, .-SystemTick_SaveConfig
  36 0002 00BF     		.section	.text.SystemTick_RestoreConfig,"ax",%progbits
  37              		.align	2
  38              		.global	SystemTick_RestoreConfig
  39              		.thumb
  40              		.thumb_func
  41              		.type	SystemTick_RestoreConfig, %function
  42              	SystemTick_RestoreConfig:
  43              	.LFB1:
  45:.\Generated_Source\PSoC5/SystemTick_PM.c ****     #if (!SystemTick_UsingFixedFunction)
  46:.\Generated_Source\PSoC5/SystemTick_PM.c ****         SystemTick_backup.TimerUdb = SystemTick_ReadCounter();
  47:.\Generated_Source\PSoC5/SystemTick_PM.c ****         SystemTick_backup.InterruptMaskValue = SystemTick_STATUS_MASK;
  48:.\Generated_Source\PSoC5/SystemTick_PM.c ****         #if (SystemTick_UsingHWCaptureCounter)
  49:.\Generated_Source\PSoC5/SystemTick_PM.c ****             SystemTick_backup.TimerCaptureCounter = SystemTick_ReadCaptureCount();
  50:.\Generated_Source\PSoC5/SystemTick_PM.c ****         #endif /* Back Up capture counter register  */
  51:.\Generated_Source\PSoC5/SystemTick_PM.c **** 
  52:.\Generated_Source\PSoC5/SystemTick_PM.c ****         #if(!SystemTick_UDB_CONTROL_REG_REMOVED)
  53:.\Generated_Source\PSoC5/SystemTick_PM.c ****             SystemTick_backup.TimerControlRegister = SystemTick_ReadControlRegister();
  54:.\Generated_Source\PSoC5/SystemTick_PM.c ****         #endif /* Backup the enable state of the Timer component */
  55:.\Generated_Source\PSoC5/SystemTick_PM.c ****     #endif /* Backup non retention registers in UDB implementation. All fixed function registers ar
  56:.\Generated_Source\PSoC5/SystemTick_PM.c **** }
  57:.\Generated_Source\PSoC5/SystemTick_PM.c **** 
  58:.\Generated_Source\PSoC5/SystemTick_PM.c **** 
  59:.\Generated_Source\PSoC5/SystemTick_PM.c **** /*******************************************************************************
  60:.\Generated_Source\PSoC5/SystemTick_PM.c **** * Function Name: SystemTick_RestoreConfig
  61:.\Generated_Source\PSoC5/SystemTick_PM.c **** ********************************************************************************
  62:.\Generated_Source\PSoC5/SystemTick_PM.c **** *
  63:.\Generated_Source\PSoC5/SystemTick_PM.c **** * Summary:
  64:.\Generated_Source\PSoC5/SystemTick_PM.c **** *  Restores the current user configuration.
  65:.\Generated_Source\PSoC5/SystemTick_PM.c **** *
  66:.\Generated_Source\PSoC5/SystemTick_PM.c **** * Parameters:
  67:.\Generated_Source\PSoC5/SystemTick_PM.c **** *  void
  68:.\Generated_Source\PSoC5/SystemTick_PM.c **** *
  69:.\Generated_Source\PSoC5/SystemTick_PM.c **** * Return:
  70:.\Generated_Source\PSoC5/SystemTick_PM.c **** *  void
  71:.\Generated_Source\PSoC5/SystemTick_PM.c **** *
ARM GAS  C:\Users\Patrick\AppData\Local\Temp\ccLfYs7G.s 			page 3


  72:.\Generated_Source\PSoC5/SystemTick_PM.c **** * Global variables:
  73:.\Generated_Source\PSoC5/SystemTick_PM.c **** *  SystemTick_backup:  Variables of this global structure are used to
  74:.\Generated_Source\PSoC5/SystemTick_PM.c **** *  restore the values of non retention registers on wakeup from sleep mode.
  75:.\Generated_Source\PSoC5/SystemTick_PM.c **** *
  76:.\Generated_Source\PSoC5/SystemTick_PM.c **** *******************************************************************************/
  77:.\Generated_Source\PSoC5/SystemTick_PM.c **** void SystemTick_RestoreConfig(void) 
  78:.\Generated_Source\PSoC5/SystemTick_PM.c **** {   
  44              		.loc 1 78 0
  45              		.cfi_startproc
  46              		@ args = 0, pretend = 0, frame = 0
  47              		@ frame_needed = 0, uses_anonymous_args = 0
  48              		@ link register save eliminated.
  49 0000 7047     		bx	lr
  50              		.cfi_endproc
  51              	.LFE1:
  52              		.size	SystemTick_RestoreConfig, .-SystemTick_RestoreConfig
  53 0002 00BF     		.section	.text.SystemTick_Sleep,"ax",%progbits
  54              		.align	2
  55              		.global	SystemTick_Sleep
  56              		.thumb
  57              		.thumb_func
  58              		.type	SystemTick_Sleep, %function
  59              	SystemTick_Sleep:
  60              	.LFB2:
  79:.\Generated_Source\PSoC5/SystemTick_PM.c ****     #if (!SystemTick_UsingFixedFunction)
  80:.\Generated_Source\PSoC5/SystemTick_PM.c **** 
  81:.\Generated_Source\PSoC5/SystemTick_PM.c ****         SystemTick_WriteCounter(SystemTick_backup.TimerUdb);
  82:.\Generated_Source\PSoC5/SystemTick_PM.c ****         SystemTick_STATUS_MASK =SystemTick_backup.InterruptMaskValue;
  83:.\Generated_Source\PSoC5/SystemTick_PM.c ****         #if (SystemTick_UsingHWCaptureCounter)
  84:.\Generated_Source\PSoC5/SystemTick_PM.c ****             SystemTick_SetCaptureCount(SystemTick_backup.TimerCaptureCounter);
  85:.\Generated_Source\PSoC5/SystemTick_PM.c ****         #endif /* Restore Capture counter register*/
  86:.\Generated_Source\PSoC5/SystemTick_PM.c **** 
  87:.\Generated_Source\PSoC5/SystemTick_PM.c ****         #if(!SystemTick_UDB_CONTROL_REG_REMOVED)
  88:.\Generated_Source\PSoC5/SystemTick_PM.c ****             SystemTick_WriteControlRegister(SystemTick_backup.TimerControlRegister);
  89:.\Generated_Source\PSoC5/SystemTick_PM.c ****         #endif /* Restore the enable state of the Timer component */
  90:.\Generated_Source\PSoC5/SystemTick_PM.c ****     #endif /* Restore non retention registers in the UDB implementation only */
  91:.\Generated_Source\PSoC5/SystemTick_PM.c **** }
  92:.\Generated_Source\PSoC5/SystemTick_PM.c **** 
  93:.\Generated_Source\PSoC5/SystemTick_PM.c **** 
  94:.\Generated_Source\PSoC5/SystemTick_PM.c **** /*******************************************************************************
  95:.\Generated_Source\PSoC5/SystemTick_PM.c **** * Function Name: SystemTick_Sleep
  96:.\Generated_Source\PSoC5/SystemTick_PM.c **** ********************************************************************************
  97:.\Generated_Source\PSoC5/SystemTick_PM.c **** *
  98:.\Generated_Source\PSoC5/SystemTick_PM.c **** * Summary:
  99:.\Generated_Source\PSoC5/SystemTick_PM.c **** *     Stop and Save the user configuration
 100:.\Generated_Source\PSoC5/SystemTick_PM.c **** *
 101:.\Generated_Source\PSoC5/SystemTick_PM.c **** * Parameters:
 102:.\Generated_Source\PSoC5/SystemTick_PM.c **** *  void
 103:.\Generated_Source\PSoC5/SystemTick_PM.c **** *
 104:.\Generated_Source\PSoC5/SystemTick_PM.c **** * Return:
 105:.\Generated_Source\PSoC5/SystemTick_PM.c **** *  void
 106:.\Generated_Source\PSoC5/SystemTick_PM.c **** *
 107:.\Generated_Source\PSoC5/SystemTick_PM.c **** * Global variables:
 108:.\Generated_Source\PSoC5/SystemTick_PM.c **** *  SystemTick_backup.TimerEnableState:  Is modified depending on the
 109:.\Generated_Source\PSoC5/SystemTick_PM.c **** *  enable state of the block before entering sleep mode.
 110:.\Generated_Source\PSoC5/SystemTick_PM.c **** *
 111:.\Generated_Source\PSoC5/SystemTick_PM.c **** *******************************************************************************/
ARM GAS  C:\Users\Patrick\AppData\Local\Temp\ccLfYs7G.s 			page 4


 112:.\Generated_Source\PSoC5/SystemTick_PM.c **** void SystemTick_Sleep(void) 
 113:.\Generated_Source\PSoC5/SystemTick_PM.c **** {
  61              		.loc 1 113 0
  62              		.cfi_startproc
  63              		@ args = 0, pretend = 0, frame = 0
  64              		@ frame_needed = 0, uses_anonymous_args = 0
  65              		@ link register save eliminated.
 114:.\Generated_Source\PSoC5/SystemTick_PM.c ****     #if(!SystemTick_UDB_CONTROL_REG_REMOVED)
 115:.\Generated_Source\PSoC5/SystemTick_PM.c ****         /* Save Counter's enable state */
 116:.\Generated_Source\PSoC5/SystemTick_PM.c ****         if(SystemTick_CTRL_ENABLE == (SystemTick_CONTROL & SystemTick_CTRL_ENABLE))
  66              		.loc 1 116 0
  67 0000 034B     		ldr	r3, .L4
  68 0002 044A     		ldr	r2, .L4+4
  69 0004 1B78     		ldrb	r3, [r3]	@ zero_extendqisi2
  70 0006 03F00103 		and	r3, r3, #1
  71 000a 1370     		strb	r3, [r2]
 117:.\Generated_Source\PSoC5/SystemTick_PM.c ****         {
 118:.\Generated_Source\PSoC5/SystemTick_PM.c ****             /* Timer is enabled */
 119:.\Generated_Source\PSoC5/SystemTick_PM.c ****             SystemTick_backup.TimerEnableState = 1u;
 120:.\Generated_Source\PSoC5/SystemTick_PM.c ****         }
 121:.\Generated_Source\PSoC5/SystemTick_PM.c ****         else
 122:.\Generated_Source\PSoC5/SystemTick_PM.c ****         {
 123:.\Generated_Source\PSoC5/SystemTick_PM.c ****             /* Timer is disabled */
 124:.\Generated_Source\PSoC5/SystemTick_PM.c ****             SystemTick_backup.TimerEnableState = 0u;
 125:.\Generated_Source\PSoC5/SystemTick_PM.c ****         }
 126:.\Generated_Source\PSoC5/SystemTick_PM.c ****     #endif /* Back up enable state from the Timer control register */
 127:.\Generated_Source\PSoC5/SystemTick_PM.c ****     SystemTick_Stop();
  72              		.loc 1 127 0
  73 000c FFF7FEBF 		b	SystemTick_Stop
  74              	.LVL0:
  75              	.L5:
  76              		.align	2
  77              	.L4:
  78 0010 004F0040 		.word	1073762048
  79 0014 00000000 		.word	.LANCHOR0
  80              		.cfi_endproc
  81              	.LFE2:
  82              		.size	SystemTick_Sleep, .-SystemTick_Sleep
  83              		.section	.text.SystemTick_Wakeup,"ax",%progbits
  84              		.align	2
  85              		.global	SystemTick_Wakeup
  86              		.thumb
  87              		.thumb_func
  88              		.type	SystemTick_Wakeup, %function
  89              	SystemTick_Wakeup:
  90              	.LFB3:
 128:.\Generated_Source\PSoC5/SystemTick_PM.c ****     SystemTick_SaveConfig();
 129:.\Generated_Source\PSoC5/SystemTick_PM.c **** }
 130:.\Generated_Source\PSoC5/SystemTick_PM.c **** 
 131:.\Generated_Source\PSoC5/SystemTick_PM.c **** 
 132:.\Generated_Source\PSoC5/SystemTick_PM.c **** /*******************************************************************************
 133:.\Generated_Source\PSoC5/SystemTick_PM.c **** * Function Name: SystemTick_Wakeup
 134:.\Generated_Source\PSoC5/SystemTick_PM.c **** ********************************************************************************
 135:.\Generated_Source\PSoC5/SystemTick_PM.c **** *
 136:.\Generated_Source\PSoC5/SystemTick_PM.c **** * Summary:
 137:.\Generated_Source\PSoC5/SystemTick_PM.c **** *  Restores and enables the user configuration
 138:.\Generated_Source\PSoC5/SystemTick_PM.c **** *
ARM GAS  C:\Users\Patrick\AppData\Local\Temp\ccLfYs7G.s 			page 5


 139:.\Generated_Source\PSoC5/SystemTick_PM.c **** * Parameters:
 140:.\Generated_Source\PSoC5/SystemTick_PM.c **** *  void
 141:.\Generated_Source\PSoC5/SystemTick_PM.c **** *
 142:.\Generated_Source\PSoC5/SystemTick_PM.c **** * Return:
 143:.\Generated_Source\PSoC5/SystemTick_PM.c **** *  void
 144:.\Generated_Source\PSoC5/SystemTick_PM.c **** *
 145:.\Generated_Source\PSoC5/SystemTick_PM.c **** * Global variables:
 146:.\Generated_Source\PSoC5/SystemTick_PM.c **** *  SystemTick_backup.enableState:  Is used to restore the enable state of
 147:.\Generated_Source\PSoC5/SystemTick_PM.c **** *  block on wakeup from sleep mode.
 148:.\Generated_Source\PSoC5/SystemTick_PM.c **** *
 149:.\Generated_Source\PSoC5/SystemTick_PM.c **** *******************************************************************************/
 150:.\Generated_Source\PSoC5/SystemTick_PM.c **** void SystemTick_Wakeup(void) 
 151:.\Generated_Source\PSoC5/SystemTick_PM.c **** {
  91              		.loc 1 151 0
  92              		.cfi_startproc
  93              		@ args = 0, pretend = 0, frame = 0
  94              		@ frame_needed = 0, uses_anonymous_args = 0
  95              		@ link register save eliminated.
 152:.\Generated_Source\PSoC5/SystemTick_PM.c ****     SystemTick_RestoreConfig();
 153:.\Generated_Source\PSoC5/SystemTick_PM.c ****     #if(!SystemTick_UDB_CONTROL_REG_REMOVED)
 154:.\Generated_Source\PSoC5/SystemTick_PM.c ****         if(SystemTick_backup.TimerEnableState == 1u)
  96              		.loc 1 154 0
  97 0000 034B     		ldr	r3, .L10
  98 0002 1B78     		ldrb	r3, [r3]	@ zero_extendqisi2
  99 0004 012B     		cmp	r3, #1
 100 0006 00D0     		beq	.L9
 101 0008 7047     		bx	lr
 102              	.L9:
 155:.\Generated_Source\PSoC5/SystemTick_PM.c ****         {     /* Enable Timer's operation */
 156:.\Generated_Source\PSoC5/SystemTick_PM.c ****                 SystemTick_Enable();
 103              		.loc 1 156 0
 104 000a FFF7FEBF 		b	SystemTick_Enable
 105              	.LVL1:
 106              	.L11:
 107 000e 00BF     		.align	2
 108              	.L10:
 109 0010 00000000 		.word	.LANCHOR0
 110              		.cfi_endproc
 111              	.LFE3:
 112              		.size	SystemTick_Wakeup, .-SystemTick_Wakeup
 113              		.bss
 114              		.align	2
 115              		.set	.LANCHOR0,. + 0
 116              		.type	SystemTick_backup, %object
 117              		.size	SystemTick_backup, 1
 118              	SystemTick_backup:
 119 0000 00       		.space	1
 120 0001 000000   		.text
 121              	.Letext0:
 122              		.file 2 ".\\Generated_Source\\PSoC5\\cytypes.h"
 123              		.file 3 ".\\Generated_Source\\PSoC5\\SystemTick.h"
 124              		.section	.debug_info,"",%progbits
 125              	.Ldebug_info0:
 126 0000 4C010000 		.4byte	0x14c
 127 0004 0400     		.2byte	0x4
 128 0006 00000000 		.4byte	.Ldebug_abbrev0
 129 000a 04       		.byte	0x4
ARM GAS  C:\Users\Patrick\AppData\Local\Temp\ccLfYs7G.s 			page 6


 130 000b 01       		.uleb128 0x1
 131 000c 29000000 		.4byte	.LASF22
 132 0010 01       		.byte	0x1
 133 0011 B4010000 		.4byte	.LASF23
 134 0015 DE000000 		.4byte	.LASF24
 135 0019 00000000 		.4byte	.Ldebug_ranges0+0
 136 001d 00000000 		.4byte	0
 137 0021 00000000 		.4byte	.Ldebug_line0
 138 0025 02       		.uleb128 0x2
 139 0026 01       		.byte	0x1
 140 0027 06       		.byte	0x6
 141 0028 F7010000 		.4byte	.LASF0
 142 002c 02       		.uleb128 0x2
 143 002d 01       		.byte	0x1
 144 002e 08       		.byte	0x8
 145 002f 1B000000 		.4byte	.LASF1
 146 0033 02       		.uleb128 0x2
 147 0034 02       		.byte	0x2
 148 0035 05       		.byte	0x5
 149 0036 AA010000 		.4byte	.LASF2
 150 003a 02       		.uleb128 0x2
 151 003b 02       		.byte	0x2
 152 003c 07       		.byte	0x7
 153 003d E4010000 		.4byte	.LASF3
 154 0041 02       		.uleb128 0x2
 155 0042 04       		.byte	0x4
 156 0043 05       		.byte	0x5
 157 0044 A1010000 		.4byte	.LASF4
 158 0048 02       		.uleb128 0x2
 159 0049 04       		.byte	0x4
 160 004a 07       		.byte	0x7
 161 004b 38010000 		.4byte	.LASF5
 162 004f 02       		.uleb128 0x2
 163 0050 08       		.byte	0x8
 164 0051 05       		.byte	0x5
 165 0052 00000000 		.4byte	.LASF6
 166 0056 02       		.uleb128 0x2
 167 0057 08       		.byte	0x8
 168 0058 07       		.byte	0x7
 169 0059 4A010000 		.4byte	.LASF7
 170 005d 03       		.uleb128 0x3
 171 005e 04       		.byte	0x4
 172 005f 05       		.byte	0x5
 173 0060 696E7400 		.ascii	"int\000"
 174 0064 02       		.uleb128 0x2
 175 0065 04       		.byte	0x4
 176 0066 07       		.byte	0x7
 177 0067 0E000000 		.4byte	.LASF8
 178 006b 04       		.uleb128 0x4
 179 006c 32010000 		.4byte	.LASF12
 180 0070 02       		.byte	0x2
 181 0071 9201     		.2byte	0x192
 182 0073 2C000000 		.4byte	0x2c
 183 0077 02       		.uleb128 0x2
 184 0078 04       		.byte	0x4
 185 0079 04       		.byte	0x4
 186 007a 15020000 		.4byte	.LASF9
ARM GAS  C:\Users\Patrick\AppData\Local\Temp\ccLfYs7G.s 			page 7


 187 007e 02       		.uleb128 0x2
 188 007f 08       		.byte	0x8
 189 0080 04       		.byte	0x4
 190 0081 DD010000 		.4byte	.LASF10
 191 0085 02       		.uleb128 0x2
 192 0086 01       		.byte	0x1
 193 0087 08       		.byte	0x8
 194 0088 9C010000 		.4byte	.LASF11
 195 008c 04       		.uleb128 0x4
 196 008d 2D010000 		.4byte	.LASF13
 197 0091 02       		.byte	0x2
 198 0092 3C02     		.2byte	0x23c
 199 0094 98000000 		.4byte	0x98
 200 0098 05       		.uleb128 0x5
 201 0099 6B000000 		.4byte	0x6b
 202 009d 02       		.uleb128 0x2
 203 009e 04       		.byte	0x4
 204 009f 07       		.byte	0x7
 205 00a0 44020000 		.4byte	.LASF14
 206 00a4 06       		.uleb128 0x6
 207 00a5 01       		.byte	0x1
 208 00a6 03       		.byte	0x3
 209 00a7 43       		.byte	0x43
 210 00a8 B9000000 		.4byte	0xb9
 211 00ac 07       		.uleb128 0x7
 212 00ad 73010000 		.4byte	.LASF25
 213 00b1 03       		.byte	0x3
 214 00b2 45       		.byte	0x45
 215 00b3 6B000000 		.4byte	0x6b
 216 00b7 00       		.byte	0
 217 00b8 00       		.byte	0
 218 00b9 08       		.uleb128 0x8
 219 00ba 84010000 		.4byte	.LASF15
 220 00be 03       		.byte	0x3
 221 00bf 53       		.byte	0x53
 222 00c0 A4000000 		.4byte	0xa4
 223 00c4 09       		.uleb128 0x9
 224 00c5 B7000000 		.4byte	.LASF16
 225 00c9 01       		.byte	0x1
 226 00ca 2B       		.byte	0x2b
 227 00cb 01       		.byte	0x1
 228 00cc 09       		.uleb128 0x9
 229 00cd 1B020000 		.4byte	.LASF17
 230 00d1 01       		.byte	0x1
 231 00d2 4D       		.byte	0x4d
 232 00d3 01       		.byte	0x1
 233 00d4 0A       		.uleb128 0xa
 234 00d5 C4000000 		.4byte	0xc4
 235 00d9 00000000 		.4byte	.LFB0
 236 00dd 02000000 		.4byte	.LFE0-.LFB0
 237 00e1 01       		.uleb128 0x1
 238 00e2 9C       		.byte	0x9c
 239 00e3 0A       		.uleb128 0xa
 240 00e4 CC000000 		.4byte	0xcc
 241 00e8 00000000 		.4byte	.LFB1
 242 00ec 02000000 		.4byte	.LFE1-.LFB1
 243 00f0 01       		.uleb128 0x1
ARM GAS  C:\Users\Patrick\AppData\Local\Temp\ccLfYs7G.s 			page 8


 244 00f1 9C       		.byte	0x9c
 245 00f2 0B       		.uleb128 0xb
 246 00f3 CD000000 		.4byte	.LASF18
 247 00f7 01       		.byte	0x1
 248 00f8 70       		.byte	0x70
 249 00f9 00000000 		.4byte	.LFB2
 250 00fd 18000000 		.4byte	.LFE2-.LFB2
 251 0101 01       		.uleb128 0x1
 252 0102 9C       		.byte	0x9c
 253 0103 11010000 		.4byte	0x111
 254 0107 0C       		.uleb128 0xc
 255 0108 10000000 		.4byte	.LVL0
 256 010c 41010000 		.4byte	0x141
 257 0110 00       		.byte	0
 258 0111 0B       		.uleb128 0xb
 259 0112 61010000 		.4byte	.LASF19
 260 0116 01       		.byte	0x1
 261 0117 96       		.byte	0x96
 262 0118 00000000 		.4byte	.LFB3
 263 011c 14000000 		.4byte	.LFE3-.LFB3
 264 0120 01       		.uleb128 0x1
 265 0121 9C       		.byte	0x9c
 266 0122 30010000 		.4byte	0x130
 267 0126 0C       		.uleb128 0xc
 268 0127 0E000000 		.4byte	.LVL1
 269 012b 48010000 		.4byte	0x148
 270 012f 00       		.byte	0
 271 0130 0D       		.uleb128 0xd
 272 0131 4D020000 		.4byte	.LASF26
 273 0135 01       		.byte	0x1
 274 0136 15       		.byte	0x15
 275 0137 B9000000 		.4byte	0xb9
 276 013b 05       		.uleb128 0x5
 277 013c 03       		.byte	0x3
 278 013d 00000000 		.4byte	SystemTick_backup
 279 0141 0E       		.uleb128 0xe
 280 0142 34020000 		.4byte	.LASF20
 281 0146 03       		.byte	0x3
 282 0147 5B       		.byte	0x5b
 283 0148 0E       		.uleb128 0xe
 284 0149 03020000 		.4byte	.LASF21
 285 014d 03       		.byte	0x3
 286 014e 8B       		.byte	0x8b
 287 014f 00       		.byte	0
 288              		.section	.debug_abbrev,"",%progbits
 289              	.Ldebug_abbrev0:
 290 0000 01       		.uleb128 0x1
 291 0001 11       		.uleb128 0x11
 292 0002 01       		.byte	0x1
 293 0003 25       		.uleb128 0x25
 294 0004 0E       		.uleb128 0xe
 295 0005 13       		.uleb128 0x13
 296 0006 0B       		.uleb128 0xb
 297 0007 03       		.uleb128 0x3
 298 0008 0E       		.uleb128 0xe
 299 0009 1B       		.uleb128 0x1b
 300 000a 0E       		.uleb128 0xe
ARM GAS  C:\Users\Patrick\AppData\Local\Temp\ccLfYs7G.s 			page 9


 301 000b 55       		.uleb128 0x55
 302 000c 17       		.uleb128 0x17
 303 000d 11       		.uleb128 0x11
 304 000e 01       		.uleb128 0x1
 305 000f 10       		.uleb128 0x10
 306 0010 17       		.uleb128 0x17
 307 0011 00       		.byte	0
 308 0012 00       		.byte	0
 309 0013 02       		.uleb128 0x2
 310 0014 24       		.uleb128 0x24
 311 0015 00       		.byte	0
 312 0016 0B       		.uleb128 0xb
 313 0017 0B       		.uleb128 0xb
 314 0018 3E       		.uleb128 0x3e
 315 0019 0B       		.uleb128 0xb
 316 001a 03       		.uleb128 0x3
 317 001b 0E       		.uleb128 0xe
 318 001c 00       		.byte	0
 319 001d 00       		.byte	0
 320 001e 03       		.uleb128 0x3
 321 001f 24       		.uleb128 0x24
 322 0020 00       		.byte	0
 323 0021 0B       		.uleb128 0xb
 324 0022 0B       		.uleb128 0xb
 325 0023 3E       		.uleb128 0x3e
 326 0024 0B       		.uleb128 0xb
 327 0025 03       		.uleb128 0x3
 328 0026 08       		.uleb128 0x8
 329 0027 00       		.byte	0
 330 0028 00       		.byte	0
 331 0029 04       		.uleb128 0x4
 332 002a 16       		.uleb128 0x16
 333 002b 00       		.byte	0
 334 002c 03       		.uleb128 0x3
 335 002d 0E       		.uleb128 0xe
 336 002e 3A       		.uleb128 0x3a
 337 002f 0B       		.uleb128 0xb
 338 0030 3B       		.uleb128 0x3b
 339 0031 05       		.uleb128 0x5
 340 0032 49       		.uleb128 0x49
 341 0033 13       		.uleb128 0x13
 342 0034 00       		.byte	0
 343 0035 00       		.byte	0
 344 0036 05       		.uleb128 0x5
 345 0037 35       		.uleb128 0x35
 346 0038 00       		.byte	0
 347 0039 49       		.uleb128 0x49
 348 003a 13       		.uleb128 0x13
 349 003b 00       		.byte	0
 350 003c 00       		.byte	0
 351 003d 06       		.uleb128 0x6
 352 003e 13       		.uleb128 0x13
 353 003f 01       		.byte	0x1
 354 0040 0B       		.uleb128 0xb
 355 0041 0B       		.uleb128 0xb
 356 0042 3A       		.uleb128 0x3a
 357 0043 0B       		.uleb128 0xb
ARM GAS  C:\Users\Patrick\AppData\Local\Temp\ccLfYs7G.s 			page 10


 358 0044 3B       		.uleb128 0x3b
 359 0045 0B       		.uleb128 0xb
 360 0046 01       		.uleb128 0x1
 361 0047 13       		.uleb128 0x13
 362 0048 00       		.byte	0
 363 0049 00       		.byte	0
 364 004a 07       		.uleb128 0x7
 365 004b 0D       		.uleb128 0xd
 366 004c 00       		.byte	0
 367 004d 03       		.uleb128 0x3
 368 004e 0E       		.uleb128 0xe
 369 004f 3A       		.uleb128 0x3a
 370 0050 0B       		.uleb128 0xb
 371 0051 3B       		.uleb128 0x3b
 372 0052 0B       		.uleb128 0xb
 373 0053 49       		.uleb128 0x49
 374 0054 13       		.uleb128 0x13
 375 0055 38       		.uleb128 0x38
 376 0056 0B       		.uleb128 0xb
 377 0057 00       		.byte	0
 378 0058 00       		.byte	0
 379 0059 08       		.uleb128 0x8
 380 005a 16       		.uleb128 0x16
 381 005b 00       		.byte	0
 382 005c 03       		.uleb128 0x3
 383 005d 0E       		.uleb128 0xe
 384 005e 3A       		.uleb128 0x3a
 385 005f 0B       		.uleb128 0xb
 386 0060 3B       		.uleb128 0x3b
 387 0061 0B       		.uleb128 0xb
 388 0062 49       		.uleb128 0x49
 389 0063 13       		.uleb128 0x13
 390 0064 00       		.byte	0
 391 0065 00       		.byte	0
 392 0066 09       		.uleb128 0x9
 393 0067 2E       		.uleb128 0x2e
 394 0068 00       		.byte	0
 395 0069 3F       		.uleb128 0x3f
 396 006a 19       		.uleb128 0x19
 397 006b 03       		.uleb128 0x3
 398 006c 0E       		.uleb128 0xe
 399 006d 3A       		.uleb128 0x3a
 400 006e 0B       		.uleb128 0xb
 401 006f 3B       		.uleb128 0x3b
 402 0070 0B       		.uleb128 0xb
 403 0071 27       		.uleb128 0x27
 404 0072 19       		.uleb128 0x19
 405 0073 20       		.uleb128 0x20
 406 0074 0B       		.uleb128 0xb
 407 0075 00       		.byte	0
 408 0076 00       		.byte	0
 409 0077 0A       		.uleb128 0xa
 410 0078 2E       		.uleb128 0x2e
 411 0079 00       		.byte	0
 412 007a 31       		.uleb128 0x31
 413 007b 13       		.uleb128 0x13
 414 007c 11       		.uleb128 0x11
ARM GAS  C:\Users\Patrick\AppData\Local\Temp\ccLfYs7G.s 			page 11


 415 007d 01       		.uleb128 0x1
 416 007e 12       		.uleb128 0x12
 417 007f 06       		.uleb128 0x6
 418 0080 40       		.uleb128 0x40
 419 0081 18       		.uleb128 0x18
 420 0082 9742     		.uleb128 0x2117
 421 0084 19       		.uleb128 0x19
 422 0085 00       		.byte	0
 423 0086 00       		.byte	0
 424 0087 0B       		.uleb128 0xb
 425 0088 2E       		.uleb128 0x2e
 426 0089 01       		.byte	0x1
 427 008a 3F       		.uleb128 0x3f
 428 008b 19       		.uleb128 0x19
 429 008c 03       		.uleb128 0x3
 430 008d 0E       		.uleb128 0xe
 431 008e 3A       		.uleb128 0x3a
 432 008f 0B       		.uleb128 0xb
 433 0090 3B       		.uleb128 0x3b
 434 0091 0B       		.uleb128 0xb
 435 0092 27       		.uleb128 0x27
 436 0093 19       		.uleb128 0x19
 437 0094 11       		.uleb128 0x11
 438 0095 01       		.uleb128 0x1
 439 0096 12       		.uleb128 0x12
 440 0097 06       		.uleb128 0x6
 441 0098 40       		.uleb128 0x40
 442 0099 18       		.uleb128 0x18
 443 009a 9742     		.uleb128 0x2117
 444 009c 19       		.uleb128 0x19
 445 009d 01       		.uleb128 0x1
 446 009e 13       		.uleb128 0x13
 447 009f 00       		.byte	0
 448 00a0 00       		.byte	0
 449 00a1 0C       		.uleb128 0xc
 450 00a2 898201   		.uleb128 0x4109
 451 00a5 00       		.byte	0
 452 00a6 11       		.uleb128 0x11
 453 00a7 01       		.uleb128 0x1
 454 00a8 9542     		.uleb128 0x2115
 455 00aa 19       		.uleb128 0x19
 456 00ab 31       		.uleb128 0x31
 457 00ac 13       		.uleb128 0x13
 458 00ad 00       		.byte	0
 459 00ae 00       		.byte	0
 460 00af 0D       		.uleb128 0xd
 461 00b0 34       		.uleb128 0x34
 462 00b1 00       		.byte	0
 463 00b2 03       		.uleb128 0x3
 464 00b3 0E       		.uleb128 0xe
 465 00b4 3A       		.uleb128 0x3a
 466 00b5 0B       		.uleb128 0xb
 467 00b6 3B       		.uleb128 0x3b
 468 00b7 0B       		.uleb128 0xb
 469 00b8 49       		.uleb128 0x49
 470 00b9 13       		.uleb128 0x13
 471 00ba 02       		.uleb128 0x2
ARM GAS  C:\Users\Patrick\AppData\Local\Temp\ccLfYs7G.s 			page 12


 472 00bb 18       		.uleb128 0x18
 473 00bc 00       		.byte	0
 474 00bd 00       		.byte	0
 475 00be 0E       		.uleb128 0xe
 476 00bf 2E       		.uleb128 0x2e
 477 00c0 00       		.byte	0
 478 00c1 3F       		.uleb128 0x3f
 479 00c2 19       		.uleb128 0x19
 480 00c3 03       		.uleb128 0x3
 481 00c4 0E       		.uleb128 0xe
 482 00c5 3A       		.uleb128 0x3a
 483 00c6 0B       		.uleb128 0xb
 484 00c7 3B       		.uleb128 0x3b
 485 00c8 0B       		.uleb128 0xb
 486 00c9 27       		.uleb128 0x27
 487 00ca 19       		.uleb128 0x19
 488 00cb 3C       		.uleb128 0x3c
 489 00cc 19       		.uleb128 0x19
 490 00cd 00       		.byte	0
 491 00ce 00       		.byte	0
 492 00cf 00       		.byte	0
 493              		.section	.debug_aranges,"",%progbits
 494 0000 34000000 		.4byte	0x34
 495 0004 0200     		.2byte	0x2
 496 0006 00000000 		.4byte	.Ldebug_info0
 497 000a 04       		.byte	0x4
 498 000b 00       		.byte	0
 499 000c 0000     		.2byte	0
 500 000e 0000     		.2byte	0
 501 0010 00000000 		.4byte	.LFB0
 502 0014 02000000 		.4byte	.LFE0-.LFB0
 503 0018 00000000 		.4byte	.LFB1
 504 001c 02000000 		.4byte	.LFE1-.LFB1
 505 0020 00000000 		.4byte	.LFB2
 506 0024 18000000 		.4byte	.LFE2-.LFB2
 507 0028 00000000 		.4byte	.LFB3
 508 002c 14000000 		.4byte	.LFE3-.LFB3
 509 0030 00000000 		.4byte	0
 510 0034 00000000 		.4byte	0
 511              		.section	.debug_ranges,"",%progbits
 512              	.Ldebug_ranges0:
 513 0000 00000000 		.4byte	.LFB0
 514 0004 02000000 		.4byte	.LFE0
 515 0008 00000000 		.4byte	.LFB1
 516 000c 02000000 		.4byte	.LFE1
 517 0010 00000000 		.4byte	.LFB2
 518 0014 18000000 		.4byte	.LFE2
 519 0018 00000000 		.4byte	.LFB3
 520 001c 14000000 		.4byte	.LFE3
 521 0020 00000000 		.4byte	0
 522 0024 00000000 		.4byte	0
 523              		.section	.debug_line,"",%progbits
 524              	.Ldebug_line0:
 525 0000 A7000000 		.section	.debug_str,"MS",%progbits,1
 525      02005C00 
 525      00000201 
 525      FB0E0D00 
ARM GAS  C:\Users\Patrick\AppData\Local\Temp\ccLfYs7G.s 			page 13


 525      01010101 
 526              	.LASF6:
 527 0000 6C6F6E67 		.ascii	"long long int\000"
 527      206C6F6E 
 527      6720696E 
 527      7400
 528              	.LASF8:
 529 000e 756E7369 		.ascii	"unsigned int\000"
 529      676E6564 
 529      20696E74 
 529      00
 530              	.LASF1:
 531 001b 756E7369 		.ascii	"unsigned char\000"
 531      676E6564 
 531      20636861 
 531      7200
 532              	.LASF22:
 533 0029 474E5520 		.ascii	"GNU C 4.9.3 20150303 (release) [ARM/embedded-4_9-br"
 533      4320342E 
 533      392E3320 
 533      32303135 
 533      30333033 
 534 005c 616E6368 		.ascii	"anch revision 221220] -mcpu=cortex-m3 -mthumb -g -O"
 534      20726576 
 534      6973696F 
 534      6E203232 
 534      31323230 
 535 008f 33202D66 		.ascii	"3 -ffunction-sections -ffat-lto-objects\000"
 535      66756E63 
 535      74696F6E 
 535      2D736563 
 535      74696F6E 
 536              	.LASF16:
 537 00b7 53797374 		.ascii	"SystemTick_SaveConfig\000"
 537      656D5469 
 537      636B5F53 
 537      61766543 
 537      6F6E6669 
 538              	.LASF18:
 539 00cd 53797374 		.ascii	"SystemTick_Sleep\000"
 539      656D5469 
 539      636B5F53 
 539      6C656570 
 539      00
 540              	.LASF24:
 541 00de 433A5C55 		.ascii	"C:\\Users\\Patrick\\Documents\\GitHub\\PSoC 5LP FIl"
 541      73657273 
 541      5C506174 
 541      7269636B 
 541      5C446F63 
 542 010c 65735C43 		.ascii	"es\\C-CAN_PSoC_DevKit\\C-CAN.cydsn\000"
 542      2D43414E 
 542      5F50536F 
 542      435F4465 
 542      764B6974 
 543              	.LASF13:
 544 012d 72656738 		.ascii	"reg8\000"
ARM GAS  C:\Users\Patrick\AppData\Local\Temp\ccLfYs7G.s 			page 14


 544      00
 545              	.LASF12:
 546 0132 75696E74 		.ascii	"uint8\000"
 546      3800
 547              	.LASF5:
 548 0138 6C6F6E67 		.ascii	"long unsigned int\000"
 548      20756E73 
 548      69676E65 
 548      6420696E 
 548      7400
 549              	.LASF7:
 550 014a 6C6F6E67 		.ascii	"long long unsigned int\000"
 550      206C6F6E 
 550      6720756E 
 550      7369676E 
 550      65642069 
 551              	.LASF19:
 552 0161 53797374 		.ascii	"SystemTick_Wakeup\000"
 552      656D5469 
 552      636B5F57 
 552      616B6575 
 552      7000
 553              	.LASF25:
 554 0173 54696D65 		.ascii	"TimerEnableState\000"
 554      72456E61 
 554      626C6553 
 554      74617465 
 554      00
 555              	.LASF15:
 556 0184 53797374 		.ascii	"SystemTick_backupStruct\000"
 556      656D5469 
 556      636B5F62 
 556      61636B75 
 556      70537472 
 557              	.LASF11:
 558 019c 63686172 		.ascii	"char\000"
 558      00
 559              	.LASF4:
 560 01a1 6C6F6E67 		.ascii	"long int\000"
 560      20696E74 
 560      00
 561              	.LASF2:
 562 01aa 73686F72 		.ascii	"short int\000"
 562      7420696E 
 562      7400
 563              	.LASF23:
 564 01b4 2E5C4765 		.ascii	".\\Generated_Source\\PSoC5\\SystemTick_PM.c\000"
 564      6E657261 
 564      7465645F 
 564      536F7572 
 564      63655C50 
 565              	.LASF10:
 566 01dd 646F7562 		.ascii	"double\000"
 566      6C6500
 567              	.LASF3:
 568 01e4 73686F72 		.ascii	"short unsigned int\000"
 568      7420756E 
ARM GAS  C:\Users\Patrick\AppData\Local\Temp\ccLfYs7G.s 			page 15


 568      7369676E 
 568      65642069 
 568      6E7400
 569              	.LASF0:
 570 01f7 7369676E 		.ascii	"signed char\000"
 570      65642063 
 570      68617200 
 571              	.LASF21:
 572 0203 53797374 		.ascii	"SystemTick_Enable\000"
 572      656D5469 
 572      636B5F45 
 572      6E61626C 
 572      6500
 573              	.LASF9:
 574 0215 666C6F61 		.ascii	"float\000"
 574      7400
 575              	.LASF17:
 576 021b 53797374 		.ascii	"SystemTick_RestoreConfig\000"
 576      656D5469 
 576      636B5F52 
 576      6573746F 
 576      7265436F 
 577              	.LASF20:
 578 0234 53797374 		.ascii	"SystemTick_Stop\000"
 578      656D5469 
 578      636B5F53 
 578      746F7000 
 579              	.LASF14:
 580 0244 73697A65 		.ascii	"sizetype\000"
 580      74797065 
 580      00
 581              	.LASF26:
 582 024d 53797374 		.ascii	"SystemTick_backup\000"
 582      656D5469 
 582      636B5F62 
 582      61636B75 
 582      7000
 583              		.ident	"GCC: (GNU Tools for ARM Embedded Processors) 4.9.3 20150303 (release) [ARM/embedded-4_9-br
