ARM GAS  C:\Users\Patrick\AppData\Local\Temp\ccatBPoZ.s 			page 1


   1              		.syntax unified
   2              		.cpu cortex-m3
   3              		.fpu softvfp
   4              		.eabi_attribute 20, 1
   5              		.eabi_attribute 21, 1
   6              		.eabi_attribute 23, 3
   7              		.eabi_attribute 24, 1
   8              		.eabi_attribute 25, 1
   9              		.eabi_attribute 26, 1
  10              		.eabi_attribute 30, 2
  11              		.eabi_attribute 34, 1
  12              		.eabi_attribute 18, 4
  13              		.thumb
  14              		.file	"UART_1_PM.c"
  15              		.text
  16              	.Ltext0:
  17              		.cfi_sections	.debug_frame
  18              		.section	.text.UART_1_SaveConfig,"ax",%progbits
  19              		.align	2
  20              		.global	UART_1_SaveConfig
  21              		.thumb
  22              		.thumb_func
  23              		.type	UART_1_SaveConfig, %function
  24              	UART_1_SaveConfig:
  25              	.LFB0:
  26              		.file 1 ".\\Generated_Source\\PSoC5\\UART_1_PM.c"
   1:.\Generated_Source\PSoC5/UART_1_PM.c **** /*******************************************************************************
   2:.\Generated_Source\PSoC5/UART_1_PM.c **** * File Name: UART_1_PM.c
   3:.\Generated_Source\PSoC5/UART_1_PM.c **** * Version 2.50
   4:.\Generated_Source\PSoC5/UART_1_PM.c **** *
   5:.\Generated_Source\PSoC5/UART_1_PM.c **** * Description:
   6:.\Generated_Source\PSoC5/UART_1_PM.c **** *  This file provides Sleep/WakeUp APIs functionality.
   7:.\Generated_Source\PSoC5/UART_1_PM.c **** *
   8:.\Generated_Source\PSoC5/UART_1_PM.c **** * Note:
   9:.\Generated_Source\PSoC5/UART_1_PM.c **** *
  10:.\Generated_Source\PSoC5/UART_1_PM.c **** ********************************************************************************
  11:.\Generated_Source\PSoC5/UART_1_PM.c **** * Copyright 2008-2015, Cypress Semiconductor Corporation.  All rights reserved.
  12:.\Generated_Source\PSoC5/UART_1_PM.c **** * You may use this file only in accordance with the license, terms, conditions,
  13:.\Generated_Source\PSoC5/UART_1_PM.c **** * disclaimers, and limitations in the end user license agreement accompanying
  14:.\Generated_Source\PSoC5/UART_1_PM.c **** * the software package with which this file was provided.
  15:.\Generated_Source\PSoC5/UART_1_PM.c **** *******************************************************************************/
  16:.\Generated_Source\PSoC5/UART_1_PM.c **** 
  17:.\Generated_Source\PSoC5/UART_1_PM.c **** #include "UART_1.h"
  18:.\Generated_Source\PSoC5/UART_1_PM.c **** 
  19:.\Generated_Source\PSoC5/UART_1_PM.c **** 
  20:.\Generated_Source\PSoC5/UART_1_PM.c **** /***************************************
  21:.\Generated_Source\PSoC5/UART_1_PM.c **** * Local data allocation
  22:.\Generated_Source\PSoC5/UART_1_PM.c **** ***************************************/
  23:.\Generated_Source\PSoC5/UART_1_PM.c **** 
  24:.\Generated_Source\PSoC5/UART_1_PM.c **** static UART_1_BACKUP_STRUCT  UART_1_backup =
  25:.\Generated_Source\PSoC5/UART_1_PM.c **** {
  26:.\Generated_Source\PSoC5/UART_1_PM.c ****     /* enableState - disabled */
  27:.\Generated_Source\PSoC5/UART_1_PM.c ****     0u,
  28:.\Generated_Source\PSoC5/UART_1_PM.c **** };
  29:.\Generated_Source\PSoC5/UART_1_PM.c **** 
  30:.\Generated_Source\PSoC5/UART_1_PM.c **** 
  31:.\Generated_Source\PSoC5/UART_1_PM.c **** 
ARM GAS  C:\Users\Patrick\AppData\Local\Temp\ccatBPoZ.s 			page 2


  32:.\Generated_Source\PSoC5/UART_1_PM.c **** /*******************************************************************************
  33:.\Generated_Source\PSoC5/UART_1_PM.c **** * Function Name: UART_1_SaveConfig
  34:.\Generated_Source\PSoC5/UART_1_PM.c **** ********************************************************************************
  35:.\Generated_Source\PSoC5/UART_1_PM.c **** *
  36:.\Generated_Source\PSoC5/UART_1_PM.c **** * Summary:
  37:.\Generated_Source\PSoC5/UART_1_PM.c **** *  This function saves the component nonretention control register.
  38:.\Generated_Source\PSoC5/UART_1_PM.c **** *  Does not save the FIFO which is a set of nonretention registers.
  39:.\Generated_Source\PSoC5/UART_1_PM.c **** *  This function is called by the UART_1_Sleep() function.
  40:.\Generated_Source\PSoC5/UART_1_PM.c **** *
  41:.\Generated_Source\PSoC5/UART_1_PM.c **** * Parameters:
  42:.\Generated_Source\PSoC5/UART_1_PM.c **** *  None.
  43:.\Generated_Source\PSoC5/UART_1_PM.c **** *
  44:.\Generated_Source\PSoC5/UART_1_PM.c **** * Return:
  45:.\Generated_Source\PSoC5/UART_1_PM.c **** *  None.
  46:.\Generated_Source\PSoC5/UART_1_PM.c **** *
  47:.\Generated_Source\PSoC5/UART_1_PM.c **** * Global Variables:
  48:.\Generated_Source\PSoC5/UART_1_PM.c **** *  UART_1_backup - modified when non-retention registers are saved.
  49:.\Generated_Source\PSoC5/UART_1_PM.c **** *
  50:.\Generated_Source\PSoC5/UART_1_PM.c **** * Reentrant:
  51:.\Generated_Source\PSoC5/UART_1_PM.c **** *  No.
  52:.\Generated_Source\PSoC5/UART_1_PM.c **** *
  53:.\Generated_Source\PSoC5/UART_1_PM.c **** *******************************************************************************/
  54:.\Generated_Source\PSoC5/UART_1_PM.c **** void UART_1_SaveConfig(void)
  55:.\Generated_Source\PSoC5/UART_1_PM.c **** {
  27              		.loc 1 55 0
  28              		.cfi_startproc
  29              		@ args = 0, pretend = 0, frame = 0
  30              		@ frame_needed = 0, uses_anonymous_args = 0
  31              		@ link register save eliminated.
  32 0000 7047     		bx	lr
  33              		.cfi_endproc
  34              	.LFE0:
  35              		.size	UART_1_SaveConfig, .-UART_1_SaveConfig
  36 0002 00BF     		.section	.text.UART_1_RestoreConfig,"ax",%progbits
  37              		.align	2
  38              		.global	UART_1_RestoreConfig
  39              		.thumb
  40              		.thumb_func
  41              		.type	UART_1_RestoreConfig, %function
  42              	UART_1_RestoreConfig:
  43              	.LFB1:
  56:.\Generated_Source\PSoC5/UART_1_PM.c ****     #if(UART_1_CONTROL_REG_REMOVED == 0u)
  57:.\Generated_Source\PSoC5/UART_1_PM.c ****         UART_1_backup.cr = UART_1_CONTROL_REG;
  58:.\Generated_Source\PSoC5/UART_1_PM.c ****     #endif /* End UART_1_CONTROL_REG_REMOVED */
  59:.\Generated_Source\PSoC5/UART_1_PM.c **** }
  60:.\Generated_Source\PSoC5/UART_1_PM.c **** 
  61:.\Generated_Source\PSoC5/UART_1_PM.c **** 
  62:.\Generated_Source\PSoC5/UART_1_PM.c **** /*******************************************************************************
  63:.\Generated_Source\PSoC5/UART_1_PM.c **** * Function Name: UART_1_RestoreConfig
  64:.\Generated_Source\PSoC5/UART_1_PM.c **** ********************************************************************************
  65:.\Generated_Source\PSoC5/UART_1_PM.c **** *
  66:.\Generated_Source\PSoC5/UART_1_PM.c **** * Summary:
  67:.\Generated_Source\PSoC5/UART_1_PM.c **** *  Restores the nonretention control register except FIFO.
  68:.\Generated_Source\PSoC5/UART_1_PM.c **** *  Does not restore the FIFO which is a set of nonretention registers.
  69:.\Generated_Source\PSoC5/UART_1_PM.c **** *
  70:.\Generated_Source\PSoC5/UART_1_PM.c **** * Parameters:
  71:.\Generated_Source\PSoC5/UART_1_PM.c **** *  None.
ARM GAS  C:\Users\Patrick\AppData\Local\Temp\ccatBPoZ.s 			page 3


  72:.\Generated_Source\PSoC5/UART_1_PM.c **** *
  73:.\Generated_Source\PSoC5/UART_1_PM.c **** * Return:
  74:.\Generated_Source\PSoC5/UART_1_PM.c **** *  None.
  75:.\Generated_Source\PSoC5/UART_1_PM.c **** *
  76:.\Generated_Source\PSoC5/UART_1_PM.c **** * Global Variables:
  77:.\Generated_Source\PSoC5/UART_1_PM.c **** *  UART_1_backup - used when non-retention registers are restored.
  78:.\Generated_Source\PSoC5/UART_1_PM.c **** *
  79:.\Generated_Source\PSoC5/UART_1_PM.c **** * Reentrant:
  80:.\Generated_Source\PSoC5/UART_1_PM.c **** *  No.
  81:.\Generated_Source\PSoC5/UART_1_PM.c **** *
  82:.\Generated_Source\PSoC5/UART_1_PM.c **** * Notes:
  83:.\Generated_Source\PSoC5/UART_1_PM.c **** *  If this function is called without calling UART_1_SaveConfig() 
  84:.\Generated_Source\PSoC5/UART_1_PM.c **** *  first, the data loaded may be incorrect.
  85:.\Generated_Source\PSoC5/UART_1_PM.c **** *
  86:.\Generated_Source\PSoC5/UART_1_PM.c **** *******************************************************************************/
  87:.\Generated_Source\PSoC5/UART_1_PM.c **** void UART_1_RestoreConfig(void)
  88:.\Generated_Source\PSoC5/UART_1_PM.c **** {
  44              		.loc 1 88 0
  45              		.cfi_startproc
  46              		@ args = 0, pretend = 0, frame = 0
  47              		@ frame_needed = 0, uses_anonymous_args = 0
  48              		@ link register save eliminated.
  49 0000 7047     		bx	lr
  50              		.cfi_endproc
  51              	.LFE1:
  52              		.size	UART_1_RestoreConfig, .-UART_1_RestoreConfig
  53 0002 00BF     		.section	.text.UART_1_Sleep,"ax",%progbits
  54              		.align	2
  55              		.global	UART_1_Sleep
  56              		.thumb
  57              		.thumb_func
  58              		.type	UART_1_Sleep, %function
  59              	UART_1_Sleep:
  60              	.LFB2:
  89:.\Generated_Source\PSoC5/UART_1_PM.c ****     #if(UART_1_CONTROL_REG_REMOVED == 0u)
  90:.\Generated_Source\PSoC5/UART_1_PM.c ****         UART_1_CONTROL_REG = UART_1_backup.cr;
  91:.\Generated_Source\PSoC5/UART_1_PM.c ****     #endif /* End UART_1_CONTROL_REG_REMOVED */
  92:.\Generated_Source\PSoC5/UART_1_PM.c **** }
  93:.\Generated_Source\PSoC5/UART_1_PM.c **** 
  94:.\Generated_Source\PSoC5/UART_1_PM.c **** 
  95:.\Generated_Source\PSoC5/UART_1_PM.c **** /*******************************************************************************
  96:.\Generated_Source\PSoC5/UART_1_PM.c **** * Function Name: UART_1_Sleep
  97:.\Generated_Source\PSoC5/UART_1_PM.c **** ********************************************************************************
  98:.\Generated_Source\PSoC5/UART_1_PM.c **** *
  99:.\Generated_Source\PSoC5/UART_1_PM.c **** * Summary:
 100:.\Generated_Source\PSoC5/UART_1_PM.c **** *  This is the preferred API to prepare the component for sleep. 
 101:.\Generated_Source\PSoC5/UART_1_PM.c **** *  The UART_1_Sleep() API saves the current component state. Then it
 102:.\Generated_Source\PSoC5/UART_1_PM.c **** *  calls the UART_1_Stop() function and calls 
 103:.\Generated_Source\PSoC5/UART_1_PM.c **** *  UART_1_SaveConfig() to save the hardware configuration.
 104:.\Generated_Source\PSoC5/UART_1_PM.c **** *  Call the UART_1_Sleep() function before calling the CyPmSleep() 
 105:.\Generated_Source\PSoC5/UART_1_PM.c **** *  or the CyPmHibernate() function. 
 106:.\Generated_Source\PSoC5/UART_1_PM.c **** *
 107:.\Generated_Source\PSoC5/UART_1_PM.c **** * Parameters:
 108:.\Generated_Source\PSoC5/UART_1_PM.c **** *  None.
 109:.\Generated_Source\PSoC5/UART_1_PM.c **** *
 110:.\Generated_Source\PSoC5/UART_1_PM.c **** * Return:
 111:.\Generated_Source\PSoC5/UART_1_PM.c **** *  None.
ARM GAS  C:\Users\Patrick\AppData\Local\Temp\ccatBPoZ.s 			page 4


 112:.\Generated_Source\PSoC5/UART_1_PM.c **** *
 113:.\Generated_Source\PSoC5/UART_1_PM.c **** * Global Variables:
 114:.\Generated_Source\PSoC5/UART_1_PM.c **** *  UART_1_backup - modified when non-retention registers are saved.
 115:.\Generated_Source\PSoC5/UART_1_PM.c **** *
 116:.\Generated_Source\PSoC5/UART_1_PM.c **** * Reentrant:
 117:.\Generated_Source\PSoC5/UART_1_PM.c **** *  No.
 118:.\Generated_Source\PSoC5/UART_1_PM.c **** *
 119:.\Generated_Source\PSoC5/UART_1_PM.c **** *******************************************************************************/
 120:.\Generated_Source\PSoC5/UART_1_PM.c **** void UART_1_Sleep(void)
 121:.\Generated_Source\PSoC5/UART_1_PM.c **** {
  61              		.loc 1 121 0
  62              		.cfi_startproc
  63              		@ args = 0, pretend = 0, frame = 0
  64              		@ frame_needed = 0, uses_anonymous_args = 0
  65              		@ link register save eliminated.
 122:.\Generated_Source\PSoC5/UART_1_PM.c ****     #if(UART_1_RX_ENABLED || UART_1_HD_ENABLED)
 123:.\Generated_Source\PSoC5/UART_1_PM.c ****         if((UART_1_RXSTATUS_ACTL_REG  & UART_1_INT_ENABLE) != 0u)
  66              		.loc 1 123 0
  67 0000 034B     		ldr	r3, .L4
  68 0002 044A     		ldr	r2, .L4+4
  69 0004 1B78     		ldrb	r3, [r3]	@ zero_extendqisi2
  70 0006 C3F30013 		ubfx	r3, r3, #4, #1
  71 000a 1370     		strb	r3, [r2]
 124:.\Generated_Source\PSoC5/UART_1_PM.c ****         {
 125:.\Generated_Source\PSoC5/UART_1_PM.c ****             UART_1_backup.enableState = 1u;
 126:.\Generated_Source\PSoC5/UART_1_PM.c ****         }
 127:.\Generated_Source\PSoC5/UART_1_PM.c ****         else
 128:.\Generated_Source\PSoC5/UART_1_PM.c ****         {
 129:.\Generated_Source\PSoC5/UART_1_PM.c ****             UART_1_backup.enableState = 0u;
 130:.\Generated_Source\PSoC5/UART_1_PM.c ****         }
 131:.\Generated_Source\PSoC5/UART_1_PM.c ****     #else
 132:.\Generated_Source\PSoC5/UART_1_PM.c ****         if((UART_1_TXSTATUS_ACTL_REG  & UART_1_INT_ENABLE) !=0u)
 133:.\Generated_Source\PSoC5/UART_1_PM.c ****         {
 134:.\Generated_Source\PSoC5/UART_1_PM.c ****             UART_1_backup.enableState = 1u;
 135:.\Generated_Source\PSoC5/UART_1_PM.c ****         }
 136:.\Generated_Source\PSoC5/UART_1_PM.c ****         else
 137:.\Generated_Source\PSoC5/UART_1_PM.c ****         {
 138:.\Generated_Source\PSoC5/UART_1_PM.c ****             UART_1_backup.enableState = 0u;
 139:.\Generated_Source\PSoC5/UART_1_PM.c ****         }
 140:.\Generated_Source\PSoC5/UART_1_PM.c ****     #endif /* End UART_1_RX_ENABLED || UART_1_HD_ENABLED*/
 141:.\Generated_Source\PSoC5/UART_1_PM.c **** 
 142:.\Generated_Source\PSoC5/UART_1_PM.c ****     UART_1_Stop();
  72              		.loc 1 142 0
  73 000c FFF7FEBF 		b	UART_1_Stop
  74              	.LVL0:
  75              	.L5:
  76              		.align	2
  77              	.L4:
  78 0010 99650040 		.word	1073767833
  79 0014 00000000 		.word	.LANCHOR0
  80              		.cfi_endproc
  81              	.LFE2:
  82              		.size	UART_1_Sleep, .-UART_1_Sleep
  83              		.section	.text.UART_1_Wakeup,"ax",%progbits
  84              		.align	2
  85              		.global	UART_1_Wakeup
  86              		.thumb
ARM GAS  C:\Users\Patrick\AppData\Local\Temp\ccatBPoZ.s 			page 5


  87              		.thumb_func
  88              		.type	UART_1_Wakeup, %function
  89              	UART_1_Wakeup:
  90              	.LFB3:
 143:.\Generated_Source\PSoC5/UART_1_PM.c ****     UART_1_SaveConfig();
 144:.\Generated_Source\PSoC5/UART_1_PM.c **** }
 145:.\Generated_Source\PSoC5/UART_1_PM.c **** 
 146:.\Generated_Source\PSoC5/UART_1_PM.c **** 
 147:.\Generated_Source\PSoC5/UART_1_PM.c **** /*******************************************************************************
 148:.\Generated_Source\PSoC5/UART_1_PM.c **** * Function Name: UART_1_Wakeup
 149:.\Generated_Source\PSoC5/UART_1_PM.c **** ********************************************************************************
 150:.\Generated_Source\PSoC5/UART_1_PM.c **** *
 151:.\Generated_Source\PSoC5/UART_1_PM.c **** * Summary:
 152:.\Generated_Source\PSoC5/UART_1_PM.c **** *  This is the preferred API to restore the component to the state when 
 153:.\Generated_Source\PSoC5/UART_1_PM.c **** *  UART_1_Sleep() was called. The UART_1_Wakeup() function
 154:.\Generated_Source\PSoC5/UART_1_PM.c **** *  calls the UART_1_RestoreConfig() function to restore the 
 155:.\Generated_Source\PSoC5/UART_1_PM.c **** *  configuration. If the component was enabled before the 
 156:.\Generated_Source\PSoC5/UART_1_PM.c **** *  UART_1_Sleep() function was called, the UART_1_Wakeup()
 157:.\Generated_Source\PSoC5/UART_1_PM.c **** *  function will also re-enable the component.
 158:.\Generated_Source\PSoC5/UART_1_PM.c **** *
 159:.\Generated_Source\PSoC5/UART_1_PM.c **** * Parameters:
 160:.\Generated_Source\PSoC5/UART_1_PM.c **** *  None.
 161:.\Generated_Source\PSoC5/UART_1_PM.c **** *
 162:.\Generated_Source\PSoC5/UART_1_PM.c **** * Return:
 163:.\Generated_Source\PSoC5/UART_1_PM.c **** *  None.
 164:.\Generated_Source\PSoC5/UART_1_PM.c **** *
 165:.\Generated_Source\PSoC5/UART_1_PM.c **** * Global Variables:
 166:.\Generated_Source\PSoC5/UART_1_PM.c **** *  UART_1_backup - used when non-retention registers are restored.
 167:.\Generated_Source\PSoC5/UART_1_PM.c **** *
 168:.\Generated_Source\PSoC5/UART_1_PM.c **** * Reentrant:
 169:.\Generated_Source\PSoC5/UART_1_PM.c **** *  No.
 170:.\Generated_Source\PSoC5/UART_1_PM.c **** *
 171:.\Generated_Source\PSoC5/UART_1_PM.c **** *******************************************************************************/
 172:.\Generated_Source\PSoC5/UART_1_PM.c **** void UART_1_Wakeup(void)
 173:.\Generated_Source\PSoC5/UART_1_PM.c **** {
  91              		.loc 1 173 0
  92              		.cfi_startproc
  93              		@ args = 0, pretend = 0, frame = 0
  94              		@ frame_needed = 0, uses_anonymous_args = 0
  95 0000 08B5     		push	{r3, lr}
  96              		.cfi_def_cfa_offset 8
  97              		.cfi_offset 3, -8
  98              		.cfi_offset 14, -4
 174:.\Generated_Source\PSoC5/UART_1_PM.c ****     UART_1_RestoreConfig();
 175:.\Generated_Source\PSoC5/UART_1_PM.c ****     #if( (UART_1_RX_ENABLED) || (UART_1_HD_ENABLED) )
 176:.\Generated_Source\PSoC5/UART_1_PM.c ****         UART_1_ClearRxBuffer();
  99              		.loc 1 176 0
 100 0002 FFF7FEFF 		bl	UART_1_ClearRxBuffer
 101              	.LVL1:
 177:.\Generated_Source\PSoC5/UART_1_PM.c ****     #endif /* End (UART_1_RX_ENABLED) || (UART_1_HD_ENABLED) */
 178:.\Generated_Source\PSoC5/UART_1_PM.c ****     #if(UART_1_TX_ENABLED || UART_1_HD_ENABLED)
 179:.\Generated_Source\PSoC5/UART_1_PM.c ****         UART_1_ClearTxBuffer();
 102              		.loc 1 179 0
 103 0006 FFF7FEFF 		bl	UART_1_ClearTxBuffer
 104              	.LVL2:
 180:.\Generated_Source\PSoC5/UART_1_PM.c ****     #endif /* End UART_1_TX_ENABLED || UART_1_HD_ENABLED */
 181:.\Generated_Source\PSoC5/UART_1_PM.c **** 
ARM GAS  C:\Users\Patrick\AppData\Local\Temp\ccatBPoZ.s 			page 6


 182:.\Generated_Source\PSoC5/UART_1_PM.c ****     if(UART_1_backup.enableState != 0u)
 105              		.loc 1 182 0
 106 000a 044B     		ldr	r3, .L11
 107 000c 1B78     		ldrb	r3, [r3]	@ zero_extendqisi2
 108 000e 03B9     		cbnz	r3, .L10
 109 0010 08BD     		pop	{r3, pc}
 110              	.L10:
 183:.\Generated_Source\PSoC5/UART_1_PM.c ****     {
 184:.\Generated_Source\PSoC5/UART_1_PM.c ****         UART_1_Enable();
 185:.\Generated_Source\PSoC5/UART_1_PM.c ****     }
 186:.\Generated_Source\PSoC5/UART_1_PM.c **** }
 111              		.loc 1 186 0
 112 0012 BDE80840 		pop	{r3, lr}
 113              		.cfi_restore 14
 114              		.cfi_restore 3
 115              		.cfi_def_cfa_offset 0
 184:.\Generated_Source\PSoC5/UART_1_PM.c ****     }
 116              		.loc 1 184 0
 117 0016 FFF7FEBF 		b	UART_1_Enable
 118              	.LVL3:
 119              	.L12:
 120 001a 00BF     		.align	2
 121              	.L11:
 122 001c 00000000 		.word	.LANCHOR0
 123              		.cfi_endproc
 124              	.LFE3:
 125              		.size	UART_1_Wakeup, .-UART_1_Wakeup
 126              		.bss
 127              		.align	2
 128              		.set	.LANCHOR0,. + 0
 129              		.type	UART_1_backup, %object
 130              		.size	UART_1_backup, 1
 131              	UART_1_backup:
 132 0000 00       		.space	1
 133 0001 000000   		.text
 134              	.Letext0:
 135              		.file 2 ".\\Generated_Source\\PSoC5\\cytypes.h"
 136              		.file 3 ".\\Generated_Source\\PSoC5\\UART_1.h"
 137              		.section	.debug_info,"",%progbits
 138              	.Ldebug_info0:
 139 0000 70010000 		.4byte	0x170
 140 0004 0400     		.2byte	0x4
 141 0006 00000000 		.4byte	.Ldebug_abbrev0
 142 000a 04       		.byte	0x4
 143 000b 01       		.uleb128 0x1
 144 000c AE000000 		.4byte	.LASF24
 145 0010 01       		.byte	0x1
 146 0011 65010000 		.4byte	.LASF25
 147 0015 15000000 		.4byte	.LASF26
 148 0019 00000000 		.4byte	.Ldebug_ranges0+0
 149 001d 00000000 		.4byte	0
 150 0021 00000000 		.4byte	.Ldebug_line0
 151 0025 02       		.uleb128 0x2
 152 0026 01       		.byte	0x1
 153 0027 06       		.byte	0x6
 154 0028 55020000 		.4byte	.LASF0
 155 002c 02       		.uleb128 0x2
ARM GAS  C:\Users\Patrick\AppData\Local\Temp\ccatBPoZ.s 			page 7


 156 002d 01       		.byte	0x1
 157 002e 08       		.byte	0x8
 158 002f A0000000 		.4byte	.LASF1
 159 0033 02       		.uleb128 0x2
 160 0034 02       		.byte	0x2
 161 0035 05       		.byte	0x5
 162 0036 F4010000 		.4byte	.LASF2
 163 003a 02       		.uleb128 0x2
 164 003b 02       		.byte	0x2
 165 003c 07       		.byte	0x7
 166 003d 64000000 		.4byte	.LASF3
 167 0041 02       		.uleb128 0x2
 168 0042 04       		.byte	0x4
 169 0043 05       		.byte	0x5
 170 0044 20020000 		.4byte	.LASF4
 171 0048 02       		.uleb128 0x2
 172 0049 04       		.byte	0x4
 173 004a 07       		.byte	0x7
 174 004b 4D010000 		.4byte	.LASF5
 175 004f 02       		.uleb128 0x2
 176 0050 08       		.byte	0x8
 177 0051 05       		.byte	0x5
 178 0052 CC010000 		.4byte	.LASF6
 179 0056 02       		.uleb128 0x2
 180 0057 08       		.byte	0x8
 181 0058 07       		.byte	0x7
 182 0059 AC010000 		.4byte	.LASF7
 183 005d 03       		.uleb128 0x3
 184 005e 04       		.byte	0x4
 185 005f 05       		.byte	0x5
 186 0060 696E7400 		.ascii	"int\000"
 187 0064 02       		.uleb128 0x2
 188 0065 04       		.byte	0x4
 189 0066 07       		.byte	0x7
 190 0067 9F010000 		.4byte	.LASF8
 191 006b 04       		.uleb128 0x4
 192 006c 5F010000 		.4byte	.LASF12
 193 0070 02       		.byte	0x2
 194 0071 9201     		.2byte	0x192
 195 0073 2C000000 		.4byte	0x2c
 196 0077 02       		.uleb128 0x2
 197 0078 04       		.byte	0x4
 198 0079 04       		.byte	0x4
 199 007a 9A000000 		.4byte	.LASF9
 200 007e 02       		.uleb128 0x2
 201 007f 08       		.byte	0x8
 202 0080 04       		.byte	0x4
 203 0081 8A010000 		.4byte	.LASF10
 204 0085 02       		.uleb128 0x2
 205 0086 01       		.byte	0x1
 206 0087 08       		.byte	0x8
 207 0088 DA010000 		.4byte	.LASF11
 208 008c 04       		.uleb128 0x4
 209 008d 3C010000 		.4byte	.LASF13
 210 0091 02       		.byte	0x2
 211 0092 3C02     		.2byte	0x23c
 212 0094 98000000 		.4byte	0x98
ARM GAS  C:\Users\Patrick\AppData\Local\Temp\ccatBPoZ.s 			page 8


 213 0098 05       		.uleb128 0x5
 214 0099 6B000000 		.4byte	0x6b
 215 009d 02       		.uleb128 0x2
 216 009e 04       		.byte	0x4
 217 009f 07       		.byte	0x7
 218 00a0 C3010000 		.4byte	.LASF14
 219 00a4 06       		.uleb128 0x6
 220 00a5 DF010000 		.4byte	.LASF27
 221 00a9 01       		.byte	0x1
 222 00aa 03       		.byte	0x3
 223 00ab 45       		.byte	0x45
 224 00ac BD000000 		.4byte	0xbd
 225 00b0 07       		.uleb128 0x7
 226 00b1 29020000 		.4byte	.LASF28
 227 00b5 03       		.byte	0x3
 228 00b6 47       		.byte	0x47
 229 00b7 6B000000 		.4byte	0x6b
 230 00bb 00       		.byte	0
 231 00bc 00       		.byte	0
 232 00bd 08       		.uleb128 0x8
 233 00be 61020000 		.4byte	.LASF15
 234 00c2 03       		.byte	0x3
 235 00c3 4D       		.byte	0x4d
 236 00c4 A4000000 		.4byte	0xa4
 237 00c8 09       		.uleb128 0x9
 238 00c9 43020000 		.4byte	.LASF16
 239 00cd 01       		.byte	0x1
 240 00ce 36       		.byte	0x36
 241 00cf 01       		.byte	0x1
 242 00d0 09       		.uleb128 0x9
 243 00d1 00000000 		.4byte	.LASF17
 244 00d5 01       		.byte	0x1
 245 00d6 57       		.byte	0x57
 246 00d7 01       		.byte	0x1
 247 00d8 0A       		.uleb128 0xa
 248 00d9 C8000000 		.4byte	0xc8
 249 00dd 00000000 		.4byte	.LFB0
 250 00e1 02000000 		.4byte	.LFE0-.LFB0
 251 00e5 01       		.uleb128 0x1
 252 00e6 9C       		.byte	0x9c
 253 00e7 0A       		.uleb128 0xa
 254 00e8 D0000000 		.4byte	0xd0
 255 00ec 00000000 		.4byte	.LFB1
 256 00f0 02000000 		.4byte	.LFE1-.LFB1
 257 00f4 01       		.uleb128 0x1
 258 00f5 9C       		.byte	0x9c
 259 00f6 0B       		.uleb128 0xb
 260 00f7 FE010000 		.4byte	.LASF18
 261 00fb 01       		.byte	0x1
 262 00fc 78       		.byte	0x78
 263 00fd 00000000 		.4byte	.LFB2
 264 0101 18000000 		.4byte	.LFE2-.LFB2
 265 0105 01       		.uleb128 0x1
 266 0106 9C       		.byte	0x9c
 267 0107 15010000 		.4byte	0x115
 268 010b 0C       		.uleb128 0xc
 269 010c 10000000 		.4byte	.LVL0
ARM GAS  C:\Users\Patrick\AppData\Local\Temp\ccatBPoZ.s 			page 9


 270 0110 57010000 		.4byte	0x157
 271 0114 00       		.byte	0
 272 0115 0B       		.uleb128 0xb
 273 0116 91010000 		.4byte	.LASF19
 274 011a 01       		.byte	0x1
 275 011b AC       		.byte	0xac
 276 011c 00000000 		.4byte	.LFB3
 277 0120 20000000 		.4byte	.LFE3-.LFB3
 278 0124 01       		.uleb128 0x1
 279 0125 9C       		.byte	0x9c
 280 0126 46010000 		.4byte	0x146
 281 012a 0D       		.uleb128 0xd
 282 012b 06000000 		.4byte	.LVL1
 283 012f 5E010000 		.4byte	0x15e
 284 0133 0D       		.uleb128 0xd
 285 0134 0A000000 		.4byte	.LVL2
 286 0138 65010000 		.4byte	0x165
 287 013c 0C       		.uleb128 0xc
 288 013d 1A000000 		.4byte	.LVL3
 289 0141 6C010000 		.4byte	0x16c
 290 0145 00       		.byte	0
 291 0146 0E       		.uleb128 0xe
 292 0147 8C000000 		.4byte	.LASF29
 293 014b 01       		.byte	0x1
 294 014c 18       		.byte	0x18
 295 014d BD000000 		.4byte	0xbd
 296 0151 05       		.uleb128 0x5
 297 0152 03       		.byte	0x3
 298 0153 00000000 		.4byte	UART_1_backup
 299 0157 0F       		.uleb128 0xf
 300 0158 41010000 		.4byte	.LASF20
 301 015c 03       		.byte	0x3
 302 015d 55       		.byte	0x55
 303 015e 0F       		.uleb128 0xf
 304 015f 77000000 		.4byte	.LASF21
 305 0163 03       		.byte	0x3
 306 0164 75       		.byte	0x75
 307 0165 0F       		.uleb128 0xf
 308 0166 0B020000 		.4byte	.LASF22
 309 016a 03       		.byte	0x3
 310 016b 8F       		.byte	0x8f
 311 016c 0F       		.uleb128 0xf
 312 016d 35020000 		.4byte	.LASF23
 313 0171 03       		.byte	0x3
 314 0172 5A       		.byte	0x5a
 315 0173 00       		.byte	0
 316              		.section	.debug_abbrev,"",%progbits
 317              	.Ldebug_abbrev0:
 318 0000 01       		.uleb128 0x1
 319 0001 11       		.uleb128 0x11
 320 0002 01       		.byte	0x1
 321 0003 25       		.uleb128 0x25
 322 0004 0E       		.uleb128 0xe
 323 0005 13       		.uleb128 0x13
 324 0006 0B       		.uleb128 0xb
 325 0007 03       		.uleb128 0x3
 326 0008 0E       		.uleb128 0xe
ARM GAS  C:\Users\Patrick\AppData\Local\Temp\ccatBPoZ.s 			page 10


 327 0009 1B       		.uleb128 0x1b
 328 000a 0E       		.uleb128 0xe
 329 000b 55       		.uleb128 0x55
 330 000c 17       		.uleb128 0x17
 331 000d 11       		.uleb128 0x11
 332 000e 01       		.uleb128 0x1
 333 000f 10       		.uleb128 0x10
 334 0010 17       		.uleb128 0x17
 335 0011 00       		.byte	0
 336 0012 00       		.byte	0
 337 0013 02       		.uleb128 0x2
 338 0014 24       		.uleb128 0x24
 339 0015 00       		.byte	0
 340 0016 0B       		.uleb128 0xb
 341 0017 0B       		.uleb128 0xb
 342 0018 3E       		.uleb128 0x3e
 343 0019 0B       		.uleb128 0xb
 344 001a 03       		.uleb128 0x3
 345 001b 0E       		.uleb128 0xe
 346 001c 00       		.byte	0
 347 001d 00       		.byte	0
 348 001e 03       		.uleb128 0x3
 349 001f 24       		.uleb128 0x24
 350 0020 00       		.byte	0
 351 0021 0B       		.uleb128 0xb
 352 0022 0B       		.uleb128 0xb
 353 0023 3E       		.uleb128 0x3e
 354 0024 0B       		.uleb128 0xb
 355 0025 03       		.uleb128 0x3
 356 0026 08       		.uleb128 0x8
 357 0027 00       		.byte	0
 358 0028 00       		.byte	0
 359 0029 04       		.uleb128 0x4
 360 002a 16       		.uleb128 0x16
 361 002b 00       		.byte	0
 362 002c 03       		.uleb128 0x3
 363 002d 0E       		.uleb128 0xe
 364 002e 3A       		.uleb128 0x3a
 365 002f 0B       		.uleb128 0xb
 366 0030 3B       		.uleb128 0x3b
 367 0031 05       		.uleb128 0x5
 368 0032 49       		.uleb128 0x49
 369 0033 13       		.uleb128 0x13
 370 0034 00       		.byte	0
 371 0035 00       		.byte	0
 372 0036 05       		.uleb128 0x5
 373 0037 35       		.uleb128 0x35
 374 0038 00       		.byte	0
 375 0039 49       		.uleb128 0x49
 376 003a 13       		.uleb128 0x13
 377 003b 00       		.byte	0
 378 003c 00       		.byte	0
 379 003d 06       		.uleb128 0x6
 380 003e 13       		.uleb128 0x13
 381 003f 01       		.byte	0x1
 382 0040 03       		.uleb128 0x3
 383 0041 0E       		.uleb128 0xe
ARM GAS  C:\Users\Patrick\AppData\Local\Temp\ccatBPoZ.s 			page 11


 384 0042 0B       		.uleb128 0xb
 385 0043 0B       		.uleb128 0xb
 386 0044 3A       		.uleb128 0x3a
 387 0045 0B       		.uleb128 0xb
 388 0046 3B       		.uleb128 0x3b
 389 0047 0B       		.uleb128 0xb
 390 0048 01       		.uleb128 0x1
 391 0049 13       		.uleb128 0x13
 392 004a 00       		.byte	0
 393 004b 00       		.byte	0
 394 004c 07       		.uleb128 0x7
 395 004d 0D       		.uleb128 0xd
 396 004e 00       		.byte	0
 397 004f 03       		.uleb128 0x3
 398 0050 0E       		.uleb128 0xe
 399 0051 3A       		.uleb128 0x3a
 400 0052 0B       		.uleb128 0xb
 401 0053 3B       		.uleb128 0x3b
 402 0054 0B       		.uleb128 0xb
 403 0055 49       		.uleb128 0x49
 404 0056 13       		.uleb128 0x13
 405 0057 38       		.uleb128 0x38
 406 0058 0B       		.uleb128 0xb
 407 0059 00       		.byte	0
 408 005a 00       		.byte	0
 409 005b 08       		.uleb128 0x8
 410 005c 16       		.uleb128 0x16
 411 005d 00       		.byte	0
 412 005e 03       		.uleb128 0x3
 413 005f 0E       		.uleb128 0xe
 414 0060 3A       		.uleb128 0x3a
 415 0061 0B       		.uleb128 0xb
 416 0062 3B       		.uleb128 0x3b
 417 0063 0B       		.uleb128 0xb
 418 0064 49       		.uleb128 0x49
 419 0065 13       		.uleb128 0x13
 420 0066 00       		.byte	0
 421 0067 00       		.byte	0
 422 0068 09       		.uleb128 0x9
 423 0069 2E       		.uleb128 0x2e
 424 006a 00       		.byte	0
 425 006b 3F       		.uleb128 0x3f
 426 006c 19       		.uleb128 0x19
 427 006d 03       		.uleb128 0x3
 428 006e 0E       		.uleb128 0xe
 429 006f 3A       		.uleb128 0x3a
 430 0070 0B       		.uleb128 0xb
 431 0071 3B       		.uleb128 0x3b
 432 0072 0B       		.uleb128 0xb
 433 0073 27       		.uleb128 0x27
 434 0074 19       		.uleb128 0x19
 435 0075 20       		.uleb128 0x20
 436 0076 0B       		.uleb128 0xb
 437 0077 00       		.byte	0
 438 0078 00       		.byte	0
 439 0079 0A       		.uleb128 0xa
 440 007a 2E       		.uleb128 0x2e
ARM GAS  C:\Users\Patrick\AppData\Local\Temp\ccatBPoZ.s 			page 12


 441 007b 00       		.byte	0
 442 007c 31       		.uleb128 0x31
 443 007d 13       		.uleb128 0x13
 444 007e 11       		.uleb128 0x11
 445 007f 01       		.uleb128 0x1
 446 0080 12       		.uleb128 0x12
 447 0081 06       		.uleb128 0x6
 448 0082 40       		.uleb128 0x40
 449 0083 18       		.uleb128 0x18
 450 0084 9742     		.uleb128 0x2117
 451 0086 19       		.uleb128 0x19
 452 0087 00       		.byte	0
 453 0088 00       		.byte	0
 454 0089 0B       		.uleb128 0xb
 455 008a 2E       		.uleb128 0x2e
 456 008b 01       		.byte	0x1
 457 008c 3F       		.uleb128 0x3f
 458 008d 19       		.uleb128 0x19
 459 008e 03       		.uleb128 0x3
 460 008f 0E       		.uleb128 0xe
 461 0090 3A       		.uleb128 0x3a
 462 0091 0B       		.uleb128 0xb
 463 0092 3B       		.uleb128 0x3b
 464 0093 0B       		.uleb128 0xb
 465 0094 27       		.uleb128 0x27
 466 0095 19       		.uleb128 0x19
 467 0096 11       		.uleb128 0x11
 468 0097 01       		.uleb128 0x1
 469 0098 12       		.uleb128 0x12
 470 0099 06       		.uleb128 0x6
 471 009a 40       		.uleb128 0x40
 472 009b 18       		.uleb128 0x18
 473 009c 9742     		.uleb128 0x2117
 474 009e 19       		.uleb128 0x19
 475 009f 01       		.uleb128 0x1
 476 00a0 13       		.uleb128 0x13
 477 00a1 00       		.byte	0
 478 00a2 00       		.byte	0
 479 00a3 0C       		.uleb128 0xc
 480 00a4 898201   		.uleb128 0x4109
 481 00a7 00       		.byte	0
 482 00a8 11       		.uleb128 0x11
 483 00a9 01       		.uleb128 0x1
 484 00aa 9542     		.uleb128 0x2115
 485 00ac 19       		.uleb128 0x19
 486 00ad 31       		.uleb128 0x31
 487 00ae 13       		.uleb128 0x13
 488 00af 00       		.byte	0
 489 00b0 00       		.byte	0
 490 00b1 0D       		.uleb128 0xd
 491 00b2 898201   		.uleb128 0x4109
 492 00b5 00       		.byte	0
 493 00b6 11       		.uleb128 0x11
 494 00b7 01       		.uleb128 0x1
 495 00b8 31       		.uleb128 0x31
 496 00b9 13       		.uleb128 0x13
 497 00ba 00       		.byte	0
ARM GAS  C:\Users\Patrick\AppData\Local\Temp\ccatBPoZ.s 			page 13


 498 00bb 00       		.byte	0
 499 00bc 0E       		.uleb128 0xe
 500 00bd 34       		.uleb128 0x34
 501 00be 00       		.byte	0
 502 00bf 03       		.uleb128 0x3
 503 00c0 0E       		.uleb128 0xe
 504 00c1 3A       		.uleb128 0x3a
 505 00c2 0B       		.uleb128 0xb
 506 00c3 3B       		.uleb128 0x3b
 507 00c4 0B       		.uleb128 0xb
 508 00c5 49       		.uleb128 0x49
 509 00c6 13       		.uleb128 0x13
 510 00c7 02       		.uleb128 0x2
 511 00c8 18       		.uleb128 0x18
 512 00c9 00       		.byte	0
 513 00ca 00       		.byte	0
 514 00cb 0F       		.uleb128 0xf
 515 00cc 2E       		.uleb128 0x2e
 516 00cd 00       		.byte	0
 517 00ce 3F       		.uleb128 0x3f
 518 00cf 19       		.uleb128 0x19
 519 00d0 03       		.uleb128 0x3
 520 00d1 0E       		.uleb128 0xe
 521 00d2 3A       		.uleb128 0x3a
 522 00d3 0B       		.uleb128 0xb
 523 00d4 3B       		.uleb128 0x3b
 524 00d5 0B       		.uleb128 0xb
 525 00d6 27       		.uleb128 0x27
 526 00d7 19       		.uleb128 0x19
 527 00d8 3C       		.uleb128 0x3c
 528 00d9 19       		.uleb128 0x19
 529 00da 00       		.byte	0
 530 00db 00       		.byte	0
 531 00dc 00       		.byte	0
 532              		.section	.debug_aranges,"",%progbits
 533 0000 34000000 		.4byte	0x34
 534 0004 0200     		.2byte	0x2
 535 0006 00000000 		.4byte	.Ldebug_info0
 536 000a 04       		.byte	0x4
 537 000b 00       		.byte	0
 538 000c 0000     		.2byte	0
 539 000e 0000     		.2byte	0
 540 0010 00000000 		.4byte	.LFB0
 541 0014 02000000 		.4byte	.LFE0-.LFB0
 542 0018 00000000 		.4byte	.LFB1
 543 001c 02000000 		.4byte	.LFE1-.LFB1
 544 0020 00000000 		.4byte	.LFB2
 545 0024 18000000 		.4byte	.LFE2-.LFB2
 546 0028 00000000 		.4byte	.LFB3
 547 002c 20000000 		.4byte	.LFE3-.LFB3
 548 0030 00000000 		.4byte	0
 549 0034 00000000 		.4byte	0
 550              		.section	.debug_ranges,"",%progbits
 551              	.Ldebug_ranges0:
 552 0000 00000000 		.4byte	.LFB0
 553 0004 02000000 		.4byte	.LFE0
 554 0008 00000000 		.4byte	.LFB1
ARM GAS  C:\Users\Patrick\AppData\Local\Temp\ccatBPoZ.s 			page 14


 555 000c 02000000 		.4byte	.LFE1
 556 0010 00000000 		.4byte	.LFB2
 557 0014 18000000 		.4byte	.LFE2
 558 0018 00000000 		.4byte	.LFB3
 559 001c 20000000 		.4byte	.LFE3
 560 0020 00000000 		.4byte	0
 561 0024 00000000 		.4byte	0
 562              		.section	.debug_line,"",%progbits
 563              	.Ldebug_line0:
 564 0000 A2000000 		.section	.debug_str,"MS",%progbits,1
 564      02005400 
 564      00000201 
 564      FB0E0D00 
 564      01010101 
 565              	.LASF17:
 566 0000 55415254 		.ascii	"UART_1_RestoreConfig\000"
 566      5F315F52 
 566      6573746F 
 566      7265436F 
 566      6E666967 
 567              	.LASF26:
 568 0015 433A5C55 		.ascii	"C:\\Users\\Patrick\\Documents\\GitHub\\PSoC 5LP FIl"
 568      73657273 
 568      5C506174 
 568      7269636B 
 568      5C446F63 
 569 0043 65735C43 		.ascii	"es\\C-CAN_PSoC_DevKit\\C-CAN.cydsn\000"
 569      2D43414E 
 569      5F50536F 
 569      435F4465 
 569      764B6974 
 570              	.LASF3:
 571 0064 73686F72 		.ascii	"short unsigned int\000"
 571      7420756E 
 571      7369676E 
 571      65642069 
 571      6E7400
 572              	.LASF21:
 573 0077 55415254 		.ascii	"UART_1_ClearRxBuffer\000"
 573      5F315F43 
 573      6C656172 
 573      52784275 
 573      66666572 
 574              	.LASF29:
 575 008c 55415254 		.ascii	"UART_1_backup\000"
 575      5F315F62 
 575      61636B75 
 575      7000
 576              	.LASF9:
 577 009a 666C6F61 		.ascii	"float\000"
 577      7400
 578              	.LASF1:
 579 00a0 756E7369 		.ascii	"unsigned char\000"
 579      676E6564 
 579      20636861 
 579      7200
 580              	.LASF24:
ARM GAS  C:\Users\Patrick\AppData\Local\Temp\ccatBPoZ.s 			page 15


 581 00ae 474E5520 		.ascii	"GNU C 4.9.3 20150303 (release) [ARM/embedded-4_9-br"
 581      4320342E 
 581      392E3320 
 581      32303135 
 581      30333033 
 582 00e1 616E6368 		.ascii	"anch revision 221220] -mcpu=cortex-m3 -mthumb -g -O"
 582      20726576 
 582      6973696F 
 582      6E203232 
 582      31323230 
 583 0114 33202D66 		.ascii	"3 -ffunction-sections -ffat-lto-objects\000"
 583      66756E63 
 583      74696F6E 
 583      2D736563 
 583      74696F6E 
 584              	.LASF13:
 585 013c 72656738 		.ascii	"reg8\000"
 585      00
 586              	.LASF20:
 587 0141 55415254 		.ascii	"UART_1_Stop\000"
 587      5F315F53 
 587      746F7000 
 588              	.LASF5:
 589 014d 6C6F6E67 		.ascii	"long unsigned int\000"
 589      20756E73 
 589      69676E65 
 589      6420696E 
 589      7400
 590              	.LASF12:
 591 015f 75696E74 		.ascii	"uint8\000"
 591      3800
 592              	.LASF25:
 593 0165 2E5C4765 		.ascii	".\\Generated_Source\\PSoC5\\UART_1_PM.c\000"
 593      6E657261 
 593      7465645F 
 593      536F7572 
 593      63655C50 
 594              	.LASF10:
 595 018a 646F7562 		.ascii	"double\000"
 595      6C6500
 596              	.LASF19:
 597 0191 55415254 		.ascii	"UART_1_Wakeup\000"
 597      5F315F57 
 597      616B6575 
 597      7000
 598              	.LASF8:
 599 019f 756E7369 		.ascii	"unsigned int\000"
 599      676E6564 
 599      20696E74 
 599      00
 600              	.LASF7:
 601 01ac 6C6F6E67 		.ascii	"long long unsigned int\000"
 601      206C6F6E 
 601      6720756E 
 601      7369676E 
 601      65642069 
 602              	.LASF14:
ARM GAS  C:\Users\Patrick\AppData\Local\Temp\ccatBPoZ.s 			page 16


 603 01c3 73697A65 		.ascii	"sizetype\000"
 603      74797065 
 603      00
 604              	.LASF6:
 605 01cc 6C6F6E67 		.ascii	"long long int\000"
 605      206C6F6E 
 605      6720696E 
 605      7400
 606              	.LASF11:
 607 01da 63686172 		.ascii	"char\000"
 607      00
 608              	.LASF27:
 609 01df 55415254 		.ascii	"UART_1_backupStruct_\000"
 609      5F315F62 
 609      61636B75 
 609      70537472 
 609      7563745F 
 610              	.LASF2:
 611 01f4 73686F72 		.ascii	"short int\000"
 611      7420696E 
 611      7400
 612              	.LASF18:
 613 01fe 55415254 		.ascii	"UART_1_Sleep\000"
 613      5F315F53 
 613      6C656570 
 613      00
 614              	.LASF22:
 615 020b 55415254 		.ascii	"UART_1_ClearTxBuffer\000"
 615      5F315F43 
 615      6C656172 
 615      54784275 
 615      66666572 
 616              	.LASF4:
 617 0220 6C6F6E67 		.ascii	"long int\000"
 617      20696E74 
 617      00
 618              	.LASF28:
 619 0229 656E6162 		.ascii	"enableState\000"
 619      6C655374 
 619      61746500 
 620              	.LASF23:
 621 0235 55415254 		.ascii	"UART_1_Enable\000"
 621      5F315F45 
 621      6E61626C 
 621      6500
 622              	.LASF16:
 623 0243 55415254 		.ascii	"UART_1_SaveConfig\000"
 623      5F315F53 
 623      61766543 
 623      6F6E6669 
 623      6700
 624              	.LASF0:
 625 0255 7369676E 		.ascii	"signed char\000"
 625      65642063 
 625      68617200 
 626              	.LASF15:
 627 0261 55415254 		.ascii	"UART_1_BACKUP_STRUCT\000"
ARM GAS  C:\Users\Patrick\AppData\Local\Temp\ccatBPoZ.s 			page 17


 627      5F315F42 
 627      41434B55 
 627      505F5354 
 627      52554354 
 628              		.ident	"GCC: (GNU Tools for ARM Embedded Processors) 4.9.3 20150303 (release) [ARM/embedded-4_9-br
